<?xml version="1.0" encoding="UTF-8"?>
<testsuite name="fr.cea.bigpi.fhe.repository.test.SampleRepositoryTest" time="0.014" tests="1" errors="1" skipped="0" failures="0">
  <properties>
    <property name="java.runtime.name" value="OpenJDK Runtime Environment"/>
    <property name="java.vm.version" value="15.0.1+9-18"/>
    <property name="sun.boot.library.path" value="/home/hgnguyen/sts-4.9.0.RELEASE/plugins/org.eclipse.justj.openjdk.hotspot.jre.full.linux.x86_64_15.0.1.v20201027-0507/jre/lib"/>
    <property name="maven.multiModuleProjectDirectory" value="/home/hgnguyen/workspace-spring-tool-suite-4-4.15.3.RELEASE/PatternSearchProject/patternSearch-client-service"/>
    <property name="java.vm.vendor" value="Oracle Corporation"/>
    <property name="java.vendor.url" value="https://java.oracle.com/"/>
    <property name="guice.disable.misplaced.annotation.check" value="true"/>
    <property name="path.separator" value=":"/>
    <property name="java.vm.name" value="OpenJDK 64-Bit Server VM"/>
    <property name="user.country" value="US"/>
    <property name="sun.java.launcher" value="SUN_STANDARD"/>
    <property name="java.vm.specification.name" value="Java Virtual Machine Specification"/>
    <property name="user.dir" value="/home/hgnguyen/workspace-spring-tool-suite-4-4.15.3.RELEASE/PatternSearchProject/patternSearch-client-service"/>
    <property name="java.vm.compressedOopsMode" value="Zero based"/>
    <property name="java.runtime.version" value="15.0.1+9-18"/>
    <property name="os.arch" value="amd64"/>
    <property name="java.io.tmpdir" value="/tmp"/>
    <property name="line.separator" value="&#10;"/>
    <property name="java.vm.specification.vendor" value="Oracle Corporation"/>
    <property name="os.name" value="Linux"/>
    <property name="classworlds.conf" value="/home/hgnguyen/workspace-spring-tool-suite-4-4.9.0.RELEASE/.metadata/.plugins/org.eclipse.m2e.launching/launches/m2conf8838637829298677883.tmp"/>
    <property name="jansi.force" value="true"/>
    <property name="sun.jnu.encoding" value="UTF-8"/>
    <property name="java.library.path" value="/usr/java/packages/lib:/usr/lib64:/lib64:/lib:/usr/lib"/>
    <property name="jdk.debug" value="release"/>
    <property name="java.class.version" value="59.0"/>
    <property name="java.specification.name" value="Java Platform API Specification"/>
    <property name="sun.management.compiler" value="HotSpot 64-Bit Tiered Compilers"/>
    <property name="os.version" value="5.15.0-47-generic"/>
    <property name="user.home" value="/home/hgnguyen"/>
    <property name="user.timezone" value="Europe/Paris"/>
    <property name="file.encoding" value="UTF-8"/>
    <property name="java.specification.version" value="15"/>
    <property name="user.name" value="hgnguyen"/>
    <property name="java.class.path" value="/home/hgnguyen/sts-4.9.0.RELEASE/plugins/org.eclipse.m2e.maven.runtime_1.16.0.20210129-0849/jars/plexus-classworlds-2.6.0.jar"/>
    <property name="java.vm.specification.version" value="15"/>
    <property name="sun.arch.data.model" value="64"/>
    <property name="sun.java.command" value="org.codehaus.plexus.classworlds.launcher.Launcher -B install -Dstyle.color=always"/>
    <property name="java.home" value="/home/hgnguyen/sts-4.9.0.RELEASE/plugins/org.eclipse.justj.openjdk.hotspot.jre.full.linux.x86_64_15.0.1.v20201027-0507/jre"/>
    <property name="user.language" value="en"/>
    <property name="java.specification.vendor" value="Oracle Corporation"/>
    <property name="java.vm.info" value="mixed mode"/>
    <property name="java.version" value="15.0.1"/>
    <property name="securerandom.source" value="file:/dev/./urandom"/>
    <property name="java.vendor" value="Oracle Corporation"/>
    <property name="maven.home" value="/home/hgnguyen/workspace-spring-tool-suite-4-4.15.3.RELEASE/PatternSearchProject/patternSearch-client-service/EMBEDDED"/>
    <property name="style.color" value="always"/>
    <property name="file.separator" value="/"/>
    <property name="java.version.date" value="2020-10-20"/>
    <property name="java.vendor.url.bug" value="https://bugreport.java.com/bugreport/"/>
    <property name="sun.io.unicode.encoding" value="UnicodeLittle"/>
    <property name="sun.cpu.endian" value="little"/>
  </properties>
  <testcase name="test01get" classname="fr.cea.bigpi.fhe.repository.test.SampleRepositoryTest" time="0.014">
    <error message="Failed to load ApplicationContext" type="java.lang.IllegalStateException">java.lang.IllegalStateException: Failed to load ApplicationContext
	at org.springframework.test.context.cache.DefaultCacheAwareContextLoaderDelegate.loadContext(DefaultCacheAwareContextLoaderDelegate.java:124)
	at org.springframework.test.context.support.DefaultTestContext.getApplicationContext(DefaultTestContext.java:83)
	at org.springframework.test.context.support.DependencyInjectionTestExecutionListener.injectDependencies(DependencyInjectionTestExecutionListener.java:117)
	at org.springframework.test.context.support.DependencyInjectionTestExecutionListener.prepareTestInstance(DependencyInjectionTestExecutionListener.java:83)
	at org.springframework.boot.test.autoconfigure.SpringBootDependencyInjectionTestExecutionListener.prepareTestInstance(SpringBootDependencyInjectionTestExecutionListener.java:44)
	at org.springframework.test.context.TestContextManager.prepareTestInstance(TestContextManager.java:230)
	at org.springframework.test.context.junit4.SpringJUnit4ClassRunner.createTest(SpringJUnit4ClassRunner.java:228)
	at org.springframework.test.context.junit4.SpringJUnit4ClassRunner$1.runReflectiveCall(SpringJUnit4ClassRunner.java:287)
	at org.junit.internal.runners.model.ReflectiveCallable.run(ReflectiveCallable.java:12)
	at org.springframework.test.context.junit4.SpringJUnit4ClassRunner.methodBlock(SpringJUnit4ClassRunner.java:289)
	at org.springframework.test.context.junit4.SpringJUnit4ClassRunner.runChild(SpringJUnit4ClassRunner.java:247)
	at org.springframework.test.context.junit4.SpringJUnit4ClassRunner.runChild(SpringJUnit4ClassRunner.java:94)
	at org.junit.runners.ParentRunner$3.run(ParentRunner.java:290)
	at org.junit.runners.ParentRunner$1.schedule(ParentRunner.java:71)
	at org.junit.runners.ParentRunner.runChildren(ParentRunner.java:288)
	at org.junit.runners.ParentRunner.access$000(ParentRunner.java:58)
	at org.junit.runners.ParentRunner$2.evaluate(ParentRunner.java:268)
	at org.springframework.test.context.junit4.statements.RunBeforeTestClassCallbacks.evaluate(RunBeforeTestClassCallbacks.java:61)
	at org.springframework.test.context.junit4.statements.RunAfterTestClassCallbacks.evaluate(RunAfterTestClassCallbacks.java:70)
	at org.junit.runners.ParentRunner.run(ParentRunner.java:363)
	at org.springframework.test.context.junit4.SpringJUnit4ClassRunner.run(SpringJUnit4ClassRunner.java:191)
	at org.apache.maven.surefire.junit4.JUnit4Provider.execute(JUnit4Provider.java:283)
	at org.apache.maven.surefire.junit4.JUnit4Provider.executeWithRerun(JUnit4Provider.java:173)
	at org.apache.maven.surefire.junit4.JUnit4Provider.executeTestSet(JUnit4Provider.java:153)
	at org.apache.maven.surefire.junit4.JUnit4Provider.invoke(JUnit4Provider.java:128)
	at org.apache.maven.surefire.booter.ForkedBooter.invokeProviderInSameClassLoader(ForkedBooter.java:203)
	at org.apache.maven.surefire.booter.ForkedBooter.runSuitesInProcess(ForkedBooter.java:155)
	at org.apache.maven.surefire.booter.ForkedBooter.main(ForkedBooter.java:103)
Caused by: org.springframework.context.ApplicationContextException: Failed to start bean 'documentationPluginsBootstrapper'; nested exception is com.google.common.util.concurrent.ExecutionError: java.lang.NoSuchMethodError: 'com.google.common.collect.FluentIterable com.google.common.collect.FluentIterable.concat(java.lang.Iterable, java.lang.Iterable)'
	at org.springframework.context.support.DefaultLifecycleProcessor.doStart(DefaultLifecycleProcessor.java:176)
	at org.springframework.context.support.DefaultLifecycleProcessor.access$200(DefaultLifecycleProcessor.java:50)
	at org.springframework.context.support.DefaultLifecycleProcessor$LifecycleGroup.start(DefaultLifecycleProcessor.java:350)
	at org.springframework.context.support.DefaultLifecycleProcessor.startBeans(DefaultLifecycleProcessor.java:149)
	at org.springframework.context.support.DefaultLifecycleProcessor.onRefresh(DefaultLifecycleProcessor.java:112)
	at org.springframework.context.support.AbstractApplicationContext.finishRefresh(AbstractApplicationContext.java:880)
	at org.springframework.boot.context.embedded.EmbeddedWebApplicationContext.finishRefresh(EmbeddedWebApplicationContext.java:146)
	at org.springframework.context.support.AbstractApplicationContext.refresh(AbstractApplicationContext.java:546)
	at org.springframework.boot.context.embedded.EmbeddedWebApplicationContext.refresh(EmbeddedWebApplicationContext.java:124)
	at org.springframework.boot.SpringApplication.refresh(SpringApplication.java:693)
	at org.springframework.boot.SpringApplication.refreshContext(SpringApplication.java:360)
	at org.springframework.boot.SpringApplication.run(SpringApplication.java:303)
	at org.springframework.boot.test.context.SpringBootContextLoader.loadContext(SpringBootContextLoader.java:121)
	at org.springframework.test.context.cache.DefaultCacheAwareContextLoaderDelegate.loadContextInternal(DefaultCacheAwareContextLoaderDelegate.java:98)
	at org.springframework.test.context.cache.DefaultCacheAwareContextLoaderDelegate.loadContext(DefaultCacheAwareContextLoaderDelegate.java:116)
	at org.springframework.test.context.support.DefaultTestContext.getApplicationContext(DefaultTestContext.java:83)
	at org.springframework.test.context.support.DependencyInjectionTestExecutionListener.injectDependencies(DependencyInjectionTestExecutionListener.java:117)
	at org.springframework.test.context.support.DependencyInjectionTestExecutionListener.prepareTestInstance(DependencyInjectionTestExecutionListener.java:83)
	at org.springframework.boot.test.autoconfigure.SpringBootDependencyInjectionTestExecutionListener.prepareTestInstance(SpringBootDependencyInjectionTestExecutionListener.java:44)
	at org.springframework.test.context.TestContextManager.prepareTestInstance(TestContextManager.java:230)
	at org.springframework.test.context.junit4.SpringJUnit4ClassRunner.createTest(SpringJUnit4ClassRunner.java:228)
	at org.springframework.test.context.junit4.SpringJUnit4ClassRunner$1.runReflectiveCall(SpringJUnit4ClassRunner.java:287)
	at org.junit.internal.runners.model.ReflectiveCallable.run(ReflectiveCallable.java:12)
	at org.springframework.test.context.junit4.SpringJUnit4ClassRunner.methodBlock(SpringJUnit4ClassRunner.java:289)
	at org.springframework.test.context.junit4.SpringJUnit4ClassRunner.runChild(SpringJUnit4ClassRunner.java:247)
	at org.springframework.test.context.junit4.SpringJUnit4ClassRunner.runChild(SpringJUnit4ClassRunner.java:94)
	at org.junit.runners.ParentRunner$3.run(ParentRunner.java:290)
	at org.junit.runners.ParentRunner$1.schedule(ParentRunner.java:71)
	at org.junit.runners.ParentRunner.runChildren(ParentRunner.java:288)
	at org.junit.runners.ParentRunner.access$000(ParentRunner.java:58)
	at org.junit.runners.ParentRunner$2.evaluate(ParentRunner.java:268)
	at org.springframework.test.context.junit4.statements.RunBeforeTestClassCallbacks.evaluate(RunBeforeTestClassCallbacks.java:61)
	at org.springframework.test.context.junit4.statements.RunAfterTestClassCallbacks.evaluate(RunAfterTestClassCallbacks.java:70)
	at org.junit.runners.ParentRunner.run(ParentRunner.java:363)
	at org.springframework.test.context.junit4.SpringJUnit4ClassRunner.run(SpringJUnit4ClassRunner.java:191)
	at org.apache.maven.surefire.junit4.JUnit4Provider.execute(JUnit4Provider.java:283)
	at org.apache.maven.surefire.junit4.JUnit4Provider.executeWithRerun(JUnit4Provider.java:173)
	at org.apache.maven.surefire.junit4.JUnit4Provider.executeTestSet(JUnit4Provider.java:153)
	at org.apache.maven.surefire.junit4.JUnit4Provider.invoke(JUnit4Provider.java:128)
	at org.apache.maven.surefire.booter.ForkedBooter.invokeProviderInSameClassLoader(ForkedBooter.java:203)
	at org.apache.maven.surefire.booter.ForkedBooter.runSuitesInProcess(ForkedBooter.java:155)
	at org.apache.maven.surefire.booter.ForkedBooter.main(ForkedBooter.java:103)
Caused by: com.google.common.util.concurrent.ExecutionError: java.lang.NoSuchMethodError: 'com.google.common.collect.FluentIterable com.google.common.collect.FluentIterable.concat(java.lang.Iterable, java.lang.Iterable)'
	at com.google.common.cache.LocalCache$Segment.get(LocalCache.java:2201)
	at com.google.common.cache.LocalCache.get(LocalCache.java:3937)
	at com.google.common.cache.LocalCache.getOrLoad(LocalCache.java:3941)
	at com.google.common.cache.LocalCache$LocalLoadingCache.get(LocalCache.java:4824)
	at springfox.documentation.schema.CachingModelDependencyProvider.dependentModels(CachingModelDependencyProvider.java:58)
	at springfox.documentation.schema.DefaultModelProvider.dependencies(DefaultModelProvider.java:128)
	at springfox.documentation.schema.CachingModelProvider.dependencies(CachingModelProvider.java:68)
	at springfox.documentation.spring.web.scanners.ApiModelReader.populateDependencies(ApiModelReader.java:136)
	at springfox.documentation.spring.web.scanners.ApiModelReader.read(ApiModelReader.java:78)
	at springfox.documentation.spring.web.scanners.ApiListingScanner.scan(ApiListingScanner.java:133)
	at springfox.documentation.spring.web.scanners.ApiDocumentationScanner.scan(ApiDocumentationScanner.java:71)
	at springfox.documentation.spring.web.plugins.DocumentationPluginsBootstrapper.scanDocumentation(DocumentationPluginsBootstrapper.java:101)
	at springfox.documentation.spring.web.plugins.DocumentationPluginsBootstrapper.start(DocumentationPluginsBootstrapper.java:167)
	at org.springframework.context.support.DefaultLifecycleProcessor.doStart(DefaultLifecycleProcessor.java:173)
	at org.springframework.context.support.DefaultLifecycleProcessor.access$200(DefaultLifecycleProcessor.java:50)
	at org.springframework.context.support.DefaultLifecycleProcessor$LifecycleGroup.start(DefaultLifecycleProcessor.java:350)
	at org.springframework.context.support.DefaultLifecycleProcessor.startBeans(DefaultLifecycleProcessor.java:149)
	at org.springframework.context.support.DefaultLifecycleProcessor.onRefresh(DefaultLifecycleProcessor.java:112)
	at org.springframework.context.support.AbstractApplicationContext.finishRefresh(AbstractApplicationContext.java:880)
	at org.springframework.boot.context.embedded.EmbeddedWebApplicationContext.finishRefresh(EmbeddedWebApplicationContext.java:146)
	at org.springframework.context.support.AbstractApplicationContext.refresh(AbstractApplicationContext.java:546)
	at org.springframework.boot.context.embedded.EmbeddedWebApplicationContext.refresh(EmbeddedWebApplicationContext.java:124)
	at org.springframework.boot.SpringApplication.refresh(SpringApplication.java:693)
	at org.springframework.boot.SpringApplication.refreshContext(SpringApplication.java:360)
	at org.springframework.boot.SpringApplication.run(SpringApplication.java:303)
	at org.springframework.boot.test.context.SpringBootContextLoader.loadContext(SpringBootContextLoader.java:121)
	at org.springframework.test.context.cache.DefaultCacheAwareContextLoaderDelegate.loadContextInternal(DefaultCacheAwareContextLoaderDelegate.java:98)
	at org.springframework.test.context.cache.DefaultCacheAwareContextLoaderDelegate.loadContext(DefaultCacheAwareContextLoaderDelegate.java:116)
	at org.springframework.test.context.support.DefaultTestContext.getApplicationContext(DefaultTestContext.java:83)
	at org.springframework.test.context.support.DependencyInjectionTestExecutionListener.injectDependencies(DependencyInjectionTestExecutionListener.java:117)
	at org.springframework.test.context.support.DependencyInjectionTestExecutionListener.prepareTestInstance(DependencyInjectionTestExecutionListener.java:83)
	at org.springframework.boot.test.autoconfigure.SpringBootDependencyInjectionTestExecutionListener.prepareTestInstance(SpringBootDependencyInjectionTestExecutionListener.java:44)
	at org.springframework.test.context.TestContextManager.prepareTestInstance(TestContextManager.java:230)
	at org.springframework.test.context.junit4.SpringJUnit4ClassRunner.createTest(SpringJUnit4ClassRunner.java:228)
	at org.springframework.test.context.junit4.SpringJUnit4ClassRunner$1.runReflectiveCall(SpringJUnit4ClassRunner.java:287)
	at org.junit.internal.runners.model.ReflectiveCallable.run(ReflectiveCallable.java:12)
	at org.springframework.test.context.junit4.SpringJUnit4ClassRunner.methodBlock(SpringJUnit4ClassRunner.java:289)
	at org.springframework.test.context.junit4.SpringJUnit4ClassRunner.runChild(SpringJUnit4ClassRunner.java:247)
	at org.springframework.test.context.junit4.SpringJUnit4ClassRunner.runChild(SpringJUnit4ClassRunner.java:94)
	at org.junit.runners.ParentRunner$3.run(ParentRunner.java:290)
	at org.junit.runners.ParentRunner$1.schedule(ParentRunner.java:71)
	at org.junit.runners.ParentRunner.runChildren(ParentRunner.java:288)
	at org.junit.runners.ParentRunner.access$000(ParentRunner.java:58)
	at org.junit.runners.ParentRunner$2.evaluate(ParentRunner.java:268)
	at org.springframework.test.context.junit4.statements.RunBeforeTestClassCallbacks.evaluate(RunBeforeTestClassCallbacks.java:61)
	at org.springframework.test.context.junit4.statements.RunAfterTestClassCallbacks.evaluate(RunAfterTestClassCallbacks.java:70)
	at org.junit.runners.ParentRunner.run(ParentRunner.java:363)
	at org.springframework.test.context.junit4.SpringJUnit4ClassRunner.run(SpringJUnit4ClassRunner.java:191)
	at org.apache.maven.surefire.junit4.JUnit4Provider.execute(JUnit4Provider.java:283)
	at org.apache.maven.surefire.junit4.JUnit4Provider.executeWithRerun(JUnit4Provider.java:173)
	at org.apache.maven.surefire.junit4.JUnit4Provider.executeTestSet(JUnit4Provider.java:153)
	at org.apache.maven.surefire.junit4.JUnit4Provider.invoke(JUnit4Provider.java:128)
	at org.apache.maven.surefire.booter.ForkedBooter.invokeProviderInSameClassLoader(ForkedBooter.java:203)
	at org.apache.maven.surefire.booter.ForkedBooter.runSuitesInProcess(ForkedBooter.java:155)
	at org.apache.maven.surefire.booter.ForkedBooter.main(ForkedBooter.java:103)
Caused by: java.lang.NoSuchMethodError: 'com.google.common.collect.FluentIterable com.google.common.collect.FluentIterable.concat(java.lang.Iterable, java.lang.Iterable)'
	at springfox.documentation.schema.DefaultModelDependencyProvider.dependentModels(DefaultModelDependencyProvider.java:79)
	at springfox.documentation.schema.CachingModelDependencyProvider$1.load(CachingModelDependencyProvider.java:50)
	at springfox.documentation.schema.CachingModelDependencyProvider$1.load(CachingModelDependencyProvider.java:48)
	at com.google.common.cache.LocalCache$LoadingValueReference.loadFuture(LocalCache.java:3527)
	at com.google.common.cache.LocalCache$Segment.loadSync(LocalCache.java:2319)
	at com.google.common.cache.LocalCache$Segment.lockedGetOrLoad(LocalCache.java:2282)
	at com.google.common.cache.LocalCache$Segment.get(LocalCache.java:2197)
	at com.google.common.cache.LocalCache.get(LocalCache.java:3937)
	at com.google.common.cache.LocalCache.getOrLoad(LocalCache.java:3941)
	at com.google.common.cache.LocalCache$LocalLoadingCache.get(LocalCache.java:4824)
	at springfox.documentation.schema.CachingModelDependencyProvider.dependentModels(CachingModelDependencyProvider.java:58)
	at springfox.documentation.schema.DefaultModelProvider.dependencies(DefaultModelProvider.java:128)
	at springfox.documentation.schema.CachingModelProvider.dependencies(CachingModelProvider.java:68)
	at springfox.documentation.spring.web.scanners.ApiModelReader.populateDependencies(ApiModelReader.java:136)
	at springfox.documentation.spring.web.scanners.ApiModelReader.read(ApiModelReader.java:78)
	at springfox.documentation.spring.web.scanners.ApiListingScanner.scan(ApiListingScanner.java:133)
	at springfox.documentation.spring.web.scanners.ApiDocumentationScanner.scan(ApiDocumentationScanner.java:71)
	at springfox.documentation.spring.web.plugins.DocumentationPluginsBootstrapper.scanDocumentation(DocumentationPluginsBootstrapper.java:101)
	at springfox.documentation.spring.web.plugins.DocumentationPluginsBootstrapper.start(DocumentationPluginsBootstrapper.java:167)
	at org.springframework.context.support.DefaultLifecycleProcessor.doStart(DefaultLifecycleProcessor.java:173)
	at org.springframework.context.support.DefaultLifecycleProcessor.access$200(DefaultLifecycleProcessor.java:50)
	at org.springframework.context.support.DefaultLifecycleProcessor$LifecycleGroup.start(DefaultLifecycleProcessor.java:350)
	at org.springframework.context.support.DefaultLifecycleProcessor.startBeans(DefaultLifecycleProcessor.java:149)
	at org.springframework.context.support.DefaultLifecycleProcessor.onRefresh(DefaultLifecycleProcessor.java:112)
	at org.springframework.context.support.AbstractApplicationContext.finishRefresh(AbstractApplicationContext.java:880)
	at org.springframework.boot.context.embedded.EmbeddedWebApplicationContext.finishRefresh(EmbeddedWebApplicationContext.java:146)
	at org.springframework.context.support.AbstractApplicationContext.refresh(AbstractApplicationContext.java:546)
	at org.springframework.boot.context.embedded.EmbeddedWebApplicationContext.refresh(EmbeddedWebApplicationContext.java:124)
	at org.springframework.boot.SpringApplication.refresh(SpringApplication.java:693)
	at org.springframework.boot.SpringApplication.refreshContext(SpringApplication.java:360)
	at org.springframework.boot.SpringApplication.run(SpringApplication.java:303)
	at org.springframework.boot.test.context.SpringBootContextLoader.loadContext(SpringBootContextLoader.java:121)
	at org.springframework.test.context.cache.DefaultCacheAwareContextLoaderDelegate.loadContextInternal(DefaultCacheAwareContextLoaderDelegate.java:98)
	at org.springframework.test.context.cache.DefaultCacheAwareContextLoaderDelegate.loadContext(DefaultCacheAwareContextLoaderDelegate.java:116)
	at org.springframework.test.context.support.DefaultTestContext.getApplicationContext(DefaultTestContext.java:83)
	at org.springframework.test.context.support.DependencyInjectionTestExecutionListener.injectDependencies(DependencyInjectionTestExecutionListener.java:117)
	at org.springframework.test.context.support.DependencyInjectionTestExecutionListener.prepareTestInstance(DependencyInjectionTestExecutionListener.java:83)
	at org.springframework.boot.test.autoconfigure.SpringBootDependencyInjectionTestExecutionListener.prepareTestInstance(SpringBootDependencyInjectionTestExecutionListener.java:44)
	at org.springframework.test.context.TestContextManager.prepareTestInstance(TestContextManager.java:230)
	at org.springframework.test.context.junit4.SpringJUnit4ClassRunner.createTest(SpringJUnit4ClassRunner.java:228)
	at org.springframework.test.context.junit4.SpringJUnit4ClassRunner$1.runReflectiveCall(SpringJUnit4ClassRunner.java:287)
	at org.junit.internal.runners.model.ReflectiveCallable.run(ReflectiveCallable.java:12)
	at org.springframework.test.context.junit4.SpringJUnit4ClassRunner.methodBlock(SpringJUnit4ClassRunner.java:289)
	at org.springframework.test.context.junit4.SpringJUnit4ClassRunner.runChild(SpringJUnit4ClassRunner.java:247)
	at org.springframework.test.context.junit4.SpringJUnit4ClassRunner.runChild(SpringJUnit4ClassRunner.java:94)
	at org.junit.runners.ParentRunner$3.run(ParentRunner.java:290)
	at org.junit.runners.ParentRunner$1.schedule(ParentRunner.java:71)
	at org.junit.runners.ParentRunner.runChildren(ParentRunner.java:288)
	at org.junit.runners.ParentRunner.access$000(ParentRunner.java:58)
	at org.junit.runners.ParentRunner$2.evaluate(ParentRunner.java:268)
	at org.springframework.test.context.junit4.statements.RunBeforeTestClassCallbacks.evaluate(RunBeforeTestClassCallbacks.java:61)
	at org.springframework.test.context.junit4.statements.RunAfterTestClassCallbacks.evaluate(RunAfterTestClassCallbacks.java:70)
	at org.junit.runners.ParentRunner.run(ParentRunner.java:363)
	at org.springframework.test.context.junit4.SpringJUnit4ClassRunner.run(SpringJUnit4ClassRunner.java:191)
	at org.apache.maven.surefire.junit4.JUnit4Provider.execute(JUnit4Provider.java:283)
	at org.apache.maven.surefire.junit4.JUnit4Provider.executeWithRerun(JUnit4Provider.java:173)
	at org.apache.maven.surefire.junit4.JUnit4Provider.executeTestSet(JUnit4Provider.java:153)
	at org.apache.maven.surefire.junit4.JUnit4Provider.invoke(JUnit4Provider.java:128)
	at org.apache.maven.surefire.booter.ForkedBooter.invokeProviderInSameClassLoader(ForkedBooter.java:203)
	at org.apache.maven.surefire.booter.ForkedBooter.runSuitesInProcess(ForkedBooter.java:155)
	at org.apache.maven.surefire.booter.ForkedBooter.main(ForkedBooter.java:103)
</error>
    <system-out><![CDATA[11:30:16.077 [main] DEBUG org.springframework.test.context.junit4.SpringJUnit4ClassRunner - SpringJUnit4ClassRunner constructor called with [class fr.cea.bigpi.fhe.repository.test.SampleRepositoryTest]
11:30:16.093 [main] DEBUG org.springframework.test.context.BootstrapUtils - Instantiating CacheAwareContextLoaderDelegate from class [org.springframework.test.context.cache.DefaultCacheAwareContextLoaderDelegate]
11:30:16.117 [main] DEBUG org.springframework.test.context.BootstrapUtils - Instantiating BootstrapContext using constructor [public org.springframework.test.context.support.DefaultBootstrapContext(java.lang.Class,org.springframework.test.context.CacheAwareContextLoaderDelegate)]
11:30:16.146 [main] DEBUG org.springframework.test.context.BootstrapUtils - Instantiating TestContextBootstrapper for test class [fr.cea.bigpi.fhe.repository.test.SampleRepositoryTest] from class [org.springframework.boot.test.context.SpringBootTestContextBootstrapper]
11:30:16.205 [main] DEBUG org.springframework.test.context.support.AbstractContextLoader - Did not detect default resource location for test class [fr.cea.bigpi.fhe.repository.test.SampleRepositoryTest]: class path resource [fr/cea/bigpi/fhe/repository/test/SampleRepositoryTest-context.xml] does not exist
11:30:16.206 [main] DEBUG org.springframework.test.context.support.AbstractContextLoader - Did not detect default resource location for test class [fr.cea.bigpi.fhe.repository.test.SampleRepositoryTest]: class path resource [fr/cea/bigpi/fhe/repository/test/SampleRepositoryTestContext.groovy] does not exist
11:30:16.210 [main] INFO org.springframework.test.context.support.AbstractContextLoader - Could not detect default resource locations for test class [fr.cea.bigpi.fhe.repository.test.SampleRepositoryTest]: no resource found for suffixes {-context.xml, Context.groovy}.
11:30:16.531 [main] DEBUG org.springframework.boot.test.context.SpringBootTestContextBootstrapper - @TestExecutionListeners is not present for class [fr.cea.bigpi.fhe.repository.test.SampleRepositoryTest]: using defaults.
11:30:16.548 [main] INFO org.springframework.boot.test.context.SpringBootTestContextBootstrapper - Loaded default TestExecutionListener class names from location [META-INF/spring.factories]: [org.springframework.boot.test.mock.mockito.MockitoTestExecutionListener, org.springframework.boot.test.mock.mockito.ResetMocksTestExecutionListener, org.springframework.boot.test.autoconfigure.restdocs.RestDocsTestExecutionListener, org.springframework.boot.test.autoconfigure.web.client.MockRestServiceServerResetTestExecutionListener, org.springframework.boot.test.autoconfigure.web.servlet.MockMvcPrintOnlyOnFailureTestExecutionListener, org.springframework.boot.test.autoconfigure.web.servlet.WebDriverTestExecutionListener, org.springframework.test.context.web.ServletTestExecutionListener, org.springframework.test.context.support.DirtiesContextBeforeModesTestExecutionListener, org.springframework.test.context.support.DependencyInjectionTestExecutionListener, org.springframework.test.context.support.DirtiesContextTestExecutionListener, org.springframework.test.context.transaction.TransactionalTestExecutionListener, org.springframework.test.context.jdbc.SqlScriptsTestExecutionListener]
11:30:16.592 [main] INFO org.springframework.boot.test.context.SpringBootTestContextBootstrapper - Using TestExecutionListeners: [org.springframework.test.context.web.ServletTestExecutionListener@1e13529a, org.springframework.test.context.support.DirtiesContextBeforeModesTestExecutionListener@1ec9bd38, org.springframework.boot.test.mock.mockito.MockitoTestExecutionListener@452e19ca, org.springframework.boot.test.autoconfigure.SpringBootDependencyInjectionTestExecutionListener@6b0d80ed, org.springframework.test.context.support.DirtiesContextTestExecutionListener@6f8e8894, org.springframework.test.context.transaction.TransactionalTestExecutionListener@3cfdd820, org.springframework.test.context.jdbc.SqlScriptsTestExecutionListener@928763c, org.springframework.boot.test.mock.mockito.ResetMocksTestExecutionListener@e25951c, org.springframework.boot.test.autoconfigure.restdocs.RestDocsTestExecutionListener@15f47664, org.springframework.boot.test.autoconfigure.web.client.MockRestServiceServerResetTestExecutionListener@471a9022, org.springframework.boot.test.autoconfigure.web.servlet.MockMvcPrintOnlyOnFailureTestExecutionListener@dc9876b, org.springframework.boot.test.autoconfigure.web.servlet.WebDriverTestExecutionListener@2f666ebb]
11:30:16.602 [main] DEBUG org.springframework.test.annotation.ProfileValueUtils - Retrieved @ProfileValueSourceConfiguration [null] for test class [fr.cea.bigpi.fhe.repository.test.SampleRepositoryTest]
11:30:16.602 [main] DEBUG org.springframework.test.annotation.ProfileValueUtils - Retrieved ProfileValueSource type [class org.springframework.test.annotation.SystemProfileValueSource] for class [fr.cea.bigpi.fhe.repository.test.SampleRepositoryTest]
11:30:16.607 [main] DEBUG org.springframework.test.context.junit4.SpringJUnit4ClassRunner - SpringJUnit4ClassRunner constructor called with [class fr.cea.bigpi.fhe.repository.test.SampleRepositoryTest]
11:30:16.608 [main] DEBUG org.springframework.test.context.BootstrapUtils - Instantiating CacheAwareContextLoaderDelegate from class [org.springframework.test.context.cache.DefaultCacheAwareContextLoaderDelegate]
11:30:16.608 [main] DEBUG org.springframework.test.context.BootstrapUtils - Instantiating BootstrapContext using constructor [public org.springframework.test.context.support.DefaultBootstrapContext(java.lang.Class,org.springframework.test.context.CacheAwareContextLoaderDelegate)]
11:30:16.609 [main] DEBUG org.springframework.test.context.BootstrapUtils - Instantiating TestContextBootstrapper for test class [fr.cea.bigpi.fhe.repository.test.SampleRepositoryTest] from class [org.springframework.boot.test.context.SpringBootTestContextBootstrapper]
11:30:16.619 [main] DEBUG org.springframework.test.context.support.AbstractContextLoader - Did not detect default resource location for test class [fr.cea.bigpi.fhe.repository.test.SampleRepositoryTest]: class path resource [fr/cea/bigpi/fhe/repository/test/SampleRepositoryTest-context.xml] does not exist
11:30:16.620 [main] DEBUG org.springframework.test.context.support.AbstractContextLoader - Did not detect default resource location for test class [fr.cea.bigpi.fhe.repository.test.SampleRepositoryTest]: class path resource [fr/cea/bigpi/fhe/repository/test/SampleRepositoryTestContext.groovy] does not exist
11:30:16.620 [main] INFO org.springframework.test.context.support.AbstractContextLoader - Could not detect default resource locations for test class [fr.cea.bigpi.fhe.repository.test.SampleRepositoryTest]: no resource found for suffixes {-context.xml, Context.groovy}.
11:30:16.695 [main] DEBUG org.springframework.boot.test.context.SpringBootTestContextBootstrapper - @TestExecutionListeners is not present for class [fr.cea.bigpi.fhe.repository.test.SampleRepositoryTest]: using defaults.
11:30:16.711 [main] INFO org.springframework.boot.test.context.SpringBootTestContextBootstrapper - Loaded default TestExecutionListener class names from location [META-INF/spring.factories]: [org.springframework.boot.test.mock.mockito.MockitoTestExecutionListener, org.springframework.boot.test.mock.mockito.ResetMocksTestExecutionListener, org.springframework.boot.test.autoconfigure.restdocs.RestDocsTestExecutionListener, org.springframework.boot.test.autoconfigure.web.client.MockRestServiceServerResetTestExecutionListener, org.springframework.boot.test.autoconfigure.web.servlet.MockMvcPrintOnlyOnFailureTestExecutionListener, org.springframework.boot.test.autoconfigure.web.servlet.WebDriverTestExecutionListener, org.springframework.test.context.web.ServletTestExecutionListener, org.springframework.test.context.support.DirtiesContextBeforeModesTestExecutionListener, org.springframework.test.context.support.DependencyInjectionTestExecutionListener, org.springframework.test.context.support.DirtiesContextTestExecutionListener, org.springframework.test.context.transaction.TransactionalTestExecutionListener, org.springframework.test.context.jdbc.SqlScriptsTestExecutionListener]
11:30:16.732 [main] INFO org.springframework.boot.test.context.SpringBootTestContextBootstrapper - Using TestExecutionListeners: [org.springframework.test.context.web.ServletTestExecutionListener@4f3bbf68, org.springframework.test.context.support.DirtiesContextBeforeModesTestExecutionListener@5be46f9d, org.springframework.boot.test.mock.mockito.MockitoTestExecutionListener@3f91b517, org.springframework.boot.test.autoconfigure.SpringBootDependencyInjectionTestExecutionListener@68702e03, org.springframework.test.context.support.DirtiesContextTestExecutionListener@7a220c9a, org.springframework.test.context.transaction.TransactionalTestExecutionListener@2421cc4, org.springframework.test.context.jdbc.SqlScriptsTestExecutionListener@30c93896, org.springframework.boot.test.mock.mockito.ResetMocksTestExecutionListener@59a008ba, org.springframework.boot.test.autoconfigure.restdocs.RestDocsTestExecutionListener@338c99c8, org.springframework.boot.test.autoconfigure.web.client.MockRestServiceServerResetTestExecutionListener@21ba0741, org.springframework.boot.test.autoconfigure.web.servlet.MockMvcPrintOnlyOnFailureTestExecutionListener@58ce9668, org.springframework.boot.test.autoconfigure.web.servlet.WebDriverTestExecutionListener@172b013]
11:30:16.732 [main] DEBUG org.springframework.test.annotation.ProfileValueUtils - Retrieved @ProfileValueSourceConfiguration [null] for test class [fr.cea.bigpi.fhe.repository.test.SampleRepositoryTest]
11:30:16.733 [main] DEBUG org.springframework.test.annotation.ProfileValueUtils - Retrieved ProfileValueSource type [class org.springframework.test.annotation.SystemProfileValueSource] for class [fr.cea.bigpi.fhe.repository.test.SampleRepositoryTest]
11:30:16.734 [main] DEBUG org.springframework.test.annotation.ProfileValueUtils - Retrieved @ProfileValueSourceConfiguration [null] for test class [fr.cea.bigpi.fhe.repository.test.SampleRepositoryTest]
11:30:16.735 [main] DEBUG org.springframework.test.annotation.ProfileValueUtils - Retrieved ProfileValueSource type [class org.springframework.test.annotation.SystemProfileValueSource] for class [fr.cea.bigpi.fhe.repository.test.SampleRepositoryTest]
11:30:16.746 [main] DEBUG org.springframework.test.context.support.AbstractDirtiesContextTestExecutionListener - Before test class: context [DefaultTestContext@8576fa0 testClass = SampleRepositoryTest, testInstance = [null], testMethod = [null], testException = [null], mergedContextConfiguration = [WebMergedContextConfiguration@7582ff54 testClass = SampleRepositoryTest, locations = '{}', classes = '{class fr.cea.bigpi.fhe.dap.patternsearch.Application, class fr.cea.bigpi.fhe.dap.patternsearch.Application}', contextInitializerClasses = '[]', activeProfiles = '{test}', propertySourceLocations = '{}', propertySourceProperties = '{org.springframework.boot.test.context.SpringBootTestContextBootstrapper=true, server.port=0}', contextCustomizers = set[[ImportsContextCustomizer@67545b57 key = [org.springframework.boot.test.autoconfigure.web.servlet.MockMvcAutoConfiguration, org.springframework.boot.test.autoconfigure.web.servlet.MockMvcSecurityAutoConfiguration, org.springframework.boot.test.autoconfigure.web.servlet.MockMvcWebClientAutoConfiguration, org.springframework.boot.test.autoconfigure.web.servlet.MockMvcWebDriverAutoConfiguration]], org.springframework.boot.test.context.SpringBootTestContextCustomizer@4145bad8, org.springframework.boot.test.context.filter.ExcludeFilterContextCustomizer@2e385cce, org.springframework.boot.test.json.DuplicateJsonObjectContextCustomizerFactory$DuplicateJsonObjectContextCustomizer@2a7f1f10, org.springframework.boot.test.mock.mockito.MockitoContextCustomizer@0, org.springframework.boot.test.autoconfigure.properties.PropertyMappingContextCustomizer@e7e8512, org.springframework.boot.test.autoconfigure.web.servlet.WebDriverContextCustomizerFactory$Customizer@2034b64c], resourceBasePath = 'src/main/webapp', contextLoader = 'org.springframework.boot.test.context.SpringBootContextLoader', parent = [null]]], class annotated with @DirtiesContext [false] with mode [null].
11:30:16.756 [main] DEBUG org.springframework.test.annotation.ProfileValueUtils - Retrieved @ProfileValueSourceConfiguration [null] for test class [fr.cea.bigpi.fhe.repository.test.SampleRepositoryTest]
11:30:16.759 [main] DEBUG org.springframework.test.annotation.ProfileValueUtils - Retrieved ProfileValueSource type [class org.springframework.test.annotation.SystemProfileValueSource] for class [fr.cea.bigpi.fhe.repository.test.SampleRepositoryTest]
11:30:16.769 [main] DEBUG org.springframework.test.context.support.DependencyInjectionTestExecutionListener - Performing dependency injection for test context [[DefaultTestContext@8576fa0 testClass = SampleRepositoryTest, testInstance = fr.cea.bigpi.fhe.repository.test.SampleRepositoryTest@5505ae1a, testMethod = [null], testException = [null], mergedContextConfiguration = [WebMergedContextConfiguration@7582ff54 testClass = SampleRepositoryTest, locations = '{}', classes = '{class fr.cea.bigpi.fhe.dap.patternsearch.Application, class fr.cea.bigpi.fhe.dap.patternsearch.Application}', contextInitializerClasses = '[]', activeProfiles = '{test}', propertySourceLocations = '{}', propertySourceProperties = '{org.springframework.boot.test.context.SpringBootTestContextBootstrapper=true, server.port=0}', contextCustomizers = set[[ImportsContextCustomizer@67545b57 key = [org.springframework.boot.test.autoconfigure.web.servlet.MockMvcAutoConfiguration, org.springframework.boot.test.autoconfigure.web.servlet.MockMvcSecurityAutoConfiguration, org.springframework.boot.test.autoconfigure.web.servlet.MockMvcWebClientAutoConfiguration, org.springframework.boot.test.autoconfigure.web.servlet.MockMvcWebDriverAutoConfiguration]], org.springframework.boot.test.context.SpringBootTestContextCustomizer@4145bad8, org.springframework.boot.test.context.filter.ExcludeFilterContextCustomizer@2e385cce, org.springframework.boot.test.json.DuplicateJsonObjectContextCustomizerFactory$DuplicateJsonObjectContextCustomizer@2a7f1f10, org.springframework.boot.test.mock.mockito.MockitoContextCustomizer@0, org.springframework.boot.test.autoconfigure.properties.PropertyMappingContextCustomizer@e7e8512, org.springframework.boot.test.autoconfigure.web.servlet.WebDriverContextCustomizerFactory$Customizer@2034b64c], resourceBasePath = 'src/main/webapp', contextLoader = 'org.springframework.boot.test.context.SpringBootContextLoader', parent = [null]]]].
11:30:17.006 [main] DEBUG org.springframework.core.env.StandardEnvironment - Adding PropertySource 'systemProperties' with lowest search precedence
11:30:17.008 [main] DEBUG org.springframework.core.env.StandardEnvironment - Adding PropertySource 'systemEnvironment' with lowest search precedence
11:30:17.010 [main] DEBUG org.springframework.core.env.StandardEnvironment - Initialized StandardEnvironment with PropertySources [MapPropertySource@269892014 {name='systemProperties', properties={java.specification.version=15, sun.jnu.encoding=UTF-8, java.class.path=/home/hgnguyen/workspace-spring-tool-suite-4-4.15.3.RELEASE/PatternSearchProject/patternSearch-client-service/target/test-classes:/home/hgnguyen/workspace-spring-tool-suite-4-4.15.3.RELEASE/PatternSearchProject/patternSearch-client-service/target/classes:/home/hgnguyen/.m2/repository/javax/persistence/javax.persistence-api/2.2/javax.persistence-api-2.2.jar:/home/hgnguyen/.m2/repository/com/sun/activation/javax.activation/1.2.0/javax.activation-1.2.0.jar:/home/hgnguyen/.m2/repository/org/springframework/cloud/spring-cloud-starter-netflix-eureka-client/1.4.0.RELEASE/spring-cloud-starter-netflix-eureka-client-1.4.0.RELEASE.jar:/home/hgnguyen/.m2/repository/org/springframework/boot/spring-boot-starter-web/1.5.18.RELEASE/spring-boot-starter-web-1.5.18.RELEASE.jar:/home/hgnguyen/.m2/repository/org/springframework/boot/spring-boot-starter-tomcat/1.5.18.RELEASE/spring-boot-starter-tomcat-1.5.18.RELEASE.jar:/home/hgnguyen/.m2/repository/org/apache/tomcat/embed/tomcat-embed-core/8.5.35/tomcat-embed-core-8.5.35.jar:/home/hgnguyen/.m2/repository/org/apache/tomcat/tomcat-annotations-api/8.5.35/tomcat-annotations-api-8.5.35.jar:/home/hgnguyen/.m2/repository/org/apache/tomcat/embed/tomcat-embed-el/8.5.35/tomcat-embed-el-8.5.35.jar:/home/hgnguyen/.m2/repository/org/apache/tomcat/embed/tomcat-embed-websocket/8.5.35/tomcat-embed-websocket-8.5.35.jar:/home/hgnguyen/.m2/repository/org/hibernate/hibernate-validator/5.3.6.Final/hibernate-validator-5.3.6.Final.jar:/home/hgnguyen/.m2/repository/javax/validation/validation-api/1.1.0.Final/validation-api-1.1.0.Final.jar:/home/hgnguyen/.m2/repository/org/springframework/spring-webmvc/4.3.21.RELEASE/spring-webmvc-4.3.21.RELEASE.jar:/home/hgnguyen/.m2/repository/org/springframework/spring-expression/4.3.21.RELEASE/spring-expression-4.3.21.RELEASE.jar:/home/hgnguyen/.m2/repository/org/springframework/cloud/spring-cloud-starter/1.3.0.RELEASE/spring-cloud-starter-1.3.0.RELEASE.jar:/home/hgnguyen/.m2/repository/org/springframework/cloud/spring-cloud-context/1.3.0.RELEASE/spring-cloud-context-1.3.0.RELEASE.jar:/home/hgnguyen/.m2/repository/org/springframework/security/spring-security-rsa/1.0.3.RELEASE/spring-security-rsa-1.0.3.RELEASE.jar:/home/hgnguyen/.m2/repository/org/bouncycastle/bcpkix-jdk15on/1.55/bcpkix-jdk15on-1.55.jar:/home/hgnguyen/.m2/repository/org/bouncycastle/bcprov-jdk15on/1.55/bcprov-jdk15on-1.55.jar:/home/hgnguyen/.m2/repository/org/springframework/cloud/spring-cloud-netflix-core/1.4.0.RELEASE/spring-cloud-netflix-core-1.4.0.RELEASE.jar:/home/hgnguyen/.m2/repository/org/springframework/boot/spring-boot/1.5.18.RELEASE/spring-boot-1.5.18.RELEASE.jar:/home/hgnguyen/.m2/repository/org/springframework/boot/spring-boot-autoconfigure/1.5.18.RELEASE/spring-boot-autoconfigure-1.5.18.RELEASE.jar:/home/hgnguyen/.m2/repository/org/springframework/cloud/spring-cloud-netflix-eureka-client/1.4.0.RELEASE/spring-cloud-netflix-eureka-client-1.4.0.RELEASE.jar:/home/hgnguyen/.m2/repository/com/netflix/eureka/eureka-client/1.7.0/eureka-client-1.7.0.jar:/home/hgnguyen/.m2/repository/org/codehaus/jettison/jettison/1.3.7/jettison-1.3.7.jar:/home/hgnguyen/.m2/repository/stax/stax-api/1.0.1/stax-api-1.0.1.jar:/home/hgnguyen/.m2/repository/com/netflix/netflix-commons/netflix-eventbus/0.3.0/netflix-eventbus-0.3.0.jar:/home/hgnguyen/.m2/repository/com/netflix/netflix-commons/netflix-infix/0.3.0/netflix-infix-0.3.0.jar:/home/hgnguyen/.m2/repository/commons-jxpath/commons-jxpath/1.3/commons-jxpath-1.3.jar:/home/hgnguyen/.m2/repository/joda-time/joda-time/2.9.9/joda-time-2.9.9.jar:/home/hgnguyen/.m2/repository/org/antlr/antlr-runtime/3.4/antlr-runtime-3.4.jar:/home/hgnguyen/.m2/repository/org/antlr/stringtemplate/3.2.1/stringtemplate-3.2.1.jar:/home/hgnguyen/.m2/repository/com/google/code/gson/gson/2.8.5/gson-2.8.5.jar:/home/hgnguyen/.m2/repository/org/apache/commons/commons-math/2.2/commons-math-2.2.jar:/home/hgnguyen/.m2/repository/com/netflix/archaius/archaius-core/0.7.4/archaius-core-0.7.4.jar:/home/hgnguyen/.m2/repository/javax/ws/rs/jsr311-api/1.1.1/jsr311-api-1.1.1.jar:/home/hgnguyen/.m2/repository/com/netflix/servo/servo-core/0.10.1/servo-core-0.10.1.jar:/home/hgnguyen/.m2/repository/com/netflix/servo/servo-internal/0.10.1/servo-internal-0.10.1.jar:/home/hgnguyen/.m2/repository/com/sun/jersey/jersey-core/1.19.1/jersey-core-1.19.1.jar:/home/hgnguyen/.m2/repository/com/sun/jersey/jersey-client/1.19.1/jersey-client-1.19.1.jar:/home/hgnguyen/.m2/repository/com/sun/jersey/contribs/jersey-apache-client4/1.19.1/jersey-apache-client4-1.19.1.jar:/home/hgnguyen/.m2/repository/org/apache/httpcomponents/httpclient/4.5.6/httpclient-4.5.6.jar:/home/hgnguyen/.m2/repository/org/apache/httpcomponents/httpcore/4.4.10/httpcore-4.4.10.jar:/home/hgnguyen/.m2/repository/commons-codec/commons-codec/1.10/commons-codec-1.10.jar:/home/hgnguyen/.m2/repository/com/google/inject/guice/4.1.0/guice-4.1.0.jar:/home/hgnguyen/.m2/repository/aopalliance/aopalliance/1.0/aopalliance-1.0.jar:/home/hgnguyen/.m2/repository/com/netflix/eureka/eureka-core/1.7.0/eureka-core-1.7.0.jar:/home/hgnguyen/.m2/repository/org/codehaus/woodstox/woodstox-core-asl/4.4.1/woodstox-core-asl-4.4.1.jar:/home/hgnguyen/.m2/repository/javax/xml/stream/stax-api/1.0-2/stax-api-1.0-2.jar:/home/hgnguyen/.m2/repository/org/codehaus/woodstox/stax2-api/3.1.4/stax2-api-3.1.4.jar:/home/hgnguyen/.m2/repository/org/springframework/cloud/spring-cloud-starter-netflix-archaius/1.4.0.RELEASE/spring-cloud-starter-netflix-archaius-1.4.0.RELEASE.jar:/home/hgnguyen/.m2/repository/commons-configuration/commons-configuration/1.8/commons-configuration-1.8.jar:/home/hgnguyen/.m2/repository/commons-lang/commons-lang/2.6/commons-lang-2.6.jar:/home/hgnguyen/.m2/repository/org/springframework/cloud/spring-cloud-starter-netflix-ribbon/1.4.0.RELEASE/spring-cloud-starter-netflix-ribbon-1.4.0.RELEASE.jar:/home/hgnguyen/.m2/repository/com/netflix/ribbon/ribbon/2.2.4/ribbon-2.2.4.jar:/home/hgnguyen/.m2/repository/com/netflix/ribbon/ribbon-transport/2.2.4/ribbon-transport-2.2.4.jar:/home/hgnguyen/.m2/repository/io/reactivex/rxnetty-contexts/0.4.9/rxnetty-contexts-0.4.9.jar:/home/hgnguyen/.m2/repository/io/reactivex/rxnetty-servo/0.4.9/rxnetty-servo-0.4.9.jar:/home/hgnguyen/.m2/repository/io/reactivex/rxnetty/0.4.9/rxnetty-0.4.9.jar:/home/hgnguyen/.m2/repository/io/netty/netty-codec-http/4.0.27.Final/netty-codec-http-4.0.27.Final.jar:/home/hgnguyen/.m2/repository/io/netty/netty-codec/4.0.27.Final/netty-codec-4.0.27.Final.jar:/home/hgnguyen/.m2/repository/io/netty/netty-handler/4.0.27.Final/netty-handler-4.0.27.Final.jar:/home/hgnguyen/.m2/repository/io/netty/netty-transport-native-epoll/4.0.27.Final/netty-transport-native-epoll-4.0.27.Final.jar:/home/hgnguyen/.m2/repository/io/netty/netty-common/4.0.27.Final/netty-common-4.0.27.Final.jar:/home/hgnguyen/.m2/repository/io/netty/netty-buffer/4.0.27.Final/netty-buffer-4.0.27.Final.jar:/home/hgnguyen/.m2/repository/io/netty/netty-transport/4.0.27.Final/netty-transport-4.0.27.Final.jar:/home/hgnguyen/.m2/repository/com/netflix/ribbon/ribbon-core/2.2.4/ribbon-core-2.2.4.jar:/home/hgnguyen/.m2/repository/com/netflix/ribbon/ribbon-httpclient/2.2.4/ribbon-httpclient-2.2.4.jar:/home/hgnguyen/.m2/repository/commons-collections/commons-collections/3.2.2/commons-collections-3.2.2.jar:/home/hgnguyen/.m2/repository/com/netflix/netflix-commons/netflix-commons-util/0.1.1/netflix-commons-util-0.1.1.jar:/home/hgnguyen/.m2/repository/com/netflix/ribbon/ribbon-loadbalancer/2.2.4/ribbon-loadbalancer-2.2.4.jar:/home/hgnguyen/.m2/repository/com/netflix/netflix-commons/netflix-statistics/0.1.1/netflix-statistics-0.1.1.jar:/home/hgnguyen/.m2/repository/io/reactivex/rxjava/1.2.0/rxjava-1.2.0.jar:/home/hgnguyen/.m2/repository/com/netflix/ribbon/ribbon-eureka/2.2.4/ribbon-eureka-2.2.4.jar:/home/hgnguyen/.m2/repository/com/thoughtworks/xstream/xstream/1.4.9/xstream-1.4.9.jar:/home/hgnguyen/.m2/repository/xmlpull/xmlpull/1.1.3.1/xmlpull-1.1.3.1.jar:/home/hgnguyen/.m2/repository/xpp3/xpp3_min/1.1.4c/xpp3_min-1.1.4c.jar:/home/hgnguyen/.m2/repository/org/springframework/cloud/spring-cloud-starter-openfeign/1.4.0.RELEASE/spring-cloud-starter-openfeign-1.4.0.RELEASE.jar:/home/hgnguyen/.m2/repository/org/springframework/spring-web/4.3.21.RELEASE/spring-web-4.3.21.RELEASE.jar:/home/hgnguyen/.m2/repository/org/springframework/spring-aop/4.3.21.RELEASE/spring-aop-4.3.21.RELEASE.jar:/home/hgnguyen/.m2/repository/org/springframework/spring-beans/4.3.21.RELEASE/spring-beans-4.3.21.RELEASE.jar:/home/hgnguyen/.m2/repository/org/springframework/spring-context/4.3.21.RELEASE/spring-context-4.3.21.RELEASE.jar:/home/hgnguyen/.m2/repository/org/springframework/cloud/spring-cloud-commons/1.3.0.RELEASE/spring-cloud-commons-1.3.0.RELEASE.jar:/home/hgnguyen/.m2/repository/org/springframework/security/spring-security-crypto/4.2.10.RELEASE/spring-security-crypto-4.2.10.RELEASE.jar:/home/hgnguyen/.m2/repository/io/github/openfeign/feign-core/9.5.0/feign-core-9.5.0.jar:/home/hgnguyen/.m2/repository/org/jvnet/animal-sniffer-annotation/1.0/animal-sniffer-annotation-1.0.jar:/home/hgnguyen/.m2/repository/io/github/openfeign/feign-slf4j/9.5.0/feign-slf4j-9.5.0.jar:/home/hgnguyen/.m2/repository/io/github/openfeign/feign-hystrix/9.5.0/feign-hystrix-9.5.0.jar:/home/hgnguyen/.m2/repository/com/netflix/hystrix/hystrix-core/1.5.12/hystrix-core-1.5.12.jar:/home/hgnguyen/.m2/repository/org/hdrhistogram/HdrHistogram/2.1.9/HdrHistogram-2.1.9.jar:/home/hgnguyen/.m2/repository/org/springframework/cloud/spring-cloud-starter-sleuth/1.3.0.RELEASE/spring-cloud-starter-sleuth-1.3.0.RELEASE.jar:/home/hgnguyen/.m2/repository/org/springframework/boot/spring-boot-starter-aop/1.5.18.RELEASE/spring-boot-starter-aop-1.5.18.RELEASE.jar:/home/hgnguyen/.m2/repository/org/aspectj/aspectjweaver/1.8.13/aspectjweaver-1.8.13.jar:/home/hgnguyen/.m2/repository/org/springframework/cloud/spring-cloud-sleuth-core/1.3.0.RELEASE/spring-cloud-sleuth-core-1.3.0.RELEASE.jar:/home/hgnguyen/.m2/repository/org/aspectj/aspectjrt/1.8.13/aspectjrt-1.8.13.jar:/home/hgnguyen/.m2/repository/io/springfox/springfox-swagger2/2.9.2/springfox-swagger2-2.9.2.jar:/home/hgnguyen/.m2/repository/io/swagger/swagger-annotations/1.5.20/swagger-annotations-1.5.20.jar:/home/hgnguyen/.m2/repository/io/swagger/swagger-models/1.5.20/swagger-models-1.5.20.jar:/home/hgnguyen/.m2/repository/io/springfox/springfox-spi/2.9.2/springfox-spi-2.9.2.jar:/home/hgnguyen/.m2/repository/io/springfox/springfox-core/2.9.2/springfox-core-2.9.2.jar:/home/hgnguyen/.m2/repository/net/bytebuddy/byte-buddy/1.8.12/byte-buddy-1.8.12.jar:/home/hgnguyen/.m2/repository/io/springfox/springfox-schema/2.9.2/springfox-schema-2.9.2.jar:/home/hgnguyen/.m2/repository/io/springfox/springfox-swagger-common/2.9.2/springfox-swagger-common-2.9.2.jar:/home/hgnguyen/.m2/repository/io/springfox/springfox-spring-web/2.9.2/springfox-spring-web-2.9.2.jar:/home/hgnguyen/.m2/repository/com/fasterxml/classmate/1.3.4/classmate-1.3.4.jar:/home/hgnguyen/.m2/repository/org/slf4j/slf4j-api/1.7.25/slf4j-api-1.7.25.jar:/home/hgnguyen/.m2/repository/org/springframework/plugin/spring-plugin-core/1.2.0.RELEASE/spring-plugin-core-1.2.0.RELEASE.jar:/home/hgnguyen/.m2/repository/org/springframework/plugin/spring-plugin-metadata/1.2.0.RELEASE/spring-plugin-metadata-1.2.0.RELEASE.jar:/home/hgnguyen/.m2/repository/org/mapstruct/mapstruct/1.2.0.Final/mapstruct-1.2.0.Final.jar:/home/hgnguyen/.m2/repository/io/springfox/springfox-swagger-ui/2.9.2/springfox-swagger-ui-2.9.2.jar:/home/hgnguyen/.m2/repository/com/google/guava/guava/18.0/guava-18.0.jar:/home/hgnguyen/.m2/repository/org/apache/maven/maven-model/3.3.9/maven-model-3.3.9.jar:/home/hgnguyen/.m2/repository/org/codehaus/plexus/plexus-utils/3.0.22/plexus-utils-3.0.22.jar:/home/hgnguyen/.m2/repository/org/apache/commons/commons-lang3/3.4/commons-lang3-3.4.jar:/home/hgnguyen/.m2/repository/org/springframework/boot/spring-boot-starter-test/1.5.18.RELEASE/spring-boot-starter-test-1.5.18.RELEASE.jar:/home/hgnguyen/.m2/repository/org/springframework/boot/spring-boot-test/1.5.18.RELEASE/spring-boot-test-1.5.18.RELEASE.jar:/home/hgnguyen/.m2/repository/org/springframework/boot/spring-boot-test-autoconfigure/1.5.18.RELEASE/spring-boot-test-autoconfigure-1.5.18.RELEASE.jar:/home/hgnguyen/.m2/repository/com/jayway/jsonpath/json-path/2.2.0/json-path-2.2.0.jar:/home/hgnguyen/.m2/repository/net/minidev/json-smart/2.2.1/json-smart-2.2.1.jar:/home/hgnguyen/.m2/repository/net/minidev/accessors-smart/1.1/accessors-smart-1.1.jar:/home/hgnguyen/.m2/repository/junit/junit/4.12/junit-4.12.jar:/home/hgnguyen/.m2/repository/org/assertj/assertj-core/2.6.0/assertj-core-2.6.0.jar:/home/hgnguyen/.m2/repository/org/mockito/mockito-core/1.10.19/mockito-core-1.10.19.jar:/home/hgnguyen/.m2/repository/org/objenesis/objenesis/2.1/objenesis-2.1.jar:/home/hgnguyen/.m2/repository/org/hamcrest/hamcrest-core/1.3/hamcrest-core-1.3.jar:/home/hgnguyen/.m2/repository/org/hamcrest/hamcrest-library/1.3/hamcrest-library-1.3.jar:/home/hgnguyen/.m2/repository/org/skyscreamer/jsonassert/1.4.0/jsonassert-1.4.0.jar:/home/hgnguyen/.m2/repository/com/vaadin/external/google/android-json/0.0.20131108.vaadin1/android-json-0.0.20131108.vaadin1.jar:/home/hgnguyen/.m2/repository/org/springframework/spring-core/4.3.21.RELEASE/spring-core-4.3.21.RELEASE.jar:/home/hgnguyen/.m2/repository/org/springframework/spring-test/4.3.21.RELEASE/spring-test-4.3.21.RELEASE.jar:/home/hgnguyen/.m2/repository/org/springframework/cloud/spring-cloud-starter-contract-stub-runner/1.2.0.RELEASE/spring-cloud-starter-contract-stub-runner-1.2.0.RELEASE.jar:/home/hgnguyen/.m2/repository/org/springframework/cloud/spring-cloud-contract-stub-runner/1.2.0.RELEASE/spring-cloud-contract-stub-runner-1.2.0.RELEASE.jar:/home/hgnguyen/.m2/repository/org/springframework/cloud/spring-cloud-contract-shade/1.2.0.RELEASE/spring-cloud-contract-shade-1.2.0.RELEASE.jar:/home/hgnguyen/.m2/repository/org/springframework/cloud/spring-cloud-contract-spec/1.2.0.RELEASE/spring-cloud-contract-spec-1.2.0.RELEASE.jar:/home/hgnguyen/.m2/repository/dk/brics/automaton/automaton/1.11-8/automaton-1.11-8.jar:/home/hgnguyen/.m2/repository/org/apache/commons/commons-text/1.1/commons-text-1.1.jar:/home/hgnguyen/.m2/repository/org/springframework/integration/spring-integration-java-dsl/1.2.3.RELEASE/spring-integration-java-dsl-1.2.3.RELEASE.jar:/home/hgnguyen/.m2/repository/org/springframework/integration/spring-integration-core/4.3.18.RELEASE/spring-integration-core-4.3.18.RELEASE.jar:/home/hgnguyen/.m2/repository/org/springframework/spring-messaging/4.3.21.RELEASE/spring-messaging-4.3.21.RELEASE.jar:/home/hgnguyen/.m2/repository/org/springframework/retry/spring-retry/1.2.2.RELEASE/spring-retry-1.2.2.RELEASE.jar:/home/hgnguyen/.m2/repository/org/reactivestreams/reactive-streams/1.0.0/reactive-streams-1.0.0.jar:/home/hgnguyen/.m2/repository/org/springframework/cloud/spring-cloud-stream-test-support/1.3.0.RELEASE/spring-cloud-stream-test-support-1.3.0.RELEASE.jar:/home/hgnguyen/.m2/repository/org/springframework/cloud/spring-cloud-stream/1.3.0.RELEASE/spring-cloud-stream-1.3.0.RELEASE.jar:/home/hgnguyen/.m2/repository/org/springframework/boot/spring-boot-starter-validation/1.5.18.RELEASE/spring-boot-starter-validation-1.5.18.RELEASE.jar:/home/hgnguyen/.m2/repository/org/springframework/integration/spring-integration-jmx/4.3.18.RELEASE/spring-integration-jmx-4.3.18.RELEASE.jar:/home/hgnguyen/.m2/repository/org/springframework/spring-tuple/1.0.0.RELEASE/spring-tuple-1.0.0.RELEASE.jar:/home/hgnguyen/.m2/repository/com/esotericsoftware/kryo-shaded/3.0.3/kryo-shaded-3.0.3.jar:/home/hgnguyen/.m2/repository/com/esotericsoftware/minlog/1.3.0/minlog-1.3.0.jar:/home/hgnguyen/.m2/repository/org/springframework/integration/spring-integration-tuple/1.0.0.RELEASE/spring-integration-tuple-1.0.0.RELEASE.jar:/home/hgnguyen/.m2/repository/org/springframework/cloud/spring-cloud-contract-wiremock/1.2.0.RELEASE/spring-cloud-contract-wiremock-1.2.0.RELEASE.jar:/home/hgnguyen/.m2/repository/com/github/tomakehurst/wiremock-standalone/2.11.0/wiremock-standalone-2.11.0.jar:/home/hgnguyen/.m2/repository/org/eclipse/aether/aether-api/1.0.2.v20150114/aether-api-1.0.2.v20150114.jar:/home/hgnguyen/.m2/repository/org/springframework/cloud/spring-cloud-starter-contract-verifier/1.2.0.RELEASE/spring-cloud-starter-contract-verifier-1.2.0.RELEASE.jar:/home/hgnguyen/.m2/repository/org/springframework/cloud/spring-cloud-contract-verifier/1.2.0.RELEASE/spring-cloud-contract-verifier-1.2.0.RELEASE.jar:/home/hgnguyen/.m2/repository/javax/inject/javax.inject/1/javax.inject-1.jar:/home/hgnguyen/.m2/repository/org/codehaus/groovy/groovy/2.4.15/groovy-2.4.15.jar:/home/hgnguyen/.m2/repository/org/codehaus/groovy/groovy-nio/2.4.15/groovy-nio-2.4.15.jar:/home/hgnguyen/.m2/repository/org/codehaus/groovy/groovy-json/2.4.15/groovy-json-2.4.15.jar:/home/hgnguyen/.m2/repository/org/codehaus/groovy/groovy-xml/2.4.15/groovy-xml-2.4.15.jar:/home/hgnguyen/.m2/repository/com/github/jknack/handlebars/4.0.6/handlebars-4.0.6.jar:/home/hgnguyen/.m2/repository/org/antlr/antlr4-runtime/4.5.1-1/antlr4-runtime-4.5.1-1.jar:/home/hgnguyen/.m2/repository/org/mozilla/rhino/1.7R4/rhino-1.7R4.jar:/home/hgnguyen/.m2/repository/io/rest-assured/rest-assured/3.0.2/rest-assured-3.0.2.jar:/home/hgnguyen/.m2/repository/org/apache/httpcomponents/httpmime/4.5.6/httpmime-4.5.6.jar:/home/hgnguyen/.m2/repository/org/ccil/cowan/tagsoup/tagsoup/1.2.1/tagsoup-1.2.1.jar:/home/hgnguyen/.m2/repository/io/rest-assured/json-path/3.0.2/json-path-3.0.2.jar:/home/hgnguyen/.m2/repository/io/rest-assured/rest-assured-common/3.0.2/rest-assured-common-3.0.2.jar:/home/hgnguyen/.m2/repository/io/rest-assured/xml-path/3.0.2/xml-path-3.0.2.jar:/home/hgnguyen/.m2/repository/io/rest-assured/spring-mock-mvc/3.0.2/spring-mock-mvc-3.0.2.jar:/home/hgnguyen/.m2/repository/com/toomuchcoding/jsonassert/jsonassert/0.4.10/jsonassert-0.4.10.jar:/home/hgnguyen/.m2/repository/cglib/cglib/3.2.4/cglib-3.2.4.jar:/home/hgnguyen/.m2/repository/org/ow2/asm/asm/6.0_ALPHA/asm-6.0_ALPHA.jar:/home/hgnguyen/.m2/repository/org/apache/ant/ant/1.9.6/ant-1.9.6.jar:/home/hgnguyen/.m2/repository/org/apache/ant/ant-launcher/1.9.6/ant-launcher-1.9.6.jar:/home/hgnguyen/.m2/repository/com/fasterxml/jackson/datatype/jackson-datatype-jsr310/2.8.11/jackson-datatype-jsr310-2.8.11.jar:/home/hgnguyen/.m2/repository/com/fasterxml/jackson/core/jackson-annotations/2.8.0/jackson-annotations-2.8.0.jar:/home/hgnguyen/.m2/repository/com/fasterxml/jackson/core/jackson-core/2.8.11/jackson-core-2.8.11.jar:/home/hgnguyen/.m2/repository/com/fasterxml/jackson/core/jackson-databind/2.8.11.3/jackson-databind-2.8.11.3.jar:/home/hgnguyen/.m2/repository/org/springframework/cloud/spring-cloud-starter-hystrix/1.4.0.RELEASE/spring-cloud-starter-hystrix-1.4.0.RELEASE.jar:/home/hgnguyen/.m2/repository/org/springframework/cloud/spring-cloud-starter-netflix-hystrix/1.4.0.RELEASE/spring-cloud-starter-netflix-hystrix-1.4.0.RELEASE.jar:/home/hgnguyen/.m2/repository/com/netflix/hystrix/hystrix-metrics-event-stream/1.5.12/hystrix-metrics-event-stream-1.5.12.jar:/home/hgnguyen/.m2/repository/com/netflix/hystrix/hystrix-serialization/1.5.12/hystrix-serialization-1.5.12.jar:/home/hgnguyen/.m2/repository/com/fasterxml/jackson/module/jackson-module-afterburner/2.8.11/jackson-module-afterburner-2.8.11.jar:/home/hgnguyen/.m2/repository/com/netflix/hystrix/hystrix-javanica/1.5.12/hystrix-javanica-1.5.12.jar:/home/hgnguyen/.m2/repository/org/springframework/boot/spring-boot-starter-actuator/1.5.18.RELEASE/spring-boot-starter-actuator-1.5.18.RELEASE.jar:/home/hgnguyen/.m2/repository/org/springframework/boot/spring-boot-starter/1.5.18.RELEASE/spring-boot-starter-1.5.18.RELEASE.jar:/home/hgnguyen/.m2/repository/org/springframework/boot/spring-boot-starter-logging/1.5.18.RELEASE/spring-boot-starter-logging-1.5.18.RELEASE.jar:/home/hgnguyen/.m2/repository/ch/qos/logback/logback-classic/1.1.11/logback-classic-1.1.11.jar:/home/hgnguyen/.m2/repository/ch/qos/logback/logback-core/1.1.11/logback-core-1.1.11.jar:/home/hgnguyen/.m2/repository/org/slf4j/jul-to-slf4j/1.7.25/jul-to-slf4j-1.7.25.jar:/home/hgnguyen/.m2/repository/org/slf4j/log4j-over-slf4j/1.7.25/log4j-over-slf4j-1.7.25.jar:/home/hgnguyen/.m2/repository/org/yaml/snakeyaml/1.17/snakeyaml-1.17.jar:/home/hgnguyen/.m2/repository/org/springframework/boot/spring-boot-actuator/1.5.18.RELEASE/spring-boot-actuator-1.5.18.RELEASE.jar:/home/hgnguyen/.m2/repository/org/springframework/boot/spring-boot-starter-thymeleaf/1.5.18.RELEASE/spring-boot-starter-thymeleaf-1.5.18.RELEASE.jar:/home/hgnguyen/.m2/repository/org/thymeleaf/thymeleaf-spring4/2.1.6.RELEASE/thymeleaf-spring4-2.1.6.RELEASE.jar:/home/hgnguyen/.m2/repository/org/thymeleaf/thymeleaf/2.1.6.RELEASE/thymeleaf-2.1.6.RELEASE.jar:/home/hgnguyen/.m2/repository/ognl/ognl/3.0.8/ognl-3.0.8.jar:/home/hgnguyen/.m2/repository/org/unbescape/unbescape/1.1.0.RELEASE/unbescape-1.1.0.RELEASE.jar:/home/hgnguyen/.m2/repository/nz/net/ultraq/thymeleaf/thymeleaf-layout-dialect/1.4.0/thymeleaf-layout-dialect-1.4.0.jar:/home/hgnguyen/.m2/repository/org/jolokia/jolokia-core/1.3.7/jolokia-core-1.3.7.jar:/home/hgnguyen/.m2/repository/com/googlecode/json-simple/json-simple/1.1.1/json-simple-1.1.1.jar:/home/hgnguyen/.m2/repository/de/codecentric/spring-boot-admin-starter-client/1.5.1/spring-boot-admin-starter-client-1.5.1.jar:/home/hgnguyen/.m2/repository/org/springframework/boot/spring-boot-starter-data-jpa/1.5.18.RELEASE/spring-boot-starter-data-jpa-1.5.18.RELEASE.jar:/home/hgnguyen/.m2/repository/org/springframework/boot/spring-boot-starter-jdbc/1.5.18.RELEASE/spring-boot-starter-jdbc-1.5.18.RELEASE.jar:/home/hgnguyen/.m2/repository/org/apache/tomcat/tomcat-jdbc/8.5.35/tomcat-jdbc-8.5.35.jar:/home/hgnguyen/.m2/repository/org/apache/tomcat/tomcat-juli/8.5.35/tomcat-juli-8.5.35.jar:/home/hgnguyen/.m2/repository/org/springframework/spring-jdbc/4.3.21.RELEASE/spring-jdbc-4.3.21.RELEASE.jar:/home/hgnguyen/.m2/repository/org/hibernate/hibernate-core/5.0.12.Final/hibernate-core-5.0.12.Final.jar:/home/hgnguyen/.m2/repository/org/jboss/logging/jboss-logging/3.3.2.Final/jboss-logging-3.3.2.Final.jar:/home/hgnguyen/.m2/repository/org/hibernate/javax/persistence/hibernate-jpa-2.1-api/1.0.0.Final/hibernate-jpa-2.1-api-1.0.0.Final.jar:/home/hgnguyen/.m2/repository/org/javassist/javassist/3.21.0-GA/javassist-3.21.0-GA.jar:/home/hgnguyen/.m2/repository/antlr/antlr/2.7.7/antlr-2.7.7.jar:/home/hgnguyen/.m2/repository/org/jboss/jandex/2.0.0.Final/jandex-2.0.0.Final.jar:/home/hgnguyen/.m2/repository/dom4j/dom4j/1.6.1/dom4j-1.6.1.jar:/home/hgnguyen/.m2/repository/org/hibernate/common/hibernate-commons-annotations/5.0.1.Final/hibernate-commons-annotations-5.0.1.Final.jar:/home/hgnguyen/.m2/repository/org/hibernate/hibernate-entitymanager/5.0.12.Final/hibernate-entitymanager-5.0.12.Final.jar:/home/hgnguyen/.m2/repository/javax/transaction/javax.transaction-api/1.2/javax.transaction-api-1.2.jar:/home/hgnguyen/.m2/repository/org/springframework/data/spring-data-jpa/1.11.17.RELEASE/spring-data-jpa-1.11.17.RELEASE.jar:/home/hgnguyen/.m2/repository/org/springframework/data/spring-data-commons/1.13.17.RELEASE/spring-data-commons-1.13.17.RELEASE.jar:/home/hgnguyen/.m2/repository/org/springframework/spring-orm/4.3.21.RELEASE/spring-orm-4.3.21.RELEASE.jar:/home/hgnguyen/.m2/repository/org/springframework/spring-tx/4.3.21.RELEASE/spring-tx-4.3.21.RELEASE.jar:/home/hgnguyen/.m2/repository/org/slf4j/jcl-over-slf4j/1.7.25/jcl-over-slf4j-1.7.25.jar:/home/hgnguyen/.m2/repository/org/springframework/spring-aspects/4.3.21.RELEASE/spring-aspects-4.3.21.RELEASE.jar:/home/hgnguyen/.m2/repository/org/postgresql/postgresql/9.4.1212.jre7/postgresql-9.4.1212.jre7.jar:/home/hgnguyen/.m2/repository/javax/xml/bind/jaxb-api/2.4.0-b180830.0359/jaxb-api-2.4.0-b180830.0359.jar:/home/hgnguyen/.m2/repository/javax/activation/javax.activation-api/1.2.0/javax.activation-api-1.2.0.jar:, java.vm.vendor=Oracle Corporation, sun.arch.data.model=64, java.vendor.url=https://java.oracle.com/, user.timezone=Europe/Paris, java.vm.specification.version=15, os.name=Linux, sun.java.launcher=SUN_STANDARD, user.country=US, sun.boot.library.path=/home/hgnguyen/sts-4.9.0.RELEASE/plugins/org.eclipse.justj.openjdk.hotspot.jre.full.linux.x86_64_15.0.1.v20201027-0507/jre/lib, sun.java.command=/home/hgnguyen/workspace-spring-tool-suite-4-4.15.3.RELEASE/PatternSearchProject/patternSearch-client-service/target/surefire/surefirebooter12327451683371478345.jar /home/hgnguyen/workspace-spring-tool-suite-4-4.15.3.RELEASE/PatternSearchProject/patternSearch-client-service/target/surefire/surefire1779557252334272381tmp /home/hgnguyen/workspace-spring-tool-suite-4-4.15.3.RELEASE/PatternSearchProject/patternSearch-client-service/target/surefire/surefire_010764920464436301383tmp, jdk.debug=release, surefire.test.class.path=/home/hgnguyen/workspace-spring-tool-suite-4-4.15.3.RELEASE/PatternSearchProject/patternSearch-client-service/target/test-classes:/home/hgnguyen/workspace-spring-tool-suite-4-4.15.3.RELEASE/PatternSearchProject/patternSearch-client-service/target/classes:/home/hgnguyen/.m2/repository/javax/persistence/javax.persistence-api/2.2/javax.persistence-api-2.2.jar:/home/hgnguyen/.m2/repository/com/sun/activation/javax.activation/1.2.0/javax.activation-1.2.0.jar:/home/hgnguyen/.m2/repository/org/springframework/cloud/spring-cloud-starter-netflix-eureka-client/1.4.0.RELEASE/spring-cloud-starter-netflix-eureka-client-1.4.0.RELEASE.jar:/home/hgnguyen/.m2/repository/org/springframework/boot/spring-boot-starter-web/1.5.18.RELEASE/spring-boot-starter-web-1.5.18.RELEASE.jar:/home/hgnguyen/.m2/repository/org/springframework/boot/spring-boot-starter-tomcat/1.5.18.RELEASE/spring-boot-starter-tomcat-1.5.18.RELEASE.jar:/home/hgnguyen/.m2/repository/org/apache/tomcat/embed/tomcat-embed-core/8.5.35/tomcat-embed-core-8.5.35.jar:/home/hgnguyen/.m2/repository/org/apache/tomcat/tomcat-annotations-api/8.5.35/tomcat-annotations-api-8.5.35.jar:/home/hgnguyen/.m2/repository/org/apache/tomcat/embed/tomcat-embed-el/8.5.35/tomcat-embed-el-8.5.35.jar:/home/hgnguyen/.m2/repository/org/apache/tomcat/embed/tomcat-embed-websocket/8.5.35/tomcat-embed-websocket-8.5.35.jar:/home/hgnguyen/.m2/repository/org/hibernate/hibernate-validator/5.3.6.Final/hibernate-validator-5.3.6.Final.jar:/home/hgnguyen/.m2/repository/javax/validation/validation-api/1.1.0.Final/validation-api-1.1.0.Final.jar:/home/hgnguyen/.m2/repository/org/springframework/spring-webmvc/4.3.21.RELEASE/spring-webmvc-4.3.21.RELEASE.jar:/home/hgnguyen/.m2/repository/org/springframework/spring-expression/4.3.21.RELEASE/spring-expression-4.3.21.RELEASE.jar:/home/hgnguyen/.m2/repository/org/springframework/cloud/spring-cloud-starter/1.3.0.RELEASE/spring-cloud-starter-1.3.0.RELEASE.jar:/home/hgnguyen/.m2/repository/org/springframework/cloud/spring-cloud-context/1.3.0.RELEASE/spring-cloud-context-1.3.0.RELEASE.jar:/home/hgnguyen/.m2/repository/org/springframework/security/spring-security-rsa/1.0.3.RELEASE/spring-security-rsa-1.0.3.RELEASE.jar:/home/hgnguyen/.m2/repository/org/bouncycastle/bcpkix-jdk15on/1.55/bcpkix-jdk15on-1.55.jar:/home/hgnguyen/.m2/repository/org/bouncycastle/bcprov-jdk15on/1.55/bcprov-jdk15on-1.55.jar:/home/hgnguyen/.m2/repository/org/springframework/cloud/spring-cloud-netflix-core/1.4.0.RELEASE/spring-cloud-netflix-core-1.4.0.RELEASE.jar:/home/hgnguyen/.m2/repository/org/springframework/boot/spring-boot/1.5.18.RELEASE/spring-boot-1.5.18.RELEASE.jar:/home/hgnguyen/.m2/repository/org/springframework/boot/spring-boot-autoconfigure/1.5.18.RELEASE/spring-boot-autoconfigure-1.5.18.RELEASE.jar:/home/hgnguyen/.m2/repository/org/springframework/cloud/spring-cloud-netflix-eureka-client/1.4.0.RELEASE/spring-cloud-netflix-eureka-client-1.4.0.RELEASE.jar:/home/hgnguyen/.m2/repository/com/netflix/eureka/eureka-client/1.7.0/eureka-client-1.7.0.jar:/home/hgnguyen/.m2/repository/org/codehaus/jettison/jettison/1.3.7/jettison-1.3.7.jar:/home/hgnguyen/.m2/repository/stax/stax-api/1.0.1/stax-api-1.0.1.jar:/home/hgnguyen/.m2/repository/com/netflix/netflix-commons/netflix-eventbus/0.3.0/netflix-eventbus-0.3.0.jar:/home/hgnguyen/.m2/repository/com/netflix/netflix-commons/netflix-infix/0.3.0/netflix-infix-0.3.0.jar:/home/hgnguyen/.m2/repository/commons-jxpath/commons-jxpath/1.3/commons-jxpath-1.3.jar:/home/hgnguyen/.m2/repository/joda-time/joda-time/2.9.9/joda-time-2.9.9.jar:/home/hgnguyen/.m2/repository/org/antlr/antlr-runtime/3.4/antlr-runtime-3.4.jar:/home/hgnguyen/.m2/repository/org/antlr/stringtemplate/3.2.1/stringtemplate-3.2.1.jar:/home/hgnguyen/.m2/repository/com/google/code/gson/gson/2.8.5/gson-2.8.5.jar:/home/hgnguyen/.m2/repository/org/apache/commons/commons-math/2.2/commons-math-2.2.jar:/home/hgnguyen/.m2/repository/com/netflix/archaius/archaius-core/0.7.4/archaius-core-0.7.4.jar:/home/hgnguyen/.m2/repository/javax/ws/rs/jsr311-api/1.1.1/jsr311-api-1.1.1.jar:/home/hgnguyen/.m2/repository/com/netflix/servo/servo-core/0.10.1/servo-core-0.10.1.jar:/home/hgnguyen/.m2/repository/com/netflix/servo/servo-internal/0.10.1/servo-internal-0.10.1.jar:/home/hgnguyen/.m2/repository/com/sun/jersey/jersey-core/1.19.1/jersey-core-1.19.1.jar:/home/hgnguyen/.m2/repository/com/sun/jersey/jersey-client/1.19.1/jersey-client-1.19.1.jar:/home/hgnguyen/.m2/repository/com/sun/jersey/contribs/jersey-apache-client4/1.19.1/jersey-apache-client4-1.19.1.jar:/home/hgnguyen/.m2/repository/org/apache/httpcomponents/httpclient/4.5.6/httpclient-4.5.6.jar:/home/hgnguyen/.m2/repository/org/apache/httpcomponents/httpcore/4.4.10/httpcore-4.4.10.jar:/home/hgnguyen/.m2/repository/commons-codec/commons-codec/1.10/commons-codec-1.10.jar:/home/hgnguyen/.m2/repository/com/google/inject/guice/4.1.0/guice-4.1.0.jar:/home/hgnguyen/.m2/repository/aopalliance/aopalliance/1.0/aopalliance-1.0.jar:/home/hgnguyen/.m2/repository/com/netflix/eureka/eureka-core/1.7.0/eureka-core-1.7.0.jar:/home/hgnguyen/.m2/repository/org/codehaus/woodstox/woodstox-core-asl/4.4.1/woodstox-core-asl-4.4.1.jar:/home/hgnguyen/.m2/repository/javax/xml/stream/stax-api/1.0-2/stax-api-1.0-2.jar:/home/hgnguyen/.m2/repository/org/codehaus/woodstox/stax2-api/3.1.4/stax2-api-3.1.4.jar:/home/hgnguyen/.m2/repository/org/springframework/cloud/spring-cloud-starter-netflix-archaius/1.4.0.RELEASE/spring-cloud-starter-netflix-archaius-1.4.0.RELEASE.jar:/home/hgnguyen/.m2/repository/commons-configuration/commons-configuration/1.8/commons-configuration-1.8.jar:/home/hgnguyen/.m2/repository/commons-lang/commons-lang/2.6/commons-lang-2.6.jar:/home/hgnguyen/.m2/repository/org/springframework/cloud/spring-cloud-starter-netflix-ribbon/1.4.0.RELEASE/spring-cloud-starter-netflix-ribbon-1.4.0.RELEASE.jar:/home/hgnguyen/.m2/repository/com/netflix/ribbon/ribbon/2.2.4/ribbon-2.2.4.jar:/home/hgnguyen/.m2/repository/com/netflix/ribbon/ribbon-transport/2.2.4/ribbon-transport-2.2.4.jar:/home/hgnguyen/.m2/repository/io/reactivex/rxnetty-contexts/0.4.9/rxnetty-contexts-0.4.9.jar:/home/hgnguyen/.m2/repository/io/reactivex/rxnetty-servo/0.4.9/rxnetty-servo-0.4.9.jar:/home/hgnguyen/.m2/repository/io/reactivex/rxnetty/0.4.9/rxnetty-0.4.9.jar:/home/hgnguyen/.m2/repository/io/netty/netty-codec-http/4.0.27.Final/netty-codec-http-4.0.27.Final.jar:/home/hgnguyen/.m2/repository/io/netty/netty-codec/4.0.27.Final/netty-codec-4.0.27.Final.jar:/home/hgnguyen/.m2/repository/io/netty/netty-handler/4.0.27.Final/netty-handler-4.0.27.Final.jar:/home/hgnguyen/.m2/repository/io/netty/netty-transport-native-epoll/4.0.27.Final/netty-transport-native-epoll-4.0.27.Final.jar:/home/hgnguyen/.m2/repository/io/netty/netty-common/4.0.27.Final/netty-common-4.0.27.Final.jar:/home/hgnguyen/.m2/repository/io/netty/netty-buffer/4.0.27.Final/netty-buffer-4.0.27.Final.jar:/home/hgnguyen/.m2/repository/io/netty/netty-transport/4.0.27.Final/netty-transport-4.0.27.Final.jar:/home/hgnguyen/.m2/repository/com/netflix/ribbon/ribbon-core/2.2.4/ribbon-core-2.2.4.jar:/home/hgnguyen/.m2/repository/com/netflix/ribbon/ribbon-httpclient/2.2.4/ribbon-httpclient-2.2.4.jar:/home/hgnguyen/.m2/repository/commons-collections/commons-collections/3.2.2/commons-collections-3.2.2.jar:/home/hgnguyen/.m2/repository/com/netflix/netflix-commons/netflix-commons-util/0.1.1/netflix-commons-util-0.1.1.jar:/home/hgnguyen/.m2/repository/com/netflix/ribbon/ribbon-loadbalancer/2.2.4/ribbon-loadbalancer-2.2.4.jar:/home/hgnguyen/.m2/repository/com/netflix/netflix-commons/netflix-statistics/0.1.1/netflix-statistics-0.1.1.jar:/home/hgnguyen/.m2/repository/io/reactivex/rxjava/1.2.0/rxjava-1.2.0.jar:/home/hgnguyen/.m2/repository/com/netflix/ribbon/ribbon-eureka/2.2.4/ribbon-eureka-2.2.4.jar:/home/hgnguyen/.m2/repository/com/thoughtworks/xstream/xstream/1.4.9/xstream-1.4.9.jar:/home/hgnguyen/.m2/repository/xmlpull/xmlpull/1.1.3.1/xmlpull-1.1.3.1.jar:/home/hgnguyen/.m2/repository/xpp3/xpp3_min/1.1.4c/xpp3_min-1.1.4c.jar:/home/hgnguyen/.m2/repository/org/springframework/cloud/spring-cloud-starter-openfeign/1.4.0.RELEASE/spring-cloud-starter-openfeign-1.4.0.RELEASE.jar:/home/hgnguyen/.m2/repository/org/springframework/spring-web/4.3.21.RELEASE/spring-web-4.3.21.RELEASE.jar:/home/hgnguyen/.m2/repository/org/springframework/spring-aop/4.3.21.RELEASE/spring-aop-4.3.21.RELEASE.jar:/home/hgnguyen/.m2/repository/org/springframework/spring-beans/4.3.21.RELEASE/spring-beans-4.3.21.RELEASE.jar:/home/hgnguyen/.m2/repository/org/springframework/spring-context/4.3.21.RELEASE/spring-context-4.3.21.RELEASE.jar:/home/hgnguyen/.m2/repository/org/springframework/cloud/spring-cloud-commons/1.3.0.RELEASE/spring-cloud-commons-1.3.0.RELEASE.jar:/home/hgnguyen/.m2/repository/org/springframework/security/spring-security-crypto/4.2.10.RELEASE/spring-security-crypto-4.2.10.RELEASE.jar:/home/hgnguyen/.m2/repository/io/github/openfeign/feign-core/9.5.0/feign-core-9.5.0.jar:/home/hgnguyen/.m2/repository/org/jvnet/animal-sniffer-annotation/1.0/animal-sniffer-annotation-1.0.jar:/home/hgnguyen/.m2/repository/io/github/openfeign/feign-slf4j/9.5.0/feign-slf4j-9.5.0.jar:/home/hgnguyen/.m2/repository/io/github/openfeign/feign-hystrix/9.5.0/feign-hystrix-9.5.0.jar:/home/hgnguyen/.m2/repository/com/netflix/hystrix/hystrix-core/1.5.12/hystrix-core-1.5.12.jar:/home/hgnguyen/.m2/repository/org/hdrhistogram/HdrHistogram/2.1.9/HdrHistogram-2.1.9.jar:/home/hgnguyen/.m2/repository/org/springframework/cloud/spring-cloud-starter-sleuth/1.3.0.RELEASE/spring-cloud-starter-sleuth-1.3.0.RELEASE.jar:/home/hgnguyen/.m2/repository/org/springframework/boot/spring-boot-starter-aop/1.5.18.RELEASE/spring-boot-starter-aop-1.5.18.RELEASE.jar:/home/hgnguyen/.m2/repository/org/aspectj/aspectjweaver/1.8.13/aspectjweaver-1.8.13.jar:/home/hgnguyen/.m2/repository/org/springframework/cloud/spring-cloud-sleuth-core/1.3.0.RELEASE/spring-cloud-sleuth-core-1.3.0.RELEASE.jar:/home/hgnguyen/.m2/repository/org/aspectj/aspectjrt/1.8.13/aspectjrt-1.8.13.jar:/home/hgnguyen/.m2/repository/io/springfox/springfox-swagger2/2.9.2/springfox-swagger2-2.9.2.jar:/home/hgnguyen/.m2/repository/io/swagger/swagger-annotations/1.5.20/swagger-annotations-1.5.20.jar:/home/hgnguyen/.m2/repository/io/swagger/swagger-models/1.5.20/swagger-models-1.5.20.jar:/home/hgnguyen/.m2/repository/io/springfox/springfox-spi/2.9.2/springfox-spi-2.9.2.jar:/home/hgnguyen/.m2/repository/io/springfox/springfox-core/2.9.2/springfox-core-2.9.2.jar:/home/hgnguyen/.m2/repository/net/bytebuddy/byte-buddy/1.8.12/byte-buddy-1.8.12.jar:/home/hgnguyen/.m2/repository/io/springfox/springfox-schema/2.9.2/springfox-schema-2.9.2.jar:/home/hgnguyen/.m2/repository/io/springfox/springfox-swagger-common/2.9.2/springfox-swagger-common-2.9.2.jar:/home/hgnguyen/.m2/repository/io/springfox/springfox-spring-web/2.9.2/springfox-spring-web-2.9.2.jar:/home/hgnguyen/.m2/repository/com/fasterxml/classmate/1.3.4/classmate-1.3.4.jar:/home/hgnguyen/.m2/repository/org/slf4j/slf4j-api/1.7.25/slf4j-api-1.7.25.jar:/home/hgnguyen/.m2/repository/org/springframework/plugin/spring-plugin-core/1.2.0.RELEASE/spring-plugin-core-1.2.0.RELEASE.jar:/home/hgnguyen/.m2/repository/org/springframework/plugin/spring-plugin-metadata/1.2.0.RELEASE/spring-plugin-metadata-1.2.0.RELEASE.jar:/home/hgnguyen/.m2/repository/org/mapstruct/mapstruct/1.2.0.Final/mapstruct-1.2.0.Final.jar:/home/hgnguyen/.m2/repository/io/springfox/springfox-swagger-ui/2.9.2/springfox-swagger-ui-2.9.2.jar:/home/hgnguyen/.m2/repository/com/google/guava/guava/18.0/guava-18.0.jar:/home/hgnguyen/.m2/repository/org/apache/maven/maven-model/3.3.9/maven-model-3.3.9.jar:/home/hgnguyen/.m2/repository/org/codehaus/plexus/plexus-utils/3.0.22/plexus-utils-3.0.22.jar:/home/hgnguyen/.m2/repository/org/apache/commons/commons-lang3/3.4/commons-lang3-3.4.jar:/home/hgnguyen/.m2/repository/org/springframework/boot/spring-boot-starter-test/1.5.18.RELEASE/spring-boot-starter-test-1.5.18.RELEASE.jar:/home/hgnguyen/.m2/repository/org/springframework/boot/spring-boot-test/1.5.18.RELEASE/spring-boot-test-1.5.18.RELEASE.jar:/home/hgnguyen/.m2/repository/org/springframework/boot/spring-boot-test-autoconfigure/1.5.18.RELEASE/spring-boot-test-autoconfigure-1.5.18.RELEASE.jar:/home/hgnguyen/.m2/repository/com/jayway/jsonpath/json-path/2.2.0/json-path-2.2.0.jar:/home/hgnguyen/.m2/repository/net/minidev/json-smart/2.2.1/json-smart-2.2.1.jar:/home/hgnguyen/.m2/repository/net/minidev/accessors-smart/1.1/accessors-smart-1.1.jar:/home/hgnguyen/.m2/repository/junit/junit/4.12/junit-4.12.jar:/home/hgnguyen/.m2/repository/org/assertj/assertj-core/2.6.0/assertj-core-2.6.0.jar:/home/hgnguyen/.m2/repository/org/mockito/mockito-core/1.10.19/mockito-core-1.10.19.jar:/home/hgnguyen/.m2/repository/org/objenesis/objenesis/2.1/objenesis-2.1.jar:/home/hgnguyen/.m2/repository/org/hamcrest/hamcrest-core/1.3/hamcrest-core-1.3.jar:/home/hgnguyen/.m2/repository/org/hamcrest/hamcrest-library/1.3/hamcrest-library-1.3.jar:/home/hgnguyen/.m2/repository/org/skyscreamer/jsonassert/1.4.0/jsonassert-1.4.0.jar:/home/hgnguyen/.m2/repository/com/vaadin/external/google/android-json/0.0.20131108.vaadin1/android-json-0.0.20131108.vaadin1.jar:/home/hgnguyen/.m2/repository/org/springframework/spring-core/4.3.21.RELEASE/spring-core-4.3.21.RELEASE.jar:/home/hgnguyen/.m2/repository/org/springframework/spring-test/4.3.21.RELEASE/spring-test-4.3.21.RELEASE.jar:/home/hgnguyen/.m2/repository/org/springframework/cloud/spring-cloud-starter-contract-stub-runner/1.2.0.RELEASE/spring-cloud-starter-contract-stub-runner-1.2.0.RELEASE.jar:/home/hgnguyen/.m2/repository/org/springframework/cloud/spring-cloud-contract-stub-runner/1.2.0.RELEASE/spring-cloud-contract-stub-runner-1.2.0.RELEASE.jar:/home/hgnguyen/.m2/repository/org/springframework/cloud/spring-cloud-contract-shade/1.2.0.RELEASE/spring-cloud-contract-shade-1.2.0.RELEASE.jar:/home/hgnguyen/.m2/repository/org/springframework/cloud/spring-cloud-contract-spec/1.2.0.RELEASE/spring-cloud-contract-spec-1.2.0.RELEASE.jar:/home/hgnguyen/.m2/repository/dk/brics/automaton/automaton/1.11-8/automaton-1.11-8.jar:/home/hgnguyen/.m2/repository/org/apache/commons/commons-text/1.1/commons-text-1.1.jar:/home/hgnguyen/.m2/repository/org/springframework/integration/spring-integration-java-dsl/1.2.3.RELEASE/spring-integration-java-dsl-1.2.3.RELEASE.jar:/home/hgnguyen/.m2/repository/org/springframework/integration/spring-integration-core/4.3.18.RELEASE/spring-integration-core-4.3.18.RELEASE.jar:/home/hgnguyen/.m2/repository/org/springframework/spring-messaging/4.3.21.RELEASE/spring-messaging-4.3.21.RELEASE.jar:/home/hgnguyen/.m2/repository/org/springframework/retry/spring-retry/1.2.2.RELEASE/spring-retry-1.2.2.RELEASE.jar:/home/hgnguyen/.m2/repository/org/reactivestreams/reactive-streams/1.0.0/reactive-streams-1.0.0.jar:/home/hgnguyen/.m2/repository/org/springframework/cloud/spring-cloud-stream-test-support/1.3.0.RELEASE/spring-cloud-stream-test-support-1.3.0.RELEASE.jar:/home/hgnguyen/.m2/repository/org/springframework/cloud/spring-cloud-stream/1.3.0.RELEASE/spring-cloud-stream-1.3.0.RELEASE.jar:/home/hgnguyen/.m2/repository/org/springframework/boot/spring-boot-starter-validation/1.5.18.RELEASE/spring-boot-starter-validation-1.5.18.RELEASE.jar:/home/hgnguyen/.m2/repository/org/springframework/integration/spring-integration-jmx/4.3.18.RELEASE/spring-integration-jmx-4.3.18.RELEASE.jar:/home/hgnguyen/.m2/repository/org/springframework/spring-tuple/1.0.0.RELEASE/spring-tuple-1.0.0.RELEASE.jar:/home/hgnguyen/.m2/repository/com/esotericsoftware/kryo-shaded/3.0.3/kryo-shaded-3.0.3.jar:/home/hgnguyen/.m2/repository/com/esotericsoftware/minlog/1.3.0/minlog-1.3.0.jar:/home/hgnguyen/.m2/repository/org/springframework/integration/spring-integration-tuple/1.0.0.RELEASE/spring-integration-tuple-1.0.0.RELEASE.jar:/home/hgnguyen/.m2/repository/org/springframework/cloud/spring-cloud-contract-wiremock/1.2.0.RELEASE/spring-cloud-contract-wiremock-1.2.0.RELEASE.jar:/home/hgnguyen/.m2/repository/com/github/tomakehurst/wiremock-standalone/2.11.0/wiremock-standalone-2.11.0.jar:/home/hgnguyen/.m2/repository/org/eclipse/aether/aether-api/1.0.2.v20150114/aether-api-1.0.2.v20150114.jar:/home/hgnguyen/.m2/repository/org/springframework/cloud/spring-cloud-starter-contract-verifier/1.2.0.RELEASE/spring-cloud-starter-contract-verifier-1.2.0.RELEASE.jar:/home/hgnguyen/.m2/repository/org/springframework/cloud/spring-cloud-contract-verifier/1.2.0.RELEASE/spring-cloud-contract-verifier-1.2.0.RELEASE.jar:/home/hgnguyen/.m2/repository/javax/inject/javax.inject/1/javax.inject-1.jar:/home/hgnguyen/.m2/repository/org/codehaus/groovy/groovy/2.4.15/groovy-2.4.15.jar:/home/hgnguyen/.m2/repository/org/codehaus/groovy/groovy-nio/2.4.15/groovy-nio-2.4.15.jar:/home/hgnguyen/.m2/repository/org/codehaus/groovy/groovy-json/2.4.15/groovy-json-2.4.15.jar:/home/hgnguyen/.m2/repository/org/codehaus/groovy/groovy-xml/2.4.15/groovy-xml-2.4.15.jar:/home/hgnguyen/.m2/repository/com/github/jknack/handlebars/4.0.6/handlebars-4.0.6.jar:/home/hgnguyen/.m2/repository/org/antlr/antlr4-runtime/4.5.1-1/antlr4-runtime-4.5.1-1.jar:/home/hgnguyen/.m2/repository/org/mozilla/rhino/1.7R4/rhino-1.7R4.jar:/home/hgnguyen/.m2/repository/io/rest-assured/rest-assured/3.0.2/rest-assured-3.0.2.jar:/home/hgnguyen/.m2/repository/org/apache/httpcomponents/httpmime/4.5.6/httpmime-4.5.6.jar:/home/hgnguyen/.m2/repository/org/ccil/cowan/tagsoup/tagsoup/1.2.1/tagsoup-1.2.1.jar:/home/hgnguyen/.m2/repository/io/rest-assured/json-path/3.0.2/json-path-3.0.2.jar:/home/hgnguyen/.m2/repository/io/rest-assured/rest-assured-common/3.0.2/rest-assured-common-3.0.2.jar:/home/hgnguyen/.m2/repository/io/rest-assured/xml-path/3.0.2/xml-path-3.0.2.jar:/home/hgnguyen/.m2/repository/io/rest-assured/spring-mock-mvc/3.0.2/spring-mock-mvc-3.0.2.jar:/home/hgnguyen/.m2/repository/com/toomuchcoding/jsonassert/jsonassert/0.4.10/jsonassert-0.4.10.jar:/home/hgnguyen/.m2/repository/cglib/cglib/3.2.4/cglib-3.2.4.jar:/home/hgnguyen/.m2/repository/org/ow2/asm/asm/6.0_ALPHA/asm-6.0_ALPHA.jar:/home/hgnguyen/.m2/repository/org/apache/ant/ant/1.9.6/ant-1.9.6.jar:/home/hgnguyen/.m2/repository/org/apache/ant/ant-launcher/1.9.6/ant-launcher-1.9.6.jar:/home/hgnguyen/.m2/repository/com/fasterxml/jackson/datatype/jackson-datatype-jsr310/2.8.11/jackson-datatype-jsr310-2.8.11.jar:/home/hgnguyen/.m2/repository/com/fasterxml/jackson/core/jackson-annotations/2.8.0/jackson-annotations-2.8.0.jar:/home/hgnguyen/.m2/repository/com/fasterxml/jackson/core/jackson-core/2.8.11/jackson-core-2.8.11.jar:/home/hgnguyen/.m2/repository/com/fasterxml/jackson/core/jackson-databind/2.8.11.3/jackson-databind-2.8.11.3.jar:/home/hgnguyen/.m2/repository/org/springframework/cloud/spring-cloud-starter-hystrix/1.4.0.RELEASE/spring-cloud-starter-hystrix-1.4.0.RELEASE.jar:/home/hgnguyen/.m2/repository/org/springframework/cloud/spring-cloud-starter-netflix-hystrix/1.4.0.RELEASE/spring-cloud-starter-netflix-hystrix-1.4.0.RELEASE.jar:/home/hgnguyen/.m2/repository/com/netflix/hystrix/hystrix-metrics-event-stream/1.5.12/hystrix-metrics-event-stream-1.5.12.jar:/home/hgnguyen/.m2/repository/com/netflix/hystrix/hystrix-serialization/1.5.12/hystrix-serialization-1.5.12.jar:/home/hgnguyen/.m2/repository/com/fasterxml/jackson/module/jackson-module-afterburner/2.8.11/jackson-module-afterburner-2.8.11.jar:/home/hgnguyen/.m2/repository/com/netflix/hystrix/hystrix-javanica/1.5.12/hystrix-javanica-1.5.12.jar:/home/hgnguyen/.m2/repository/org/springframework/boot/spring-boot-starter-actuator/1.5.18.RELEASE/spring-boot-starter-actuator-1.5.18.RELEASE.jar:/home/hgnguyen/.m2/repository/org/springframework/boot/spring-boot-starter/1.5.18.RELEASE/spring-boot-starter-1.5.18.RELEASE.jar:/home/hgnguyen/.m2/repository/org/springframework/boot/spring-boot-starter-logging/1.5.18.RELEASE/spring-boot-starter-logging-1.5.18.RELEASE.jar:/home/hgnguyen/.m2/repository/ch/qos/logback/logback-classic/1.1.11/logback-classic-1.1.11.jar:/home/hgnguyen/.m2/repository/ch/qos/logback/logback-core/1.1.11/logback-core-1.1.11.jar:/home/hgnguyen/.m2/repository/org/slf4j/jul-to-slf4j/1.7.25/jul-to-slf4j-1.7.25.jar:/home/hgnguyen/.m2/repository/org/slf4j/log4j-over-slf4j/1.7.25/log4j-over-slf4j-1.7.25.jar:/home/hgnguyen/.m2/repository/org/yaml/snakeyaml/1.17/snakeyaml-1.17.jar:/home/hgnguyen/.m2/repository/org/springframework/boot/spring-boot-actuator/1.5.18.RELEASE/spring-boot-actuator-1.5.18.RELEASE.jar:/home/hgnguyen/.m2/repository/org/springframework/boot/spring-boot-starter-thymeleaf/1.5.18.RELEASE/spring-boot-starter-thymeleaf-1.5.18.RELEASE.jar:/home/hgnguyen/.m2/repository/org/thymeleaf/thymeleaf-spring4/2.1.6.RELEASE/thymeleaf-spring4-2.1.6.RELEASE.jar:/home/hgnguyen/.m2/repository/org/thymeleaf/thymeleaf/2.1.6.RELEASE/thymeleaf-2.1.6.RELEASE.jar:/home/hgnguyen/.m2/repository/ognl/ognl/3.0.8/ognl-3.0.8.jar:/home/hgnguyen/.m2/repository/org/unbescape/unbescape/1.1.0.RELEASE/unbescape-1.1.0.RELEASE.jar:/home/hgnguyen/.m2/repository/nz/net/ultraq/thymeleaf/thymeleaf-layout-dialect/1.4.0/thymeleaf-layout-dialect-1.4.0.jar:/home/hgnguyen/.m2/repository/org/jolokia/jolokia-core/1.3.7/jolokia-core-1.3.7.jar:/home/hgnguyen/.m2/repository/com/googlecode/json-simple/json-simple/1.1.1/json-simple-1.1.1.jar:/home/hgnguyen/.m2/repository/de/codecentric/spring-boot-admin-starter-client/1.5.1/spring-boot-admin-starter-client-1.5.1.jar:/home/hgnguyen/.m2/repository/org/springframework/boot/spring-boot-starter-data-jpa/1.5.18.RELEASE/spring-boot-starter-data-jpa-1.5.18.RELEASE.jar:/home/hgnguyen/.m2/repository/org/springframework/boot/spring-boot-starter-jdbc/1.5.18.RELEASE/spring-boot-starter-jdbc-1.5.18.RELEASE.jar:/home/hgnguyen/.m2/repository/org/apache/tomcat/tomcat-jdbc/8.5.35/tomcat-jdbc-8.5.35.jar:/home/hgnguyen/.m2/repository/org/apache/tomcat/tomcat-juli/8.5.35/tomcat-juli-8.5.35.jar:/home/hgnguyen/.m2/repository/org/springframework/spring-jdbc/4.3.21.RELEASE/spring-jdbc-4.3.21.RELEASE.jar:/home/hgnguyen/.m2/repository/org/hibernate/hibernate-core/5.0.12.Final/hibernate-core-5.0.12.Final.jar:/home/hgnguyen/.m2/repository/org/jboss/logging/jboss-logging/3.3.2.Final/jboss-logging-3.3.2.Final.jar:/home/hgnguyen/.m2/repository/org/hibernate/javax/persistence/hibernate-jpa-2.1-api/1.0.0.Final/hibernate-jpa-2.1-api-1.0.0.Final.jar:/home/hgnguyen/.m2/repository/org/javassist/javassist/3.21.0-GA/javassist-3.21.0-GA.jar:/home/hgnguyen/.m2/repository/antlr/antlr/2.7.7/antlr-2.7.7.jar:/home/hgnguyen/.m2/repository/org/jboss/jandex/2.0.0.Final/jandex-2.0.0.Final.jar:/home/hgnguyen/.m2/repository/dom4j/dom4j/1.6.1/dom4j-1.6.1.jar:/home/hgnguyen/.m2/repository/org/hibernate/common/hibernate-commons-annotations/5.0.1.Final/hibernate-commons-annotations-5.0.1.Final.jar:/home/hgnguyen/.m2/repository/org/hibernate/hibernate-entitymanager/5.0.12.Final/hibernate-entitymanager-5.0.12.Final.jar:/home/hgnguyen/.m2/repository/javax/transaction/javax.transaction-api/1.2/javax.transaction-api-1.2.jar:/home/hgnguyen/.m2/repository/org/springframework/data/spring-data-jpa/1.11.17.RELEASE/spring-data-jpa-1.11.17.RELEASE.jar:/home/hgnguyen/.m2/repository/org/springframework/data/spring-data-commons/1.13.17.RELEASE/spring-data-commons-1.13.17.RELEASE.jar:/home/hgnguyen/.m2/repository/org/springframework/spring-orm/4.3.21.RELEASE/spring-orm-4.3.21.RELEASE.jar:/home/hgnguyen/.m2/repository/org/springframework/spring-tx/4.3.21.RELEASE/spring-tx-4.3.21.RELEASE.jar:/home/hgnguyen/.m2/repository/org/slf4j/jcl-over-slf4j/1.7.25/jcl-over-slf4j-1.7.25.jar:/home/hgnguyen/.m2/repository/org/springframework/spring-aspects/4.3.21.RELEASE/spring-aspects-4.3.21.RELEASE.jar:/home/hgnguyen/.m2/repository/org/postgresql/postgresql/9.4.1212.jre7/postgresql-9.4.1212.jre7.jar:/home/hgnguyen/.m2/repository/javax/xml/bind/jaxb-api/2.4.0-b180830.0359/jaxb-api-2.4.0-b180830.0359.jar:/home/hgnguyen/.m2/repository/javax/activation/javax.activation-api/1.2.0/javax.activation-api-1.2.0.jar:, sun.cpu.endian=little, user.home=/home/hgnguyen, user.language=en, java.specification.vendor=Oracle Corporation, java.version.date=2020-10-20, java.home=/home/hgnguyen/sts-4.9.0.RELEASE/plugins/org.eclipse.justj.openjdk.hotspot.jre.full.linux.x86_64_15.0.1.v20201027-0507/jre, file.separator=/, style.color=always, basedir=/home/hgnguyen/workspace-spring-tool-suite-4-4.15.3.RELEASE/PatternSearchProject/patternSearch-client-service, java.vm.compressedOopsMode=Zero based, line.separator=
, java.specification.name=Java Platform API Specification, java.vm.specification.vendor=Oracle Corporation, surefire.real.class.path=/home/hgnguyen/workspace-spring-tool-suite-4-4.15.3.RELEASE/PatternSearchProject/patternSearch-client-service/target/surefire/surefirebooter12327451683371478345.jar, sun.management.compiler=HotSpot 64-Bit Tiered Compilers, java.runtime.version=15.0.1+9-18, user.name=hgnguyen, path.separator=:, os.version=5.15.0-47-generic, java.runtime.name=OpenJDK Runtime Environment, file.encoding=UTF-8, java.vm.name=OpenJDK 64-Bit Server VM, localRepository=/home/hgnguyen/.m2/repository, java.vendor.url.bug=https://bugreport.java.com/bugreport/, java.io.tmpdir=/tmp, java.version=15.0.1, user.dir=/home/hgnguyen/workspace-spring-tool-suite-4-4.15.3.RELEASE/PatternSearchProject/patternSearch-client-service, os.arch=amd64, java.vm.specification.name=Java Virtual Machine Specification, java.library.path=/usr/java/packages/lib:/usr/lib64:/lib64:/lib:/usr/lib, java.vm.info=mixed mode, java.vendor=Oracle Corporation, java.vm.version=15.0.1+9-18, sun.io.unicode.encoding=UnicodeLittle, java.class.version=59.0}}, SystemEnvironmentPropertySource@1280641161 {name='systemEnvironment', properties={PATH=/home/hgnguyen/.local/bin:/home/hgnguyen/bin:/usr/local/sbin:/usr/local/bin:/usr/sbin:/usr/bin:/sbin:/bin:/usr/games:/usr/local/games:/snap/bin:/snap/bin, LC_MEASUREMENT=en_US.UTF-8, XAUTHORITY=/run/user/1000/.mutter-Xwaylandauth.4WLHS1, INVOCATION_ID=51ac4f8dd8b6445da6fcfeabef48ef44, XMODIFIERS=@im=ibus, LC_TELEPHONE=en_US.UTF-8, XDG_DATA_DIRS=/usr/share/ubuntu:/usr/local/share/:/usr/share/:/var/lib/snapd/desktop, GDMSESSION=ubuntu, LC_TIME=en_US.UTF-8, PAPERSIZE=letter, DBUS_SESSION_BUS_ADDRESS=unix:path=/run/user/1000/bus,guid=2449bd08578053664e9a0a5763202ade, XDG_CURRENT_DESKTOP=ubuntu:GNOME, JOURNAL_STREAM=8:37894, LC_PAPER=en_US.UTF-8, SESSION_MANAGER=local/is233218:@/tmp/.ICE-unix/2042,unix/is233218:/tmp/.ICE-unix/2042, USERNAME=hgnguyen, LOGNAME=hgnguyen, PWD=/home/hgnguyen/workspace-spring-tool-suite-4-4.15.3.RELEASE/PatternSearchProject/patternSearch-client-service, MANAGERPID=1804, IM_CONFIG_PHASE=1, LANGUAGE=en_US:en, SHELL=/bin/bash, LC_ADDRESS=en_US.UTF-8, OLDPWD=/home/hgnguyen/workspace-spring-tool-suite-4-4.15.3.RELEASE/PatternSearchProject/patternSearch-client-service, GNOME_DESKTOP_SESSION_ID=this-is-deprecated, GTK_MODULES=gail:atk-bridge, DBUS_STARTER_ADDRESS=unix:path=/run/user/1000/bus,guid=2449bd08578053664e9a0a5763202ade, SYSTEMD_EXEC_PID=2042, XDG_SESSION_DESKTOP=ubuntu, GNOME_SETUP_DISPLAY=:1, SSH_AGENT_LAUNCHER=gnome-keyring, SHLVL=0, LC_IDENTIFICATION=en_US.UTF-8, LC_MONETARY=en_US.UTF-8, OXYGEN_DISABLE_INNER_SHADOWS_HACK=1, QT_IM_MODULE=ibus, XDG_CONFIG_DIRS=/etc/xdg/xdg-ubuntu:/etc/xdg, LANG=en_US.UTF-8, XDG_SESSION_TYPE=wayland, DISPLAY=:0, WAYLAND_DISPLAY=wayland-0, LC_NAME=en_US.UTF-8, XDG_SESSION_CLASS=user, _=/usr/bin/gnome-session, LIBOVERLAY_SCROLLBAR=0, GDK_CORE_DEVICE_EVENTS=1, DESKTOP_SESSION=ubuntu, USER=hgnguyen, XDG_MENU_PREFIX=gnome-, GIO_LAUNCHED_DESKTOP_FILE_PID=8664, QT_ACCESSIBILITY=1, LC_NUMERIC=en_US.UTF-8, SSH_AUTH_SOCK=/run/user/1000/keyring/ssh, GNOME_SHELL_SESSION_MODE=ubuntu, XDG_RUNTIME_DIR=/run/user/1000, DBUS_STARTER_BUS_TYPE=session, HOME=/home/hgnguyen}}]
11:30:17.035 [main] DEBUG org.springframework.core.env.StandardEnvironment - Adding PropertySource 'test' with highest search precedence
11:30:17.045 [main] DEBUG org.springframework.test.context.support.TestPropertySourceUtils - Adding inlined properties to environment: {spring.jmx.enabled=false, org.springframework.boot.test.context.SpringBootTestContextBootstrapper=true, server.port=0}
11:30:17.045 [main] DEBUG org.springframework.core.env.StandardEnvironment - Adding PropertySource 'Inlined Test Properties' with highest search precedence
2022-09-13 11:30:19.294  INFO [dap-patternsearch-client-service,,,] 22740 --- [           main] o.s.core.annotation.AnnotationUtils      : Failed to introspect annotations on class org.springframework.cloud.netflix.eureka.config.EurekaDiscoveryClientConfigServiceBootstrapConfiguration: java.lang.IllegalStateException: Could not obtain annotation attribute value for public abstract java.lang.Class[] org.springframework.boot.autoconfigure.condition.ConditionalOnClass.value()
2022-09-13 11:30:19.360  INFO [dap-patternsearch-client-service,,,] 22740 --- [           main] s.c.a.AnnotationConfigApplicationContext : Refreshing org.springframework.context.annotation.AnnotationConfigApplicationContext@4682eba5: startup date [Tue Sep 13 11:30:19 CEST 2022]; root of context hierarchy
2022-09-13 11:30:19.982  INFO [dap-patternsearch-client-service,,,] 22740 --- [           main] f.a.AutowiredAnnotationBeanPostProcessor : JSR-330 'javax.inject.Inject' annotation found and supported for autowiring
2022-09-13 11:30:20.065  INFO [dap-patternsearch-client-service,,,] 22740 --- [           main] trationDelegate$BeanPostProcessorChecker : Bean 'configurationPropertiesRebinderAutoConfiguration' of type [org.springframework.cloud.autoconfigure.ConfigurationPropertiesRebinderAutoConfiguration$$EnhancerBySpringCGLIB$$bffc4ab3] is not eligible for getting processed by all BeanPostProcessors (for example: not eligible for auto-proxying)
=============================

DMP FHE-APLUSB SERVICE STARTING

=============================
2022-09-13 11:30:20.790  INFO [dap-patternsearch-client-service,,,] 22740 --- [           main] f.c.b.f.r.test.SampleRepositoryTest      : The following profiles are active: test
2022-09-13 11:30:20.795  INFO [dap-patternsearch-client-service,,,] 22740 --- [           main] ationConfigEmbeddedWebApplicationContext : Refreshing org.springframework.boot.context.embedded.AnnotationConfigEmbeddedWebApplicationContext@51e754e1: startup date [Tue Sep 13 11:30:20 CEST 2022]; parent: org.springframework.context.annotation.AnnotationConfigApplicationContext@4682eba5
2022-09-13 11:30:23.216  INFO [dap-patternsearch-client-service,,,] 22740 --- [           main] o.s.i.config.IntegrationRegistrar        : No bean named 'integrationHeaderChannelRegistry' has been explicitly defined. Therefore, a default DefaultHeaderChannelRegistry will be created.
2022-09-13 11:30:24.484  INFO [dap-patternsearch-client-service,,,] 22740 --- [           main] o.s.cloud.context.scope.GenericScope     : BeanFactory id=3b171ec2-4183-33be-949e-d1a7825a6ea4
2022-09-13 11:30:24.754  INFO [dap-patternsearch-client-service,,,] 22740 --- [           main] faultConfiguringBeanFactoryPostProcessor : No bean named 'errorChannel' has been explicitly defined. Therefore, a default PublishSubscribeChannel will be created.
2022-09-13 11:30:24.768  INFO [dap-patternsearch-client-service,,,] 22740 --- [           main] faultConfiguringBeanFactoryPostProcessor : No bean named 'taskScheduler' has been explicitly defined. Therefore, a default ThreadPoolTaskScheduler will be created.
2022-09-13 11:30:24.825  INFO [dap-patternsearch-client-service,,,] 22740 --- [           main] f.a.AutowiredAnnotationBeanPostProcessor : JSR-330 'javax.inject.Inject' annotation found and supported for autowiring
2022-09-13 11:30:25.170  INFO [dap-patternsearch-client-service,,,] 22740 --- [           main] trationDelegate$BeanPostProcessorChecker : Bean 'org.springframework.cloud.sleuth.annotation.SleuthAnnotationAutoConfiguration' of type [org.springframework.cloud.sleuth.annotation.SleuthAnnotationAutoConfiguration$$EnhancerBySpringCGLIB$$a6478de8] is not eligible for getting processed by all BeanPostProcessors (for example: not eligible for auto-proxying)
2022-09-13 11:30:25.555  INFO [dap-patternsearch-client-service,,,] 22740 --- [           main] trationDelegate$BeanPostProcessorChecker : Bean 'sleuthAdvisorConfig' of type [org.springframework.cloud.sleuth.annotation.SleuthAdvisorConfig] is not eligible for getting processed by all BeanPostProcessors (for example: not eligible for auto-proxying)
2022-09-13 11:30:25.586  INFO [dap-patternsearch-client-service,,,] 22740 --- [           main] trationDelegate$BeanPostProcessorChecker : Bean 'org.springframework.transaction.annotation.ProxyTransactionManagementConfiguration' of type [org.springframework.transaction.annotation.ProxyTransactionManagementConfiguration$$EnhancerBySpringCGLIB$$a3e247b6] is not eligible for getting processed by all BeanPostProcessors (for example: not eligible for auto-proxying)
2022-09-13 11:30:25.766  INFO [dap-patternsearch-client-service,,,] 22740 --- [           main] trationDelegate$BeanPostProcessorChecker : Bean 'org.springframework.cloud.netflix.metrics.MetricsInterceptorConfiguration$MetricsRestTemplateConfiguration' of type [org.springframework.cloud.netflix.metrics.MetricsInterceptorConfiguration$MetricsRestTemplateConfiguration$$EnhancerBySpringCGLIB$$d60eedf7] is not eligible for getting processed by all BeanPostProcessors (for example: not eligible for auto-proxying)
2022-09-13 11:30:25.960  INFO [dap-patternsearch-client-service,,,] 22740 --- [           main] trationDelegate$BeanPostProcessorChecker : Bean 'integrationGlobalProperties' of type [org.springframework.beans.factory.config.PropertiesFactoryBean] is not eligible for getting processed by all BeanPostProcessors (for example: not eligible for auto-proxying)
2022-09-13 11:30:26.010  INFO [dap-patternsearch-client-service,,,] 22740 --- [           main] trationDelegate$BeanPostProcessorChecker : Bean 'integrationGlobalProperties' of type [java.util.Properties] is not eligible for getting processed by all BeanPostProcessors (for example: not eligible for auto-proxying)
2022-09-13 11:30:26.167  INFO [dap-patternsearch-client-service,,,] 22740 --- [           main] trationDelegate$BeanPostProcessorChecker : Bean 'org.springframework.cloud.autoconfigure.ConfigurationPropertiesRebinderAutoConfiguration' of type [org.springframework.cloud.autoconfigure.ConfigurationPropertiesRebinderAutoConfiguration$$EnhancerBySpringCGLIB$$bffc4ab3] is not eligible for getting processed by all BeanPostProcessors (for example: not eligible for auto-proxying)
2022-09-13 11:30:26.186  INFO [dap-patternsearch-client-service,,,] 22740 --- [           main] trationDelegate$BeanPostProcessorChecker : Bean 'org.springframework.cloud.sleuth.instrument.web.client.feign.TraceFeignClientAutoConfiguration$FeignBeanPostProcessorConfiguration' of type [org.springframework.cloud.sleuth.instrument.web.client.feign.TraceFeignClientAutoConfiguration$FeignBeanPostProcessorConfiguration$$EnhancerBySpringCGLIB$$e374207c] is not eligible for getting processed by all BeanPostProcessors (for example: not eligible for auto-proxying)
2022-09-13 11:30:26.222  INFO [dap-patternsearch-client-service,,,] 22740 --- [           main] trationDelegate$BeanPostProcessorChecker : Bean 'org.springframework.cloud.sleuth.instrument.async.AsyncDefaultAutoConfiguration' of type [org.springframework.cloud.sleuth.instrument.async.AsyncDefaultAutoConfiguration$$EnhancerBySpringCGLIB$$8bc5f3d5] is not eligible for getting processed by all BeanPostProcessors (for example: not eligible for auto-proxying)
2022-09-13 11:30:26.280  INFO [dap-patternsearch-client-service,,,] 22740 --- [           main] trationDelegate$BeanPostProcessorChecker : Bean 'org.springframework.cloud.sleuth.instrument.web.client.TraceWebClientAutoConfiguration' of type [org.springframework.cloud.sleuth.instrument.web.client.TraceWebClientAutoConfiguration$$EnhancerBySpringCGLIB$$50751335] is not eligible for getting processed by all BeanPostProcessors (for example: not eligible for auto-proxying)
2022-09-13 11:30:26.361  INFO [dap-patternsearch-client-service,,,] 22740 --- [           main] f.a.AutowiredAnnotationBeanPostProcessor : JSR-330 'javax.inject.Inject' annotation found and supported for autowiring
2022-09-13 11:30:27.374  INFO [dap-patternsearch-client-service,,,] 22740 --- [           main] s.b.c.e.t.TomcatEmbeddedServletContainer : Tomcat initialized with port(s): 0 (http)
2022-09-13 11:30:27.480  INFO [dap-patternsearch-client-service,,,] 22740 --- [           main] o.apache.catalina.core.StandardService   : Starting service [Tomcat]
2022-09-13 11:30:27.485  INFO [dap-patternsearch-client-service,,,] 22740 --- [           main] org.apache.catalina.core.StandardEngine  : Starting Servlet Engine: Apache Tomcat/8.5.35
2022-09-13 11:30:27.785  INFO [dap-patternsearch-client-service,,,] 22740 --- [ost-startStop-1] o.a.c.c.C.[Tomcat].[localhost].[/]       : Initializing Spring embedded WebApplicationContext
2022-09-13 11:30:27.785  INFO [dap-patternsearch-client-service,,,] 22740 --- [ost-startStop-1] o.s.web.context.ContextLoader            : Root WebApplicationContext: initialization completed in 6990 ms
2022-09-13 11:30:28.975  INFO [dap-patternsearch-client-service,,,] 22740 --- [ost-startStop-1] o.s.b.w.servlet.FilterRegistrationBean   : Mapping filter: 'metricsFilter' to: [/*]
2022-09-13 11:30:28.977  INFO [dap-patternsearch-client-service,,,] 22740 --- [ost-startStop-1] o.s.b.w.servlet.FilterRegistrationBean   : Mapping filter: 'characterEncodingFilter' to: [/*]
2022-09-13 11:30:28.977  INFO [dap-patternsearch-client-service,,,] 22740 --- [ost-startStop-1] o.s.b.w.servlet.FilterRegistrationBean   : Mapping filter: 'traceFilter' to: [/*]
2022-09-13 11:30:28.978  INFO [dap-patternsearch-client-service,,,] 22740 --- [ost-startStop-1] o.s.b.w.servlet.FilterRegistrationBean   : Mapping filter: 'hiddenHttpMethodFilter' to: [/*]
2022-09-13 11:30:28.979  INFO [dap-patternsearch-client-service,,,] 22740 --- [ost-startStop-1] o.s.b.w.servlet.FilterRegistrationBean   : Mapping filter: 'httpPutFormContentFilter' to: [/*]
2022-09-13 11:30:28.979  INFO [dap-patternsearch-client-service,,,] 22740 --- [ost-startStop-1] o.s.b.w.servlet.FilterRegistrationBean   : Mapping filter: 'requestContextFilter' to: [/*]
2022-09-13 11:30:28.980  INFO [dap-patternsearch-client-service,,,] 22740 --- [ost-startStop-1] o.s.b.w.servlet.FilterRegistrationBean   : Mapping filter: 'webRequestLoggingFilter' to: [/*]
2022-09-13 11:30:28.980  INFO [dap-patternsearch-client-service,,,] 22740 --- [ost-startStop-1] o.s.b.w.servlet.FilterRegistrationBean   : Mapping filter: 'applicationContextIdFilter' to: [/*]
2022-09-13 11:30:28.981  INFO [dap-patternsearch-client-service,,,] 22740 --- [ost-startStop-1] o.s.b.w.servlet.ServletRegistrationBean  : Mapping servlet: 'dispatcherServlet' to [/]
2022-09-13 11:30:29.998  INFO [dap-patternsearch-client-service,,,] 22740 --- [           main] j.LocalContainerEntityManagerFactoryBean : Building JPA container EntityManagerFactory for persistence unit 'default'
2022-09-13 11:30:30.052  INFO [dap-patternsearch-client-service,,,] 22740 --- [           main] o.hibernate.jpa.internal.util.LogHelper  : HHH000204: Processing PersistenceUnitInfo [
	name: default
	...]
2022-09-13 11:30:30.215  INFO [dap-patternsearch-client-service,,,] 22740 --- [           main] org.hibernate.Version                    : HHH000412: Hibernate Core {5.0.12.Final}
2022-09-13 11:30:30.220  INFO [dap-patternsearch-client-service,,,] 22740 --- [           main] org.hibernate.cfg.Environment            : HHH000206: hibernate.properties not found
2022-09-13 11:30:30.226  INFO [dap-patternsearch-client-service,,,] 22740 --- [           main] org.hibernate.cfg.Environment            : HHH000021: Bytecode provider name : javassist
2022-09-13 11:30:30.283  INFO [dap-patternsearch-client-service,,,] 22740 --- [           main] o.hibernate.annotations.common.Version   : HCANN000001: Hibernate Commons Annotations {5.0.1.Final}
2022-09-13 11:30:30.505  INFO [dap-patternsearch-client-service,,,] 22740 --- [           main] org.hibernate.dialect.Dialect            : HHH000400: Using dialect: org.hibernate.dialect.PostgreSQLDialect
2022-09-13 11:30:30.926  INFO [dap-patternsearch-client-service,,,] 22740 --- [           main] o.h.e.j.e.i.LobCreatorBuilderImpl        : HHH000424: Disabling contextual LOB creation as createClob() method threw error : java.lang.reflect.InvocationTargetException
2022-09-13 11:30:30.931  INFO [dap-patternsearch-client-service,,,] 22740 --- [           main] org.hibernate.type.BasicTypeRegistry     : HHH000270: Type registration [java.util.UUID] overrides previous : org.hibernate.type.UUIDBinaryType@788a7567
2022-09-13 11:30:31.590  INFO [dap-patternsearch-client-service,,,] 22740 --- [           main] org.hibernate.tool.hbm2ddl.SchemaUpdate  : HHH000228: Running hbm2ddl schema update
2022-09-13 11:30:31.786  INFO [dap-patternsearch-client-service,,,] 22740 --- [           main] j.LocalContainerEntityManagerFactoryBean : Initialized JPA EntityManagerFactory for persistence unit 'default'
2022-09-13 11:30:35.044  INFO [dap-patternsearch-client-service,,,] 22740 --- [           main] o.a.c.c.C.[Tomcat].[localhost].[/]       : jolokia: No access restrictor found, access to any MBean is allowed
2022-09-13 11:30:36.098  INFO [dap-patternsearch-client-service,,,] 22740 --- [           main] s.w.s.m.m.a.RequestMappingHandlerMapping : Mapped "{[/openapi/v1/client/generic/01-encrypt],methods=[GET]}" onto public org.springframework.http.ResponseEntity<byte[]> fr.cea.bigpi.fhe.dap.patternsearch.api.ControllerImpl.encrypt(java.lang.String)
2022-09-13 11:30:36.102  INFO [dap-patternsearch-client-service,,,] 22740 --- [           main] s.w.s.m.m.a.RequestMappingHandlerMapping : Mapped "{[/openapi/v1/client/data/decrypt],methods=[POST]}" onto public org.springframework.http.ResponseEntity<java.lang.String> fr.cea.bigpi.fhe.dap.patternsearch.api.ControllerImpl.decryptData(org.springframework.web.multipart.MultipartFile)
2022-09-13 11:30:36.109  INFO [dap-patternsearch-client-service,,,] 22740 --- [           main] s.w.s.m.m.a.RequestMappingHandlerMapping : Mapped "{[/openapi/v1/client/data/05-checkContent-Auto],methods=[POST]}" onto public org.springframework.http.ResponseEntity<java.lang.String> fr.cea.bigpi.fhe.dap.patternsearch.api.ControllerImpl.checkContentAuto(java.lang.String,java.lang.String)
2022-09-13 11:30:36.110  INFO [dap-patternsearch-client-service,,,] 22740 --- [           main] s.w.s.m.m.a.RequestMappingHandlerMapping : Mapped "{[/openapi/v1/client/generic/03-check],methods=[GET]}" onto public org.springframework.http.ResponseEntity<byte[]> fr.cea.bigpi.fhe.dap.patternsearch.api.ControllerImpl.checkWithEncryptedFile(java.lang.String,java.lang.String)
2022-09-13 11:30:36.111  INFO [dap-patternsearch-client-service,,,] 22740 --- [           main] s.w.s.m.m.a.RequestMappingHandlerMapping : Mapped "{[/openapi/v1/client/generic/04-decryptCheckResult],methods=[POST]}" onto public org.springframework.http.ResponseEntity<java.lang.String> fr.cea.bigpi.fhe.dap.patternsearch.api.ControllerImpl.decryptCheckResult(org.springframework.web.multipart.MultipartFile)
2022-09-13 11:30:36.112  INFO [dap-patternsearch-client-service,,,] 22740 --- [           main] s.w.s.m.m.a.RequestMappingHandlerMapping : Mapped "{[/openapi/v1/client/generic/02-upload],methods=[POST]}" onto public org.springframework.http.ResponseEntity<java.lang.String> fr.cea.bigpi.fhe.dap.patternsearch.api.ControllerImpl.uploadEncryptedFile(org.springframework.web.multipart.MultipartFile,java.lang.String)
2022-09-13 11:30:36.114  INFO [dap-patternsearch-client-service,,,] 22740 --- [           main] s.w.s.m.m.a.RequestMappingHandlerMapping : Mapped "{[/openapi/v1/client/data/downloadEncryptedFile],methods=[POST]}" onto public org.springframework.http.ResponseEntity<byte[]> fr.cea.bigpi.fhe.dap.patternsearch.api.ControllerImpl.downloadEncryptedFile(java.lang.Integer,java.lang.String)
2022-09-13 11:30:36.114  INFO [dap-patternsearch-client-service,,,] 22740 --- [           main] s.w.s.m.m.a.RequestMappingHandlerMapping : Mapped "{[/openapi/v1/client/data],methods=[GET]}" onto public org.springframework.http.ResponseEntity<java.util.List<fr.cea.bigpi.fhe.dap.patternsearch.model.Data>> fr.cea.bigpi.fhe.dap.patternsearch.api.ControllerImpl.getAllData(java.lang.String)
2022-09-13 11:30:36.115  INFO [dap-patternsearch-client-service,,,] 22740 --- [           main] s.w.s.m.m.a.RequestMappingHandlerMapping : Mapped "{[/openapi/v1/client/data],methods=[POST]}" onto public org.springframework.http.ResponseEntity<fr.cea.bigpi.fhe.dap.patternsearch.model.Description> fr.cea.bigpi.fhe.dap.patternsearch.api.ControllerImpl.createData(java.lang.String,java.lang.String,java.lang.String,java.lang.Integer,java.lang.Integer,java.lang.String)
2022-09-13 11:30:36.120  INFO [dap-patternsearch-client-service,,,] 22740 --- [           main] s.w.s.m.m.a.RequestMappingHandlerMapping : Mapped "{[/openapi/v1/client/data],methods=[PUT]}" onto public org.springframework.http.ResponseEntity<fr.cea.bigpi.fhe.dap.patternsearch.model.Description> fr.cea.bigpi.fhe.dap.patternsearch.api.ControllerImpl.updateData(fr.cea.bigpi.fhe.dap.patternsearch.model.DataUpdate)
2022-09-13 11:30:36.121  INFO [dap-patternsearch-client-service,,,] 22740 --- [           main] s.w.s.m.m.a.RequestMappingHandlerMapping : Mapped "{[/openapi/v1/client/data],methods=[DELETE]}" onto public org.springframework.http.ResponseEntity<fr.cea.bigpi.fhe.dap.patternsearch.model.Description> fr.cea.bigpi.fhe.dap.patternsearch.api.ControllerImpl.deleteDrivingLicense(java.lang.Integer,java.lang.String)
2022-09-13 11:30:36.122  INFO [dap-patternsearch-client-service,,,] 22740 --- [           main] s.w.s.m.m.a.RequestMappingHandlerMapping : Mapped "{[/openapi/v1/client/test/createDataSet],methods=[POST]}" onto public org.springframework.http.ResponseEntity<java.util.ArrayList<java.lang.Integer>> fr.cea.bigpi.fhe.dap.patternsearch.api.ControllerImpl.createDataSet(java.lang.String,java.lang.String,java.lang.String,java.lang.Integer,java.lang.Integer,java.lang.String)
2022-09-13 11:30:36.122  INFO [dap-patternsearch-client-service,,,] 22740 --- [           main] s.w.s.m.m.a.RequestMappingHandlerMapping : Mapped "{[/openapi/v1/client/generic/04-decryptCheckResults],methods=[POST]}" onto public org.springframework.http.ResponseEntity<java.lang.String> fr.cea.bigpi.fhe.dap.patternsearch.api.ControllerImpl.decryptCheckResults(org.springframework.web.multipart.MultipartFile)
2022-09-13 11:30:36.123  INFO [dap-patternsearch-client-service,,,] 22740 --- [           main] s.w.s.m.m.a.RequestMappingHandlerMapping : Mapped "{[/]}" onto public java.lang.String fr.cea.bigpi.fhe.dap.patternsearch.api.HomeController.index()
2022-09-13 11:30:36.133  INFO [dap-patternsearch-client-service,,,] 22740 --- [           main] s.w.s.m.m.a.RequestMappingHandlerMapping : Mapped "{[/swagger-resources/configuration/security]}" onto public org.springframework.http.ResponseEntity<springfox.documentation.swagger.web.SecurityConfiguration> springfox.documentation.swagger.web.ApiResourceController.securityConfiguration()
2022-09-13 11:30:36.134  INFO [dap-patternsearch-client-service,,,] 22740 --- [           main] s.w.s.m.m.a.RequestMappingHandlerMapping : Mapped "{[/swagger-resources/configuration/ui]}" onto public org.springframework.http.ResponseEntity<springfox.documentation.swagger.web.UiConfiguration> springfox.documentation.swagger.web.ApiResourceController.uiConfiguration()
2022-09-13 11:30:36.139  INFO [dap-patternsearch-client-service,,,] 22740 --- [           main] s.w.s.m.m.a.RequestMappingHandlerMapping : Mapped "{[/swagger-resources]}" onto public org.springframework.http.ResponseEntity<java.util.List<springfox.documentation.swagger.web.SwaggerResource>> springfox.documentation.swagger.web.ApiResourceController.swaggerResources()
2022-09-13 11:30:36.145  INFO [dap-patternsearch-client-service,,,] 22740 --- [           main] s.w.s.m.m.a.RequestMappingHandlerMapping : Mapped "{[/error]}" onto public org.springframework.http.ResponseEntity<java.util.Map<java.lang.String, java.lang.Object>> org.springframework.boot.autoconfigure.web.BasicErrorController.error(javax.servlet.http.HttpServletRequest)
2022-09-13 11:30:36.145  INFO [dap-patternsearch-client-service,,,] 22740 --- [           main] s.w.s.m.m.a.RequestMappingHandlerMapping : Mapped "{[/error],produces=[text/html]}" onto public org.springframework.web.servlet.ModelAndView org.springframework.boot.autoconfigure.web.BasicErrorController.errorHtml(javax.servlet.http.HttpServletRequest,javax.servlet.http.HttpServletResponse)
2022-09-13 11:30:36.347  WARN [dap-patternsearch-client-service,,,] 22740 --- [           main] c.n.c.sources.URLConfigurationSource     : No URLs will be polled as dynamic configuration sources.
2022-09-13 11:30:36.348  INFO [dap-patternsearch-client-service,,,] 22740 --- [           main] c.n.c.sources.URLConfigurationSource     : To enable URLs as dynamic configuration sources, define System property archaius.configurationSource.additionalUrls or make config.properties available on classpath.
2022-09-13 11:30:36.361  INFO [dap-patternsearch-client-service,,,] 22740 --- [           main] c.netflix.config.DynamicPropertyFactory  : DynamicPropertyFactory is initialized with configuration sources: com.netflix.config.ConcurrentCompositeConfiguration@629e9957
2022-09-13 11:30:37.783  INFO [dap-patternsearch-client-service,,,] 22740 --- [           main] o.s.b.a.e.mvc.EndpointHandlerMapping     : Mapped "{[/metrics/{name:.*}],methods=[GET],produces=[application/vnd.spring-boot.actuator.v1+json || application/json]}" onto public java.lang.Object org.springframework.boot.actuate.endpoint.mvc.MetricsMvcEndpoint.value(java.lang.String)
2022-09-13 11:30:37.783  INFO [dap-patternsearch-client-service,,,] 22740 --- [           main] o.s.b.a.e.mvc.EndpointHandlerMapping     : Mapped "{[/metrics || /metrics.json],methods=[GET],produces=[application/vnd.spring-boot.actuator.v1+json || application/json]}" onto public java.lang.Object org.springframework.boot.actuate.endpoint.mvc.EndpointMvcAdapter.invoke()
2022-09-13 11:30:37.784  INFO [dap-patternsearch-client-service,,,] 22740 --- [           main] o.s.b.a.e.mvc.EndpointHandlerMapping     : Mapped "{[/beans || /beans.json],methods=[GET],produces=[application/vnd.spring-boot.actuator.v1+json || application/json]}" onto public java.lang.Object org.springframework.boot.actuate.endpoint.mvc.EndpointMvcAdapter.invoke()
2022-09-13 11:30:37.785  INFO [dap-patternsearch-client-service,,,] 22740 --- [           main] o.s.b.a.e.mvc.EndpointHandlerMapping     : Mapped "{[/archaius || /archaius.json],methods=[GET],produces=[application/vnd.spring-boot.actuator.v1+json || application/json]}" onto public java.lang.Object org.springframework.boot.actuate.endpoint.mvc.EndpointMvcAdapter.invoke()
2022-09-13 11:30:37.786  INFO [dap-patternsearch-client-service,,,] 22740 --- [           main] o.s.b.a.e.mvc.EndpointHandlerMapping     : Mapped "{[/configprops || /configprops.json],methods=[GET],produces=[application/vnd.spring-boot.actuator.v1+json || application/json]}" onto public java.lang.Object org.springframework.boot.actuate.endpoint.mvc.EndpointMvcAdapter.invoke()
2022-09-13 11:30:37.788  INFO [dap-patternsearch-client-service,,,] 22740 --- [           main] o.s.b.a.e.mvc.EndpointHandlerMapping     : Mapped "{[/loggers/{name:.*}],methods=[GET],produces=[application/vnd.spring-boot.actuator.v1+json || application/json]}" onto public java.lang.Object org.springframework.boot.actuate.endpoint.mvc.LoggersMvcEndpoint.get(java.lang.String)
2022-09-13 11:30:37.789  INFO [dap-patternsearch-client-service,,,] 22740 --- [           main] o.s.b.a.e.mvc.EndpointHandlerMapping     : Mapped "{[/loggers/{name:.*}],methods=[POST],consumes=[application/vnd.spring-boot.actuator.v1+json || application/json],produces=[application/vnd.spring-boot.actuator.v1+json || application/json]}" onto public java.lang.Object org.springframework.boot.actuate.endpoint.mvc.LoggersMvcEndpoint.set(java.lang.String,java.util.Map<java.lang.String, java.lang.String>)
2022-09-13 11:30:37.790  INFO [dap-patternsearch-client-service,,,] 22740 --- [           main] o.s.b.a.e.mvc.EndpointHandlerMapping     : Mapped "{[/loggers || /loggers.json],methods=[GET],produces=[application/vnd.spring-boot.actuator.v1+json || application/json]}" onto public java.lang.Object org.springframework.boot.actuate.endpoint.mvc.EndpointMvcAdapter.invoke()
2022-09-13 11:30:37.790  INFO [dap-patternsearch-client-service,,,] 22740 --- [           main] o.s.b.a.e.mvc.EndpointHandlerMapping     : Mapped "{[/refresh || /refresh.json],methods=[POST]}" onto public java.lang.Object org.springframework.cloud.endpoint.GenericPostableMvcEndpoint.invoke()
2022-09-13 11:30:37.792  INFO [dap-patternsearch-client-service,,,] 22740 --- [           main] o.s.b.a.e.mvc.EndpointHandlerMapping     : Mapped "{[/jolokia/**]}" onto public org.springframework.web.servlet.ModelAndView org.springframework.boot.actuate.endpoint.mvc.JolokiaMvcEndpoint.handle(javax.servlet.http.HttpServletRequest,javax.servlet.http.HttpServletResponse) throws java.lang.Exception
2022-09-13 11:30:37.793  INFO [dap-patternsearch-client-service,,,] 22740 --- [           main] o.s.b.a.e.mvc.EndpointHandlerMapping     : Mapped "{[/mappings || /mappings.json],methods=[GET],produces=[application/vnd.spring-boot.actuator.v1+json || application/json]}" onto public java.lang.Object org.springframework.boot.actuate.endpoint.mvc.EndpointMvcAdapter.invoke()
2022-09-13 11:30:37.794  INFO [dap-patternsearch-client-service,,,] 22740 --- [           main] o.s.b.a.e.mvc.EndpointHandlerMapping     : Mapped "{[/dump || /dump.json],methods=[GET],produces=[application/vnd.spring-boot.actuator.v1+json || application/json]}" onto public java.lang.Object org.springframework.boot.actuate.endpoint.mvc.EndpointMvcAdapter.invoke()
2022-09-13 11:30:37.796  INFO [dap-patternsearch-client-service,,,] 22740 --- [           main] o.s.b.a.e.mvc.EndpointHandlerMapping     : Mapped "{[/health || /health.json],methods=[GET],produces=[application/vnd.spring-boot.actuator.v1+json || application/json]}" onto public java.lang.Object org.springframework.boot.actuate.endpoint.mvc.HealthMvcEndpoint.invoke(javax.servlet.http.HttpServletRequest,java.security.Principal)
2022-09-13 11:30:37.797  INFO [dap-patternsearch-client-service,,,] 22740 --- [           main] o.s.b.a.e.mvc.EndpointHandlerMapping     : Mapped "{[/autoconfig || /autoconfig.json],methods=[GET],produces=[application/vnd.spring-boot.actuator.v1+json || application/json]}" onto public java.lang.Object org.springframework.boot.actuate.endpoint.mvc.EndpointMvcAdapter.invoke()
2022-09-13 11:30:37.797  INFO [dap-patternsearch-client-service,,,] 22740 --- [           main] o.s.b.a.e.mvc.EndpointHandlerMapping     : Mapped "{[/info || /info.json],methods=[GET],produces=[application/vnd.spring-boot.actuator.v1+json || application/json]}" onto public java.lang.Object org.springframework.boot.actuate.endpoint.mvc.EndpointMvcAdapter.invoke()
2022-09-13 11:30:37.798  INFO [dap-patternsearch-client-service,,,] 22740 --- [           main] o.s.b.a.e.mvc.EndpointHandlerMapping     : Mapped "{[/trace || /trace.json],methods=[GET],produces=[application/vnd.spring-boot.actuator.v1+json || application/json]}" onto public java.lang.Object org.springframework.boot.actuate.endpoint.mvc.EndpointMvcAdapter.invoke()
2022-09-13 11:30:37.800  INFO [dap-patternsearch-client-service,,,] 22740 --- [           main] o.s.b.a.e.mvc.EndpointHandlerMapping     : Mapped "{[/heapdump || /heapdump.json],methods=[GET],produces=[application/octet-stream]}" onto public void org.springframework.boot.actuate.endpoint.mvc.HeapdumpMvcEndpoint.invoke(boolean,javax.servlet.http.HttpServletRequest,javax.servlet.http.HttpServletResponse) throws java.io.IOException,javax.servlet.ServletException
2022-09-13 11:30:37.801  INFO [dap-patternsearch-client-service,,,] 22740 --- [           main] o.s.b.a.e.mvc.EndpointHandlerMapping     : Mapped "{[/env/{name:.*}],methods=[GET],produces=[application/vnd.spring-boot.actuator.v1+json || application/json]}" onto public java.lang.Object org.springframework.boot.actuate.endpoint.mvc.EnvironmentMvcEndpoint.value(java.lang.String)
2022-09-13 11:30:37.802  INFO [dap-patternsearch-client-service,,,] 22740 --- [           main] o.s.b.a.e.mvc.EndpointHandlerMapping     : Mapped "{[/env || /env.json],methods=[GET],produces=[application/vnd.spring-boot.actuator.v1+json || application/json]}" onto public java.lang.Object org.springframework.boot.actuate.endpoint.mvc.EndpointMvcAdapter.invoke()
2022-09-13 11:30:37.802  INFO [dap-patternsearch-client-service,,,] 22740 --- [           main] o.s.b.a.e.mvc.EndpointHandlerMapping     : Mapped "{[/features || /features.json],methods=[GET],produces=[application/vnd.spring-boot.actuator.v1+json || application/json]}" onto public java.lang.Object org.springframework.boot.actuate.endpoint.mvc.EndpointMvcAdapter.invoke()
2022-09-13 11:30:37.804  INFO [dap-patternsearch-client-service,,,] 22740 --- [           main] o.s.b.a.e.mvc.EndpointHandlerMapping     : Mapped "{[/auditevents || /auditevents.json],methods=[GET],produces=[application/vnd.spring-boot.actuator.v1+json || application/json]}" onto public org.springframework.http.ResponseEntity<?> org.springframework.boot.actuate.endpoint.mvc.AuditEventsMvcEndpoint.findByPrincipalAndAfterAndType(java.lang.String,java.util.Date,java.lang.String)
2022-09-13 11:30:37.805  INFO [dap-patternsearch-client-service,,,] 22740 --- [           main] o.s.b.a.e.mvc.EndpointHandlerMapping     : Mapped "{[/env],methods=[POST]}" onto public java.lang.Object org.springframework.cloud.context.environment.EnvironmentManagerMvcEndpoint.value(java.util.Map<java.lang.String, java.lang.String>)
2022-09-13 11:30:37.806  INFO [dap-patternsearch-client-service,,,] 22740 --- [           main] o.s.b.a.e.mvc.EndpointHandlerMapping     : Mapped "{[/env/reset],methods=[POST]}" onto public java.util.Map<java.lang.String, java.lang.Object> org.springframework.cloud.context.environment.EnvironmentManagerMvcEndpoint.reset()
2022-09-13 11:30:37.807  INFO [dap-patternsearch-client-service,,,] 22740 --- [           main] o.s.b.a.e.mvc.EndpointHandlerMapping     : Mapped "{[/hystrix.stream/**]}" onto public org.springframework.web.servlet.ModelAndView org.springframework.cloud.netflix.endpoint.ServletWrappingEndpoint.handle(javax.servlet.http.HttpServletRequest,javax.servlet.http.HttpServletResponse) throws java.lang.Exception
2022-09-13 11:30:38.225  INFO [dap-patternsearch-client-service,,,] 22740 --- [           main] pertySourcedRequestMappingHandlerMapping : Mapped URL path [/v2/api-docs] onto method [public org.springframework.http.ResponseEntity<springfox.documentation.spring.web.json.Json> springfox.documentation.swagger2.web.Swagger2Controller.getDocumentation(java.lang.String,javax.servlet.http.HttpServletRequest)]
2022-09-13 11:30:38.367  INFO [dap-patternsearch-client-service,,,] 22740 --- [           main] o.a.c.c.C.[Tomcat].[localhost].[/]       : Initializing Spring FrameworkServlet ''
2022-09-13 11:30:38.368  INFO [dap-patternsearch-client-service,,,] 22740 --- [           main] o.s.t.web.servlet.TestDispatcherServlet  : FrameworkServlet '': initialization started
2022-09-13 11:30:38.454  INFO [dap-patternsearch-client-service,,,] 22740 --- [           main] o.s.w.s.handler.SimpleUrlHandlerMapping  : Mapped URL path [/webjars/**] onto handler of type [class org.springframework.web.servlet.resource.ResourceHttpRequestHandler]
2022-09-13 11:30:38.454  INFO [dap-patternsearch-client-service,,,] 22740 --- [           main] o.s.w.s.handler.SimpleUrlHandlerMapping  : Mapped URL path [/**] onto handler of type [class org.springframework.web.servlet.resource.ResourceHttpRequestHandler]
2022-09-13 11:30:38.525  INFO [dap-patternsearch-client-service,,,] 22740 --- [           main] o.s.w.s.handler.SimpleUrlHandlerMapping  : Mapped URL path [/**/favicon.ico] onto handler of type [class org.springframework.web.servlet.resource.ResourceHttpRequestHandler]
2022-09-13 11:30:38.809  INFO [dap-patternsearch-client-service,,,] 22740 --- [           main] s.w.s.m.m.a.RequestMappingHandlerAdapter : Looking for @ControllerAdvice: org.springframework.boot.context.embedded.AnnotationConfigEmbeddedWebApplicationContext@51e754e1: startup date [Tue Sep 13 11:30:20 CEST 2022]; parent: org.springframework.context.annotation.AnnotationConfigApplicationContext@4682eba5
2022-09-13 11:30:39.282  WARN [dap-patternsearch-client-service,,,] 22740 --- [           main] .t.AbstractTemplateResolverConfiguration : Cannot find template location: classpath:/templates/ (please add some templates or check your Thymeleaf configuration)
2022-09-13 11:30:39.981  INFO [dap-patternsearch-client-service,,,] 22740 --- [           main] o.s.t.web.servlet.TestDispatcherServlet  : FrameworkServlet '': initialization completed in 1613 ms
2022-09-13 11:30:40.086  WARN [dap-patternsearch-client-service,,,] 22740 --- [           main] c.n.c.sources.URLConfigurationSource     : No URLs will be polled as dynamic configuration sources.
2022-09-13 11:30:40.088  INFO [dap-patternsearch-client-service,,,] 22740 --- [           main] c.n.c.sources.URLConfigurationSource     : To enable URLs as dynamic configuration sources, define System property archaius.configurationSource.additionalUrls or make config.properties available on classpath.
2022-09-13 11:30:40.657  INFO [dap-patternsearch-client-service,,,] 22740 --- [           main] o.s.s.c.ThreadPoolTaskScheduler          : Initializing ExecutorService 'taskScheduler'
2022-09-13 11:30:42.412  INFO [dap-patternsearch-client-service,,,] 22740 --- [           main] o.s.s.c.ThreadPoolTaskScheduler          : Initializing ExecutorService
2022-09-13 11:30:42.518  INFO [dap-patternsearch-client-service,,,] 22740 --- [           main] f.a.AutowiredAnnotationBeanPostProcessor : JSR-330 'javax.inject.Inject' annotation found and supported for autowiring
2022-09-13 11:30:43.799  INFO [dap-patternsearch-client-service,,,] 22740 --- [           main] o.a.c.c.C.[Tomcat].[localhost].[/]       : jolokia: No access restrictor found, access to any MBean is allowed
2022-09-13 11:30:43.812  INFO [dap-patternsearch-client-service,,,] 22740 --- [           main] o.a.c.c.C.[Tomcat].[localhost].[/]       : jolokia: jolokia:type=Config is already registered. Adding it with jolokia:type=Config,uuid=d9b13be7-615f-4930-bfe4-1864806b62cc, but you should revise your setup in order to either use a qualifier or ensure, that only a single agent gets registered (otherwise history functionality might not work)
2022-09-13 11:30:43.818  INFO [dap-patternsearch-client-service,,,] 22740 --- [           main] o.a.c.c.C.[Tomcat].[localhost].[/]       : jolokia: Cannot register (legacy) MBean handler for config store with name jmx4perl:type=Config since it already exists. This is the case if another agent has been already started within the same JVM. The registration is skipped.
2022-09-13 11:30:43.819  INFO [dap-patternsearch-client-service,,,] 22740 --- [           main] o.a.c.c.C.[Tomcat].[localhost].[/]       : jolokia: Jolokia Discovery MBean registration is skipped because there is already one registered.
2022-09-13 11:30:43.955  INFO [dap-patternsearch-client-service,,,] 22740 --- [           main] o.s.c.support.DefaultLifecycleProcessor  : Starting beans in phase 0
2022-09-13 11:30:43.960  INFO [dap-patternsearch-client-service,,,] 22740 --- [           main] o.s.i.endpoint.EventDrivenConsumer       : Adding {logging-channel-adapter:_org.springframework.integration.errorLogger} as a subscriber to the 'errorChannel' channel
2022-09-13 11:30:43.960  INFO [dap-patternsearch-client-service,,,] 22740 --- [           main] o.s.i.channel.PublishSubscribeChannel    : Channel 'dap-fhe-patternsearch-client-service:test:0.errorChannel' has 1 subscriber(s).
2022-09-13 11:30:43.960  INFO [dap-patternsearch-client-service,,,] 22740 --- [           main] o.s.i.endpoint.EventDrivenConsumer       : started _org.springframework.integration.errorLogger
2022-09-13 11:30:43.965  INFO [dap-patternsearch-client-service,,,] 22740 --- [           main] o.s.c.support.DefaultLifecycleProcessor  : Starting beans in phase 2147483647
2022-09-13 11:30:43.965  INFO [dap-patternsearch-client-service,,,] 22740 --- [           main] d.s.w.p.DocumentationPluginsBootstrapper : Context refreshed
2022-09-13 11:30:43.997  INFO [dap-patternsearch-client-service,,,] 22740 --- [           main] d.s.w.p.DocumentationPluginsBootstrapper : Found 1 custom documentation plugin(s)
2022-09-13 11:30:44.067  INFO [dap-patternsearch-client-service,,,] 22740 --- [           main] s.d.s.w.s.ApiListingReferenceScanner     : Scanning for api listing references
2022-09-13 11:30:44.160  WARN [dap-patternsearch-client-service,,,] 22740 --- [           main] ationConfigEmbeddedWebApplicationContext : Exception encountered during context initialization - cancelling refresh attempt: org.springframework.context.ApplicationContextException: Failed to start bean 'documentationPluginsBootstrapper'; nested exception is com.google.common.util.concurrent.ExecutionError: java.lang.NoSuchMethodError: 'com.google.common.collect.FluentIterable com.google.common.collect.FluentIterable.concat(java.lang.Iterable, java.lang.Iterable)'
2022-09-13 11:30:44.163  INFO [dap-patternsearch-client-service,,,] 22740 --- [           main] o.s.s.c.ThreadPoolTaskScheduler          : Shutting down ExecutorService 'taskScheduler'
2022-09-13 11:30:44.214  INFO [dap-patternsearch-client-service,,,] 22740 --- [           main] j.LocalContainerEntityManagerFactoryBean : Closing JPA EntityManagerFactory for persistence unit 'default'
2022-09-13 11:30:44.246  INFO [dap-patternsearch-client-service,,,] 22740 --- [           main] o.apache.catalina.core.StandardService   : Stopping service [Tomcat]
2022-09-13 11:30:44.335  INFO [dap-patternsearch-client-service,,,] 22740 --- [           main] utoConfigurationReportLoggingInitializer : 

Error starting ApplicationContext. To display the auto-configuration report re-run your application with 'debug' enabled.
2022-09-13 11:30:44.360 ERROR [dap-patternsearch-client-service,,,] 22740 --- [           main] o.s.boot.SpringApplication               : Application startup failed

org.springframework.context.ApplicationContextException: Failed to start bean 'documentationPluginsBootstrapper'; nested exception is com.google.common.util.concurrent.ExecutionError: java.lang.NoSuchMethodError: 'com.google.common.collect.FluentIterable com.google.common.collect.FluentIterable.concat(java.lang.Iterable, java.lang.Iterable)'
	at org.springframework.context.support.DefaultLifecycleProcessor.doStart(DefaultLifecycleProcessor.java:176)
	at org.springframework.context.support.DefaultLifecycleProcessor.access$200(DefaultLifecycleProcessor.java:50)
	at org.springframework.context.support.DefaultLifecycleProcessor$LifecycleGroup.start(DefaultLifecycleProcessor.java:350)
	at org.springframework.context.support.DefaultLifecycleProcessor.startBeans(DefaultLifecycleProcessor.java:149)
	at org.springframework.context.support.DefaultLifecycleProcessor.onRefresh(DefaultLifecycleProcessor.java:112)
	at org.springframework.context.support.AbstractApplicationContext.finishRefresh(AbstractApplicationContext.java:880)
	at org.springframework.boot.context.embedded.EmbeddedWebApplicationContext.finishRefresh(EmbeddedWebApplicationContext.java:146)
	at org.springframework.context.support.AbstractApplicationContext.refresh(AbstractApplicationContext.java:546)
	at org.springframework.boot.context.embedded.EmbeddedWebApplicationContext.refresh(EmbeddedWebApplicationContext.java:124)
	at org.springframework.boot.SpringApplication.refresh(SpringApplication.java:693)
	at org.springframework.boot.SpringApplication.refreshContext(SpringApplication.java:360)
	at org.springframework.boot.SpringApplication.run(SpringApplication.java:303)
	at org.springframework.boot.test.context.SpringBootContextLoader.loadContext(SpringBootContextLoader.java:121)
	at org.springframework.test.context.cache.DefaultCacheAwareContextLoaderDelegate.loadContextInternal(DefaultCacheAwareContextLoaderDelegate.java:98)
	at org.springframework.test.context.cache.DefaultCacheAwareContextLoaderDelegate.loadContext(DefaultCacheAwareContextLoaderDelegate.java:116)
	at org.springframework.test.context.support.DefaultTestContext.getApplicationContext(DefaultTestContext.java:83)
	at org.springframework.test.context.support.DependencyInjectionTestExecutionListener.injectDependencies(DependencyInjectionTestExecutionListener.java:117)
	at org.springframework.test.context.support.DependencyInjectionTestExecutionListener.prepareTestInstance(DependencyInjectionTestExecutionListener.java:83)
	at org.springframework.boot.test.autoconfigure.SpringBootDependencyInjectionTestExecutionListener.prepareTestInstance(SpringBootDependencyInjectionTestExecutionListener.java:44)
	at org.springframework.test.context.TestContextManager.prepareTestInstance(TestContextManager.java:230)
	at org.springframework.test.context.junit4.SpringJUnit4ClassRunner.createTest(SpringJUnit4ClassRunner.java:228)
	at org.springframework.test.context.junit4.SpringJUnit4ClassRunner$1.runReflectiveCall(SpringJUnit4ClassRunner.java:287)
	at org.junit.internal.runners.model.ReflectiveCallable.run(ReflectiveCallable.java:12)
	at org.springframework.test.context.junit4.SpringJUnit4ClassRunner.methodBlock(SpringJUnit4ClassRunner.java:289)
	at org.springframework.test.context.junit4.SpringJUnit4ClassRunner.runChild(SpringJUnit4ClassRunner.java:247)
	at org.springframework.test.context.junit4.SpringJUnit4ClassRunner.runChild(SpringJUnit4ClassRunner.java:94)
	at org.junit.runners.ParentRunner$3.run(ParentRunner.java:290)
	at org.junit.runners.ParentRunner$1.schedule(ParentRunner.java:71)
	at org.junit.runners.ParentRunner.runChildren(ParentRunner.java:288)
	at org.junit.runners.ParentRunner.access$000(ParentRunner.java:58)
	at org.junit.runners.ParentRunner$2.evaluate(ParentRunner.java:268)
	at org.springframework.test.context.junit4.statements.RunBeforeTestClassCallbacks.evaluate(RunBeforeTestClassCallbacks.java:61)
	at org.springframework.test.context.junit4.statements.RunAfterTestClassCallbacks.evaluate(RunAfterTestClassCallbacks.java:70)
	at org.junit.runners.ParentRunner.run(ParentRunner.java:363)
	at org.springframework.test.context.junit4.SpringJUnit4ClassRunner.run(SpringJUnit4ClassRunner.java:191)
	at org.apache.maven.surefire.junit4.JUnit4Provider.execute(JUnit4Provider.java:283)
	at org.apache.maven.surefire.junit4.JUnit4Provider.executeWithRerun(JUnit4Provider.java:173)
	at org.apache.maven.surefire.junit4.JUnit4Provider.executeTestSet(JUnit4Provider.java:153)
	at org.apache.maven.surefire.junit4.JUnit4Provider.invoke(JUnit4Provider.java:128)
	at org.apache.maven.surefire.booter.ForkedBooter.invokeProviderInSameClassLoader(ForkedBooter.java:203)
	at org.apache.maven.surefire.booter.ForkedBooter.runSuitesInProcess(ForkedBooter.java:155)
	at org.apache.maven.surefire.booter.ForkedBooter.main(ForkedBooter.java:103)
Caused by: com.google.common.util.concurrent.ExecutionError: java.lang.NoSuchMethodError: 'com.google.common.collect.FluentIterable com.google.common.collect.FluentIterable.concat(java.lang.Iterable, java.lang.Iterable)'
	at com.google.common.cache.LocalCache$Segment.get(LocalCache.java:2201)
	at com.google.common.cache.LocalCache.get(LocalCache.java:3937)
	at com.google.common.cache.LocalCache.getOrLoad(LocalCache.java:3941)
	at com.google.common.cache.LocalCache$LocalLoadingCache.get(LocalCache.java:4824)
	at springfox.documentation.schema.CachingModelDependencyProvider.dependentModels(CachingModelDependencyProvider.java:58)
	at springfox.documentation.schema.DefaultModelProvider.dependencies(DefaultModelProvider.java:128)
	at springfox.documentation.schema.CachingModelProvider.dependencies(CachingModelProvider.java:68)
	at springfox.documentation.spring.web.scanners.ApiModelReader.populateDependencies(ApiModelReader.java:136)
	at springfox.documentation.spring.web.scanners.ApiModelReader.read(ApiModelReader.java:78)
	at springfox.documentation.spring.web.scanners.ApiListingScanner.scan(ApiListingScanner.java:133)
	at springfox.documentation.spring.web.scanners.ApiDocumentationScanner.scan(ApiDocumentationScanner.java:71)
	at springfox.documentation.spring.web.plugins.DocumentationPluginsBootstrapper.scanDocumentation(DocumentationPluginsBootstrapper.java:101)
	at springfox.documentation.spring.web.plugins.DocumentationPluginsBootstrapper.start(DocumentationPluginsBootstrapper.java:167)
	at org.springframework.context.support.DefaultLifecycleProcessor.doStart(DefaultLifecycleProcessor.java:173)
	... 41 common frames omitted
Caused by: java.lang.NoSuchMethodError: 'com.google.common.collect.FluentIterable com.google.common.collect.FluentIterable.concat(java.lang.Iterable, java.lang.Iterable)'
	at springfox.documentation.schema.DefaultModelDependencyProvider.dependentModels(DefaultModelDependencyProvider.java:79)
	at springfox.documentation.schema.CachingModelDependencyProvider$1.load(CachingModelDependencyProvider.java:50)
	at springfox.documentation.schema.CachingModelDependencyProvider$1.load(CachingModelDependencyProvider.java:48)
	at com.google.common.cache.LocalCache$LoadingValueReference.loadFuture(LocalCache.java:3527)
	at com.google.common.cache.LocalCache$Segment.loadSync(LocalCache.java:2319)
	at com.google.common.cache.LocalCache$Segment.lockedGetOrLoad(LocalCache.java:2282)
	at com.google.common.cache.LocalCache$Segment.get(LocalCache.java:2197)
	... 54 common frames omitted

2022-09-13 11:30:44.574  INFO [dap-patternsearch-client-service,,,] 22740 --- [           main] o.s.core.annotation.AnnotationUtils      : Failed to introspect annotations on class org.springframework.cloud.netflix.eureka.config.EurekaDiscoveryClientConfigServiceBootstrapConfiguration: java.lang.IllegalStateException: Could not obtain annotation attribute value for public abstract java.lang.Class[] org.springframework.boot.autoconfigure.condition.ConditionalOnClass.value()
2022-09-13 11:30:44.575  INFO [dap-patternsearch-client-service,,,] 22740 --- [           main] s.c.a.AnnotationConfigApplicationContext : Refreshing org.springframework.context.annotation.AnnotationConfigApplicationContext@671275fe: startup date [Tue Sep 13 11:30:44 CEST 2022]; root of context hierarchy
2022-09-13 11:30:44.605  INFO [dap-patternsearch-client-service,,,] 22740 --- [           main] f.a.AutowiredAnnotationBeanPostProcessor : JSR-330 'javax.inject.Inject' annotation found and supported for autowiring
2022-09-13 11:30:44.654  INFO [dap-patternsearch-client-service,,,] 22740 --- [           main] trationDelegate$BeanPostProcessorChecker : Bean 'configurationPropertiesRebinderAutoConfiguration' of type [org.springframework.cloud.autoconfigure.ConfigurationPropertiesRebinderAutoConfiguration$$EnhancerBySpringCGLIB$$bffc4ab3] is not eligible for getting processed by all BeanPostProcessors (for example: not eligible for auto-proxying)
=============================

DMP FHE-APLUSB SERVICE STARTING

=============================
2022-09-13 11:30:44.870  INFO [dap-patternsearch-client-service,,,] 22740 --- [           main] f.c.b.f.r.test.SampleRepositoryTest      : The following profiles are active: test
2022-09-13 11:30:44.871  INFO [dap-patternsearch-client-service,,,] 22740 --- [           main] ationConfigEmbeddedWebApplicationContext : Refreshing org.springframework.boot.context.embedded.AnnotationConfigEmbeddedWebApplicationContext@22059c63: startup date [Tue Sep 13 11:30:44 CEST 2022]; parent: org.springframework.context.annotation.AnnotationConfigApplicationContext@671275fe
2022-09-13 11:30:45.603  INFO [dap-patternsearch-client-service,,,] 22740 --- [           main] o.s.i.config.IntegrationRegistrar        : No bean named 'integrationHeaderChannelRegistry' has been explicitly defined. Therefore, a default DefaultHeaderChannelRegistry will be created.
2022-09-13 11:30:45.873  INFO [dap-patternsearch-client-service,,,] 22740 --- [           main] o.s.cloud.context.scope.GenericScope     : BeanFactory id=3b171ec2-4183-33be-949e-d1a7825a6ea4
2022-09-13 11:30:45.899  INFO [dap-patternsearch-client-service,,,] 22740 --- [           main] faultConfiguringBeanFactoryPostProcessor : No bean named 'errorChannel' has been explicitly defined. Therefore, a default PublishSubscribeChannel will be created.
2022-09-13 11:30:45.899  INFO [dap-patternsearch-client-service,,,] 22740 --- [           main] faultConfiguringBeanFactoryPostProcessor : No bean named 'taskScheduler' has been explicitly defined. Therefore, a default ThreadPoolTaskScheduler will be created.
2022-09-13 11:30:45.909  INFO [dap-patternsearch-client-service,,,] 22740 --- [           main] f.a.AutowiredAnnotationBeanPostProcessor : JSR-330 'javax.inject.Inject' annotation found and supported for autowiring
2022-09-13 11:30:45.988  INFO [dap-patternsearch-client-service,,,] 22740 --- [           main] trationDelegate$BeanPostProcessorChecker : Bean 'org.springframework.cloud.sleuth.annotation.SleuthAnnotationAutoConfiguration' of type [org.springframework.cloud.sleuth.annotation.SleuthAnnotationAutoConfiguration$$EnhancerBySpringCGLIB$$a6478de8] is not eligible for getting processed by all BeanPostProcessors (for example: not eligible for auto-proxying)
2022-09-13 11:30:46.014  INFO [dap-patternsearch-client-service,,,] 22740 --- [           main] trationDelegate$BeanPostProcessorChecker : Bean 'sleuthAdvisorConfig' of type [org.springframework.cloud.sleuth.annotation.SleuthAdvisorConfig] is not eligible for getting processed by all BeanPostProcessors (for example: not eligible for auto-proxying)
2022-09-13 11:30:46.026  INFO [dap-patternsearch-client-service,,,] 22740 --- [           main] trationDelegate$BeanPostProcessorChecker : Bean 'org.springframework.transaction.annotation.ProxyTransactionManagementConfiguration' of type [org.springframework.transaction.annotation.ProxyTransactionManagementConfiguration$$EnhancerBySpringCGLIB$$a3e247b6] is not eligible for getting processed by all BeanPostProcessors (for example: not eligible for auto-proxying)
2022-09-13 11:30:46.064  INFO [dap-patternsearch-client-service,,,] 22740 --- [           main] trationDelegate$BeanPostProcessorChecker : Bean 'org.springframework.cloud.netflix.metrics.MetricsInterceptorConfiguration$MetricsRestTemplateConfiguration' of type [org.springframework.cloud.netflix.metrics.MetricsInterceptorConfiguration$MetricsRestTemplateConfiguration$$EnhancerBySpringCGLIB$$d60eedf7] is not eligible for getting processed by all BeanPostProcessors (for example: not eligible for auto-proxying)
2022-09-13 11:30:46.083  INFO [dap-patternsearch-client-service,,,] 22740 --- [           main] trationDelegate$BeanPostProcessorChecker : Bean 'integrationGlobalProperties' of type [org.springframework.beans.factory.config.PropertiesFactoryBean] is not eligible for getting processed by all BeanPostProcessors (for example: not eligible for auto-proxying)
2022-09-13 11:30:46.087  INFO [dap-patternsearch-client-service,,,] 22740 --- [           main] trationDelegate$BeanPostProcessorChecker : Bean 'integrationGlobalProperties' of type [java.util.Properties] is not eligible for getting processed by all BeanPostProcessors (for example: not eligible for auto-proxying)
2022-09-13 11:30:46.131  INFO [dap-patternsearch-client-service,,,] 22740 --- [           main] trationDelegate$BeanPostProcessorChecker : Bean 'org.springframework.cloud.autoconfigure.ConfigurationPropertiesRebinderAutoConfiguration' of type [org.springframework.cloud.autoconfigure.ConfigurationPropertiesRebinderAutoConfiguration$$EnhancerBySpringCGLIB$$bffc4ab3] is not eligible for getting processed by all BeanPostProcessors (for example: not eligible for auto-proxying)
2022-09-13 11:30:46.141  INFO [dap-patternsearch-client-service,,,] 22740 --- [           main] trationDelegate$BeanPostProcessorChecker : Bean 'org.springframework.cloud.sleuth.instrument.web.client.feign.TraceFeignClientAutoConfiguration$FeignBeanPostProcessorConfiguration' of type [org.springframework.cloud.sleuth.instrument.web.client.feign.TraceFeignClientAutoConfiguration$FeignBeanPostProcessorConfiguration$$EnhancerBySpringCGLIB$$e374207c] is not eligible for getting processed by all BeanPostProcessors (for example: not eligible for auto-proxying)
2022-09-13 11:30:46.157  INFO [dap-patternsearch-client-service,,,] 22740 --- [           main] trationDelegate$BeanPostProcessorChecker : Bean 'org.springframework.cloud.sleuth.instrument.async.AsyncDefaultAutoConfiguration' of type [org.springframework.cloud.sleuth.instrument.async.AsyncDefaultAutoConfiguration$$EnhancerBySpringCGLIB$$8bc5f3d5] is not eligible for getting processed by all BeanPostProcessors (for example: not eligible for auto-proxying)
2022-09-13 11:30:46.167  INFO [dap-patternsearch-client-service,,,] 22740 --- [           main] trationDelegate$BeanPostProcessorChecker : Bean 'org.springframework.cloud.sleuth.instrument.web.client.TraceWebClientAutoConfiguration' of type [org.springframework.cloud.sleuth.instrument.web.client.TraceWebClientAutoConfiguration$$EnhancerBySpringCGLIB$$50751335] is not eligible for getting processed by all BeanPostProcessors (for example: not eligible for auto-proxying)
2022-09-13 11:30:46.180  INFO [dap-patternsearch-client-service,,,] 22740 --- [           main] f.a.AutowiredAnnotationBeanPostProcessor : JSR-330 'javax.inject.Inject' annotation found and supported for autowiring
2022-09-13 11:30:46.381  INFO [dap-patternsearch-client-service,,,] 22740 --- [           main] s.b.c.e.t.TomcatEmbeddedServletContainer : Tomcat initialized with port(s): 0 (http)
2022-09-13 11:30:46.384  INFO [dap-patternsearch-client-service,,,] 22740 --- [           main] o.apache.catalina.core.StandardService   : Starting service [Tomcat]
2022-09-13 11:30:46.388  INFO [dap-patternsearch-client-service,,,] 22740 --- [           main] org.apache.catalina.core.StandardEngine  : Starting Servlet Engine: Apache Tomcat/8.5.35
2022-09-13 11:30:46.398  INFO [dap-patternsearch-client-service,,,] 22740 --- [ost-startStop-1] o.a.c.c.C.[Tomcat-1].[localhost].[/]     : Initializing Spring embedded WebApplicationContext
2022-09-13 11:30:46.399  INFO [dap-patternsearch-client-service,,,] 22740 --- [ost-startStop-1] o.s.web.context.ContextLoader            : Root WebApplicationContext: initialization completed in 1528 ms
2022-09-13 11:30:46.924  INFO [dap-patternsearch-client-service,,,] 22740 --- [ost-startStop-1] o.s.b.w.servlet.FilterRegistrationBean   : Mapping filter: 'metricsFilter' to: [/*]
2022-09-13 11:30:46.925  INFO [dap-patternsearch-client-service,,,] 22740 --- [ost-startStop-1] o.s.b.w.servlet.FilterRegistrationBean   : Mapping filter: 'characterEncodingFilter' to: [/*]
2022-09-13 11:30:46.925  INFO [dap-patternsearch-client-service,,,] 22740 --- [ost-startStop-1] o.s.b.w.servlet.FilterRegistrationBean   : Mapping filter: 'traceFilter' to: [/*]
2022-09-13 11:30:46.926  INFO [dap-patternsearch-client-service,,,] 22740 --- [ost-startStop-1] o.s.b.w.servlet.FilterRegistrationBean   : Mapping filter: 'hiddenHttpMethodFilter' to: [/*]
2022-09-13 11:30:46.926  INFO [dap-patternsearch-client-service,,,] 22740 --- [ost-startStop-1] o.s.b.w.servlet.FilterRegistrationBean   : Mapping filter: 'httpPutFormContentFilter' to: [/*]
2022-09-13 11:30:46.929  INFO [dap-patternsearch-client-service,,,] 22740 --- [ost-startStop-1] o.s.b.w.servlet.FilterRegistrationBean   : Mapping filter: 'requestContextFilter' to: [/*]
2022-09-13 11:30:46.931  INFO [dap-patternsearch-client-service,,,] 22740 --- [ost-startStop-1] o.s.b.w.servlet.FilterRegistrationBean   : Mapping filter: 'webRequestLoggingFilter' to: [/*]
2022-09-13 11:30:46.933  INFO [dap-patternsearch-client-service,,,] 22740 --- [ost-startStop-1] o.s.b.w.servlet.FilterRegistrationBean   : Mapping filter: 'applicationContextIdFilter' to: [/*]
2022-09-13 11:30:46.934  INFO [dap-patternsearch-client-service,,,] 22740 --- [ost-startStop-1] o.s.b.w.servlet.ServletRegistrationBean  : Mapping servlet: 'dispatcherServlet' to [/]
2022-09-13 11:30:47.459  INFO [dap-patternsearch-client-service,,,] 22740 --- [           main] j.LocalContainerEntityManagerFactoryBean : Building JPA container EntityManagerFactory for persistence unit 'default'
2022-09-13 11:30:47.460  INFO [dap-patternsearch-client-service,,,] 22740 --- [           main] o.hibernate.jpa.internal.util.LogHelper  : HHH000204: Processing PersistenceUnitInfo [
	name: default
	...]
2022-09-13 11:30:47.466  INFO [dap-patternsearch-client-service,,,] 22740 --- [           main] org.hibernate.dialect.Dialect            : HHH000400: Using dialect: org.hibernate.dialect.PostgreSQLDialect
2022-09-13 11:30:47.731  INFO [dap-patternsearch-client-service,,,] 22740 --- [           main] o.h.e.j.e.i.LobCreatorBuilderImpl        : HHH000424: Disabling contextual LOB creation as createClob() method threw error : java.lang.reflect.InvocationTargetException
2022-09-13 11:30:47.731  INFO [dap-patternsearch-client-service,,,] 22740 --- [           main] org.hibernate.type.BasicTypeRegistry     : HHH000270: Type registration [java.util.UUID] overrides previous : org.hibernate.type.UUIDBinaryType@788a7567
2022-09-13 11:30:47.761  INFO [dap-patternsearch-client-service,,,] 22740 --- [           main] org.hibernate.tool.hbm2ddl.SchemaUpdate  : HHH000228: Running hbm2ddl schema update
2022-09-13 11:30:47.827  INFO [dap-patternsearch-client-service,,,] 22740 --- [           main] j.LocalContainerEntityManagerFactoryBean : Initialized JPA EntityManagerFactory for persistence unit 'default'
2022-09-13 11:30:49.211  INFO [dap-patternsearch-client-service,,,] 22740 --- [           main] o.a.c.c.C.[Tomcat-1].[localhost].[/]     : jolokia: No access restrictor found, access to any MBean is allowed
2022-09-13 11:30:49.220  INFO [dap-patternsearch-client-service,,,] 22740 --- [           main] o.a.c.c.C.[Tomcat-1].[localhost].[/]     : jolokia: jolokia:type=Config is already registered. Adding it with jolokia:type=Config,uuid=b03e87b9-feb8-4bb3-8d3c-6852fe8c9e41, but you should revise your setup in order to either use a qualifier or ensure, that only a single agent gets registered (otherwise history functionality might not work)
2022-09-13 11:30:49.221  INFO [dap-patternsearch-client-service,,,] 22740 --- [           main] o.a.c.c.C.[Tomcat-1].[localhost].[/]     : jolokia: Cannot register (legacy) MBean handler for config store with name jmx4perl:type=Config since it already exists. This is the case if another agent has been already started within the same JVM. The registration is skipped.
2022-09-13 11:30:49.221  INFO [dap-patternsearch-client-service,,,] 22740 --- [           main] o.a.c.c.C.[Tomcat-1].[localhost].[/]     : jolokia: Jolokia Discovery MBean registration is skipped because there is already one registered.
2022-09-13 11:30:49.565  INFO [dap-patternsearch-client-service,,,] 22740 --- [           main] s.w.s.m.m.a.RequestMappingHandlerMapping : Mapped "{[/openapi/v1/client/generic/01-encrypt],methods=[GET]}" onto public org.springframework.http.ResponseEntity<byte[]> fr.cea.bigpi.fhe.dap.patternsearch.api.ControllerImpl.encrypt(java.lang.String)
2022-09-13 11:30:49.566  INFO [dap-patternsearch-client-service,,,] 22740 --- [           main] s.w.s.m.m.a.RequestMappingHandlerMapping : Mapped "{[/openapi/v1/client/data/decrypt],methods=[POST]}" onto public org.springframework.http.ResponseEntity<java.lang.String> fr.cea.bigpi.fhe.dap.patternsearch.api.ControllerImpl.decryptData(org.springframework.web.multipart.MultipartFile)
2022-09-13 11:30:49.567  INFO [dap-patternsearch-client-service,,,] 22740 --- [           main] s.w.s.m.m.a.RequestMappingHandlerMapping : Mapped "{[/openapi/v1/client/data/05-checkContent-Auto],methods=[POST]}" onto public org.springframework.http.ResponseEntity<java.lang.String> fr.cea.bigpi.fhe.dap.patternsearch.api.ControllerImpl.checkContentAuto(java.lang.String,java.lang.String)
2022-09-13 11:30:49.567  INFO [dap-patternsearch-client-service,,,] 22740 --- [           main] s.w.s.m.m.a.RequestMappingHandlerMapping : Mapped "{[/openapi/v1/client/generic/03-check],methods=[GET]}" onto public org.springframework.http.ResponseEntity<byte[]> fr.cea.bigpi.fhe.dap.patternsearch.api.ControllerImpl.checkWithEncryptedFile(java.lang.String,java.lang.String)
2022-09-13 11:30:49.567  INFO [dap-patternsearch-client-service,,,] 22740 --- [           main] s.w.s.m.m.a.RequestMappingHandlerMapping : Mapped "{[/openapi/v1/client/generic/04-decryptCheckResult],methods=[POST]}" onto public org.springframework.http.ResponseEntity<java.lang.String> fr.cea.bigpi.fhe.dap.patternsearch.api.ControllerImpl.decryptCheckResult(org.springframework.web.multipart.MultipartFile)
2022-09-13 11:30:49.568  INFO [dap-patternsearch-client-service,,,] 22740 --- [           main] s.w.s.m.m.a.RequestMappingHandlerMapping : Mapped "{[/openapi/v1/client/generic/02-upload],methods=[POST]}" onto public org.springframework.http.ResponseEntity<java.lang.String> fr.cea.bigpi.fhe.dap.patternsearch.api.ControllerImpl.uploadEncryptedFile(org.springframework.web.multipart.MultipartFile,java.lang.String)
2022-09-13 11:30:49.568  INFO [dap-patternsearch-client-service,,,] 22740 --- [           main] s.w.s.m.m.a.RequestMappingHandlerMapping : Mapped "{[/openapi/v1/client/data/downloadEncryptedFile],methods=[POST]}" onto public org.springframework.http.ResponseEntity<byte[]> fr.cea.bigpi.fhe.dap.patternsearch.api.ControllerImpl.downloadEncryptedFile(java.lang.Integer,java.lang.String)
2022-09-13 11:30:49.568  INFO [dap-patternsearch-client-service,,,] 22740 --- [           main] s.w.s.m.m.a.RequestMappingHandlerMapping : Mapped "{[/openapi/v1/client/data],methods=[GET]}" onto public org.springframework.http.ResponseEntity<java.util.List<fr.cea.bigpi.fhe.dap.patternsearch.model.Data>> fr.cea.bigpi.fhe.dap.patternsearch.api.ControllerImpl.getAllData(java.lang.String)
2022-09-13 11:30:49.568  INFO [dap-patternsearch-client-service,,,] 22740 --- [           main] s.w.s.m.m.a.RequestMappingHandlerMapping : Mapped "{[/openapi/v1/client/data],methods=[POST]}" onto public org.springframework.http.ResponseEntity<fr.cea.bigpi.fhe.dap.patternsearch.model.Description> fr.cea.bigpi.fhe.dap.patternsearch.api.ControllerImpl.createData(java.lang.String,java.lang.String,java.lang.String,java.lang.Integer,java.lang.Integer,java.lang.String)
2022-09-13 11:30:49.569  INFO [dap-patternsearch-client-service,,,] 22740 --- [           main] s.w.s.m.m.a.RequestMappingHandlerMapping : Mapped "{[/openapi/v1/client/data],methods=[PUT]}" onto public org.springframework.http.ResponseEntity<fr.cea.bigpi.fhe.dap.patternsearch.model.Description> fr.cea.bigpi.fhe.dap.patternsearch.api.ControllerImpl.updateData(fr.cea.bigpi.fhe.dap.patternsearch.model.DataUpdate)
2022-09-13 11:30:49.569  INFO [dap-patternsearch-client-service,,,] 22740 --- [           main] s.w.s.m.m.a.RequestMappingHandlerMapping : Mapped "{[/openapi/v1/client/data],methods=[DELETE]}" onto public org.springframework.http.ResponseEntity<fr.cea.bigpi.fhe.dap.patternsearch.model.Description> fr.cea.bigpi.fhe.dap.patternsearch.api.ControllerImpl.deleteDrivingLicense(java.lang.Integer,java.lang.String)
2022-09-13 11:30:49.569  INFO [dap-patternsearch-client-service,,,] 22740 --- [           main] s.w.s.m.m.a.RequestMappingHandlerMapping : Mapped "{[/openapi/v1/client/test/createDataSet],methods=[POST]}" onto public org.springframework.http.ResponseEntity<java.util.ArrayList<java.lang.Integer>> fr.cea.bigpi.fhe.dap.patternsearch.api.ControllerImpl.createDataSet(java.lang.String,java.lang.String,java.lang.String,java.lang.Integer,java.lang.Integer,java.lang.String)
2022-09-13 11:30:49.569  INFO [dap-patternsearch-client-service,,,] 22740 --- [           main] s.w.s.m.m.a.RequestMappingHandlerMapping : Mapped "{[/openapi/v1/client/generic/04-decryptCheckResults],methods=[POST]}" onto public org.springframework.http.ResponseEntity<java.lang.String> fr.cea.bigpi.fhe.dap.patternsearch.api.ControllerImpl.decryptCheckResults(org.springframework.web.multipart.MultipartFile)
2022-09-13 11:30:49.571  INFO [dap-patternsearch-client-service,,,] 22740 --- [           main] s.w.s.m.m.a.RequestMappingHandlerMapping : Mapped "{[/]}" onto public java.lang.String fr.cea.bigpi.fhe.dap.patternsearch.api.HomeController.index()
2022-09-13 11:30:49.573  INFO [dap-patternsearch-client-service,,,] 22740 --- [           main] s.w.s.m.m.a.RequestMappingHandlerMapping : Mapped "{[/swagger-resources/configuration/security]}" onto public org.springframework.http.ResponseEntity<springfox.documentation.swagger.web.SecurityConfiguration> springfox.documentation.swagger.web.ApiResourceController.securityConfiguration()
2022-09-13 11:30:49.573  INFO [dap-patternsearch-client-service,,,] 22740 --- [           main] s.w.s.m.m.a.RequestMappingHandlerMapping : Mapped "{[/swagger-resources/configuration/ui]}" onto public org.springframework.http.ResponseEntity<springfox.documentation.swagger.web.UiConfiguration> springfox.documentation.swagger.web.ApiResourceController.uiConfiguration()
2022-09-13 11:30:49.573  INFO [dap-patternsearch-client-service,,,] 22740 --- [           main] s.w.s.m.m.a.RequestMappingHandlerMapping : Mapped "{[/swagger-resources]}" onto public org.springframework.http.ResponseEntity<java.util.List<springfox.documentation.swagger.web.SwaggerResource>> springfox.documentation.swagger.web.ApiResourceController.swaggerResources()
2022-09-13 11:30:49.575  INFO [dap-patternsearch-client-service,,,] 22740 --- [           main] s.w.s.m.m.a.RequestMappingHandlerMapping : Mapped "{[/error]}" onto public org.springframework.http.ResponseEntity<java.util.Map<java.lang.String, java.lang.Object>> org.springframework.boot.autoconfigure.web.BasicErrorController.error(javax.servlet.http.HttpServletRequest)
2022-09-13 11:30:49.576  INFO [dap-patternsearch-client-service,,,] 22740 --- [           main] s.w.s.m.m.a.RequestMappingHandlerMapping : Mapped "{[/error],produces=[text/html]}" onto public org.springframework.web.servlet.ModelAndView org.springframework.boot.autoconfigure.web.BasicErrorController.errorHtml(javax.servlet.http.HttpServletRequest,javax.servlet.http.HttpServletResponse)
2022-09-13 11:30:50.312  INFO [dap-patternsearch-client-service,,,] 22740 --- [           main] o.s.b.a.e.mvc.EndpointHandlerMapping     : Mapped "{[/jolokia/**]}" onto public org.springframework.web.servlet.ModelAndView org.springframework.boot.actuate.endpoint.mvc.JolokiaMvcEndpoint.handle(javax.servlet.http.HttpServletRequest,javax.servlet.http.HttpServletResponse) throws java.lang.Exception
2022-09-13 11:30:50.313  INFO [dap-patternsearch-client-service,,,] 22740 --- [           main] o.s.b.a.e.mvc.EndpointHandlerMapping     : Mapped "{[/env/{name:.*}],methods=[GET],produces=[application/vnd.spring-boot.actuator.v1+json || application/json]}" onto public java.lang.Object org.springframework.boot.actuate.endpoint.mvc.EnvironmentMvcEndpoint.value(java.lang.String)
2022-09-13 11:30:50.314  INFO [dap-patternsearch-client-service,,,] 22740 --- [           main] o.s.b.a.e.mvc.EndpointHandlerMapping     : Mapped "{[/env || /env.json],methods=[GET],produces=[application/vnd.spring-boot.actuator.v1+json || application/json]}" onto public java.lang.Object org.springframework.boot.actuate.endpoint.mvc.EndpointMvcAdapter.invoke()
2022-09-13 11:30:50.315  INFO [dap-patternsearch-client-service,,,] 22740 --- [           main] o.s.b.a.e.mvc.EndpointHandlerMapping     : Mapped "{[/health || /health.json],methods=[GET],produces=[application/vnd.spring-boot.actuator.v1+json || application/json]}" onto public java.lang.Object org.springframework.boot.actuate.endpoint.mvc.HealthMvcEndpoint.invoke(javax.servlet.http.HttpServletRequest,java.security.Principal)
2022-09-13 11:30:50.316  INFO [dap-patternsearch-client-service,,,] 22740 --- [           main] o.s.b.a.e.mvc.EndpointHandlerMapping     : Mapped "{[/beans || /beans.json],methods=[GET],produces=[application/vnd.spring-boot.actuator.v1+json || application/json]}" onto public java.lang.Object org.springframework.boot.actuate.endpoint.mvc.EndpointMvcAdapter.invoke()
2022-09-13 11:30:50.317  INFO [dap-patternsearch-client-service,,,] 22740 --- [           main] o.s.b.a.e.mvc.EndpointHandlerMapping     : Mapped "{[/heapdump || /heapdump.json],methods=[GET],produces=[application/octet-stream]}" onto public void org.springframework.boot.actuate.endpoint.mvc.HeapdumpMvcEndpoint.invoke(boolean,javax.servlet.http.HttpServletRequest,javax.servlet.http.HttpServletResponse) throws java.io.IOException,javax.servlet.ServletException
2022-09-13 11:30:50.318  INFO [dap-patternsearch-client-service,,,] 22740 --- [           main] o.s.b.a.e.mvc.EndpointHandlerMapping     : Mapped "{[/refresh || /refresh.json],methods=[POST]}" onto public java.lang.Object org.springframework.cloud.endpoint.GenericPostableMvcEndpoint.invoke()
2022-09-13 11:30:50.318  INFO [dap-patternsearch-client-service,,,] 22740 --- [           main] o.s.b.a.e.mvc.EndpointHandlerMapping     : Mapped "{[/hystrix.stream/**]}" onto public org.springframework.web.servlet.ModelAndView org.springframework.cloud.netflix.endpoint.ServletWrappingEndpoint.handle(javax.servlet.http.HttpServletRequest,javax.servlet.http.HttpServletResponse) throws java.lang.Exception
2022-09-13 11:30:50.319  INFO [dap-patternsearch-client-service,,,] 22740 --- [           main] o.s.b.a.e.mvc.EndpointHandlerMapping     : Mapped "{[/trace || /trace.json],methods=[GET],produces=[application/vnd.spring-boot.actuator.v1+json || application/json]}" onto public java.lang.Object org.springframework.boot.actuate.endpoint.mvc.EndpointMvcAdapter.invoke()
2022-09-13 11:30:50.320  INFO [dap-patternsearch-client-service,,,] 22740 --- [           main] o.s.b.a.e.mvc.EndpointHandlerMapping     : Mapped "{[/auditevents || /auditevents.json],methods=[GET],produces=[application/vnd.spring-boot.actuator.v1+json || application/json]}" onto public org.springframework.http.ResponseEntity<?> org.springframework.boot.actuate.endpoint.mvc.AuditEventsMvcEndpoint.findByPrincipalAndAfterAndType(java.lang.String,java.util.Date,java.lang.String)
2022-09-13 11:30:50.321  INFO [dap-patternsearch-client-service,,,] 22740 --- [           main] o.s.b.a.e.mvc.EndpointHandlerMapping     : Mapped "{[/features || /features.json],methods=[GET],produces=[application/vnd.spring-boot.actuator.v1+json || application/json]}" onto public java.lang.Object org.springframework.boot.actuate.endpoint.mvc.EndpointMvcAdapter.invoke()
2022-09-13 11:30:50.322  INFO [dap-patternsearch-client-service,,,] 22740 --- [           main] o.s.b.a.e.mvc.EndpointHandlerMapping     : Mapped "{[/autoconfig || /autoconfig.json],methods=[GET],produces=[application/vnd.spring-boot.actuator.v1+json || application/json]}" onto public java.lang.Object org.springframework.boot.actuate.endpoint.mvc.EndpointMvcAdapter.invoke()
2022-09-13 11:30:50.323  INFO [dap-patternsearch-client-service,,,] 22740 --- [           main] o.s.b.a.e.mvc.EndpointHandlerMapping     : Mapped "{[/configprops || /configprops.json],methods=[GET],produces=[application/vnd.spring-boot.actuator.v1+json || application/json]}" onto public java.lang.Object org.springframework.boot.actuate.endpoint.mvc.EndpointMvcAdapter.invoke()
2022-09-13 11:30:50.324  INFO [dap-patternsearch-client-service,,,] 22740 --- [           main] o.s.b.a.e.mvc.EndpointHandlerMapping     : Mapped "{[/metrics/{name:.*}],methods=[GET],produces=[application/vnd.spring-boot.actuator.v1+json || application/json]}" onto public java.lang.Object org.springframework.boot.actuate.endpoint.mvc.MetricsMvcEndpoint.value(java.lang.String)
2022-09-13 11:30:50.324  INFO [dap-patternsearch-client-service,,,] 22740 --- [           main] o.s.b.a.e.mvc.EndpointHandlerMapping     : Mapped "{[/metrics || /metrics.json],methods=[GET],produces=[application/vnd.spring-boot.actuator.v1+json || application/json]}" onto public java.lang.Object org.springframework.boot.actuate.endpoint.mvc.EndpointMvcAdapter.invoke()
2022-09-13 11:30:50.325  INFO [dap-patternsearch-client-service,,,] 22740 --- [           main] o.s.b.a.e.mvc.EndpointHandlerMapping     : Mapped "{[/dump || /dump.json],methods=[GET],produces=[application/vnd.spring-boot.actuator.v1+json || application/json]}" onto public java.lang.Object org.springframework.boot.actuate.endpoint.mvc.EndpointMvcAdapter.invoke()
2022-09-13 11:30:50.326  INFO [dap-patternsearch-client-service,,,] 22740 --- [           main] o.s.b.a.e.mvc.EndpointHandlerMapping     : Mapped "{[/archaius || /archaius.json],methods=[GET],produces=[application/vnd.spring-boot.actuator.v1+json || application/json]}" onto public java.lang.Object org.springframework.boot.actuate.endpoint.mvc.EndpointMvcAdapter.invoke()
2022-09-13 11:30:50.327  INFO [dap-patternsearch-client-service,,,] 22740 --- [           main] o.s.b.a.e.mvc.EndpointHandlerMapping     : Mapped "{[/info || /info.json],methods=[GET],produces=[application/vnd.spring-boot.actuator.v1+json || application/json]}" onto public java.lang.Object org.springframework.boot.actuate.endpoint.mvc.EndpointMvcAdapter.invoke()
2022-09-13 11:30:50.329  INFO [dap-patternsearch-client-service,,,] 22740 --- [           main] o.s.b.a.e.mvc.EndpointHandlerMapping     : Mapped "{[/loggers/{name:.*}],methods=[GET],produces=[application/vnd.spring-boot.actuator.v1+json || application/json]}" onto public java.lang.Object org.springframework.boot.actuate.endpoint.mvc.LoggersMvcEndpoint.get(java.lang.String)
2022-09-13 11:30:50.330  INFO [dap-patternsearch-client-service,,,] 22740 --- [           main] o.s.b.a.e.mvc.EndpointHandlerMapping     : Mapped "{[/loggers/{name:.*}],methods=[POST],consumes=[application/vnd.spring-boot.actuator.v1+json || application/json],produces=[application/vnd.spring-boot.actuator.v1+json || application/json]}" onto public java.lang.Object org.springframework.boot.actuate.endpoint.mvc.LoggersMvcEndpoint.set(java.lang.String,java.util.Map<java.lang.String, java.lang.String>)
2022-09-13 11:30:50.330  INFO [dap-patternsearch-client-service,,,] 22740 --- [           main] o.s.b.a.e.mvc.EndpointHandlerMapping     : Mapped "{[/loggers || /loggers.json],methods=[GET],produces=[application/vnd.spring-boot.actuator.v1+json || application/json]}" onto public java.lang.Object org.springframework.boot.actuate.endpoint.mvc.EndpointMvcAdapter.invoke()
2022-09-13 11:30:50.331  INFO [dap-patternsearch-client-service,,,] 22740 --- [           main] o.s.b.a.e.mvc.EndpointHandlerMapping     : Mapped "{[/env],methods=[POST]}" onto public java.lang.Object org.springframework.cloud.context.environment.EnvironmentManagerMvcEndpoint.value(java.util.Map<java.lang.String, java.lang.String>)
2022-09-13 11:30:50.331  INFO [dap-patternsearch-client-service,,,] 22740 --- [           main] o.s.b.a.e.mvc.EndpointHandlerMapping     : Mapped "{[/env/reset],methods=[POST]}" onto public java.util.Map<java.lang.String, java.lang.Object> org.springframework.cloud.context.environment.EnvironmentManagerMvcEndpoint.reset()
2022-09-13 11:30:50.331  INFO [dap-patternsearch-client-service,,,] 22740 --- [           main] o.s.b.a.e.mvc.EndpointHandlerMapping     : Mapped "{[/mappings || /mappings.json],methods=[GET],produces=[application/vnd.spring-boot.actuator.v1+json || application/json]}" onto public java.lang.Object org.springframework.boot.actuate.endpoint.mvc.EndpointMvcAdapter.invoke()
2022-09-13 11:30:50.663  INFO [dap-patternsearch-client-service,,,] 22740 --- [           main] pertySourcedRequestMappingHandlerMapping : Mapped URL path [/v2/api-docs] onto method [public org.springframework.http.ResponseEntity<springfox.documentation.spring.web.json.Json> springfox.documentation.swagger2.web.Swagger2Controller.getDocumentation(java.lang.String,javax.servlet.http.HttpServletRequest)]
2022-09-13 11:30:50.779  INFO [dap-patternsearch-client-service,,,] 22740 --- [           main] o.a.c.c.C.[Tomcat-1].[localhost].[/]     : Initializing Spring FrameworkServlet ''
2022-09-13 11:30:50.779  INFO [dap-patternsearch-client-service,,,] 22740 --- [           main] o.s.t.web.servlet.TestDispatcherServlet  : FrameworkServlet '': initialization started
2022-09-13 11:30:51.038  INFO [dap-patternsearch-client-service,,,] 22740 --- [           main] o.s.w.s.handler.SimpleUrlHandlerMapping  : Mapped URL path [/webjars/**] onto handler of type [class org.springframework.web.servlet.resource.ResourceHttpRequestHandler]
2022-09-13 11:30:51.038  INFO [dap-patternsearch-client-service,,,] 22740 --- [           main] o.s.w.s.handler.SimpleUrlHandlerMapping  : Mapped URL path [/**] onto handler of type [class org.springframework.web.servlet.resource.ResourceHttpRequestHandler]
2022-09-13 11:30:51.152  INFO [dap-patternsearch-client-service,,,] 22740 --- [           main] o.s.w.s.handler.SimpleUrlHandlerMapping  : Mapped URL path [/**/favicon.ico] onto handler of type [class org.springframework.web.servlet.resource.ResourceHttpRequestHandler]
2022-09-13 11:30:51.311  INFO [dap-patternsearch-client-service,,,] 22740 --- [           main] s.w.s.m.m.a.RequestMappingHandlerAdapter : Looking for @ControllerAdvice: org.springframework.boot.context.embedded.AnnotationConfigEmbeddedWebApplicationContext@22059c63: startup date [Tue Sep 13 11:30:44 CEST 2022]; parent: org.springframework.context.annotation.AnnotationConfigApplicationContext@671275fe
2022-09-13 11:30:51.526  WARN [dap-patternsearch-client-service,,,] 22740 --- [           main] .t.AbstractTemplateResolverConfiguration : Cannot find template location: classpath:/templates/ (please add some templates or check your Thymeleaf configuration)
2022-09-13 11:30:51.629  INFO [dap-patternsearch-client-service,,,] 22740 --- [           main] o.s.t.web.servlet.TestDispatcherServlet  : FrameworkServlet '': initialization completed in 850 ms
2022-09-13 11:30:51.738  WARN [dap-patternsearch-client-service,,,] 22740 --- [           main] c.n.c.sources.URLConfigurationSource     : No URLs will be polled as dynamic configuration sources.
2022-09-13 11:30:51.738  INFO [dap-patternsearch-client-service,,,] 22740 --- [           main] c.n.c.sources.URLConfigurationSource     : To enable URLs as dynamic configuration sources, define System property archaius.configurationSource.additionalUrls or make config.properties available on classpath.
2022-09-13 11:30:52.472  INFO [dap-patternsearch-client-service,,,] 22740 --- [           main] o.s.s.c.ThreadPoolTaskScheduler          : Initializing ExecutorService 'taskScheduler'
2022-09-13 11:30:53.745  INFO [dap-patternsearch-client-service,,,] 22740 --- [           main] o.s.s.c.ThreadPoolTaskScheduler          : Initializing ExecutorService
2022-09-13 11:30:53.942  INFO [dap-patternsearch-client-service,,,] 22740 --- [           main] f.a.AutowiredAnnotationBeanPostProcessor : JSR-330 'javax.inject.Inject' annotation found and supported for autowiring
2022-09-13 11:30:54.882  INFO [dap-patternsearch-client-service,,,] 22740 --- [           main] o.a.c.c.C.[Tomcat-1].[localhost].[/]     : jolokia: No access restrictor found, access to any MBean is allowed
2022-09-13 11:30:54.890  INFO [dap-patternsearch-client-service,,,] 22740 --- [           main] o.a.c.c.C.[Tomcat-1].[localhost].[/]     : jolokia: jolokia:type=Config is already registered. Adding it with jolokia:type=Config,uuid=01f07d9f-2716-444d-9957-328737f8e38d, but you should revise your setup in order to either use a qualifier or ensure, that only a single agent gets registered (otherwise history functionality might not work)
2022-09-13 11:30:54.891  INFO [dap-patternsearch-client-service,,,] 22740 --- [           main] o.a.c.c.C.[Tomcat-1].[localhost].[/]     : jolokia: Cannot register (legacy) MBean handler for config store with name jmx4perl:type=Config since it already exists. This is the case if another agent has been already started within the same JVM. The registration is skipped.
2022-09-13 11:30:54.891  INFO [dap-patternsearch-client-service,,,] 22740 --- [           main] o.a.c.c.C.[Tomcat-1].[localhost].[/]     : jolokia: Jolokia Discovery MBean registration is skipped because there is already one registered.
2022-09-13 11:30:54.975  INFO [dap-patternsearch-client-service,,,] 22740 --- [           main] o.s.c.support.DefaultLifecycleProcessor  : Starting beans in phase 0
2022-09-13 11:30:54.975  INFO [dap-patternsearch-client-service,,,] 22740 --- [           main] o.s.i.endpoint.EventDrivenConsumer       : Adding {logging-channel-adapter:_org.springframework.integration.errorLogger} as a subscriber to the 'errorChannel' channel
2022-09-13 11:30:54.975  INFO [dap-patternsearch-client-service,,,] 22740 --- [           main] o.s.i.channel.PublishSubscribeChannel    : Channel 'dap-fhe-patternsearch-client-service:test:0.errorChannel' has 1 subscriber(s).
2022-09-13 11:30:54.976  INFO [dap-patternsearch-client-service,,,] 22740 --- [           main] o.s.i.endpoint.EventDrivenConsumer       : started _org.springframework.integration.errorLogger
2022-09-13 11:30:54.976  INFO [dap-patternsearch-client-service,,,] 22740 --- [           main] o.s.c.support.DefaultLifecycleProcessor  : Starting beans in phase 2147483647
2022-09-13 11:30:54.976  INFO [dap-patternsearch-client-service,,,] 22740 --- [           main] d.s.w.p.DocumentationPluginsBootstrapper : Context refreshed
2022-09-13 11:30:54.979  INFO [dap-patternsearch-client-service,,,] 22740 --- [           main] d.s.w.p.DocumentationPluginsBootstrapper : Found 1 custom documentation plugin(s)
2022-09-13 11:30:54.996  INFO [dap-patternsearch-client-service,,,] 22740 --- [           main] s.d.s.w.s.ApiListingReferenceScanner     : Scanning for api listing references
2022-09-13 11:30:55.010  WARN [dap-patternsearch-client-service,,,] 22740 --- [           main] ationConfigEmbeddedWebApplicationContext : Exception encountered during context initialization - cancelling refresh attempt: org.springframework.context.ApplicationContextException: Failed to start bean 'documentationPluginsBootstrapper'; nested exception is com.google.common.util.concurrent.ExecutionError: java.lang.NoSuchMethodError: 'com.google.common.collect.FluentIterable com.google.common.collect.FluentIterable.concat(java.lang.Iterable, java.lang.Iterable)'
2022-09-13 11:30:55.012  INFO [dap-patternsearch-client-service,,,] 22740 --- [           main] o.s.s.c.ThreadPoolTaskScheduler          : Shutting down ExecutorService 'taskScheduler'
2022-09-13 11:30:55.015  INFO [dap-patternsearch-client-service,,,] 22740 --- [           main] j.LocalContainerEntityManagerFactoryBean : Closing JPA EntityManagerFactory for persistence unit 'default'
2022-09-13 11:30:55.038  INFO [dap-patternsearch-client-service,,,] 22740 --- [           main] o.apache.catalina.core.StandardService   : Stopping service [Tomcat]
2022-09-13 11:30:55.060  INFO [dap-patternsearch-client-service,,,] 22740 --- [           main] utoConfigurationReportLoggingInitializer : 

Error starting ApplicationContext. To display the auto-configuration report re-run your application with 'debug' enabled.
2022-09-13 11:30:55.065 ERROR [dap-patternsearch-client-service,,,] 22740 --- [           main] o.s.boot.SpringApplication               : Application startup failed

org.springframework.context.ApplicationContextException: Failed to start bean 'documentationPluginsBootstrapper'; nested exception is com.google.common.util.concurrent.ExecutionError: java.lang.NoSuchMethodError: 'com.google.common.collect.FluentIterable com.google.common.collect.FluentIterable.concat(java.lang.Iterable, java.lang.Iterable)'
	at org.springframework.context.support.DefaultLifecycleProcessor.doStart(DefaultLifecycleProcessor.java:176)
	at org.springframework.context.support.DefaultLifecycleProcessor.access$200(DefaultLifecycleProcessor.java:50)
	at org.springframework.context.support.DefaultLifecycleProcessor$LifecycleGroup.start(DefaultLifecycleProcessor.java:350)
	at org.springframework.context.support.DefaultLifecycleProcessor.startBeans(DefaultLifecycleProcessor.java:149)
	at org.springframework.context.support.DefaultLifecycleProcessor.onRefresh(DefaultLifecycleProcessor.java:112)
	at org.springframework.context.support.AbstractApplicationContext.finishRefresh(AbstractApplicationContext.java:880)
	at org.springframework.boot.context.embedded.EmbeddedWebApplicationContext.finishRefresh(EmbeddedWebApplicationContext.java:146)
	at org.springframework.context.support.AbstractApplicationContext.refresh(AbstractApplicationContext.java:546)
	at org.springframework.boot.context.embedded.EmbeddedWebApplicationContext.refresh(EmbeddedWebApplicationContext.java:124)
	at org.springframework.boot.SpringApplication.refresh(SpringApplication.java:693)
	at org.springframework.boot.SpringApplication.refreshContext(SpringApplication.java:360)
	at org.springframework.boot.SpringApplication.run(SpringApplication.java:303)
	at org.springframework.boot.test.context.SpringBootContextLoader.loadContext(SpringBootContextLoader.java:121)
	at org.springframework.test.context.cache.DefaultCacheAwareContextLoaderDelegate.loadContextInternal(DefaultCacheAwareContextLoaderDelegate.java:98)
	at org.springframework.test.context.cache.DefaultCacheAwareContextLoaderDelegate.loadContext(DefaultCacheAwareContextLoaderDelegate.java:116)
	at org.springframework.test.context.support.DefaultTestContext.getApplicationContext(DefaultTestContext.java:83)
	at org.springframework.boot.test.autoconfigure.SpringBootDependencyInjectionTestExecutionListener.outputConditionEvaluationReport(SpringBootDependencyInjectionTestExecutionListener.java:54)
	at org.springframework.boot.test.autoconfigure.SpringBootDependencyInjectionTestExecutionListener.prepareTestInstance(SpringBootDependencyInjectionTestExecutionListener.java:47)
	at org.springframework.test.context.TestContextManager.prepareTestInstance(TestContextManager.java:230)
	at org.springframework.test.context.junit4.SpringJUnit4ClassRunner.createTest(SpringJUnit4ClassRunner.java:228)
	at org.springframework.test.context.junit4.SpringJUnit4ClassRunner$1.runReflectiveCall(SpringJUnit4ClassRunner.java:287)
	at org.junit.internal.runners.model.ReflectiveCallable.run(ReflectiveCallable.java:12)
	at org.springframework.test.context.junit4.SpringJUnit4ClassRunner.methodBlock(SpringJUnit4ClassRunner.java:289)
	at org.springframework.test.context.junit4.SpringJUnit4ClassRunner.runChild(SpringJUnit4ClassRunner.java:247)
	at org.springframework.test.context.junit4.SpringJUnit4ClassRunner.runChild(SpringJUnit4ClassRunner.java:94)
	at org.junit.runners.ParentRunner$3.run(ParentRunner.java:290)
	at org.junit.runners.ParentRunner$1.schedule(ParentRunner.java:71)
	at org.junit.runners.ParentRunner.runChildren(ParentRunner.java:288)
	at org.junit.runners.ParentRunner.access$000(ParentRunner.java:58)
	at org.junit.runners.ParentRunner$2.evaluate(ParentRunner.java:268)
	at org.springframework.test.context.junit4.statements.RunBeforeTestClassCallbacks.evaluate(RunBeforeTestClassCallbacks.java:61)
	at org.springframework.test.context.junit4.statements.RunAfterTestClassCallbacks.evaluate(RunAfterTestClassCallbacks.java:70)
	at org.junit.runners.ParentRunner.run(ParentRunner.java:363)
	at org.springframework.test.context.junit4.SpringJUnit4ClassRunner.run(SpringJUnit4ClassRunner.java:191)
	at org.apache.maven.surefire.junit4.JUnit4Provider.execute(JUnit4Provider.java:283)
	at org.apache.maven.surefire.junit4.JUnit4Provider.executeWithRerun(JUnit4Provider.java:173)
	at org.apache.maven.surefire.junit4.JUnit4Provider.executeTestSet(JUnit4Provider.java:153)
	at org.apache.maven.surefire.junit4.JUnit4Provider.invoke(JUnit4Provider.java:128)
	at org.apache.maven.surefire.booter.ForkedBooter.invokeProviderInSameClassLoader(ForkedBooter.java:203)
	at org.apache.maven.surefire.booter.ForkedBooter.runSuitesInProcess(ForkedBooter.java:155)
	at org.apache.maven.surefire.booter.ForkedBooter.main(ForkedBooter.java:103)
Caused by: com.google.common.util.concurrent.ExecutionError: java.lang.NoSuchMethodError: 'com.google.common.collect.FluentIterable com.google.common.collect.FluentIterable.concat(java.lang.Iterable, java.lang.Iterable)'
	at com.google.common.cache.LocalCache$Segment.get(LocalCache.java:2201)
	at com.google.common.cache.LocalCache.get(LocalCache.java:3937)
	at com.google.common.cache.LocalCache.getOrLoad(LocalCache.java:3941)
	at com.google.common.cache.LocalCache$LocalLoadingCache.get(LocalCache.java:4824)
	at springfox.documentation.schema.CachingModelDependencyProvider.dependentModels(CachingModelDependencyProvider.java:58)
	at springfox.documentation.schema.DefaultModelProvider.dependencies(DefaultModelProvider.java:128)
	at springfox.documentation.schema.CachingModelProvider.dependencies(CachingModelProvider.java:68)
	at springfox.documentation.spring.web.scanners.ApiModelReader.populateDependencies(ApiModelReader.java:136)
	at springfox.documentation.spring.web.scanners.ApiModelReader.read(ApiModelReader.java:78)
	at springfox.documentation.spring.web.scanners.ApiListingScanner.scan(ApiListingScanner.java:133)
	at springfox.documentation.spring.web.scanners.ApiDocumentationScanner.scan(ApiDocumentationScanner.java:71)
	at springfox.documentation.spring.web.plugins.DocumentationPluginsBootstrapper.scanDocumentation(DocumentationPluginsBootstrapper.java:101)
	at springfox.documentation.spring.web.plugins.DocumentationPluginsBootstrapper.start(DocumentationPluginsBootstrapper.java:167)
	at org.springframework.context.support.DefaultLifecycleProcessor.doStart(DefaultLifecycleProcessor.java:173)
	... 40 common frames omitted
Caused by: java.lang.NoSuchMethodError: 'com.google.common.collect.FluentIterable com.google.common.collect.FluentIterable.concat(java.lang.Iterable, java.lang.Iterable)'
	at springfox.documentation.schema.DefaultModelDependencyProvider.dependentModels(DefaultModelDependencyProvider.java:79)
	at springfox.documentation.schema.CachingModelDependencyProvider$1.load(CachingModelDependencyProvider.java:50)
	at springfox.documentation.schema.CachingModelDependencyProvider$1.load(CachingModelDependencyProvider.java:48)
	at com.google.common.cache.LocalCache$LoadingValueReference.loadFuture(LocalCache.java:3527)
	at com.google.common.cache.LocalCache$Segment.loadSync(LocalCache.java:2319)
	at com.google.common.cache.LocalCache$Segment.lockedGetOrLoad(LocalCache.java:2282)
	at com.google.common.cache.LocalCache$Segment.get(LocalCache.java:2197)
	... 53 common frames omitted

2022-09-13 11:30:55.067 ERROR [dap-patternsearch-client-service,,,] 22740 --- [           main] o.s.test.context.TestContextManager      : Caught exception while allowing TestExecutionListener [org.springframework.boot.test.autoconfigure.SpringBootDependencyInjectionTestExecutionListener@68702e03] to prepare test instance [fr.cea.bigpi.fhe.repository.test.SampleRepositoryTest@5505ae1a]

java.lang.IllegalStateException: Failed to load ApplicationContext
	at org.springframework.test.context.cache.DefaultCacheAwareContextLoaderDelegate.loadContext(DefaultCacheAwareContextLoaderDelegate.java:124)
	at org.springframework.test.context.support.DefaultTestContext.getApplicationContext(DefaultTestContext.java:83)
	at org.springframework.test.context.support.DependencyInjectionTestExecutionListener.injectDependencies(DependencyInjectionTestExecutionListener.java:117)
	at org.springframework.test.context.support.DependencyInjectionTestExecutionListener.prepareTestInstance(DependencyInjectionTestExecutionListener.java:83)
	at org.springframework.boot.test.autoconfigure.SpringBootDependencyInjectionTestExecutionListener.prepareTestInstance(SpringBootDependencyInjectionTestExecutionListener.java:44)
	at org.springframework.test.context.TestContextManager.prepareTestInstance(TestContextManager.java:230)
	at org.springframework.test.context.junit4.SpringJUnit4ClassRunner.createTest(SpringJUnit4ClassRunner.java:228)
	at org.springframework.test.context.junit4.SpringJUnit4ClassRunner$1.runReflectiveCall(SpringJUnit4ClassRunner.java:287)
	at org.junit.internal.runners.model.ReflectiveCallable.run(ReflectiveCallable.java:12)
	at org.springframework.test.context.junit4.SpringJUnit4ClassRunner.methodBlock(SpringJUnit4ClassRunner.java:289)
	at org.springframework.test.context.junit4.SpringJUnit4ClassRunner.runChild(SpringJUnit4ClassRunner.java:247)
	at org.springframework.test.context.junit4.SpringJUnit4ClassRunner.runChild(SpringJUnit4ClassRunner.java:94)
	at org.junit.runners.ParentRunner$3.run(ParentRunner.java:290)
	at org.junit.runners.ParentRunner$1.schedule(ParentRunner.java:71)
	at org.junit.runners.ParentRunner.runChildren(ParentRunner.java:288)
	at org.junit.runners.ParentRunner.access$000(ParentRunner.java:58)
	at org.junit.runners.ParentRunner$2.evaluate(ParentRunner.java:268)
	at org.springframework.test.context.junit4.statements.RunBeforeTestClassCallbacks.evaluate(RunBeforeTestClassCallbacks.java:61)
	at org.springframework.test.context.junit4.statements.RunAfterTestClassCallbacks.evaluate(RunAfterTestClassCallbacks.java:70)
	at org.junit.runners.ParentRunner.run(ParentRunner.java:363)
	at org.springframework.test.context.junit4.SpringJUnit4ClassRunner.run(SpringJUnit4ClassRunner.java:191)
	at org.apache.maven.surefire.junit4.JUnit4Provider.execute(JUnit4Provider.java:283)
	at org.apache.maven.surefire.junit4.JUnit4Provider.executeWithRerun(JUnit4Provider.java:173)
	at org.apache.maven.surefire.junit4.JUnit4Provider.executeTestSet(JUnit4Provider.java:153)
	at org.apache.maven.surefire.junit4.JUnit4Provider.invoke(JUnit4Provider.java:128)
	at org.apache.maven.surefire.booter.ForkedBooter.invokeProviderInSameClassLoader(ForkedBooter.java:203)
	at org.apache.maven.surefire.booter.ForkedBooter.runSuitesInProcess(ForkedBooter.java:155)
	at org.apache.maven.surefire.booter.ForkedBooter.main(ForkedBooter.java:103)
Caused by: org.springframework.context.ApplicationContextException: Failed to start bean 'documentationPluginsBootstrapper'; nested exception is com.google.common.util.concurrent.ExecutionError: java.lang.NoSuchMethodError: 'com.google.common.collect.FluentIterable com.google.common.collect.FluentIterable.concat(java.lang.Iterable, java.lang.Iterable)'
	at org.springframework.context.support.DefaultLifecycleProcessor.doStart(DefaultLifecycleProcessor.java:176)
	at org.springframework.context.support.DefaultLifecycleProcessor.access$200(DefaultLifecycleProcessor.java:50)
	at org.springframework.context.support.DefaultLifecycleProcessor$LifecycleGroup.start(DefaultLifecycleProcessor.java:350)
	at org.springframework.context.support.DefaultLifecycleProcessor.startBeans(DefaultLifecycleProcessor.java:149)
	at org.springframework.context.support.DefaultLifecycleProcessor.onRefresh(DefaultLifecycleProcessor.java:112)
	at org.springframework.context.support.AbstractApplicationContext.finishRefresh(AbstractApplicationContext.java:880)
	at org.springframework.boot.context.embedded.EmbeddedWebApplicationContext.finishRefresh(EmbeddedWebApplicationContext.java:146)
	at org.springframework.context.support.AbstractApplicationContext.refresh(AbstractApplicationContext.java:546)
	at org.springframework.boot.context.embedded.EmbeddedWebApplicationContext.refresh(EmbeddedWebApplicationContext.java:124)
	at org.springframework.boot.SpringApplication.refresh(SpringApplication.java:693)
	at org.springframework.boot.SpringApplication.refreshContext(SpringApplication.java:360)
	at org.springframework.boot.SpringApplication.run(SpringApplication.java:303)
	at org.springframework.boot.test.context.SpringBootContextLoader.loadContext(SpringBootContextLoader.java:121)
	at org.springframework.test.context.cache.DefaultCacheAwareContextLoaderDelegate.loadContextInternal(DefaultCacheAwareContextLoaderDelegate.java:98)
	at org.springframework.test.context.cache.DefaultCacheAwareContextLoaderDelegate.loadContext(DefaultCacheAwareContextLoaderDelegate.java:116)
	... 27 common frames omitted
Caused by: com.google.common.util.concurrent.ExecutionError: java.lang.NoSuchMethodError: 'com.google.common.collect.FluentIterable com.google.common.collect.FluentIterable.concat(java.lang.Iterable, java.lang.Iterable)'
	at com.google.common.cache.LocalCache$Segment.get(LocalCache.java:2201)
	at com.google.common.cache.LocalCache.get(LocalCache.java:3937)
	at com.google.common.cache.LocalCache.getOrLoad(LocalCache.java:3941)
	at com.google.common.cache.LocalCache$LocalLoadingCache.get(LocalCache.java:4824)
	at springfox.documentation.schema.CachingModelDependencyProvider.dependentModels(CachingModelDependencyProvider.java:58)
	at springfox.documentation.schema.DefaultModelProvider.dependencies(DefaultModelProvider.java:128)
	at springfox.documentation.schema.CachingModelProvider.dependencies(CachingModelProvider.java:68)
	at springfox.documentation.spring.web.scanners.ApiModelReader.populateDependencies(ApiModelReader.java:136)
	at springfox.documentation.spring.web.scanners.ApiModelReader.read(ApiModelReader.java:78)
	at springfox.documentation.spring.web.scanners.ApiListingScanner.scan(ApiListingScanner.java:133)
	at springfox.documentation.spring.web.scanners.ApiDocumentationScanner.scan(ApiDocumentationScanner.java:71)
	at springfox.documentation.spring.web.plugins.DocumentationPluginsBootstrapper.scanDocumentation(DocumentationPluginsBootstrapper.java:101)
	at springfox.documentation.spring.web.plugins.DocumentationPluginsBootstrapper.start(DocumentationPluginsBootstrapper.java:167)
	at org.springframework.context.support.DefaultLifecycleProcessor.doStart(DefaultLifecycleProcessor.java:173)
	... 41 common frames omitted
Caused by: java.lang.NoSuchMethodError: 'com.google.common.collect.FluentIterable com.google.common.collect.FluentIterable.concat(java.lang.Iterable, java.lang.Iterable)'
	at springfox.documentation.schema.DefaultModelDependencyProvider.dependentModels(DefaultModelDependencyProvider.java:79)
	at springfox.documentation.schema.CachingModelDependencyProvider$1.load(CachingModelDependencyProvider.java:50)
	at springfox.documentation.schema.CachingModelDependencyProvider$1.load(CachingModelDependencyProvider.java:48)
	at com.google.common.cache.LocalCache$LoadingValueReference.loadFuture(LocalCache.java:3527)
	at com.google.common.cache.LocalCache$Segment.loadSync(LocalCache.java:2319)
	at com.google.common.cache.LocalCache$Segment.lockedGetOrLoad(LocalCache.java:2282)
	at com.google.common.cache.LocalCache$Segment.get(LocalCache.java:2197)
	... 54 common frames omitted

]]></system-out>
  </testcase>
</testsuite>