<?xml version="1.0" encoding="UTF-8"?>
<testsuite name="fr.cea.bigpi.fhe.repository.test.SampleRepositoryTest" time="0.05" tests="1" errors="1" skipped="0" failures="0">
  <properties>
    <property name="java.runtime.name" value="OpenJDK Runtime Environment"/>
    <property name="java.vm.version" value="15.0.1+9-18"/>
    <property name="sun.boot.library.path" value="/home/hgnguyen/sts-4.9.0.RELEASE/plugins/org.eclipse.justj.openjdk.hotspot.jre.full.linux.x86_64_15.0.1.v20201027-0507/jre/lib"/>
    <property name="maven.multiModuleProjectDirectory" value="/home/hgnguyen/workspace-spring-tool-suite-4-4.15.3.RELEASE/PatternSearchProject/patternSearch-client-service"/>
    <property name="java.vm.vendor" value="Oracle Corporation"/>
    <property name="java.vendor.url" value="https://java.oracle.com/"/>
    <property name="guice.disable.misplaced.annotation.check" value="true"/>
    <property name="path.separator" value=":"/>
    <property name="java.vm.name" value="OpenJDK 64-Bit Server VM"/>
    <property name="user.country" value="US"/>
    <property name="sun.java.launcher" value="SUN_STANDARD"/>
    <property name="java.vm.specification.name" value="Java Virtual Machine Specification"/>
    <property name="user.dir" value="/home/hgnguyen/workspace-spring-tool-suite-4-4.15.3.RELEASE/PatternSearchProject/patternSearch-client-service"/>
    <property name="java.vm.compressedOopsMode" value="Zero based"/>
    <property name="java.runtime.version" value="15.0.1+9-18"/>
    <property name="os.arch" value="amd64"/>
    <property name="java.io.tmpdir" value="/tmp"/>
    <property name="line.separator" value="&#10;"/>
    <property name="java.vm.specification.vendor" value="Oracle Corporation"/>
    <property name="os.name" value="Linux"/>
    <property name="classworlds.conf" value="/home/hgnguyen/workspace-spring-tool-suite-4-4.9.0.RELEASE/.metadata/.plugins/org.eclipse.m2e.launching/launches/m2conf13967938975307854572.tmp"/>
    <property name="jansi.force" value="true"/>
    <property name="sun.jnu.encoding" value="UTF-8"/>
    <property name="java.library.path" value="/usr/java/packages/lib:/usr/lib64:/lib64:/lib:/usr/lib"/>
    <property name="jdk.debug" value="release"/>
    <property name="java.class.version" value="59.0"/>
    <property name="java.specification.name" value="Java Platform API Specification"/>
    <property name="sun.management.compiler" value="HotSpot 64-Bit Tiered Compilers"/>
    <property name="os.version" value="5.15.0-47-generic"/>
    <property name="user.home" value="/home/hgnguyen"/>
    <property name="user.timezone" value="Europe/Paris"/>
    <property name="file.encoding" value="UTF-8"/>
    <property name="java.specification.version" value="15"/>
    <property name="user.name" value="hgnguyen"/>
    <property name="java.class.path" value="/home/hgnguyen/sts-4.9.0.RELEASE/plugins/org.eclipse.m2e.maven.runtime_1.16.0.20210129-0849/jars/plexus-classworlds-2.6.0.jar"/>
    <property name="java.vm.specification.version" value="15"/>
    <property name="sun.arch.data.model" value="64"/>
    <property name="sun.java.command" value="org.codehaus.plexus.classworlds.launcher.Launcher -B install -Dstyle.color=always"/>
    <property name="java.home" value="/home/hgnguyen/sts-4.9.0.RELEASE/plugins/org.eclipse.justj.openjdk.hotspot.jre.full.linux.x86_64_15.0.1.v20201027-0507/jre"/>
    <property name="user.language" value="en"/>
    <property name="java.specification.vendor" value="Oracle Corporation"/>
    <property name="java.vm.info" value="mixed mode"/>
    <property name="java.version" value="15.0.1"/>
    <property name="securerandom.source" value="file:/dev/./urandom"/>
    <property name="java.vendor" value="Oracle Corporation"/>
    <property name="maven.home" value="/home/hgnguyen/workspace-spring-tool-suite-4-4.15.3.RELEASE/PatternSearchProject/patternSearch-client-service/EMBEDDED"/>
    <property name="style.color" value="always"/>
    <property name="file.separator" value="/"/>
    <property name="java.version.date" value="2020-10-20"/>
    <property name="java.vendor.url.bug" value="https://bugreport.java.com/bugreport/"/>
    <property name="sun.io.unicode.encoding" value="UnicodeLittle"/>
    <property name="sun.cpu.endian" value="little"/>
  </properties>
  <testcase name="test01get" classname="fr.cea.bigpi.fhe.repository.test.SampleRepositoryTest" time="0.05">
    <error message="Failed to load ApplicationContext" type="java.lang.IllegalStateException"><![CDATA[java.lang.IllegalStateException: Failed to load ApplicationContext
	at org.springframework.test.context.cache.DefaultCacheAwareContextLoaderDelegate.loadContext(DefaultCacheAwareContextLoaderDelegate.java:124)
	at org.springframework.test.context.support.DefaultTestContext.getApplicationContext(DefaultTestContext.java:83)
	at org.springframework.test.context.support.DependencyInjectionTestExecutionListener.injectDependencies(DependencyInjectionTestExecutionListener.java:117)
	at org.springframework.test.context.support.DependencyInjectionTestExecutionListener.prepareTestInstance(DependencyInjectionTestExecutionListener.java:83)
	at org.springframework.boot.test.autoconfigure.SpringBootDependencyInjectionTestExecutionListener.prepareTestInstance(SpringBootDependencyInjectionTestExecutionListener.java:44)
	at org.springframework.test.context.TestContextManager.prepareTestInstance(TestContextManager.java:230)
	at org.springframework.test.context.junit4.SpringJUnit4ClassRunner.createTest(SpringJUnit4ClassRunner.java:228)
	at org.springframework.test.context.junit4.SpringJUnit4ClassRunner$1.runReflectiveCall(SpringJUnit4ClassRunner.java:287)
	at org.junit.internal.runners.model.ReflectiveCallable.run(ReflectiveCallable.java:12)
	at org.springframework.test.context.junit4.SpringJUnit4ClassRunner.methodBlock(SpringJUnit4ClassRunner.java:289)
	at org.springframework.test.context.junit4.SpringJUnit4ClassRunner.runChild(SpringJUnit4ClassRunner.java:247)
	at org.springframework.test.context.junit4.SpringJUnit4ClassRunner.runChild(SpringJUnit4ClassRunner.java:94)
	at org.junit.runners.ParentRunner$3.run(ParentRunner.java:290)
	at org.junit.runners.ParentRunner$1.schedule(ParentRunner.java:71)
	at org.junit.runners.ParentRunner.runChildren(ParentRunner.java:288)
	at org.junit.runners.ParentRunner.access$000(ParentRunner.java:58)
	at org.junit.runners.ParentRunner$2.evaluate(ParentRunner.java:268)
	at org.springframework.test.context.junit4.statements.RunBeforeTestClassCallbacks.evaluate(RunBeforeTestClassCallbacks.java:61)
	at org.springframework.test.context.junit4.statements.RunAfterTestClassCallbacks.evaluate(RunAfterTestClassCallbacks.java:70)
	at org.junit.runners.ParentRunner.run(ParentRunner.java:363)
	at org.springframework.test.context.junit4.SpringJUnit4ClassRunner.run(SpringJUnit4ClassRunner.java:191)
	at org.apache.maven.surefire.junit4.JUnit4Provider.execute(JUnit4Provider.java:283)
	at org.apache.maven.surefire.junit4.JUnit4Provider.executeWithRerun(JUnit4Provider.java:173)
	at org.apache.maven.surefire.junit4.JUnit4Provider.executeTestSet(JUnit4Provider.java:153)
	at org.apache.maven.surefire.junit4.JUnit4Provider.invoke(JUnit4Provider.java:128)
	at org.apache.maven.surefire.booter.ForkedBooter.invokeProviderInSameClassLoader(ForkedBooter.java:203)
	at org.apache.maven.surefire.booter.ForkedBooter.runSuitesInProcess(ForkedBooter.java:155)
	at org.apache.maven.surefire.booter.ForkedBooter.main(ForkedBooter.java:103)
Caused by: org.springframework.beans.factory.UnsatisfiedDependencyException: Error creating bean with name 'documentationPluginsBootstrapper' defined in URL [jar:file:/home/hgnguyen/.m2/repository/io/springfox/springfox-spring-web/2.9.2/springfox-spring-web-2.9.2.jar!/springfox/documentation/spring/web/plugins/DocumentationPluginsBootstrapper.class]: Unsatisfied dependency expressed through constructor parameter 1; nested exception is org.springframework.beans.factory.UnsatisfiedDependencyException: Error creating bean with name 'webMvcRequestHandlerProvider' defined in URL [jar:file:/home/hgnguyen/.m2/repository/io/springfox/springfox-spring-web/2.9.2/springfox-spring-web-2.9.2.jar!/springfox/documentation/spring/web/plugins/WebMvcRequestHandlerProvider.class]: Unsatisfied dependency expressed through constructor parameter 1; nested exception is org.springframework.beans.factory.BeanCreationException: Error creating bean with name 'requestMappingHandlerMapping' defined in class path resource [org/springframework/boot/autoconfigure/web/WebMvcAutoConfiguration$EnableWebMvcConfiguration.class]: Invocation of init method failed; nested exception is java.lang.IllegalStateException: Ambiguous mapping. Cannot map 'controllerImpl' method 
public org.springframework.http.ResponseEntity<fr.cea.bigpi.fhe.dap.patternsearch.model.Description> fr.cea.bigpi.fhe.dap.patternsearch.api.ControllerImpl.createHashData(java.lang.String,java.lang.String,java.lang.String,java.lang.Integer,java.lang.Integer,java.lang.String)
to {[/openapi/v1/client/data],methods=[POST]}: There is already 'controllerImpl' bean method
public org.springframework.http.ResponseEntity<fr.cea.bigpi.fhe.dap.patternsearch.model.Description> fr.cea.bigpi.fhe.dap.patternsearch.api.ControllerImpl.createData(java.lang.String,java.lang.String,java.lang.String,java.lang.Integer,java.lang.Integer,java.lang.String) mapped.
	at org.springframework.beans.factory.support.ConstructorResolver.createArgumentArray(ConstructorResolver.java:749)
	at org.springframework.beans.factory.support.ConstructorResolver.autowireConstructor(ConstructorResolver.java:189)
	at org.springframework.beans.factory.support.AbstractAutowireCapableBeanFactory.autowireConstructor(AbstractAutowireCapableBeanFactory.java:1198)
	at org.springframework.beans.factory.support.AbstractAutowireCapableBeanFactory.createBeanInstance(AbstractAutowireCapableBeanFactory.java:1100)
	at org.springframework.beans.factory.support.AbstractAutowireCapableBeanFactory.doCreateBean(AbstractAutowireCapableBeanFactory.java:511)
	at org.springframework.beans.factory.support.AbstractAutowireCapableBeanFactory.createBean(AbstractAutowireCapableBeanFactory.java:481)
	at org.springframework.beans.factory.support.AbstractBeanFactory$1.getObject(AbstractBeanFactory.java:312)
	at org.springframework.beans.factory.support.DefaultSingletonBeanRegistry.getSingleton(DefaultSingletonBeanRegistry.java:230)
	at org.springframework.beans.factory.support.AbstractBeanFactory.doGetBean(AbstractBeanFactory.java:308)
	at org.springframework.beans.factory.support.AbstractBeanFactory.getBean(AbstractBeanFactory.java:197)
	at org.springframework.beans.factory.support.DefaultListableBeanFactory.preInstantiateSingletons(DefaultListableBeanFactory.java:761)
	at org.springframework.context.support.AbstractApplicationContext.finishBeanFactoryInitialization(AbstractApplicationContext.java:867)
	at org.springframework.context.support.AbstractApplicationContext.refresh(AbstractApplicationContext.java:543)
	at org.springframework.boot.context.embedded.EmbeddedWebApplicationContext.refresh(EmbeddedWebApplicationContext.java:124)
	at org.springframework.boot.SpringApplication.refresh(SpringApplication.java:693)
	at org.springframework.boot.SpringApplication.refreshContext(SpringApplication.java:360)
	at org.springframework.boot.SpringApplication.run(SpringApplication.java:303)
	at org.springframework.boot.test.context.SpringBootContextLoader.loadContext(SpringBootContextLoader.java:121)
	at org.springframework.test.context.cache.DefaultCacheAwareContextLoaderDelegate.loadContextInternal(DefaultCacheAwareContextLoaderDelegate.java:98)
	at org.springframework.test.context.cache.DefaultCacheAwareContextLoaderDelegate.loadContext(DefaultCacheAwareContextLoaderDelegate.java:116)
	at org.springframework.test.context.support.DefaultTestContext.getApplicationContext(DefaultTestContext.java:83)
	at org.springframework.test.context.support.DependencyInjectionTestExecutionListener.injectDependencies(DependencyInjectionTestExecutionListener.java:117)
	at org.springframework.test.context.support.DependencyInjectionTestExecutionListener.prepareTestInstance(DependencyInjectionTestExecutionListener.java:83)
	at org.springframework.boot.test.autoconfigure.SpringBootDependencyInjectionTestExecutionListener.prepareTestInstance(SpringBootDependencyInjectionTestExecutionListener.java:44)
	at org.springframework.test.context.TestContextManager.prepareTestInstance(TestContextManager.java:230)
	at org.springframework.test.context.junit4.SpringJUnit4ClassRunner.createTest(SpringJUnit4ClassRunner.java:228)
	at org.springframework.test.context.junit4.SpringJUnit4ClassRunner$1.runReflectiveCall(SpringJUnit4ClassRunner.java:287)
	at org.junit.internal.runners.model.ReflectiveCallable.run(ReflectiveCallable.java:12)
	at org.springframework.test.context.junit4.SpringJUnit4ClassRunner.methodBlock(SpringJUnit4ClassRunner.java:289)
	at org.springframework.test.context.junit4.SpringJUnit4ClassRunner.runChild(SpringJUnit4ClassRunner.java:247)
	at org.springframework.test.context.junit4.SpringJUnit4ClassRunner.runChild(SpringJUnit4ClassRunner.java:94)
	at org.junit.runners.ParentRunner$3.run(ParentRunner.java:290)
	at org.junit.runners.ParentRunner$1.schedule(ParentRunner.java:71)
	at org.junit.runners.ParentRunner.runChildren(ParentRunner.java:288)
	at org.junit.runners.ParentRunner.access$000(ParentRunner.java:58)
	at org.junit.runners.ParentRunner$2.evaluate(ParentRunner.java:268)
	at org.springframework.test.context.junit4.statements.RunBeforeTestClassCallbacks.evaluate(RunBeforeTestClassCallbacks.java:61)
	at org.springframework.test.context.junit4.statements.RunAfterTestClassCallbacks.evaluate(RunAfterTestClassCallbacks.java:70)
	at org.junit.runners.ParentRunner.run(ParentRunner.java:363)
	at org.springframework.test.context.junit4.SpringJUnit4ClassRunner.run(SpringJUnit4ClassRunner.java:191)
	at org.apache.maven.surefire.junit4.JUnit4Provider.execute(JUnit4Provider.java:283)
	at org.apache.maven.surefire.junit4.JUnit4Provider.executeWithRerun(JUnit4Provider.java:173)
	at org.apache.maven.surefire.junit4.JUnit4Provider.executeTestSet(JUnit4Provider.java:153)
	at org.apache.maven.surefire.junit4.JUnit4Provider.invoke(JUnit4Provider.java:128)
	at org.apache.maven.surefire.booter.ForkedBooter.invokeProviderInSameClassLoader(ForkedBooter.java:203)
	at org.apache.maven.surefire.booter.ForkedBooter.runSuitesInProcess(ForkedBooter.java:155)
	at org.apache.maven.surefire.booter.ForkedBooter.main(ForkedBooter.java:103)
Caused by: org.springframework.beans.factory.UnsatisfiedDependencyException: Error creating bean with name 'webMvcRequestHandlerProvider' defined in URL [jar:file:/home/hgnguyen/.m2/repository/io/springfox/springfox-spring-web/2.9.2/springfox-spring-web-2.9.2.jar!/springfox/documentation/spring/web/plugins/WebMvcRequestHandlerProvider.class]: Unsatisfied dependency expressed through constructor parameter 1; nested exception is org.springframework.beans.factory.BeanCreationException: Error creating bean with name 'requestMappingHandlerMapping' defined in class path resource [org/springframework/boot/autoconfigure/web/WebMvcAutoConfiguration$EnableWebMvcConfiguration.class]: Invocation of init method failed; nested exception is java.lang.IllegalStateException: Ambiguous mapping. Cannot map 'controllerImpl' method 
public org.springframework.http.ResponseEntity<fr.cea.bigpi.fhe.dap.patternsearch.model.Description> fr.cea.bigpi.fhe.dap.patternsearch.api.ControllerImpl.createHashData(java.lang.String,java.lang.String,java.lang.String,java.lang.Integer,java.lang.Integer,java.lang.String)
to {[/openapi/v1/client/data],methods=[POST]}: There is already 'controllerImpl' bean method
public org.springframework.http.ResponseEntity<fr.cea.bigpi.fhe.dap.patternsearch.model.Description> fr.cea.bigpi.fhe.dap.patternsearch.api.ControllerImpl.createData(java.lang.String,java.lang.String,java.lang.String,java.lang.Integer,java.lang.Integer,java.lang.String) mapped.
	at org.springframework.beans.factory.support.ConstructorResolver.createArgumentArray(ConstructorResolver.java:749)
	at org.springframework.beans.factory.support.ConstructorResolver.autowireConstructor(ConstructorResolver.java:189)
	at org.springframework.beans.factory.support.AbstractAutowireCapableBeanFactory.autowireConstructor(AbstractAutowireCapableBeanFactory.java:1198)
	at org.springframework.beans.factory.support.AbstractAutowireCapableBeanFactory.createBeanInstance(AbstractAutowireCapableBeanFactory.java:1100)
	at org.springframework.beans.factory.support.AbstractAutowireCapableBeanFactory.doCreateBean(AbstractAutowireCapableBeanFactory.java:511)
	at org.springframework.beans.factory.support.AbstractAutowireCapableBeanFactory.createBean(AbstractAutowireCapableBeanFactory.java:481)
	at org.springframework.beans.factory.support.AbstractBeanFactory$1.getObject(AbstractBeanFactory.java:312)
	at org.springframework.beans.factory.support.DefaultSingletonBeanRegistry.getSingleton(DefaultSingletonBeanRegistry.java:230)
	at org.springframework.beans.factory.support.AbstractBeanFactory.doGetBean(AbstractBeanFactory.java:308)
	at org.springframework.beans.factory.support.AbstractBeanFactory.getBean(AbstractBeanFactory.java:202)
	at org.springframework.beans.factory.config.DependencyDescriptor.resolveCandidate(DependencyDescriptor.java:208)
	at org.springframework.beans.factory.support.DefaultListableBeanFactory.addCandidateEntry(DefaultListableBeanFactory.java:1314)
	at org.springframework.beans.factory.support.DefaultListableBeanFactory.findAutowireCandidates(DefaultListableBeanFactory.java:1280)
	at org.springframework.beans.factory.support.DefaultListableBeanFactory.resolveMultipleBeans(DefaultListableBeanFactory.java:1178)
	at org.springframework.beans.factory.support.DefaultListableBeanFactory.doResolveDependency(DefaultListableBeanFactory.java:1094)
	at org.springframework.beans.factory.support.DefaultListableBeanFactory.resolveDependency(DefaultListableBeanFactory.java:1064)
	at org.springframework.beans.factory.support.ConstructorResolver.resolveAutowiredArgument(ConstructorResolver.java:835)
	at org.springframework.beans.factory.support.ConstructorResolver.createArgumentArray(ConstructorResolver.java:741)
	at org.springframework.beans.factory.support.ConstructorResolver.autowireConstructor(ConstructorResolver.java:189)
	at org.springframework.beans.factory.support.AbstractAutowireCapableBeanFactory.autowireConstructor(AbstractAutowireCapableBeanFactory.java:1198)
	at org.springframework.beans.factory.support.AbstractAutowireCapableBeanFactory.createBeanInstance(AbstractAutowireCapableBeanFactory.java:1100)
	at org.springframework.beans.factory.support.AbstractAutowireCapableBeanFactory.doCreateBean(AbstractAutowireCapableBeanFactory.java:511)
	at org.springframework.beans.factory.support.AbstractAutowireCapableBeanFactory.createBean(AbstractAutowireCapableBeanFactory.java:481)
	at org.springframework.beans.factory.support.AbstractBeanFactory$1.getObject(AbstractBeanFactory.java:312)
	at org.springframework.beans.factory.support.DefaultSingletonBeanRegistry.getSingleton(DefaultSingletonBeanRegistry.java:230)
	at org.springframework.beans.factory.support.AbstractBeanFactory.doGetBean(AbstractBeanFactory.java:308)
	at org.springframework.beans.factory.support.AbstractBeanFactory.getBean(AbstractBeanFactory.java:197)
	at org.springframework.beans.factory.support.DefaultListableBeanFactory.preInstantiateSingletons(DefaultListableBeanFactory.java:761)
	at org.springframework.context.support.AbstractApplicationContext.finishBeanFactoryInitialization(AbstractApplicationContext.java:867)
	at org.springframework.context.support.AbstractApplicationContext.refresh(AbstractApplicationContext.java:543)
	at org.springframework.boot.context.embedded.EmbeddedWebApplicationContext.refresh(EmbeddedWebApplicationContext.java:124)
	at org.springframework.boot.SpringApplication.refresh(SpringApplication.java:693)
	at org.springframework.boot.SpringApplication.refreshContext(SpringApplication.java:360)
	at org.springframework.boot.SpringApplication.run(SpringApplication.java:303)
	at org.springframework.boot.test.context.SpringBootContextLoader.loadContext(SpringBootContextLoader.java:121)
	at org.springframework.test.context.cache.DefaultCacheAwareContextLoaderDelegate.loadContextInternal(DefaultCacheAwareContextLoaderDelegate.java:98)
	at org.springframework.test.context.cache.DefaultCacheAwareContextLoaderDelegate.loadContext(DefaultCacheAwareContextLoaderDelegate.java:116)
	at org.springframework.test.context.support.DefaultTestContext.getApplicationContext(DefaultTestContext.java:83)
	at org.springframework.test.context.support.DependencyInjectionTestExecutionListener.injectDependencies(DependencyInjectionTestExecutionListener.java:117)
	at org.springframework.test.context.support.DependencyInjectionTestExecutionListener.prepareTestInstance(DependencyInjectionTestExecutionListener.java:83)
	at org.springframework.boot.test.autoconfigure.SpringBootDependencyInjectionTestExecutionListener.prepareTestInstance(SpringBootDependencyInjectionTestExecutionListener.java:44)
	at org.springframework.test.context.TestContextManager.prepareTestInstance(TestContextManager.java:230)
	at org.springframework.test.context.junit4.SpringJUnit4ClassRunner.createTest(SpringJUnit4ClassRunner.java:228)
	at org.springframework.test.context.junit4.SpringJUnit4ClassRunner$1.runReflectiveCall(SpringJUnit4ClassRunner.java:287)
	at org.junit.internal.runners.model.ReflectiveCallable.run(ReflectiveCallable.java:12)
	at org.springframework.test.context.junit4.SpringJUnit4ClassRunner.methodBlock(SpringJUnit4ClassRunner.java:289)
	at org.springframework.test.context.junit4.SpringJUnit4ClassRunner.runChild(SpringJUnit4ClassRunner.java:247)
	at org.springframework.test.context.junit4.SpringJUnit4ClassRunner.runChild(SpringJUnit4ClassRunner.java:94)
	at org.junit.runners.ParentRunner$3.run(ParentRunner.java:290)
	at org.junit.runners.ParentRunner$1.schedule(ParentRunner.java:71)
	at org.junit.runners.ParentRunner.runChildren(ParentRunner.java:288)
	at org.junit.runners.ParentRunner.access$000(ParentRunner.java:58)
	at org.junit.runners.ParentRunner$2.evaluate(ParentRunner.java:268)
	at org.springframework.test.context.junit4.statements.RunBeforeTestClassCallbacks.evaluate(RunBeforeTestClassCallbacks.java:61)
	at org.springframework.test.context.junit4.statements.RunAfterTestClassCallbacks.evaluate(RunAfterTestClassCallbacks.java:70)
	at org.junit.runners.ParentRunner.run(ParentRunner.java:363)
	at org.springframework.test.context.junit4.SpringJUnit4ClassRunner.run(SpringJUnit4ClassRunner.java:191)
	at org.apache.maven.surefire.junit4.JUnit4Provider.execute(JUnit4Provider.java:283)
	at org.apache.maven.surefire.junit4.JUnit4Provider.executeWithRerun(JUnit4Provider.java:173)
	at org.apache.maven.surefire.junit4.JUnit4Provider.executeTestSet(JUnit4Provider.java:153)
	at org.apache.maven.surefire.junit4.JUnit4Provider.invoke(JUnit4Provider.java:128)
	at org.apache.maven.surefire.booter.ForkedBooter.invokeProviderInSameClassLoader(ForkedBooter.java:203)
	at org.apache.maven.surefire.booter.ForkedBooter.runSuitesInProcess(ForkedBooter.java:155)
	at org.apache.maven.surefire.booter.ForkedBooter.main(ForkedBooter.java:103)
Caused by: org.springframework.beans.factory.BeanCreationException: Error creating bean with name 'requestMappingHandlerMapping' defined in class path resource [org/springframework/boot/autoconfigure/web/WebMvcAutoConfiguration$EnableWebMvcConfiguration.class]: Invocation of init method failed; nested exception is java.lang.IllegalStateException: Ambiguous mapping. Cannot map 'controllerImpl' method 
public org.springframework.http.ResponseEntity<fr.cea.bigpi.fhe.dap.patternsearch.model.Description> fr.cea.bigpi.fhe.dap.patternsearch.api.ControllerImpl.createHashData(java.lang.String,java.lang.String,java.lang.String,java.lang.Integer,java.lang.Integer,java.lang.String)
to {[/openapi/v1/client/data],methods=[POST]}: There is already 'controllerImpl' bean method
public org.springframework.http.ResponseEntity<fr.cea.bigpi.fhe.dap.patternsearch.model.Description> fr.cea.bigpi.fhe.dap.patternsearch.api.ControllerImpl.createData(java.lang.String,java.lang.String,java.lang.String,java.lang.Integer,java.lang.Integer,java.lang.String) mapped.
	at org.springframework.beans.factory.support.AbstractAutowireCapableBeanFactory.initializeBean(AbstractAutowireCapableBeanFactory.java:1631)
	at org.springframework.beans.factory.support.AbstractAutowireCapableBeanFactory.doCreateBean(AbstractAutowireCapableBeanFactory.java:553)
	at org.springframework.beans.factory.support.AbstractAutowireCapableBeanFactory.createBean(AbstractAutowireCapableBeanFactory.java:481)
	at org.springframework.beans.factory.support.AbstractBeanFactory$1.getObject(AbstractBeanFactory.java:312)
	at org.springframework.beans.factory.support.DefaultSingletonBeanRegistry.getSingleton(DefaultSingletonBeanRegistry.java:230)
	at org.springframework.beans.factory.support.AbstractBeanFactory.doGetBean(AbstractBeanFactory.java:308)
	at org.springframework.beans.factory.support.AbstractBeanFactory.getBean(AbstractBeanFactory.java:202)
	at org.springframework.beans.factory.config.DependencyDescriptor.resolveCandidate(DependencyDescriptor.java:208)
	at org.springframework.beans.factory.support.DefaultListableBeanFactory.addCandidateEntry(DefaultListableBeanFactory.java:1314)
	at org.springframework.beans.factory.support.DefaultListableBeanFactory.findAutowireCandidates(DefaultListableBeanFactory.java:1280)
	at org.springframework.beans.factory.support.DefaultListableBeanFactory.resolveMultipleBeans(DefaultListableBeanFactory.java:1178)
	at org.springframework.beans.factory.support.DefaultListableBeanFactory.doResolveDependency(DefaultListableBeanFactory.java:1094)
	at org.springframework.beans.factory.support.DefaultListableBeanFactory.resolveDependency(DefaultListableBeanFactory.java:1064)
	at org.springframework.beans.factory.support.ConstructorResolver.resolveAutowiredArgument(ConstructorResolver.java:835)
	at org.springframework.beans.factory.support.ConstructorResolver.createArgumentArray(ConstructorResolver.java:741)
	at org.springframework.beans.factory.support.ConstructorResolver.autowireConstructor(ConstructorResolver.java:189)
	at org.springframework.beans.factory.support.AbstractAutowireCapableBeanFactory.autowireConstructor(AbstractAutowireCapableBeanFactory.java:1198)
	at org.springframework.beans.factory.support.AbstractAutowireCapableBeanFactory.createBeanInstance(AbstractAutowireCapableBeanFactory.java:1100)
	at org.springframework.beans.factory.support.AbstractAutowireCapableBeanFactory.doCreateBean(AbstractAutowireCapableBeanFactory.java:511)
	at org.springframework.beans.factory.support.AbstractAutowireCapableBeanFactory.createBean(AbstractAutowireCapableBeanFactory.java:481)
	at org.springframework.beans.factory.support.AbstractBeanFactory$1.getObject(AbstractBeanFactory.java:312)
	at org.springframework.beans.factory.support.DefaultSingletonBeanRegistry.getSingleton(DefaultSingletonBeanRegistry.java:230)
	at org.springframework.beans.factory.support.AbstractBeanFactory.doGetBean(AbstractBeanFactory.java:308)
	at org.springframework.beans.factory.support.AbstractBeanFactory.getBean(AbstractBeanFactory.java:202)
	at org.springframework.beans.factory.config.DependencyDescriptor.resolveCandidate(DependencyDescriptor.java:208)
	at org.springframework.beans.factory.support.DefaultListableBeanFactory.addCandidateEntry(DefaultListableBeanFactory.java:1314)
	at org.springframework.beans.factory.support.DefaultListableBeanFactory.findAutowireCandidates(DefaultListableBeanFactory.java:1280)
	at org.springframework.beans.factory.support.DefaultListableBeanFactory.resolveMultipleBeans(DefaultListableBeanFactory.java:1178)
	at org.springframework.beans.factory.support.DefaultListableBeanFactory.doResolveDependency(DefaultListableBeanFactory.java:1094)
	at org.springframework.beans.factory.support.DefaultListableBeanFactory.resolveDependency(DefaultListableBeanFactory.java:1064)
	at org.springframework.beans.factory.support.ConstructorResolver.resolveAutowiredArgument(ConstructorResolver.java:835)
	at org.springframework.beans.factory.support.ConstructorResolver.createArgumentArray(ConstructorResolver.java:741)
	at org.springframework.beans.factory.support.ConstructorResolver.autowireConstructor(ConstructorResolver.java:189)
	at org.springframework.beans.factory.support.AbstractAutowireCapableBeanFactory.autowireConstructor(AbstractAutowireCapableBeanFactory.java:1198)
	at org.springframework.beans.factory.support.AbstractAutowireCapableBeanFactory.createBeanInstance(AbstractAutowireCapableBeanFactory.java:1100)
	at org.springframework.beans.factory.support.AbstractAutowireCapableBeanFactory.doCreateBean(AbstractAutowireCapableBeanFactory.java:511)
	at org.springframework.beans.factory.support.AbstractAutowireCapableBeanFactory.createBean(AbstractAutowireCapableBeanFactory.java:481)
	at org.springframework.beans.factory.support.AbstractBeanFactory$1.getObject(AbstractBeanFactory.java:312)
	at org.springframework.beans.factory.support.DefaultSingletonBeanRegistry.getSingleton(DefaultSingletonBeanRegistry.java:230)
	at org.springframework.beans.factory.support.AbstractBeanFactory.doGetBean(AbstractBeanFactory.java:308)
	at org.springframework.beans.factory.support.AbstractBeanFactory.getBean(AbstractBeanFactory.java:197)
	at org.springframework.beans.factory.support.DefaultListableBeanFactory.preInstantiateSingletons(DefaultListableBeanFactory.java:761)
	at org.springframework.context.support.AbstractApplicationContext.finishBeanFactoryInitialization(AbstractApplicationContext.java:867)
	at org.springframework.context.support.AbstractApplicationContext.refresh(AbstractApplicationContext.java:543)
	at org.springframework.boot.context.embedded.EmbeddedWebApplicationContext.refresh(EmbeddedWebApplicationContext.java:124)
	at org.springframework.boot.SpringApplication.refresh(SpringApplication.java:693)
	at org.springframework.boot.SpringApplication.refreshContext(SpringApplication.java:360)
	at org.springframework.boot.SpringApplication.run(SpringApplication.java:303)
	at org.springframework.boot.test.context.SpringBootContextLoader.loadContext(SpringBootContextLoader.java:121)
	at org.springframework.test.context.cache.DefaultCacheAwareContextLoaderDelegate.loadContextInternal(DefaultCacheAwareContextLoaderDelegate.java:98)
	at org.springframework.test.context.cache.DefaultCacheAwareContextLoaderDelegate.loadContext(DefaultCacheAwareContextLoaderDelegate.java:116)
	at org.springframework.test.context.support.DefaultTestContext.getApplicationContext(DefaultTestContext.java:83)
	at org.springframework.test.context.support.DependencyInjectionTestExecutionListener.injectDependencies(DependencyInjectionTestExecutionListener.java:117)
	at org.springframework.test.context.support.DependencyInjectionTestExecutionListener.prepareTestInstance(DependencyInjectionTestExecutionListener.java:83)
	at org.springframework.boot.test.autoconfigure.SpringBootDependencyInjectionTestExecutionListener.prepareTestInstance(SpringBootDependencyInjectionTestExecutionListener.java:44)
	at org.springframework.test.context.TestContextManager.prepareTestInstance(TestContextManager.java:230)
	at org.springframework.test.context.junit4.SpringJUnit4ClassRunner.createTest(SpringJUnit4ClassRunner.java:228)
	at org.springframework.test.context.junit4.SpringJUnit4ClassRunner$1.runReflectiveCall(SpringJUnit4ClassRunner.java:287)
	at org.junit.internal.runners.model.ReflectiveCallable.run(ReflectiveCallable.java:12)
	at org.springframework.test.context.junit4.SpringJUnit4ClassRunner.methodBlock(SpringJUnit4ClassRunner.java:289)
	at org.springframework.test.context.junit4.SpringJUnit4ClassRunner.runChild(SpringJUnit4ClassRunner.java:247)
	at org.springframework.test.context.junit4.SpringJUnit4ClassRunner.runChild(SpringJUnit4ClassRunner.java:94)
	at org.junit.runners.ParentRunner$3.run(ParentRunner.java:290)
	at org.junit.runners.ParentRunner$1.schedule(ParentRunner.java:71)
	at org.junit.runners.ParentRunner.runChildren(ParentRunner.java:288)
	at org.junit.runners.ParentRunner.access$000(ParentRunner.java:58)
	at org.junit.runners.ParentRunner$2.evaluate(ParentRunner.java:268)
	at org.springframework.test.context.junit4.statements.RunBeforeTestClassCallbacks.evaluate(RunBeforeTestClassCallbacks.java:61)
	at org.springframework.test.context.junit4.statements.RunAfterTestClassCallbacks.evaluate(RunAfterTestClassCallbacks.java:70)
	at org.junit.runners.ParentRunner.run(ParentRunner.java:363)
	at org.springframework.test.context.junit4.SpringJUnit4ClassRunner.run(SpringJUnit4ClassRunner.java:191)
	at org.apache.maven.surefire.junit4.JUnit4Provider.execute(JUnit4Provider.java:283)
	at org.apache.maven.surefire.junit4.JUnit4Provider.executeWithRerun(JUnit4Provider.java:173)
	at org.apache.maven.surefire.junit4.JUnit4Provider.executeTestSet(JUnit4Provider.java:153)
	at org.apache.maven.surefire.junit4.JUnit4Provider.invoke(JUnit4Provider.java:128)
	at org.apache.maven.surefire.booter.ForkedBooter.invokeProviderInSameClassLoader(ForkedBooter.java:203)
	at org.apache.maven.surefire.booter.ForkedBooter.runSuitesInProcess(ForkedBooter.java:155)
	at org.apache.maven.surefire.booter.ForkedBooter.main(ForkedBooter.java:103)
Caused by: java.lang.IllegalStateException: Ambiguous mapping. Cannot map 'controllerImpl' method 
public org.springframework.http.ResponseEntity<fr.cea.bigpi.fhe.dap.patternsearch.model.Description> fr.cea.bigpi.fhe.dap.patternsearch.api.ControllerImpl.createHashData(java.lang.String,java.lang.String,java.lang.String,java.lang.Integer,java.lang.Integer,java.lang.String)
to {[/openapi/v1/client/data],methods=[POST]}: There is already 'controllerImpl' bean method
public org.springframework.http.ResponseEntity<fr.cea.bigpi.fhe.dap.patternsearch.model.Description> fr.cea.bigpi.fhe.dap.patternsearch.api.ControllerImpl.createData(java.lang.String,java.lang.String,java.lang.String,java.lang.Integer,java.lang.Integer,java.lang.String) mapped.
	at org.springframework.web.servlet.handler.AbstractHandlerMethodMapping$MappingRegistry.assertUniqueMethodMapping(AbstractHandlerMethodMapping.java:577)
	at org.springframework.web.servlet.handler.AbstractHandlerMethodMapping$MappingRegistry.register(AbstractHandlerMethodMapping.java:541)
	at org.springframework.web.servlet.handler.AbstractHandlerMethodMapping.registerHandlerMethod(AbstractHandlerMethodMapping.java:264)
	at org.springframework.web.servlet.handler.AbstractHandlerMethodMapping.detectHandlerMethods(AbstractHandlerMethodMapping.java:250)
	at org.springframework.web.servlet.handler.AbstractHandlerMethodMapping.initHandlerMethods(AbstractHandlerMethodMapping.java:214)
	at org.springframework.web.servlet.handler.AbstractHandlerMethodMapping.afterPropertiesSet(AbstractHandlerMethodMapping.java:184)
	at org.springframework.web.servlet.mvc.method.annotation.RequestMappingHandlerMapping.afterPropertiesSet(RequestMappingHandlerMapping.java:134)
	at org.springframework.beans.factory.support.AbstractAutowireCapableBeanFactory.invokeInitMethods(AbstractAutowireCapableBeanFactory.java:1689)
	at org.springframework.beans.factory.support.AbstractAutowireCapableBeanFactory.initializeBean(AbstractAutowireCapableBeanFactory.java:1627)
	at org.springframework.beans.factory.support.AbstractAutowireCapableBeanFactory.doCreateBean(AbstractAutowireCapableBeanFactory.java:553)
	at org.springframework.beans.factory.support.AbstractAutowireCapableBeanFactory.createBean(AbstractAutowireCapableBeanFactory.java:481)
	at org.springframework.beans.factory.support.AbstractBeanFactory$1.getObject(AbstractBeanFactory.java:312)
	at org.springframework.beans.factory.support.DefaultSingletonBeanRegistry.getSingleton(DefaultSingletonBeanRegistry.java:230)
	at org.springframework.beans.factory.support.AbstractBeanFactory.doGetBean(AbstractBeanFactory.java:308)
	at org.springframework.beans.factory.support.AbstractBeanFactory.getBean(AbstractBeanFactory.java:202)
	at org.springframework.beans.factory.config.DependencyDescriptor.resolveCandidate(DependencyDescriptor.java:208)
	at org.springframework.beans.factory.support.DefaultListableBeanFactory.addCandidateEntry(DefaultListableBeanFactory.java:1314)
	at org.springframework.beans.factory.support.DefaultListableBeanFactory.findAutowireCandidates(DefaultListableBeanFactory.java:1280)
	at org.springframework.beans.factory.support.DefaultListableBeanFactory.resolveMultipleBeans(DefaultListableBeanFactory.java:1178)
	at org.springframework.beans.factory.support.DefaultListableBeanFactory.doResolveDependency(DefaultListableBeanFactory.java:1094)
	at org.springframework.beans.factory.support.DefaultListableBeanFactory.resolveDependency(DefaultListableBeanFactory.java:1064)
	at org.springframework.beans.factory.support.ConstructorResolver.resolveAutowiredArgument(ConstructorResolver.java:835)
	at org.springframework.beans.factory.support.ConstructorResolver.createArgumentArray(ConstructorResolver.java:741)
	at org.springframework.beans.factory.support.ConstructorResolver.autowireConstructor(ConstructorResolver.java:189)
	at org.springframework.beans.factory.support.AbstractAutowireCapableBeanFactory.autowireConstructor(AbstractAutowireCapableBeanFactory.java:1198)
	at org.springframework.beans.factory.support.AbstractAutowireCapableBeanFactory.createBeanInstance(AbstractAutowireCapableBeanFactory.java:1100)
	at org.springframework.beans.factory.support.AbstractAutowireCapableBeanFactory.doCreateBean(AbstractAutowireCapableBeanFactory.java:511)
	at org.springframework.beans.factory.support.AbstractAutowireCapableBeanFactory.createBean(AbstractAutowireCapableBeanFactory.java:481)
	at org.springframework.beans.factory.support.AbstractBeanFactory$1.getObject(AbstractBeanFactory.java:312)
	at org.springframework.beans.factory.support.DefaultSingletonBeanRegistry.getSingleton(DefaultSingletonBeanRegistry.java:230)
	at org.springframework.beans.factory.support.AbstractBeanFactory.doGetBean(AbstractBeanFactory.java:308)
	at org.springframework.beans.factory.support.AbstractBeanFactory.getBean(AbstractBeanFactory.java:202)
	at org.springframework.beans.factory.config.DependencyDescriptor.resolveCandidate(DependencyDescriptor.java:208)
	at org.springframework.beans.factory.support.DefaultListableBeanFactory.addCandidateEntry(DefaultListableBeanFactory.java:1314)
	at org.springframework.beans.factory.support.DefaultListableBeanFactory.findAutowireCandidates(DefaultListableBeanFactory.java:1280)
	at org.springframework.beans.factory.support.DefaultListableBeanFactory.resolveMultipleBeans(DefaultListableBeanFactory.java:1178)
	at org.springframework.beans.factory.support.DefaultListableBeanFactory.doResolveDependency(DefaultListableBeanFactory.java:1094)
	at org.springframework.beans.factory.support.DefaultListableBeanFactory.resolveDependency(DefaultListableBeanFactory.java:1064)
	at org.springframework.beans.factory.support.ConstructorResolver.resolveAutowiredArgument(ConstructorResolver.java:835)
	at org.springframework.beans.factory.support.ConstructorResolver.createArgumentArray(ConstructorResolver.java:741)
	at org.springframework.beans.factory.support.ConstructorResolver.autowireConstructor(ConstructorResolver.java:189)
	at org.springframework.beans.factory.support.AbstractAutowireCapableBeanFactory.autowireConstructor(AbstractAutowireCapableBeanFactory.java:1198)
	at org.springframework.beans.factory.support.AbstractAutowireCapableBeanFactory.createBeanInstance(AbstractAutowireCapableBeanFactory.java:1100)
	at org.springframework.beans.factory.support.AbstractAutowireCapableBeanFactory.doCreateBean(AbstractAutowireCapableBeanFactory.java:511)
	at org.springframework.beans.factory.support.AbstractAutowireCapableBeanFactory.createBean(AbstractAutowireCapableBeanFactory.java:481)
	at org.springframework.beans.factory.support.AbstractBeanFactory$1.getObject(AbstractBeanFactory.java:312)
	at org.springframework.beans.factory.support.DefaultSingletonBeanRegistry.getSingleton(DefaultSingletonBeanRegistry.java:230)
	at org.springframework.beans.factory.support.AbstractBeanFactory.doGetBean(AbstractBeanFactory.java:308)
	at org.springframework.beans.factory.support.AbstractBeanFactory.getBean(AbstractBeanFactory.java:197)
	at org.springframework.beans.factory.support.DefaultListableBeanFactory.preInstantiateSingletons(DefaultListableBeanFactory.java:761)
	at org.springframework.context.support.AbstractApplicationContext.finishBeanFactoryInitialization(AbstractApplicationContext.java:867)
	at org.springframework.context.support.AbstractApplicationContext.refresh(AbstractApplicationContext.java:543)
	at org.springframework.boot.context.embedded.EmbeddedWebApplicationContext.refresh(EmbeddedWebApplicationContext.java:124)
	at org.springframework.boot.SpringApplication.refresh(SpringApplication.java:693)
	at org.springframework.boot.SpringApplication.refreshContext(SpringApplication.java:360)
	at org.springframework.boot.SpringApplication.run(SpringApplication.java:303)
	at org.springframework.boot.test.context.SpringBootContextLoader.loadContext(SpringBootContextLoader.java:121)
	at org.springframework.test.context.cache.DefaultCacheAwareContextLoaderDelegate.loadContextInternal(DefaultCacheAwareContextLoaderDelegate.java:98)
	at org.springframework.test.context.cache.DefaultCacheAwareContextLoaderDelegate.loadContext(DefaultCacheAwareContextLoaderDelegate.java:116)
	at org.springframework.test.context.support.DefaultTestContext.getApplicationContext(DefaultTestContext.java:83)
	at org.springframework.test.context.support.DependencyInjectionTestExecutionListener.injectDependencies(DependencyInjectionTestExecutionListener.java:117)
	at org.springframework.test.context.support.DependencyInjectionTestExecutionListener.prepareTestInstance(DependencyInjectionTestExecutionListener.java:83)
	at org.springframework.boot.test.autoconfigure.SpringBootDependencyInjectionTestExecutionListener.prepareTestInstance(SpringBootDependencyInjectionTestExecutionListener.java:44)
	at org.springframework.test.context.TestContextManager.prepareTestInstance(TestContextManager.java:230)
	at org.springframework.test.context.junit4.SpringJUnit4ClassRunner.createTest(SpringJUnit4ClassRunner.java:228)
	at org.springframework.test.context.junit4.SpringJUnit4ClassRunner$1.runReflectiveCall(SpringJUnit4ClassRunner.java:287)
	at org.junit.internal.runners.model.ReflectiveCallable.run(ReflectiveCallable.java:12)
	at org.springframework.test.context.junit4.SpringJUnit4ClassRunner.methodBlock(SpringJUnit4ClassRunner.java:289)
	at org.springframework.test.context.junit4.SpringJUnit4ClassRunner.runChild(SpringJUnit4ClassRunner.java:247)
	at org.springframework.test.context.junit4.SpringJUnit4ClassRunner.runChild(SpringJUnit4ClassRunner.java:94)
	at org.junit.runners.ParentRunner$3.run(ParentRunner.java:290)
	at org.junit.runners.ParentRunner$1.schedule(ParentRunner.java:71)
	at org.junit.runners.ParentRunner.runChildren(ParentRunner.java:288)
	at org.junit.runners.ParentRunner.access$000(ParentRunner.java:58)
	at org.junit.runners.ParentRunner$2.evaluate(ParentRunner.java:268)
	at org.springframework.test.context.junit4.statements.RunBeforeTestClassCallbacks.evaluate(RunBeforeTestClassCallbacks.java:61)
	at org.springframework.test.context.junit4.statements.RunAfterTestClassCallbacks.evaluate(RunAfterTestClassCallbacks.java:70)
	at org.junit.runners.ParentRunner.run(ParentRunner.java:363)
	at org.springframework.test.context.junit4.SpringJUnit4ClassRunner.run(SpringJUnit4ClassRunner.java:191)
	at org.apache.maven.surefire.junit4.JUnit4Provider.execute(JUnit4Provider.java:283)
	at org.apache.maven.surefire.junit4.JUnit4Provider.executeWithRerun(JUnit4Provider.java:173)
	at org.apache.maven.surefire.junit4.JUnit4Provider.executeTestSet(JUnit4Provider.java:153)
	at org.apache.maven.surefire.junit4.JUnit4Provider.invoke(JUnit4Provider.java:128)
	at org.apache.maven.surefire.booter.ForkedBooter.invokeProviderInSameClassLoader(ForkedBooter.java:203)
	at org.apache.maven.surefire.booter.ForkedBooter.runSuitesInProcess(ForkedBooter.java:155)
	at org.apache.maven.surefire.booter.ForkedBooter.main(ForkedBooter.java:103)
]]></error>
    <system-out><![CDATA[13:09:51.609 [main] DEBUG org.springframework.test.context.junit4.SpringJUnit4ClassRunner - SpringJUnit4ClassRunner constructor called with [class fr.cea.bigpi.fhe.repository.test.SampleRepositoryTest]
13:09:51.618 [main] DEBUG org.springframework.test.context.BootstrapUtils - Instantiating CacheAwareContextLoaderDelegate from class [org.springframework.test.context.cache.DefaultCacheAwareContextLoaderDelegate]
13:09:51.629 [main] DEBUG org.springframework.test.context.BootstrapUtils - Instantiating BootstrapContext using constructor [public org.springframework.test.context.support.DefaultBootstrapContext(java.lang.Class,org.springframework.test.context.CacheAwareContextLoaderDelegate)]
13:09:51.654 [main] DEBUG org.springframework.test.context.BootstrapUtils - Instantiating TestContextBootstrapper for test class [fr.cea.bigpi.fhe.repository.test.SampleRepositoryTest] from class [org.springframework.boot.test.context.SpringBootTestContextBootstrapper]
13:09:51.672 [main] DEBUG org.springframework.test.context.support.AbstractContextLoader - Did not detect default resource location for test class [fr.cea.bigpi.fhe.repository.test.SampleRepositoryTest]: class path resource [fr/cea/bigpi/fhe/repository/test/SampleRepositoryTest-context.xml] does not exist
13:09:51.674 [main] DEBUG org.springframework.test.context.support.AbstractContextLoader - Did not detect default resource location for test class [fr.cea.bigpi.fhe.repository.test.SampleRepositoryTest]: class path resource [fr/cea/bigpi/fhe/repository/test/SampleRepositoryTestContext.groovy] does not exist
13:09:51.675 [main] INFO org.springframework.test.context.support.AbstractContextLoader - Could not detect default resource locations for test class [fr.cea.bigpi.fhe.repository.test.SampleRepositoryTest]: no resource found for suffixes {-context.xml, Context.groovy}.
13:09:51.776 [main] DEBUG org.springframework.boot.test.context.SpringBootTestContextBootstrapper - @TestExecutionListeners is not present for class [fr.cea.bigpi.fhe.repository.test.SampleRepositoryTest]: using defaults.
13:09:51.783 [main] INFO org.springframework.boot.test.context.SpringBootTestContextBootstrapper - Loaded default TestExecutionListener class names from location [META-INF/spring.factories]: [org.springframework.boot.test.mock.mockito.MockitoTestExecutionListener, org.springframework.boot.test.mock.mockito.ResetMocksTestExecutionListener, org.springframework.boot.test.autoconfigure.restdocs.RestDocsTestExecutionListener, org.springframework.boot.test.autoconfigure.web.client.MockRestServiceServerResetTestExecutionListener, org.springframework.boot.test.autoconfigure.web.servlet.MockMvcPrintOnlyOnFailureTestExecutionListener, org.springframework.boot.test.autoconfigure.web.servlet.WebDriverTestExecutionListener, org.springframework.test.context.web.ServletTestExecutionListener, org.springframework.test.context.support.DirtiesContextBeforeModesTestExecutionListener, org.springframework.test.context.support.DependencyInjectionTestExecutionListener, org.springframework.test.context.support.DirtiesContextTestExecutionListener, org.springframework.test.context.transaction.TransactionalTestExecutionListener, org.springframework.test.context.jdbc.SqlScriptsTestExecutionListener]
13:09:51.823 [main] INFO org.springframework.boot.test.context.SpringBootTestContextBootstrapper - Using TestExecutionListeners: [org.springframework.test.context.web.ServletTestExecutionListener@dc9876b, org.springframework.test.context.support.DirtiesContextBeforeModesTestExecutionListener@2f666ebb, org.springframework.boot.test.mock.mockito.MockitoTestExecutionListener@19976a65, org.springframework.boot.test.autoconfigure.SpringBootDependencyInjectionTestExecutionListener@a1f72f5, org.springframework.test.context.support.DirtiesContextTestExecutionListener@4b2c5e02, org.springframework.test.context.transaction.TransactionalTestExecutionListener@57a3e26a, org.springframework.test.context.jdbc.SqlScriptsTestExecutionListener@75c56eb9, org.springframework.boot.test.mock.mockito.ResetMocksTestExecutionListener@4bc222e, org.springframework.boot.test.autoconfigure.restdocs.RestDocsTestExecutionListener@2dc9b0f5, org.springframework.boot.test.autoconfigure.web.client.MockRestServiceServerResetTestExecutionListener@6531a794, org.springframework.boot.test.autoconfigure.web.servlet.MockMvcPrintOnlyOnFailureTestExecutionListener@3b5fad2d, org.springframework.boot.test.autoconfigure.web.servlet.WebDriverTestExecutionListener@5e17553a]
13:09:51.842 [main] DEBUG org.springframework.test.annotation.ProfileValueUtils - Retrieved @ProfileValueSourceConfiguration [null] for test class [fr.cea.bigpi.fhe.repository.test.SampleRepositoryTest]
13:09:51.843 [main] DEBUG org.springframework.test.annotation.ProfileValueUtils - Retrieved ProfileValueSource type [class org.springframework.test.annotation.SystemProfileValueSource] for class [fr.cea.bigpi.fhe.repository.test.SampleRepositoryTest]
13:09:51.846 [main] DEBUG org.springframework.test.context.junit4.SpringJUnit4ClassRunner - SpringJUnit4ClassRunner constructor called with [class fr.cea.bigpi.fhe.repository.test.SampleRepositoryTest]
13:09:51.847 [main] DEBUG org.springframework.test.context.BootstrapUtils - Instantiating CacheAwareContextLoaderDelegate from class [org.springframework.test.context.cache.DefaultCacheAwareContextLoaderDelegate]
13:09:51.847 [main] DEBUG org.springframework.test.context.BootstrapUtils - Instantiating BootstrapContext using constructor [public org.springframework.test.context.support.DefaultBootstrapContext(java.lang.Class,org.springframework.test.context.CacheAwareContextLoaderDelegate)]
13:09:51.848 [main] DEBUG org.springframework.test.context.BootstrapUtils - Instantiating TestContextBootstrapper for test class [fr.cea.bigpi.fhe.repository.test.SampleRepositoryTest] from class [org.springframework.boot.test.context.SpringBootTestContextBootstrapper]
13:09:51.855 [main] DEBUG org.springframework.test.context.support.AbstractContextLoader - Did not detect default resource location for test class [fr.cea.bigpi.fhe.repository.test.SampleRepositoryTest]: class path resource [fr/cea/bigpi/fhe/repository/test/SampleRepositoryTest-context.xml] does not exist
13:09:51.856 [main] DEBUG org.springframework.test.context.support.AbstractContextLoader - Did not detect default resource location for test class [fr.cea.bigpi.fhe.repository.test.SampleRepositoryTest]: class path resource [fr/cea/bigpi/fhe/repository/test/SampleRepositoryTestContext.groovy] does not exist
13:09:51.857 [main] INFO org.springframework.test.context.support.AbstractContextLoader - Could not detect default resource locations for test class [fr.cea.bigpi.fhe.repository.test.SampleRepositoryTest]: no resource found for suffixes {-context.xml, Context.groovy}.
13:09:51.880 [main] DEBUG org.springframework.boot.test.context.SpringBootTestContextBootstrapper - @TestExecutionListeners is not present for class [fr.cea.bigpi.fhe.repository.test.SampleRepositoryTest]: using defaults.
13:09:51.885 [main] INFO org.springframework.boot.test.context.SpringBootTestContextBootstrapper - Loaded default TestExecutionListener class names from location [META-INF/spring.factories]: [org.springframework.boot.test.mock.mockito.MockitoTestExecutionListener, org.springframework.boot.test.mock.mockito.ResetMocksTestExecutionListener, org.springframework.boot.test.autoconfigure.restdocs.RestDocsTestExecutionListener, org.springframework.boot.test.autoconfigure.web.client.MockRestServiceServerResetTestExecutionListener, org.springframework.boot.test.autoconfigure.web.servlet.MockMvcPrintOnlyOnFailureTestExecutionListener, org.springframework.boot.test.autoconfigure.web.servlet.WebDriverTestExecutionListener, org.springframework.test.context.web.ServletTestExecutionListener, org.springframework.test.context.support.DirtiesContextBeforeModesTestExecutionListener, org.springframework.test.context.support.DependencyInjectionTestExecutionListener, org.springframework.test.context.support.DirtiesContextTestExecutionListener, org.springframework.test.context.transaction.TransactionalTestExecutionListener, org.springframework.test.context.jdbc.SqlScriptsTestExecutionListener]
13:09:51.891 [main] INFO org.springframework.boot.test.context.SpringBootTestContextBootstrapper - Using TestExecutionListeners: [org.springframework.test.context.web.ServletTestExecutionListener@58ce9668, org.springframework.test.context.support.DirtiesContextBeforeModesTestExecutionListener@172b013, org.springframework.boot.test.mock.mockito.MockitoTestExecutionListener@56673b2c, org.springframework.boot.test.autoconfigure.SpringBootDependencyInjectionTestExecutionListener@2796aeae, org.springframework.test.context.support.DirtiesContextTestExecutionListener@b4711e2, org.springframework.test.context.transaction.TransactionalTestExecutionListener@1fa1cab1, org.springframework.test.context.jdbc.SqlScriptsTestExecutionListener@70f02c32, org.springframework.boot.test.mock.mockito.ResetMocksTestExecutionListener@62010f5c, org.springframework.boot.test.autoconfigure.restdocs.RestDocsTestExecutionListener@51fadaff, org.springframework.boot.test.autoconfigure.web.client.MockRestServiceServerResetTestExecutionListener@401f7633, org.springframework.boot.test.autoconfigure.web.servlet.MockMvcPrintOnlyOnFailureTestExecutionListener@31ff43be, org.springframework.boot.test.autoconfigure.web.servlet.WebDriverTestExecutionListener@5b6ec132]
13:09:51.892 [main] DEBUG org.springframework.test.annotation.ProfileValueUtils - Retrieved @ProfileValueSourceConfiguration [null] for test class [fr.cea.bigpi.fhe.repository.test.SampleRepositoryTest]
13:09:51.892 [main] DEBUG org.springframework.test.annotation.ProfileValueUtils - Retrieved ProfileValueSource type [class org.springframework.test.annotation.SystemProfileValueSource] for class [fr.cea.bigpi.fhe.repository.test.SampleRepositoryTest]
13:09:51.893 [main] DEBUG org.springframework.test.annotation.ProfileValueUtils - Retrieved @ProfileValueSourceConfiguration [null] for test class [fr.cea.bigpi.fhe.repository.test.SampleRepositoryTest]
13:09:51.894 [main] DEBUG org.springframework.test.annotation.ProfileValueUtils - Retrieved ProfileValueSource type [class org.springframework.test.annotation.SystemProfileValueSource] for class [fr.cea.bigpi.fhe.repository.test.SampleRepositoryTest]
13:09:51.897 [main] DEBUG org.springframework.test.context.support.AbstractDirtiesContextTestExecutionListener - Before test class: context [DefaultTestContext@1fc32e4f testClass = SampleRepositoryTest, testInstance = [null], testMethod = [null], testException = [null], mergedContextConfiguration = [WebMergedContextConfiguration@2f67b837 testClass = SampleRepositoryTest, locations = '{}', classes = '{class fr.cea.bigpi.fhe.dap.patternsearch.Application, class fr.cea.bigpi.fhe.dap.patternsearch.Application}', contextInitializerClasses = '[]', activeProfiles = '{test}', propertySourceLocations = '{}', propertySourceProperties = '{org.springframework.boot.test.context.SpringBootTestContextBootstrapper=true, server.port=0}', contextCustomizers = set[[ImportsContextCustomizer@1869fbd2 key = [org.springframework.boot.test.autoconfigure.web.servlet.MockMvcAutoConfiguration, org.springframework.boot.test.autoconfigure.web.servlet.MockMvcSecurityAutoConfiguration, org.springframework.boot.test.autoconfigure.web.servlet.MockMvcWebClientAutoConfiguration, org.springframework.boot.test.autoconfigure.web.servlet.MockMvcWebDriverAutoConfiguration]], org.springframework.boot.test.context.SpringBootTestContextCustomizer@2a7f1f10, org.springframework.boot.test.context.filter.ExcludeFilterContextCustomizer@7526515b, org.springframework.boot.test.json.DuplicateJsonObjectContextCustomizerFactory$DuplicateJsonObjectContextCustomizer@6d4d66d2, org.springframework.boot.test.mock.mockito.MockitoContextCustomizer@0, org.springframework.boot.test.autoconfigure.properties.PropertyMappingContextCustomizer@e7e8512, org.springframework.boot.test.autoconfigure.web.servlet.WebDriverContextCustomizerFactory$Customizer@5149d738], resourceBasePath = 'src/main/webapp', contextLoader = 'org.springframework.boot.test.context.SpringBootContextLoader', parent = [null]]], class annotated with @DirtiesContext [false] with mode [null].
13:09:51.898 [main] DEBUG org.springframework.test.annotation.ProfileValueUtils - Retrieved @ProfileValueSourceConfiguration [null] for test class [fr.cea.bigpi.fhe.repository.test.SampleRepositoryTest]
13:09:51.898 [main] DEBUG org.springframework.test.annotation.ProfileValueUtils - Retrieved ProfileValueSource type [class org.springframework.test.annotation.SystemProfileValueSource] for class [fr.cea.bigpi.fhe.repository.test.SampleRepositoryTest]
13:09:51.900 [main] DEBUG org.springframework.test.context.support.DependencyInjectionTestExecutionListener - Performing dependency injection for test context [[DefaultTestContext@1fc32e4f testClass = SampleRepositoryTest, testInstance = fr.cea.bigpi.fhe.repository.test.SampleRepositoryTest@632ceb35, testMethod = [null], testException = [null], mergedContextConfiguration = [WebMergedContextConfiguration@2f67b837 testClass = SampleRepositoryTest, locations = '{}', classes = '{class fr.cea.bigpi.fhe.dap.patternsearch.Application, class fr.cea.bigpi.fhe.dap.patternsearch.Application}', contextInitializerClasses = '[]', activeProfiles = '{test}', propertySourceLocations = '{}', propertySourceProperties = '{org.springframework.boot.test.context.SpringBootTestContextBootstrapper=true, server.port=0}', contextCustomizers = set[[ImportsContextCustomizer@1869fbd2 key = [org.springframework.boot.test.autoconfigure.web.servlet.MockMvcAutoConfiguration, org.springframework.boot.test.autoconfigure.web.servlet.MockMvcSecurityAutoConfiguration, org.springframework.boot.test.autoconfigure.web.servlet.MockMvcWebClientAutoConfiguration, org.springframework.boot.test.autoconfigure.web.servlet.MockMvcWebDriverAutoConfiguration]], org.springframework.boot.test.context.SpringBootTestContextCustomizer@2a7f1f10, org.springframework.boot.test.context.filter.ExcludeFilterContextCustomizer@7526515b, org.springframework.boot.test.json.DuplicateJsonObjectContextCustomizerFactory$DuplicateJsonObjectContextCustomizer@6d4d66d2, org.springframework.boot.test.mock.mockito.MockitoContextCustomizer@0, org.springframework.boot.test.autoconfigure.properties.PropertyMappingContextCustomizer@e7e8512, org.springframework.boot.test.autoconfigure.web.servlet.WebDriverContextCustomizerFactory$Customizer@5149d738], resourceBasePath = 'src/main/webapp', contextLoader = 'org.springframework.boot.test.context.SpringBootContextLoader', parent = [null]]]].
13:09:51.991 [main] DEBUG org.springframework.core.env.StandardEnvironment - Adding PropertySource 'systemProperties' with lowest search precedence
13:09:51.992 [main] DEBUG org.springframework.core.env.StandardEnvironment - Adding PropertySource 'systemEnvironment' with lowest search precedence
13:09:51.993 [main] DEBUG org.springframework.core.env.StandardEnvironment - Initialized StandardEnvironment with PropertySources [MapPropertySource@1800649922 {name='systemProperties', properties={java.specification.version=15, sun.jnu.encoding=UTF-8, java.class.path=/home/hgnguyen/workspace-spring-tool-suite-4-4.15.3.RELEASE/PatternSearchProject/patternSearch-client-service/target/test-classes:/home/hgnguyen/workspace-spring-tool-suite-4-4.15.3.RELEASE/PatternSearchProject/patternSearch-client-service/target/classes:/home/hgnguyen/.m2/repository/commons-codec/commons-codec/1.15/commons-codec-1.15.jar:/home/hgnguyen/.m2/repository/javax/persistence/javax.persistence-api/2.2/javax.persistence-api-2.2.jar:/home/hgnguyen/.m2/repository/com/sun/activation/javax.activation/1.2.0/javax.activation-1.2.0.jar:/home/hgnguyen/.m2/repository/org/springframework/cloud/spring-cloud-starter-netflix-eureka-client/1.4.0.RELEASE/spring-cloud-starter-netflix-eureka-client-1.4.0.RELEASE.jar:/home/hgnguyen/.m2/repository/org/springframework/boot/spring-boot-starter-web/1.5.18.RELEASE/spring-boot-starter-web-1.5.18.RELEASE.jar:/home/hgnguyen/.m2/repository/org/springframework/boot/spring-boot-starter-tomcat/1.5.18.RELEASE/spring-boot-starter-tomcat-1.5.18.RELEASE.jar:/home/hgnguyen/.m2/repository/org/apache/tomcat/embed/tomcat-embed-core/8.5.35/tomcat-embed-core-8.5.35.jar:/home/hgnguyen/.m2/repository/org/apache/tomcat/tomcat-annotations-api/8.5.35/tomcat-annotations-api-8.5.35.jar:/home/hgnguyen/.m2/repository/org/apache/tomcat/embed/tomcat-embed-el/8.5.35/tomcat-embed-el-8.5.35.jar:/home/hgnguyen/.m2/repository/org/apache/tomcat/embed/tomcat-embed-websocket/8.5.35/tomcat-embed-websocket-8.5.35.jar:/home/hgnguyen/.m2/repository/org/hibernate/hibernate-validator/5.3.6.Final/hibernate-validator-5.3.6.Final.jar:/home/hgnguyen/.m2/repository/javax/validation/validation-api/1.1.0.Final/validation-api-1.1.0.Final.jar:/home/hgnguyen/.m2/repository/org/springframework/spring-webmvc/4.3.21.RELEASE/spring-webmvc-4.3.21.RELEASE.jar:/home/hgnguyen/.m2/repository/org/springframework/spring-expression/4.3.21.RELEASE/spring-expression-4.3.21.RELEASE.jar:/home/hgnguyen/.m2/repository/org/springframework/cloud/spring-cloud-starter/1.3.0.RELEASE/spring-cloud-starter-1.3.0.RELEASE.jar:/home/hgnguyen/.m2/repository/org/springframework/cloud/spring-cloud-context/1.3.0.RELEASE/spring-cloud-context-1.3.0.RELEASE.jar:/home/hgnguyen/.m2/repository/org/springframework/security/spring-security-rsa/1.0.3.RELEASE/spring-security-rsa-1.0.3.RELEASE.jar:/home/hgnguyen/.m2/repository/org/bouncycastle/bcpkix-jdk15on/1.55/bcpkix-jdk15on-1.55.jar:/home/hgnguyen/.m2/repository/org/bouncycastle/bcprov-jdk15on/1.55/bcprov-jdk15on-1.55.jar:/home/hgnguyen/.m2/repository/org/springframework/cloud/spring-cloud-netflix-core/1.4.0.RELEASE/spring-cloud-netflix-core-1.4.0.RELEASE.jar:/home/hgnguyen/.m2/repository/org/springframework/boot/spring-boot/1.5.18.RELEASE/spring-boot-1.5.18.RELEASE.jar:/home/hgnguyen/.m2/repository/org/springframework/boot/spring-boot-autoconfigure/1.5.18.RELEASE/spring-boot-autoconfigure-1.5.18.RELEASE.jar:/home/hgnguyen/.m2/repository/org/springframework/cloud/spring-cloud-netflix-eureka-client/1.4.0.RELEASE/spring-cloud-netflix-eureka-client-1.4.0.RELEASE.jar:/home/hgnguyen/.m2/repository/com/netflix/eureka/eureka-client/1.7.0/eureka-client-1.7.0.jar:/home/hgnguyen/.m2/repository/org/codehaus/jettison/jettison/1.3.7/jettison-1.3.7.jar:/home/hgnguyen/.m2/repository/stax/stax-api/1.0.1/stax-api-1.0.1.jar:/home/hgnguyen/.m2/repository/com/netflix/netflix-commons/netflix-eventbus/0.3.0/netflix-eventbus-0.3.0.jar:/home/hgnguyen/.m2/repository/com/netflix/netflix-commons/netflix-infix/0.3.0/netflix-infix-0.3.0.jar:/home/hgnguyen/.m2/repository/commons-jxpath/commons-jxpath/1.3/commons-jxpath-1.3.jar:/home/hgnguyen/.m2/repository/joda-time/joda-time/2.9.9/joda-time-2.9.9.jar:/home/hgnguyen/.m2/repository/org/antlr/antlr-runtime/3.4/antlr-runtime-3.4.jar:/home/hgnguyen/.m2/repository/org/antlr/stringtemplate/3.2.1/stringtemplate-3.2.1.jar:/home/hgnguyen/.m2/repository/com/google/code/gson/gson/2.8.5/gson-2.8.5.jar:/home/hgnguyen/.m2/repository/org/apache/commons/commons-math/2.2/commons-math-2.2.jar:/home/hgnguyen/.m2/repository/com/netflix/archaius/archaius-core/0.7.4/archaius-core-0.7.4.jar:/home/hgnguyen/.m2/repository/javax/ws/rs/jsr311-api/1.1.1/jsr311-api-1.1.1.jar:/home/hgnguyen/.m2/repository/com/netflix/servo/servo-core/0.10.1/servo-core-0.10.1.jar:/home/hgnguyen/.m2/repository/com/netflix/servo/servo-internal/0.10.1/servo-internal-0.10.1.jar:/home/hgnguyen/.m2/repository/com/sun/jersey/jersey-core/1.19.1/jersey-core-1.19.1.jar:/home/hgnguyen/.m2/repository/com/sun/jersey/jersey-client/1.19.1/jersey-client-1.19.1.jar:/home/hgnguyen/.m2/repository/com/sun/jersey/contribs/jersey-apache-client4/1.19.1/jersey-apache-client4-1.19.1.jar:/home/hgnguyen/.m2/repository/org/apache/httpcomponents/httpclient/4.5.6/httpclient-4.5.6.jar:/home/hgnguyen/.m2/repository/org/apache/httpcomponents/httpcore/4.4.10/httpcore-4.4.10.jar:/home/hgnguyen/.m2/repository/com/google/inject/guice/4.1.0/guice-4.1.0.jar:/home/hgnguyen/.m2/repository/aopalliance/aopalliance/1.0/aopalliance-1.0.jar:/home/hgnguyen/.m2/repository/com/netflix/eureka/eureka-core/1.7.0/eureka-core-1.7.0.jar:/home/hgnguyen/.m2/repository/org/codehaus/woodstox/woodstox-core-asl/4.4.1/woodstox-core-asl-4.4.1.jar:/home/hgnguyen/.m2/repository/javax/xml/stream/stax-api/1.0-2/stax-api-1.0-2.jar:/home/hgnguyen/.m2/repository/org/codehaus/woodstox/stax2-api/3.1.4/stax2-api-3.1.4.jar:/home/hgnguyen/.m2/repository/org/springframework/cloud/spring-cloud-starter-netflix-archaius/1.4.0.RELEASE/spring-cloud-starter-netflix-archaius-1.4.0.RELEASE.jar:/home/hgnguyen/.m2/repository/commons-configuration/commons-configuration/1.8/commons-configuration-1.8.jar:/home/hgnguyen/.m2/repository/commons-lang/commons-lang/2.6/commons-lang-2.6.jar:/home/hgnguyen/.m2/repository/org/springframework/cloud/spring-cloud-starter-netflix-ribbon/1.4.0.RELEASE/spring-cloud-starter-netflix-ribbon-1.4.0.RELEASE.jar:/home/hgnguyen/.m2/repository/com/netflix/ribbon/ribbon/2.2.4/ribbon-2.2.4.jar:/home/hgnguyen/.m2/repository/com/netflix/ribbon/ribbon-transport/2.2.4/ribbon-transport-2.2.4.jar:/home/hgnguyen/.m2/repository/io/reactivex/rxnetty-contexts/0.4.9/rxnetty-contexts-0.4.9.jar:/home/hgnguyen/.m2/repository/io/reactivex/rxnetty-servo/0.4.9/rxnetty-servo-0.4.9.jar:/home/hgnguyen/.m2/repository/io/reactivex/rxnetty/0.4.9/rxnetty-0.4.9.jar:/home/hgnguyen/.m2/repository/io/netty/netty-codec-http/4.0.27.Final/netty-codec-http-4.0.27.Final.jar:/home/hgnguyen/.m2/repository/io/netty/netty-codec/4.0.27.Final/netty-codec-4.0.27.Final.jar:/home/hgnguyen/.m2/repository/io/netty/netty-handler/4.0.27.Final/netty-handler-4.0.27.Final.jar:/home/hgnguyen/.m2/repository/io/netty/netty-transport-native-epoll/4.0.27.Final/netty-transport-native-epoll-4.0.27.Final.jar:/home/hgnguyen/.m2/repository/io/netty/netty-common/4.0.27.Final/netty-common-4.0.27.Final.jar:/home/hgnguyen/.m2/repository/io/netty/netty-buffer/4.0.27.Final/netty-buffer-4.0.27.Final.jar:/home/hgnguyen/.m2/repository/io/netty/netty-transport/4.0.27.Final/netty-transport-4.0.27.Final.jar:/home/hgnguyen/.m2/repository/com/netflix/ribbon/ribbon-core/2.2.4/ribbon-core-2.2.4.jar:/home/hgnguyen/.m2/repository/com/netflix/ribbon/ribbon-httpclient/2.2.4/ribbon-httpclient-2.2.4.jar:/home/hgnguyen/.m2/repository/commons-collections/commons-collections/3.2.2/commons-collections-3.2.2.jar:/home/hgnguyen/.m2/repository/com/netflix/netflix-commons/netflix-commons-util/0.1.1/netflix-commons-util-0.1.1.jar:/home/hgnguyen/.m2/repository/com/netflix/ribbon/ribbon-loadbalancer/2.2.4/ribbon-loadbalancer-2.2.4.jar:/home/hgnguyen/.m2/repository/com/netflix/netflix-commons/netflix-statistics/0.1.1/netflix-statistics-0.1.1.jar:/home/hgnguyen/.m2/repository/io/reactivex/rxjava/1.2.0/rxjava-1.2.0.jar:/home/hgnguyen/.m2/repository/com/netflix/ribbon/ribbon-eureka/2.2.4/ribbon-eureka-2.2.4.jar:/home/hgnguyen/.m2/repository/com/thoughtworks/xstream/xstream/1.4.9/xstream-1.4.9.jar:/home/hgnguyen/.m2/repository/xmlpull/xmlpull/1.1.3.1/xmlpull-1.1.3.1.jar:/home/hgnguyen/.m2/repository/xpp3/xpp3_min/1.1.4c/xpp3_min-1.1.4c.jar:/home/hgnguyen/.m2/repository/org/springframework/cloud/spring-cloud-starter-openfeign/1.4.0.RELEASE/spring-cloud-starter-openfeign-1.4.0.RELEASE.jar:/home/hgnguyen/.m2/repository/org/springframework/spring-web/4.3.21.RELEASE/spring-web-4.3.21.RELEASE.jar:/home/hgnguyen/.m2/repository/org/springframework/spring-aop/4.3.21.RELEASE/spring-aop-4.3.21.RELEASE.jar:/home/hgnguyen/.m2/repository/org/springframework/spring-beans/4.3.21.RELEASE/spring-beans-4.3.21.RELEASE.jar:/home/hgnguyen/.m2/repository/org/springframework/spring-context/4.3.21.RELEASE/spring-context-4.3.21.RELEASE.jar:/home/hgnguyen/.m2/repository/org/springframework/cloud/spring-cloud-commons/1.3.0.RELEASE/spring-cloud-commons-1.3.0.RELEASE.jar:/home/hgnguyen/.m2/repository/org/springframework/security/spring-security-crypto/4.2.10.RELEASE/spring-security-crypto-4.2.10.RELEASE.jar:/home/hgnguyen/.m2/repository/io/github/openfeign/feign-core/9.5.0/feign-core-9.5.0.jar:/home/hgnguyen/.m2/repository/org/jvnet/animal-sniffer-annotation/1.0/animal-sniffer-annotation-1.0.jar:/home/hgnguyen/.m2/repository/io/github/openfeign/feign-slf4j/9.5.0/feign-slf4j-9.5.0.jar:/home/hgnguyen/.m2/repository/io/github/openfeign/feign-hystrix/9.5.0/feign-hystrix-9.5.0.jar:/home/hgnguyen/.m2/repository/com/netflix/hystrix/hystrix-core/1.5.12/hystrix-core-1.5.12.jar:/home/hgnguyen/.m2/repository/org/hdrhistogram/HdrHistogram/2.1.9/HdrHistogram-2.1.9.jar:/home/hgnguyen/.m2/repository/org/springframework/cloud/spring-cloud-starter-sleuth/1.3.0.RELEASE/spring-cloud-starter-sleuth-1.3.0.RELEASE.jar:/home/hgnguyen/.m2/repository/org/springframework/boot/spring-boot-starter-aop/1.5.18.RELEASE/spring-boot-starter-aop-1.5.18.RELEASE.jar:/home/hgnguyen/.m2/repository/org/aspectj/aspectjweaver/1.8.13/aspectjweaver-1.8.13.jar:/home/hgnguyen/.m2/repository/org/springframework/cloud/spring-cloud-sleuth-core/1.3.0.RELEASE/spring-cloud-sleuth-core-1.3.0.RELEASE.jar:/home/hgnguyen/.m2/repository/org/aspectj/aspectjrt/1.8.13/aspectjrt-1.8.13.jar:/home/hgnguyen/.m2/repository/io/springfox/springfox-swagger2/2.9.2/springfox-swagger2-2.9.2.jar:/home/hgnguyen/.m2/repository/io/swagger/swagger-annotations/1.5.20/swagger-annotations-1.5.20.jar:/home/hgnguyen/.m2/repository/io/swagger/swagger-models/1.5.20/swagger-models-1.5.20.jar:/home/hgnguyen/.m2/repository/io/springfox/springfox-spi/2.9.2/springfox-spi-2.9.2.jar:/home/hgnguyen/.m2/repository/io/springfox/springfox-core/2.9.2/springfox-core-2.9.2.jar:/home/hgnguyen/.m2/repository/net/bytebuddy/byte-buddy/1.8.12/byte-buddy-1.8.12.jar:/home/hgnguyen/.m2/repository/io/springfox/springfox-schema/2.9.2/springfox-schema-2.9.2.jar:/home/hgnguyen/.m2/repository/io/springfox/springfox-swagger-common/2.9.2/springfox-swagger-common-2.9.2.jar:/home/hgnguyen/.m2/repository/io/springfox/springfox-spring-web/2.9.2/springfox-spring-web-2.9.2.jar:/home/hgnguyen/.m2/repository/com/fasterxml/classmate/1.3.4/classmate-1.3.4.jar:/home/hgnguyen/.m2/repository/org/slf4j/slf4j-api/1.7.25/slf4j-api-1.7.25.jar:/home/hgnguyen/.m2/repository/org/springframework/plugin/spring-plugin-core/1.2.0.RELEASE/spring-plugin-core-1.2.0.RELEASE.jar:/home/hgnguyen/.m2/repository/org/springframework/plugin/spring-plugin-metadata/1.2.0.RELEASE/spring-plugin-metadata-1.2.0.RELEASE.jar:/home/hgnguyen/.m2/repository/org/mapstruct/mapstruct/1.2.0.Final/mapstruct-1.2.0.Final.jar:/home/hgnguyen/.m2/repository/io/springfox/springfox-swagger-ui/2.9.2/springfox-swagger-ui-2.9.2.jar:/home/hgnguyen/.m2/repository/com/google/guava/guava/24.1.1-jre/guava-24.1.1-jre.jar:/home/hgnguyen/.m2/repository/com/google/code/findbugs/jsr305/1.3.9/jsr305-1.3.9.jar:/home/hgnguyen/.m2/repository/org/checkerframework/checker-compat-qual/2.0.0/checker-compat-qual-2.0.0.jar:/home/hgnguyen/.m2/repository/com/google/errorprone/error_prone_annotations/2.1.3/error_prone_annotations-2.1.3.jar:/home/hgnguyen/.m2/repository/com/google/j2objc/j2objc-annotations/1.1/j2objc-annotations-1.1.jar:/home/hgnguyen/.m2/repository/org/codehaus/mojo/animal-sniffer-annotations/1.14/animal-sniffer-annotations-1.14.jar:/home/hgnguyen/.m2/repository/org/apache/maven/maven-model/3.3.9/maven-model-3.3.9.jar:/home/hgnguyen/.m2/repository/org/codehaus/plexus/plexus-utils/3.0.22/plexus-utils-3.0.22.jar:/home/hgnguyen/.m2/repository/org/apache/commons/commons-lang3/3.4/commons-lang3-3.4.jar:/home/hgnguyen/.m2/repository/org/springframework/boot/spring-boot-starter-test/1.5.18.RELEASE/spring-boot-starter-test-1.5.18.RELEASE.jar:/home/hgnguyen/.m2/repository/org/springframework/boot/spring-boot-test/1.5.18.RELEASE/spring-boot-test-1.5.18.RELEASE.jar:/home/hgnguyen/.m2/repository/org/springframework/boot/spring-boot-test-autoconfigure/1.5.18.RELEASE/spring-boot-test-autoconfigure-1.5.18.RELEASE.jar:/home/hgnguyen/.m2/repository/com/jayway/jsonpath/json-path/2.2.0/json-path-2.2.0.jar:/home/hgnguyen/.m2/repository/net/minidev/json-smart/2.2.1/json-smart-2.2.1.jar:/home/hgnguyen/.m2/repository/net/minidev/accessors-smart/1.1/accessors-smart-1.1.jar:/home/hgnguyen/.m2/repository/junit/junit/4.12/junit-4.12.jar:/home/hgnguyen/.m2/repository/org/assertj/assertj-core/2.6.0/assertj-core-2.6.0.jar:/home/hgnguyen/.m2/repository/org/mockito/mockito-core/1.10.19/mockito-core-1.10.19.jar:/home/hgnguyen/.m2/repository/org/objenesis/objenesis/2.1/objenesis-2.1.jar:/home/hgnguyen/.m2/repository/org/hamcrest/hamcrest-core/1.3/hamcrest-core-1.3.jar:/home/hgnguyen/.m2/repository/org/hamcrest/hamcrest-library/1.3/hamcrest-library-1.3.jar:/home/hgnguyen/.m2/repository/org/skyscreamer/jsonassert/1.4.0/jsonassert-1.4.0.jar:/home/hgnguyen/.m2/repository/com/vaadin/external/google/android-json/0.0.20131108.vaadin1/android-json-0.0.20131108.vaadin1.jar:/home/hgnguyen/.m2/repository/org/springframework/spring-core/4.3.21.RELEASE/spring-core-4.3.21.RELEASE.jar:/home/hgnguyen/.m2/repository/org/springframework/spring-test/4.3.21.RELEASE/spring-test-4.3.21.RELEASE.jar:/home/hgnguyen/.m2/repository/org/springframework/cloud/spring-cloud-starter-contract-stub-runner/1.2.0.RELEASE/spring-cloud-starter-contract-stub-runner-1.2.0.RELEASE.jar:/home/hgnguyen/.m2/repository/org/springframework/cloud/spring-cloud-contract-stub-runner/1.2.0.RELEASE/spring-cloud-contract-stub-runner-1.2.0.RELEASE.jar:/home/hgnguyen/.m2/repository/org/springframework/cloud/spring-cloud-contract-shade/1.2.0.RELEASE/spring-cloud-contract-shade-1.2.0.RELEASE.jar:/home/hgnguyen/.m2/repository/org/springframework/cloud/spring-cloud-contract-spec/1.2.0.RELEASE/spring-cloud-contract-spec-1.2.0.RELEASE.jar:/home/hgnguyen/.m2/repository/dk/brics/automaton/automaton/1.11-8/automaton-1.11-8.jar:/home/hgnguyen/.m2/repository/org/apache/commons/commons-text/1.1/commons-text-1.1.jar:/home/hgnguyen/.m2/repository/org/springframework/integration/spring-integration-java-dsl/1.2.3.RELEASE/spring-integration-java-dsl-1.2.3.RELEASE.jar:/home/hgnguyen/.m2/repository/org/springframework/integration/spring-integration-core/4.3.18.RELEASE/spring-integration-core-4.3.18.RELEASE.jar:/home/hgnguyen/.m2/repository/org/springframework/spring-messaging/4.3.21.RELEASE/spring-messaging-4.3.21.RELEASE.jar:/home/hgnguyen/.m2/repository/org/springframework/retry/spring-retry/1.2.2.RELEASE/spring-retry-1.2.2.RELEASE.jar:/home/hgnguyen/.m2/repository/org/reactivestreams/reactive-streams/1.0.0/reactive-streams-1.0.0.jar:/home/hgnguyen/.m2/repository/org/springframework/cloud/spring-cloud-stream-test-support/1.3.0.RELEASE/spring-cloud-stream-test-support-1.3.0.RELEASE.jar:/home/hgnguyen/.m2/repository/org/springframework/cloud/spring-cloud-stream/1.3.0.RELEASE/spring-cloud-stream-1.3.0.RELEASE.jar:/home/hgnguyen/.m2/repository/org/springframework/boot/spring-boot-starter-validation/1.5.18.RELEASE/spring-boot-starter-validation-1.5.18.RELEASE.jar:/home/hgnguyen/.m2/repository/org/springframework/integration/spring-integration-jmx/4.3.18.RELEASE/spring-integration-jmx-4.3.18.RELEASE.jar:/home/hgnguyen/.m2/repository/org/springframework/spring-tuple/1.0.0.RELEASE/spring-tuple-1.0.0.RELEASE.jar:/home/hgnguyen/.m2/repository/com/esotericsoftware/kryo-shaded/3.0.3/kryo-shaded-3.0.3.jar:/home/hgnguyen/.m2/repository/com/esotericsoftware/minlog/1.3.0/minlog-1.3.0.jar:/home/hgnguyen/.m2/repository/org/springframework/integration/spring-integration-tuple/1.0.0.RELEASE/spring-integration-tuple-1.0.0.RELEASE.jar:/home/hgnguyen/.m2/repository/org/springframework/cloud/spring-cloud-contract-wiremock/1.2.0.RELEASE/spring-cloud-contract-wiremock-1.2.0.RELEASE.jar:/home/hgnguyen/.m2/repository/com/github/tomakehurst/wiremock-standalone/2.11.0/wiremock-standalone-2.11.0.jar:/home/hgnguyen/.m2/repository/org/eclipse/aether/aether-api/1.0.2.v20150114/aether-api-1.0.2.v20150114.jar:/home/hgnguyen/.m2/repository/org/springframework/cloud/spring-cloud-starter-contract-verifier/1.2.0.RELEASE/spring-cloud-starter-contract-verifier-1.2.0.RELEASE.jar:/home/hgnguyen/.m2/repository/org/springframework/cloud/spring-cloud-contract-verifier/1.2.0.RELEASE/spring-cloud-contract-verifier-1.2.0.RELEASE.jar:/home/hgnguyen/.m2/repository/javax/inject/javax.inject/1/javax.inject-1.jar:/home/hgnguyen/.m2/repository/org/codehaus/groovy/groovy/2.4.15/groovy-2.4.15.jar:/home/hgnguyen/.m2/repository/org/codehaus/groovy/groovy-nio/2.4.15/groovy-nio-2.4.15.jar:/home/hgnguyen/.m2/repository/org/codehaus/groovy/groovy-json/2.4.15/groovy-json-2.4.15.jar:/home/hgnguyen/.m2/repository/org/codehaus/groovy/groovy-xml/2.4.15/groovy-xml-2.4.15.jar:/home/hgnguyen/.m2/repository/com/github/jknack/handlebars/4.0.6/handlebars-4.0.6.jar:/home/hgnguyen/.m2/repository/org/antlr/antlr4-runtime/4.5.1-1/antlr4-runtime-4.5.1-1.jar:/home/hgnguyen/.m2/repository/org/mozilla/rhino/1.7R4/rhino-1.7R4.jar:/home/hgnguyen/.m2/repository/io/rest-assured/rest-assured/3.0.2/rest-assured-3.0.2.jar:/home/hgnguyen/.m2/repository/org/apache/httpcomponents/httpmime/4.5.6/httpmime-4.5.6.jar:/home/hgnguyen/.m2/repository/org/ccil/cowan/tagsoup/tagsoup/1.2.1/tagsoup-1.2.1.jar:/home/hgnguyen/.m2/repository/io/rest-assured/json-path/3.0.2/json-path-3.0.2.jar:/home/hgnguyen/.m2/repository/io/rest-assured/rest-assured-common/3.0.2/rest-assured-common-3.0.2.jar:/home/hgnguyen/.m2/repository/io/rest-assured/xml-path/3.0.2/xml-path-3.0.2.jar:/home/hgnguyen/.m2/repository/io/rest-assured/spring-mock-mvc/3.0.2/spring-mock-mvc-3.0.2.jar:/home/hgnguyen/.m2/repository/com/toomuchcoding/jsonassert/jsonassert/0.4.10/jsonassert-0.4.10.jar:/home/hgnguyen/.m2/repository/cglib/cglib/3.2.4/cglib-3.2.4.jar:/home/hgnguyen/.m2/repository/org/ow2/asm/asm/6.0_ALPHA/asm-6.0_ALPHA.jar:/home/hgnguyen/.m2/repository/org/apache/ant/ant/1.9.6/ant-1.9.6.jar:/home/hgnguyen/.m2/repository/org/apache/ant/ant-launcher/1.9.6/ant-launcher-1.9.6.jar:/home/hgnguyen/.m2/repository/com/fasterxml/jackson/datatype/jackson-datatype-jsr310/2.8.11/jackson-datatype-jsr310-2.8.11.jar:/home/hgnguyen/.m2/repository/com/fasterxml/jackson/core/jackson-annotations/2.8.0/jackson-annotations-2.8.0.jar:/home/hgnguyen/.m2/repository/com/fasterxml/jackson/core/jackson-core/2.8.11/jackson-core-2.8.11.jar:/home/hgnguyen/.m2/repository/com/fasterxml/jackson/core/jackson-databind/2.8.11.3/jackson-databind-2.8.11.3.jar:/home/hgnguyen/.m2/repository/org/springframework/cloud/spring-cloud-starter-hystrix/1.4.0.RELEASE/spring-cloud-starter-hystrix-1.4.0.RELEASE.jar:/home/hgnguyen/.m2/repository/org/springframework/cloud/spring-cloud-starter-netflix-hystrix/1.4.0.RELEASE/spring-cloud-starter-netflix-hystrix-1.4.0.RELEASE.jar:/home/hgnguyen/.m2/repository/com/netflix/hystrix/hystrix-metrics-event-stream/1.5.12/hystrix-metrics-event-stream-1.5.12.jar:/home/hgnguyen/.m2/repository/com/netflix/hystrix/hystrix-serialization/1.5.12/hystrix-serialization-1.5.12.jar:/home/hgnguyen/.m2/repository/com/fasterxml/jackson/module/jackson-module-afterburner/2.8.11/jackson-module-afterburner-2.8.11.jar:/home/hgnguyen/.m2/repository/com/netflix/hystrix/hystrix-javanica/1.5.12/hystrix-javanica-1.5.12.jar:/home/hgnguyen/.m2/repository/org/springframework/boot/spring-boot-starter-actuator/1.5.18.RELEASE/spring-boot-starter-actuator-1.5.18.RELEASE.jar:/home/hgnguyen/.m2/repository/org/springframework/boot/spring-boot-starter/1.5.18.RELEASE/spring-boot-starter-1.5.18.RELEASE.jar:/home/hgnguyen/.m2/repository/org/springframework/boot/spring-boot-starter-logging/1.5.18.RELEASE/spring-boot-starter-logging-1.5.18.RELEASE.jar:/home/hgnguyen/.m2/repository/ch/qos/logback/logback-classic/1.1.11/logback-classic-1.1.11.jar:/home/hgnguyen/.m2/repository/ch/qos/logback/logback-core/1.1.11/logback-core-1.1.11.jar:/home/hgnguyen/.m2/repository/org/slf4j/jul-to-slf4j/1.7.25/jul-to-slf4j-1.7.25.jar:/home/hgnguyen/.m2/repository/org/slf4j/log4j-over-slf4j/1.7.25/log4j-over-slf4j-1.7.25.jar:/home/hgnguyen/.m2/repository/org/yaml/snakeyaml/1.17/snakeyaml-1.17.jar:/home/hgnguyen/.m2/repository/org/springframework/boot/spring-boot-actuator/1.5.18.RELEASE/spring-boot-actuator-1.5.18.RELEASE.jar:/home/hgnguyen/.m2/repository/org/springframework/boot/spring-boot-starter-thymeleaf/1.5.18.RELEASE/spring-boot-starter-thymeleaf-1.5.18.RELEASE.jar:/home/hgnguyen/.m2/repository/org/thymeleaf/thymeleaf-spring4/2.1.6.RELEASE/thymeleaf-spring4-2.1.6.RELEASE.jar:/home/hgnguyen/.m2/repository/org/thymeleaf/thymeleaf/2.1.6.RELEASE/thymeleaf-2.1.6.RELEASE.jar:/home/hgnguyen/.m2/repository/ognl/ognl/3.0.8/ognl-3.0.8.jar:/home/hgnguyen/.m2/repository/org/unbescape/unbescape/1.1.0.RELEASE/unbescape-1.1.0.RELEASE.jar:/home/hgnguyen/.m2/repository/nz/net/ultraq/thymeleaf/thymeleaf-layout-dialect/1.4.0/thymeleaf-layout-dialect-1.4.0.jar:/home/hgnguyen/.m2/repository/org/jolokia/jolokia-core/1.3.7/jolokia-core-1.3.7.jar:/home/hgnguyen/.m2/repository/com/googlecode/json-simple/json-simple/1.1.1/json-simple-1.1.1.jar:/home/hgnguyen/.m2/repository/de/codecentric/spring-boot-admin-starter-client/1.5.1/spring-boot-admin-starter-client-1.5.1.jar:/home/hgnguyen/.m2/repository/org/springframework/boot/spring-boot-starter-data-jpa/1.5.18.RELEASE/spring-boot-starter-data-jpa-1.5.18.RELEASE.jar:/home/hgnguyen/.m2/repository/org/springframework/boot/spring-boot-starter-jdbc/1.5.18.RELEASE/spring-boot-starter-jdbc-1.5.18.RELEASE.jar:/home/hgnguyen/.m2/repository/org/apache/tomcat/tomcat-jdbc/8.5.35/tomcat-jdbc-8.5.35.jar:/home/hgnguyen/.m2/repository/org/apache/tomcat/tomcat-juli/8.5.35/tomcat-juli-8.5.35.jar:/home/hgnguyen/.m2/repository/org/springframework/spring-jdbc/4.3.21.RELEASE/spring-jdbc-4.3.21.RELEASE.jar:/home/hgnguyen/.m2/repository/org/hibernate/hibernate-core/5.0.12.Final/hibernate-core-5.0.12.Final.jar:/home/hgnguyen/.m2/repository/org/jboss/logging/jboss-logging/3.3.2.Final/jboss-logging-3.3.2.Final.jar:/home/hgnguyen/.m2/repository/org/hibernate/javax/persistence/hibernate-jpa-2.1-api/1.0.0.Final/hibernate-jpa-2.1-api-1.0.0.Final.jar:/home/hgnguyen/.m2/repository/org/javassist/javassist/3.21.0-GA/javassist-3.21.0-GA.jar:/home/hgnguyen/.m2/repository/antlr/antlr/2.7.7/antlr-2.7.7.jar:/home/hgnguyen/.m2/repository/org/jboss/jandex/2.0.0.Final/jandex-2.0.0.Final.jar:/home/hgnguyen/.m2/repository/dom4j/dom4j/1.6.1/dom4j-1.6.1.jar:/home/hgnguyen/.m2/repository/org/hibernate/common/hibernate-commons-annotations/5.0.1.Final/hibernate-commons-annotations-5.0.1.Final.jar:/home/hgnguyen/.m2/repository/org/hibernate/hibernate-entitymanager/5.0.12.Final/hibernate-entitymanager-5.0.12.Final.jar:/home/hgnguyen/.m2/repository/javax/transaction/javax.transaction-api/1.2/javax.transaction-api-1.2.jar:/home/hgnguyen/.m2/repository/org/springframework/data/spring-data-jpa/1.11.17.RELEASE/spring-data-jpa-1.11.17.RELEASE.jar:/home/hgnguyen/.m2/repository/org/springframework/data/spring-data-commons/1.13.17.RELEASE/spring-data-commons-1.13.17.RELEASE.jar:/home/hgnguyen/.m2/repository/org/springframework/spring-orm/4.3.21.RELEASE/spring-orm-4.3.21.RELEASE.jar:/home/hgnguyen/.m2/repository/org/springframework/spring-tx/4.3.21.RELEASE/spring-tx-4.3.21.RELEASE.jar:/home/hgnguyen/.m2/repository/org/slf4j/jcl-over-slf4j/1.7.25/jcl-over-slf4j-1.7.25.jar:/home/hgnguyen/.m2/repository/org/springframework/spring-aspects/4.3.21.RELEASE/spring-aspects-4.3.21.RELEASE.jar:/home/hgnguyen/.m2/repository/org/postgresql/postgresql/9.4.1212.jre7/postgresql-9.4.1212.jre7.jar:/home/hgnguyen/.m2/repository/javax/xml/bind/jaxb-api/2.4.0-b180830.0359/jaxb-api-2.4.0-b180830.0359.jar:/home/hgnguyen/.m2/repository/javax/activation/javax.activation-api/1.2.0/javax.activation-api-1.2.0.jar:, java.vm.vendor=Oracle Corporation, sun.arch.data.model=64, java.vendor.url=https://java.oracle.com/, user.timezone=Europe/Paris, java.vm.specification.version=15, os.name=Linux, sun.java.launcher=SUN_STANDARD, user.country=US, sun.boot.library.path=/home/hgnguyen/sts-4.9.0.RELEASE/plugins/org.eclipse.justj.openjdk.hotspot.jre.full.linux.x86_64_15.0.1.v20201027-0507/jre/lib, sun.java.command=/home/hgnguyen/workspace-spring-tool-suite-4-4.15.3.RELEASE/PatternSearchProject/patternSearch-client-service/target/surefire/surefirebooter8585895114184199418.jar /home/hgnguyen/workspace-spring-tool-suite-4-4.15.3.RELEASE/PatternSearchProject/patternSearch-client-service/target/surefire/surefire11811116716224367465tmp /home/hgnguyen/workspace-spring-tool-suite-4-4.15.3.RELEASE/PatternSearchProject/patternSearch-client-service/target/surefire/surefire_017083596514947747825tmp, jdk.debug=release, surefire.test.class.path=/home/hgnguyen/workspace-spring-tool-suite-4-4.15.3.RELEASE/PatternSearchProject/patternSearch-client-service/target/test-classes:/home/hgnguyen/workspace-spring-tool-suite-4-4.15.3.RELEASE/PatternSearchProject/patternSearch-client-service/target/classes:/home/hgnguyen/.m2/repository/commons-codec/commons-codec/1.15/commons-codec-1.15.jar:/home/hgnguyen/.m2/repository/javax/persistence/javax.persistence-api/2.2/javax.persistence-api-2.2.jar:/home/hgnguyen/.m2/repository/com/sun/activation/javax.activation/1.2.0/javax.activation-1.2.0.jar:/home/hgnguyen/.m2/repository/org/springframework/cloud/spring-cloud-starter-netflix-eureka-client/1.4.0.RELEASE/spring-cloud-starter-netflix-eureka-client-1.4.0.RELEASE.jar:/home/hgnguyen/.m2/repository/org/springframework/boot/spring-boot-starter-web/1.5.18.RELEASE/spring-boot-starter-web-1.5.18.RELEASE.jar:/home/hgnguyen/.m2/repository/org/springframework/boot/spring-boot-starter-tomcat/1.5.18.RELEASE/spring-boot-starter-tomcat-1.5.18.RELEASE.jar:/home/hgnguyen/.m2/repository/org/apache/tomcat/embed/tomcat-embed-core/8.5.35/tomcat-embed-core-8.5.35.jar:/home/hgnguyen/.m2/repository/org/apache/tomcat/tomcat-annotations-api/8.5.35/tomcat-annotations-api-8.5.35.jar:/home/hgnguyen/.m2/repository/org/apache/tomcat/embed/tomcat-embed-el/8.5.35/tomcat-embed-el-8.5.35.jar:/home/hgnguyen/.m2/repository/org/apache/tomcat/embed/tomcat-embed-websocket/8.5.35/tomcat-embed-websocket-8.5.35.jar:/home/hgnguyen/.m2/repository/org/hibernate/hibernate-validator/5.3.6.Final/hibernate-validator-5.3.6.Final.jar:/home/hgnguyen/.m2/repository/javax/validation/validation-api/1.1.0.Final/validation-api-1.1.0.Final.jar:/home/hgnguyen/.m2/repository/org/springframework/spring-webmvc/4.3.21.RELEASE/spring-webmvc-4.3.21.RELEASE.jar:/home/hgnguyen/.m2/repository/org/springframework/spring-expression/4.3.21.RELEASE/spring-expression-4.3.21.RELEASE.jar:/home/hgnguyen/.m2/repository/org/springframework/cloud/spring-cloud-starter/1.3.0.RELEASE/spring-cloud-starter-1.3.0.RELEASE.jar:/home/hgnguyen/.m2/repository/org/springframework/cloud/spring-cloud-context/1.3.0.RELEASE/spring-cloud-context-1.3.0.RELEASE.jar:/home/hgnguyen/.m2/repository/org/springframework/security/spring-security-rsa/1.0.3.RELEASE/spring-security-rsa-1.0.3.RELEASE.jar:/home/hgnguyen/.m2/repository/org/bouncycastle/bcpkix-jdk15on/1.55/bcpkix-jdk15on-1.55.jar:/home/hgnguyen/.m2/repository/org/bouncycastle/bcprov-jdk15on/1.55/bcprov-jdk15on-1.55.jar:/home/hgnguyen/.m2/repository/org/springframework/cloud/spring-cloud-netflix-core/1.4.0.RELEASE/spring-cloud-netflix-core-1.4.0.RELEASE.jar:/home/hgnguyen/.m2/repository/org/springframework/boot/spring-boot/1.5.18.RELEASE/spring-boot-1.5.18.RELEASE.jar:/home/hgnguyen/.m2/repository/org/springframework/boot/spring-boot-autoconfigure/1.5.18.RELEASE/spring-boot-autoconfigure-1.5.18.RELEASE.jar:/home/hgnguyen/.m2/repository/org/springframework/cloud/spring-cloud-netflix-eureka-client/1.4.0.RELEASE/spring-cloud-netflix-eureka-client-1.4.0.RELEASE.jar:/home/hgnguyen/.m2/repository/com/netflix/eureka/eureka-client/1.7.0/eureka-client-1.7.0.jar:/home/hgnguyen/.m2/repository/org/codehaus/jettison/jettison/1.3.7/jettison-1.3.7.jar:/home/hgnguyen/.m2/repository/stax/stax-api/1.0.1/stax-api-1.0.1.jar:/home/hgnguyen/.m2/repository/com/netflix/netflix-commons/netflix-eventbus/0.3.0/netflix-eventbus-0.3.0.jar:/home/hgnguyen/.m2/repository/com/netflix/netflix-commons/netflix-infix/0.3.0/netflix-infix-0.3.0.jar:/home/hgnguyen/.m2/repository/commons-jxpath/commons-jxpath/1.3/commons-jxpath-1.3.jar:/home/hgnguyen/.m2/repository/joda-time/joda-time/2.9.9/joda-time-2.9.9.jar:/home/hgnguyen/.m2/repository/org/antlr/antlr-runtime/3.4/antlr-runtime-3.4.jar:/home/hgnguyen/.m2/repository/org/antlr/stringtemplate/3.2.1/stringtemplate-3.2.1.jar:/home/hgnguyen/.m2/repository/com/google/code/gson/gson/2.8.5/gson-2.8.5.jar:/home/hgnguyen/.m2/repository/org/apache/commons/commons-math/2.2/commons-math-2.2.jar:/home/hgnguyen/.m2/repository/com/netflix/archaius/archaius-core/0.7.4/archaius-core-0.7.4.jar:/home/hgnguyen/.m2/repository/javax/ws/rs/jsr311-api/1.1.1/jsr311-api-1.1.1.jar:/home/hgnguyen/.m2/repository/com/netflix/servo/servo-core/0.10.1/servo-core-0.10.1.jar:/home/hgnguyen/.m2/repository/com/netflix/servo/servo-internal/0.10.1/servo-internal-0.10.1.jar:/home/hgnguyen/.m2/repository/com/sun/jersey/jersey-core/1.19.1/jersey-core-1.19.1.jar:/home/hgnguyen/.m2/repository/com/sun/jersey/jersey-client/1.19.1/jersey-client-1.19.1.jar:/home/hgnguyen/.m2/repository/com/sun/jersey/contribs/jersey-apache-client4/1.19.1/jersey-apache-client4-1.19.1.jar:/home/hgnguyen/.m2/repository/org/apache/httpcomponents/httpclient/4.5.6/httpclient-4.5.6.jar:/home/hgnguyen/.m2/repository/org/apache/httpcomponents/httpcore/4.4.10/httpcore-4.4.10.jar:/home/hgnguyen/.m2/repository/com/google/inject/guice/4.1.0/guice-4.1.0.jar:/home/hgnguyen/.m2/repository/aopalliance/aopalliance/1.0/aopalliance-1.0.jar:/home/hgnguyen/.m2/repository/com/netflix/eureka/eureka-core/1.7.0/eureka-core-1.7.0.jar:/home/hgnguyen/.m2/repository/org/codehaus/woodstox/woodstox-core-asl/4.4.1/woodstox-core-asl-4.4.1.jar:/home/hgnguyen/.m2/repository/javax/xml/stream/stax-api/1.0-2/stax-api-1.0-2.jar:/home/hgnguyen/.m2/repository/org/codehaus/woodstox/stax2-api/3.1.4/stax2-api-3.1.4.jar:/home/hgnguyen/.m2/repository/org/springframework/cloud/spring-cloud-starter-netflix-archaius/1.4.0.RELEASE/spring-cloud-starter-netflix-archaius-1.4.0.RELEASE.jar:/home/hgnguyen/.m2/repository/commons-configuration/commons-configuration/1.8/commons-configuration-1.8.jar:/home/hgnguyen/.m2/repository/commons-lang/commons-lang/2.6/commons-lang-2.6.jar:/home/hgnguyen/.m2/repository/org/springframework/cloud/spring-cloud-starter-netflix-ribbon/1.4.0.RELEASE/spring-cloud-starter-netflix-ribbon-1.4.0.RELEASE.jar:/home/hgnguyen/.m2/repository/com/netflix/ribbon/ribbon/2.2.4/ribbon-2.2.4.jar:/home/hgnguyen/.m2/repository/com/netflix/ribbon/ribbon-transport/2.2.4/ribbon-transport-2.2.4.jar:/home/hgnguyen/.m2/repository/io/reactivex/rxnetty-contexts/0.4.9/rxnetty-contexts-0.4.9.jar:/home/hgnguyen/.m2/repository/io/reactivex/rxnetty-servo/0.4.9/rxnetty-servo-0.4.9.jar:/home/hgnguyen/.m2/repository/io/reactivex/rxnetty/0.4.9/rxnetty-0.4.9.jar:/home/hgnguyen/.m2/repository/io/netty/netty-codec-http/4.0.27.Final/netty-codec-http-4.0.27.Final.jar:/home/hgnguyen/.m2/repository/io/netty/netty-codec/4.0.27.Final/netty-codec-4.0.27.Final.jar:/home/hgnguyen/.m2/repository/io/netty/netty-handler/4.0.27.Final/netty-handler-4.0.27.Final.jar:/home/hgnguyen/.m2/repository/io/netty/netty-transport-native-epoll/4.0.27.Final/netty-transport-native-epoll-4.0.27.Final.jar:/home/hgnguyen/.m2/repository/io/netty/netty-common/4.0.27.Final/netty-common-4.0.27.Final.jar:/home/hgnguyen/.m2/repository/io/netty/netty-buffer/4.0.27.Final/netty-buffer-4.0.27.Final.jar:/home/hgnguyen/.m2/repository/io/netty/netty-transport/4.0.27.Final/netty-transport-4.0.27.Final.jar:/home/hgnguyen/.m2/repository/com/netflix/ribbon/ribbon-core/2.2.4/ribbon-core-2.2.4.jar:/home/hgnguyen/.m2/repository/com/netflix/ribbon/ribbon-httpclient/2.2.4/ribbon-httpclient-2.2.4.jar:/home/hgnguyen/.m2/repository/commons-collections/commons-collections/3.2.2/commons-collections-3.2.2.jar:/home/hgnguyen/.m2/repository/com/netflix/netflix-commons/netflix-commons-util/0.1.1/netflix-commons-util-0.1.1.jar:/home/hgnguyen/.m2/repository/com/netflix/ribbon/ribbon-loadbalancer/2.2.4/ribbon-loadbalancer-2.2.4.jar:/home/hgnguyen/.m2/repository/com/netflix/netflix-commons/netflix-statistics/0.1.1/netflix-statistics-0.1.1.jar:/home/hgnguyen/.m2/repository/io/reactivex/rxjava/1.2.0/rxjava-1.2.0.jar:/home/hgnguyen/.m2/repository/com/netflix/ribbon/ribbon-eureka/2.2.4/ribbon-eureka-2.2.4.jar:/home/hgnguyen/.m2/repository/com/thoughtworks/xstream/xstream/1.4.9/xstream-1.4.9.jar:/home/hgnguyen/.m2/repository/xmlpull/xmlpull/1.1.3.1/xmlpull-1.1.3.1.jar:/home/hgnguyen/.m2/repository/xpp3/xpp3_min/1.1.4c/xpp3_min-1.1.4c.jar:/home/hgnguyen/.m2/repository/org/springframework/cloud/spring-cloud-starter-openfeign/1.4.0.RELEASE/spring-cloud-starter-openfeign-1.4.0.RELEASE.jar:/home/hgnguyen/.m2/repository/org/springframework/spring-web/4.3.21.RELEASE/spring-web-4.3.21.RELEASE.jar:/home/hgnguyen/.m2/repository/org/springframework/spring-aop/4.3.21.RELEASE/spring-aop-4.3.21.RELEASE.jar:/home/hgnguyen/.m2/repository/org/springframework/spring-beans/4.3.21.RELEASE/spring-beans-4.3.21.RELEASE.jar:/home/hgnguyen/.m2/repository/org/springframework/spring-context/4.3.21.RELEASE/spring-context-4.3.21.RELEASE.jar:/home/hgnguyen/.m2/repository/org/springframework/cloud/spring-cloud-commons/1.3.0.RELEASE/spring-cloud-commons-1.3.0.RELEASE.jar:/home/hgnguyen/.m2/repository/org/springframework/security/spring-security-crypto/4.2.10.RELEASE/spring-security-crypto-4.2.10.RELEASE.jar:/home/hgnguyen/.m2/repository/io/github/openfeign/feign-core/9.5.0/feign-core-9.5.0.jar:/home/hgnguyen/.m2/repository/org/jvnet/animal-sniffer-annotation/1.0/animal-sniffer-annotation-1.0.jar:/home/hgnguyen/.m2/repository/io/github/openfeign/feign-slf4j/9.5.0/feign-slf4j-9.5.0.jar:/home/hgnguyen/.m2/repository/io/github/openfeign/feign-hystrix/9.5.0/feign-hystrix-9.5.0.jar:/home/hgnguyen/.m2/repository/com/netflix/hystrix/hystrix-core/1.5.12/hystrix-core-1.5.12.jar:/home/hgnguyen/.m2/repository/org/hdrhistogram/HdrHistogram/2.1.9/HdrHistogram-2.1.9.jar:/home/hgnguyen/.m2/repository/org/springframework/cloud/spring-cloud-starter-sleuth/1.3.0.RELEASE/spring-cloud-starter-sleuth-1.3.0.RELEASE.jar:/home/hgnguyen/.m2/repository/org/springframework/boot/spring-boot-starter-aop/1.5.18.RELEASE/spring-boot-starter-aop-1.5.18.RELEASE.jar:/home/hgnguyen/.m2/repository/org/aspectj/aspectjweaver/1.8.13/aspectjweaver-1.8.13.jar:/home/hgnguyen/.m2/repository/org/springframework/cloud/spring-cloud-sleuth-core/1.3.0.RELEASE/spring-cloud-sleuth-core-1.3.0.RELEASE.jar:/home/hgnguyen/.m2/repository/org/aspectj/aspectjrt/1.8.13/aspectjrt-1.8.13.jar:/home/hgnguyen/.m2/repository/io/springfox/springfox-swagger2/2.9.2/springfox-swagger2-2.9.2.jar:/home/hgnguyen/.m2/repository/io/swagger/swagger-annotations/1.5.20/swagger-annotations-1.5.20.jar:/home/hgnguyen/.m2/repository/io/swagger/swagger-models/1.5.20/swagger-models-1.5.20.jar:/home/hgnguyen/.m2/repository/io/springfox/springfox-spi/2.9.2/springfox-spi-2.9.2.jar:/home/hgnguyen/.m2/repository/io/springfox/springfox-core/2.9.2/springfox-core-2.9.2.jar:/home/hgnguyen/.m2/repository/net/bytebuddy/byte-buddy/1.8.12/byte-buddy-1.8.12.jar:/home/hgnguyen/.m2/repository/io/springfox/springfox-schema/2.9.2/springfox-schema-2.9.2.jar:/home/hgnguyen/.m2/repository/io/springfox/springfox-swagger-common/2.9.2/springfox-swagger-common-2.9.2.jar:/home/hgnguyen/.m2/repository/io/springfox/springfox-spring-web/2.9.2/springfox-spring-web-2.9.2.jar:/home/hgnguyen/.m2/repository/com/fasterxml/classmate/1.3.4/classmate-1.3.4.jar:/home/hgnguyen/.m2/repository/org/slf4j/slf4j-api/1.7.25/slf4j-api-1.7.25.jar:/home/hgnguyen/.m2/repository/org/springframework/plugin/spring-plugin-core/1.2.0.RELEASE/spring-plugin-core-1.2.0.RELEASE.jar:/home/hgnguyen/.m2/repository/org/springframework/plugin/spring-plugin-metadata/1.2.0.RELEASE/spring-plugin-metadata-1.2.0.RELEASE.jar:/home/hgnguyen/.m2/repository/org/mapstruct/mapstruct/1.2.0.Final/mapstruct-1.2.0.Final.jar:/home/hgnguyen/.m2/repository/io/springfox/springfox-swagger-ui/2.9.2/springfox-swagger-ui-2.9.2.jar:/home/hgnguyen/.m2/repository/com/google/guava/guava/24.1.1-jre/guava-24.1.1-jre.jar:/home/hgnguyen/.m2/repository/com/google/code/findbugs/jsr305/1.3.9/jsr305-1.3.9.jar:/home/hgnguyen/.m2/repository/org/checkerframework/checker-compat-qual/2.0.0/checker-compat-qual-2.0.0.jar:/home/hgnguyen/.m2/repository/com/google/errorprone/error_prone_annotations/2.1.3/error_prone_annotations-2.1.3.jar:/home/hgnguyen/.m2/repository/com/google/j2objc/j2objc-annotations/1.1/j2objc-annotations-1.1.jar:/home/hgnguyen/.m2/repository/org/codehaus/mojo/animal-sniffer-annotations/1.14/animal-sniffer-annotations-1.14.jar:/home/hgnguyen/.m2/repository/org/apache/maven/maven-model/3.3.9/maven-model-3.3.9.jar:/home/hgnguyen/.m2/repository/org/codehaus/plexus/plexus-utils/3.0.22/plexus-utils-3.0.22.jar:/home/hgnguyen/.m2/repository/org/apache/commons/commons-lang3/3.4/commons-lang3-3.4.jar:/home/hgnguyen/.m2/repository/org/springframework/boot/spring-boot-starter-test/1.5.18.RELEASE/spring-boot-starter-test-1.5.18.RELEASE.jar:/home/hgnguyen/.m2/repository/org/springframework/boot/spring-boot-test/1.5.18.RELEASE/spring-boot-test-1.5.18.RELEASE.jar:/home/hgnguyen/.m2/repository/org/springframework/boot/spring-boot-test-autoconfigure/1.5.18.RELEASE/spring-boot-test-autoconfigure-1.5.18.RELEASE.jar:/home/hgnguyen/.m2/repository/com/jayway/jsonpath/json-path/2.2.0/json-path-2.2.0.jar:/home/hgnguyen/.m2/repository/net/minidev/json-smart/2.2.1/json-smart-2.2.1.jar:/home/hgnguyen/.m2/repository/net/minidev/accessors-smart/1.1/accessors-smart-1.1.jar:/home/hgnguyen/.m2/repository/junit/junit/4.12/junit-4.12.jar:/home/hgnguyen/.m2/repository/org/assertj/assertj-core/2.6.0/assertj-core-2.6.0.jar:/home/hgnguyen/.m2/repository/org/mockito/mockito-core/1.10.19/mockito-core-1.10.19.jar:/home/hgnguyen/.m2/repository/org/objenesis/objenesis/2.1/objenesis-2.1.jar:/home/hgnguyen/.m2/repository/org/hamcrest/hamcrest-core/1.3/hamcrest-core-1.3.jar:/home/hgnguyen/.m2/repository/org/hamcrest/hamcrest-library/1.3/hamcrest-library-1.3.jar:/home/hgnguyen/.m2/repository/org/skyscreamer/jsonassert/1.4.0/jsonassert-1.4.0.jar:/home/hgnguyen/.m2/repository/com/vaadin/external/google/android-json/0.0.20131108.vaadin1/android-json-0.0.20131108.vaadin1.jar:/home/hgnguyen/.m2/repository/org/springframework/spring-core/4.3.21.RELEASE/spring-core-4.3.21.RELEASE.jar:/home/hgnguyen/.m2/repository/org/springframework/spring-test/4.3.21.RELEASE/spring-test-4.3.21.RELEASE.jar:/home/hgnguyen/.m2/repository/org/springframework/cloud/spring-cloud-starter-contract-stub-runner/1.2.0.RELEASE/spring-cloud-starter-contract-stub-runner-1.2.0.RELEASE.jar:/home/hgnguyen/.m2/repository/org/springframework/cloud/spring-cloud-contract-stub-runner/1.2.0.RELEASE/spring-cloud-contract-stub-runner-1.2.0.RELEASE.jar:/home/hgnguyen/.m2/repository/org/springframework/cloud/spring-cloud-contract-shade/1.2.0.RELEASE/spring-cloud-contract-shade-1.2.0.RELEASE.jar:/home/hgnguyen/.m2/repository/org/springframework/cloud/spring-cloud-contract-spec/1.2.0.RELEASE/spring-cloud-contract-spec-1.2.0.RELEASE.jar:/home/hgnguyen/.m2/repository/dk/brics/automaton/automaton/1.11-8/automaton-1.11-8.jar:/home/hgnguyen/.m2/repository/org/apache/commons/commons-text/1.1/commons-text-1.1.jar:/home/hgnguyen/.m2/repository/org/springframework/integration/spring-integration-java-dsl/1.2.3.RELEASE/spring-integration-java-dsl-1.2.3.RELEASE.jar:/home/hgnguyen/.m2/repository/org/springframework/integration/spring-integration-core/4.3.18.RELEASE/spring-integration-core-4.3.18.RELEASE.jar:/home/hgnguyen/.m2/repository/org/springframework/spring-messaging/4.3.21.RELEASE/spring-messaging-4.3.21.RELEASE.jar:/home/hgnguyen/.m2/repository/org/springframework/retry/spring-retry/1.2.2.RELEASE/spring-retry-1.2.2.RELEASE.jar:/home/hgnguyen/.m2/repository/org/reactivestreams/reactive-streams/1.0.0/reactive-streams-1.0.0.jar:/home/hgnguyen/.m2/repository/org/springframework/cloud/spring-cloud-stream-test-support/1.3.0.RELEASE/spring-cloud-stream-test-support-1.3.0.RELEASE.jar:/home/hgnguyen/.m2/repository/org/springframework/cloud/spring-cloud-stream/1.3.0.RELEASE/spring-cloud-stream-1.3.0.RELEASE.jar:/home/hgnguyen/.m2/repository/org/springframework/boot/spring-boot-starter-validation/1.5.18.RELEASE/spring-boot-starter-validation-1.5.18.RELEASE.jar:/home/hgnguyen/.m2/repository/org/springframework/integration/spring-integration-jmx/4.3.18.RELEASE/spring-integration-jmx-4.3.18.RELEASE.jar:/home/hgnguyen/.m2/repository/org/springframework/spring-tuple/1.0.0.RELEASE/spring-tuple-1.0.0.RELEASE.jar:/home/hgnguyen/.m2/repository/com/esotericsoftware/kryo-shaded/3.0.3/kryo-shaded-3.0.3.jar:/home/hgnguyen/.m2/repository/com/esotericsoftware/minlog/1.3.0/minlog-1.3.0.jar:/home/hgnguyen/.m2/repository/org/springframework/integration/spring-integration-tuple/1.0.0.RELEASE/spring-integration-tuple-1.0.0.RELEASE.jar:/home/hgnguyen/.m2/repository/org/springframework/cloud/spring-cloud-contract-wiremock/1.2.0.RELEASE/spring-cloud-contract-wiremock-1.2.0.RELEASE.jar:/home/hgnguyen/.m2/repository/com/github/tomakehurst/wiremock-standalone/2.11.0/wiremock-standalone-2.11.0.jar:/home/hgnguyen/.m2/repository/org/eclipse/aether/aether-api/1.0.2.v20150114/aether-api-1.0.2.v20150114.jar:/home/hgnguyen/.m2/repository/org/springframework/cloud/spring-cloud-starter-contract-verifier/1.2.0.RELEASE/spring-cloud-starter-contract-verifier-1.2.0.RELEASE.jar:/home/hgnguyen/.m2/repository/org/springframework/cloud/spring-cloud-contract-verifier/1.2.0.RELEASE/spring-cloud-contract-verifier-1.2.0.RELEASE.jar:/home/hgnguyen/.m2/repository/javax/inject/javax.inject/1/javax.inject-1.jar:/home/hgnguyen/.m2/repository/org/codehaus/groovy/groovy/2.4.15/groovy-2.4.15.jar:/home/hgnguyen/.m2/repository/org/codehaus/groovy/groovy-nio/2.4.15/groovy-nio-2.4.15.jar:/home/hgnguyen/.m2/repository/org/codehaus/groovy/groovy-json/2.4.15/groovy-json-2.4.15.jar:/home/hgnguyen/.m2/repository/org/codehaus/groovy/groovy-xml/2.4.15/groovy-xml-2.4.15.jar:/home/hgnguyen/.m2/repository/com/github/jknack/handlebars/4.0.6/handlebars-4.0.6.jar:/home/hgnguyen/.m2/repository/org/antlr/antlr4-runtime/4.5.1-1/antlr4-runtime-4.5.1-1.jar:/home/hgnguyen/.m2/repository/org/mozilla/rhino/1.7R4/rhino-1.7R4.jar:/home/hgnguyen/.m2/repository/io/rest-assured/rest-assured/3.0.2/rest-assured-3.0.2.jar:/home/hgnguyen/.m2/repository/org/apache/httpcomponents/httpmime/4.5.6/httpmime-4.5.6.jar:/home/hgnguyen/.m2/repository/org/ccil/cowan/tagsoup/tagsoup/1.2.1/tagsoup-1.2.1.jar:/home/hgnguyen/.m2/repository/io/rest-assured/json-path/3.0.2/json-path-3.0.2.jar:/home/hgnguyen/.m2/repository/io/rest-assured/rest-assured-common/3.0.2/rest-assured-common-3.0.2.jar:/home/hgnguyen/.m2/repository/io/rest-assured/xml-path/3.0.2/xml-path-3.0.2.jar:/home/hgnguyen/.m2/repository/io/rest-assured/spring-mock-mvc/3.0.2/spring-mock-mvc-3.0.2.jar:/home/hgnguyen/.m2/repository/com/toomuchcoding/jsonassert/jsonassert/0.4.10/jsonassert-0.4.10.jar:/home/hgnguyen/.m2/repository/cglib/cglib/3.2.4/cglib-3.2.4.jar:/home/hgnguyen/.m2/repository/org/ow2/asm/asm/6.0_ALPHA/asm-6.0_ALPHA.jar:/home/hgnguyen/.m2/repository/org/apache/ant/ant/1.9.6/ant-1.9.6.jar:/home/hgnguyen/.m2/repository/org/apache/ant/ant-launcher/1.9.6/ant-launcher-1.9.6.jar:/home/hgnguyen/.m2/repository/com/fasterxml/jackson/datatype/jackson-datatype-jsr310/2.8.11/jackson-datatype-jsr310-2.8.11.jar:/home/hgnguyen/.m2/repository/com/fasterxml/jackson/core/jackson-annotations/2.8.0/jackson-annotations-2.8.0.jar:/home/hgnguyen/.m2/repository/com/fasterxml/jackson/core/jackson-core/2.8.11/jackson-core-2.8.11.jar:/home/hgnguyen/.m2/repository/com/fasterxml/jackson/core/jackson-databind/2.8.11.3/jackson-databind-2.8.11.3.jar:/home/hgnguyen/.m2/repository/org/springframework/cloud/spring-cloud-starter-hystrix/1.4.0.RELEASE/spring-cloud-starter-hystrix-1.4.0.RELEASE.jar:/home/hgnguyen/.m2/repository/org/springframework/cloud/spring-cloud-starter-netflix-hystrix/1.4.0.RELEASE/spring-cloud-starter-netflix-hystrix-1.4.0.RELEASE.jar:/home/hgnguyen/.m2/repository/com/netflix/hystrix/hystrix-metrics-event-stream/1.5.12/hystrix-metrics-event-stream-1.5.12.jar:/home/hgnguyen/.m2/repository/com/netflix/hystrix/hystrix-serialization/1.5.12/hystrix-serialization-1.5.12.jar:/home/hgnguyen/.m2/repository/com/fasterxml/jackson/module/jackson-module-afterburner/2.8.11/jackson-module-afterburner-2.8.11.jar:/home/hgnguyen/.m2/repository/com/netflix/hystrix/hystrix-javanica/1.5.12/hystrix-javanica-1.5.12.jar:/home/hgnguyen/.m2/repository/org/springframework/boot/spring-boot-starter-actuator/1.5.18.RELEASE/spring-boot-starter-actuator-1.5.18.RELEASE.jar:/home/hgnguyen/.m2/repository/org/springframework/boot/spring-boot-starter/1.5.18.RELEASE/spring-boot-starter-1.5.18.RELEASE.jar:/home/hgnguyen/.m2/repository/org/springframework/boot/spring-boot-starter-logging/1.5.18.RELEASE/spring-boot-starter-logging-1.5.18.RELEASE.jar:/home/hgnguyen/.m2/repository/ch/qos/logback/logback-classic/1.1.11/logback-classic-1.1.11.jar:/home/hgnguyen/.m2/repository/ch/qos/logback/logback-core/1.1.11/logback-core-1.1.11.jar:/home/hgnguyen/.m2/repository/org/slf4j/jul-to-slf4j/1.7.25/jul-to-slf4j-1.7.25.jar:/home/hgnguyen/.m2/repository/org/slf4j/log4j-over-slf4j/1.7.25/log4j-over-slf4j-1.7.25.jar:/home/hgnguyen/.m2/repository/org/yaml/snakeyaml/1.17/snakeyaml-1.17.jar:/home/hgnguyen/.m2/repository/org/springframework/boot/spring-boot-actuator/1.5.18.RELEASE/spring-boot-actuator-1.5.18.RELEASE.jar:/home/hgnguyen/.m2/repository/org/springframework/boot/spring-boot-starter-thymeleaf/1.5.18.RELEASE/spring-boot-starter-thymeleaf-1.5.18.RELEASE.jar:/home/hgnguyen/.m2/repository/org/thymeleaf/thymeleaf-spring4/2.1.6.RELEASE/thymeleaf-spring4-2.1.6.RELEASE.jar:/home/hgnguyen/.m2/repository/org/thymeleaf/thymeleaf/2.1.6.RELEASE/thymeleaf-2.1.6.RELEASE.jar:/home/hgnguyen/.m2/repository/ognl/ognl/3.0.8/ognl-3.0.8.jar:/home/hgnguyen/.m2/repository/org/unbescape/unbescape/1.1.0.RELEASE/unbescape-1.1.0.RELEASE.jar:/home/hgnguyen/.m2/repository/nz/net/ultraq/thymeleaf/thymeleaf-layout-dialect/1.4.0/thymeleaf-layout-dialect-1.4.0.jar:/home/hgnguyen/.m2/repository/org/jolokia/jolokia-core/1.3.7/jolokia-core-1.3.7.jar:/home/hgnguyen/.m2/repository/com/googlecode/json-simple/json-simple/1.1.1/json-simple-1.1.1.jar:/home/hgnguyen/.m2/repository/de/codecentric/spring-boot-admin-starter-client/1.5.1/spring-boot-admin-starter-client-1.5.1.jar:/home/hgnguyen/.m2/repository/org/springframework/boot/spring-boot-starter-data-jpa/1.5.18.RELEASE/spring-boot-starter-data-jpa-1.5.18.RELEASE.jar:/home/hgnguyen/.m2/repository/org/springframework/boot/spring-boot-starter-jdbc/1.5.18.RELEASE/spring-boot-starter-jdbc-1.5.18.RELEASE.jar:/home/hgnguyen/.m2/repository/org/apache/tomcat/tomcat-jdbc/8.5.35/tomcat-jdbc-8.5.35.jar:/home/hgnguyen/.m2/repository/org/apache/tomcat/tomcat-juli/8.5.35/tomcat-juli-8.5.35.jar:/home/hgnguyen/.m2/repository/org/springframework/spring-jdbc/4.3.21.RELEASE/spring-jdbc-4.3.21.RELEASE.jar:/home/hgnguyen/.m2/repository/org/hibernate/hibernate-core/5.0.12.Final/hibernate-core-5.0.12.Final.jar:/home/hgnguyen/.m2/repository/org/jboss/logging/jboss-logging/3.3.2.Final/jboss-logging-3.3.2.Final.jar:/home/hgnguyen/.m2/repository/org/hibernate/javax/persistence/hibernate-jpa-2.1-api/1.0.0.Final/hibernate-jpa-2.1-api-1.0.0.Final.jar:/home/hgnguyen/.m2/repository/org/javassist/javassist/3.21.0-GA/javassist-3.21.0-GA.jar:/home/hgnguyen/.m2/repository/antlr/antlr/2.7.7/antlr-2.7.7.jar:/home/hgnguyen/.m2/repository/org/jboss/jandex/2.0.0.Final/jandex-2.0.0.Final.jar:/home/hgnguyen/.m2/repository/dom4j/dom4j/1.6.1/dom4j-1.6.1.jar:/home/hgnguyen/.m2/repository/org/hibernate/common/hibernate-commons-annotations/5.0.1.Final/hibernate-commons-annotations-5.0.1.Final.jar:/home/hgnguyen/.m2/repository/org/hibernate/hibernate-entitymanager/5.0.12.Final/hibernate-entitymanager-5.0.12.Final.jar:/home/hgnguyen/.m2/repository/javax/transaction/javax.transaction-api/1.2/javax.transaction-api-1.2.jar:/home/hgnguyen/.m2/repository/org/springframework/data/spring-data-jpa/1.11.17.RELEASE/spring-data-jpa-1.11.17.RELEASE.jar:/home/hgnguyen/.m2/repository/org/springframework/data/spring-data-commons/1.13.17.RELEASE/spring-data-commons-1.13.17.RELEASE.jar:/home/hgnguyen/.m2/repository/org/springframework/spring-orm/4.3.21.RELEASE/spring-orm-4.3.21.RELEASE.jar:/home/hgnguyen/.m2/repository/org/springframework/spring-tx/4.3.21.RELEASE/spring-tx-4.3.21.RELEASE.jar:/home/hgnguyen/.m2/repository/org/slf4j/jcl-over-slf4j/1.7.25/jcl-over-slf4j-1.7.25.jar:/home/hgnguyen/.m2/repository/org/springframework/spring-aspects/4.3.21.RELEASE/spring-aspects-4.3.21.RELEASE.jar:/home/hgnguyen/.m2/repository/org/postgresql/postgresql/9.4.1212.jre7/postgresql-9.4.1212.jre7.jar:/home/hgnguyen/.m2/repository/javax/xml/bind/jaxb-api/2.4.0-b180830.0359/jaxb-api-2.4.0-b180830.0359.jar:/home/hgnguyen/.m2/repository/javax/activation/javax.activation-api/1.2.0/javax.activation-api-1.2.0.jar:, sun.cpu.endian=little, user.home=/home/hgnguyen, user.language=en, java.specification.vendor=Oracle Corporation, java.version.date=2020-10-20, java.home=/home/hgnguyen/sts-4.9.0.RELEASE/plugins/org.eclipse.justj.openjdk.hotspot.jre.full.linux.x86_64_15.0.1.v20201027-0507/jre, file.separator=/, style.color=always, basedir=/home/hgnguyen/workspace-spring-tool-suite-4-4.15.3.RELEASE/PatternSearchProject/patternSearch-client-service, java.vm.compressedOopsMode=Zero based, line.separator=
, java.specification.name=Java Platform API Specification, java.vm.specification.vendor=Oracle Corporation, surefire.real.class.path=/home/hgnguyen/workspace-spring-tool-suite-4-4.15.3.RELEASE/PatternSearchProject/patternSearch-client-service/target/surefire/surefirebooter8585895114184199418.jar, sun.management.compiler=HotSpot 64-Bit Tiered Compilers, java.runtime.version=15.0.1+9-18, user.name=hgnguyen, path.separator=:, os.version=5.15.0-47-generic, java.runtime.name=OpenJDK Runtime Environment, file.encoding=UTF-8, java.vm.name=OpenJDK 64-Bit Server VM, localRepository=/home/hgnguyen/.m2/repository, java.vendor.url.bug=https://bugreport.java.com/bugreport/, java.io.tmpdir=/tmp, java.version=15.0.1, user.dir=/home/hgnguyen/workspace-spring-tool-suite-4-4.15.3.RELEASE/PatternSearchProject/patternSearch-client-service, os.arch=amd64, java.vm.specification.name=Java Virtual Machine Specification, java.library.path=/usr/java/packages/lib:/usr/lib64:/lib64:/lib:/usr/lib, java.vm.info=mixed mode, java.vendor=Oracle Corporation, java.vm.version=15.0.1+9-18, sun.io.unicode.encoding=UnicodeLittle, java.class.version=59.0}}, SystemEnvironmentPropertySource@403547747 {name='systemEnvironment', properties={PATH=/home/hgnguyen/.local/bin:/home/hgnguyen/bin:/usr/local/sbin:/usr/local/bin:/usr/sbin:/usr/bin:/sbin:/bin:/usr/games:/usr/local/games:/snap/bin:/snap/bin, LC_MEASUREMENT=en_US.UTF-8, XAUTHORITY=/run/user/1000/.mutter-Xwaylandauth.4WLHS1, INVOCATION_ID=51ac4f8dd8b6445da6fcfeabef48ef44, XMODIFIERS=@im=ibus, LC_TELEPHONE=en_US.UTF-8, XDG_DATA_DIRS=/usr/share/ubuntu:/usr/local/share/:/usr/share/:/var/lib/snapd/desktop, GDMSESSION=ubuntu, LC_TIME=en_US.UTF-8, PAPERSIZE=letter, DBUS_SESSION_BUS_ADDRESS=unix:path=/run/user/1000/bus,guid=2449bd08578053664e9a0a5763202ade, XDG_CURRENT_DESKTOP=ubuntu:GNOME, JOURNAL_STREAM=8:37894, LC_PAPER=en_US.UTF-8, SESSION_MANAGER=local/is233218:@/tmp/.ICE-unix/2042,unix/is233218:/tmp/.ICE-unix/2042, USERNAME=hgnguyen, LOGNAME=hgnguyen, PWD=/home/hgnguyen/workspace-spring-tool-suite-4-4.15.3.RELEASE/PatternSearchProject/patternSearch-client-service, MANAGERPID=1804, IM_CONFIG_PHASE=1, LANGUAGE=en_US:en, SHELL=/bin/bash, LC_ADDRESS=en_US.UTF-8, OLDPWD=/home/hgnguyen/workspace-spring-tool-suite-4-4.15.3.RELEASE/PatternSearchProject/patternSearch-client-service, GNOME_DESKTOP_SESSION_ID=this-is-deprecated, GTK_MODULES=gail:atk-bridge, DBUS_STARTER_ADDRESS=unix:path=/run/user/1000/bus,guid=2449bd08578053664e9a0a5763202ade, SYSTEMD_EXEC_PID=2042, XDG_SESSION_DESKTOP=ubuntu, GNOME_SETUP_DISPLAY=:1, SSH_AGENT_LAUNCHER=gnome-keyring, SHLVL=0, LC_IDENTIFICATION=en_US.UTF-8, LC_MONETARY=en_US.UTF-8, OXYGEN_DISABLE_INNER_SHADOWS_HACK=1, QT_IM_MODULE=ibus, XDG_CONFIG_DIRS=/etc/xdg/xdg-ubuntu:/etc/xdg, LANG=en_US.UTF-8, XDG_SESSION_TYPE=wayland, DISPLAY=:0, WAYLAND_DISPLAY=wayland-0, LC_NAME=en_US.UTF-8, XDG_SESSION_CLASS=user, _=/usr/bin/gnome-session, LIBOVERLAY_SCROLLBAR=0, GDK_CORE_DEVICE_EVENTS=1, DESKTOP_SESSION=ubuntu, USER=hgnguyen, XDG_MENU_PREFIX=gnome-, GIO_LAUNCHED_DESKTOP_FILE_PID=23260, QT_ACCESSIBILITY=1, LC_NUMERIC=en_US.UTF-8, SSH_AUTH_SOCK=/run/user/1000/keyring/ssh, GNOME_SHELL_SESSION_MODE=ubuntu, XDG_RUNTIME_DIR=/run/user/1000, DBUS_STARTER_BUS_TYPE=session, HOME=/home/hgnguyen}}]
13:09:51.997 [main] DEBUG org.springframework.core.env.StandardEnvironment - Adding PropertySource 'test' with highest search precedence
13:09:51.998 [main] DEBUG org.springframework.test.context.support.TestPropertySourceUtils - Adding inlined properties to environment: {spring.jmx.enabled=false, org.springframework.boot.test.context.SpringBootTestContextBootstrapper=true, server.port=0}
13:09:51.999 [main] DEBUG org.springframework.core.env.StandardEnvironment - Adding PropertySource 'Inlined Test Properties' with highest search precedence
2022-09-13 13:09:53.316  INFO [dap-patternsearch-client-service,,,] 34175 --- [           main] o.s.core.annotation.AnnotationUtils      : Failed to introspect annotations on class org.springframework.cloud.netflix.eureka.config.EurekaDiscoveryClientConfigServiceBootstrapConfiguration: java.lang.IllegalStateException: Could not obtain annotation attribute value for public abstract java.lang.Class[] org.springframework.boot.autoconfigure.condition.ConditionalOnClass.value()
2022-09-13 13:09:53.349  INFO [dap-patternsearch-client-service,,,] 34175 --- [           main] s.c.a.AnnotationConfigApplicationContext : Refreshing org.springframework.context.annotation.AnnotationConfigApplicationContext@2125ad3: startup date [Tue Sep 13 13:09:53 CEST 2022]; root of context hierarchy
2022-09-13 13:09:53.685  INFO [dap-patternsearch-client-service,,,] 34175 --- [           main] f.a.AutowiredAnnotationBeanPostProcessor : JSR-330 'javax.inject.Inject' annotation found and supported for autowiring
2022-09-13 13:09:53.733  INFO [dap-patternsearch-client-service,,,] 34175 --- [           main] trationDelegate$BeanPostProcessorChecker : Bean 'configurationPropertiesRebinderAutoConfiguration' of type [org.springframework.cloud.autoconfigure.ConfigurationPropertiesRebinderAutoConfiguration$$EnhancerBySpringCGLIB$$f3a9d030] is not eligible for getting processed by all BeanPostProcessors (for example: not eligible for auto-proxying)
=============================

DMP FHE-APLUSB SERVICE STARTING

=============================
2022-09-13 13:09:54.161  INFO [dap-patternsearch-client-service,,,] 34175 --- [           main] f.c.b.f.r.test.SampleRepositoryTest      : The following profiles are active: test
2022-09-13 13:09:54.165  INFO [dap-patternsearch-client-service,,,] 34175 --- [           main] ationConfigEmbeddedWebApplicationContext : Refreshing org.springframework.boot.context.embedded.AnnotationConfigEmbeddedWebApplicationContext@6cae2e4d: startup date [Tue Sep 13 13:09:54 CEST 2022]; parent: org.springframework.context.annotation.AnnotationConfigApplicationContext@2125ad3
2022-09-13 13:09:56.084  INFO [dap-patternsearch-client-service,,,] 34175 --- [           main] o.s.i.config.IntegrationRegistrar        : No bean named 'integrationHeaderChannelRegistry' has been explicitly defined. Therefore, a default DefaultHeaderChannelRegistry will be created.
2022-09-13 13:09:57.108  INFO [dap-patternsearch-client-service,,,] 34175 --- [           main] o.s.cloud.context.scope.GenericScope     : BeanFactory id=3b171ec2-4183-33be-949e-d1a7825a6ea4
2022-09-13 13:09:57.234  INFO [dap-patternsearch-client-service,,,] 34175 --- [           main] faultConfiguringBeanFactoryPostProcessor : No bean named 'errorChannel' has been explicitly defined. Therefore, a default PublishSubscribeChannel will be created.
2022-09-13 13:09:57.240  INFO [dap-patternsearch-client-service,,,] 34175 --- [           main] faultConfiguringBeanFactoryPostProcessor : No bean named 'taskScheduler' has been explicitly defined. Therefore, a default ThreadPoolTaskScheduler will be created.
2022-09-13 13:09:57.270  INFO [dap-patternsearch-client-service,,,] 34175 --- [           main] f.a.AutowiredAnnotationBeanPostProcessor : JSR-330 'javax.inject.Inject' annotation found and supported for autowiring
2022-09-13 13:09:57.560  INFO [dap-patternsearch-client-service,,,] 34175 --- [           main] trationDelegate$BeanPostProcessorChecker : Bean 'org.springframework.cloud.sleuth.annotation.SleuthAnnotationAutoConfiguration' of type [org.springframework.cloud.sleuth.annotation.SleuthAnnotationAutoConfiguration$$EnhancerBySpringCGLIB$$d9f51365] is not eligible for getting processed by all BeanPostProcessors (for example: not eligible for auto-proxying)
2022-09-13 13:09:57.884  INFO [dap-patternsearch-client-service,,,] 34175 --- [           main] trationDelegate$BeanPostProcessorChecker : Bean 'sleuthAdvisorConfig' of type [org.springframework.cloud.sleuth.annotation.SleuthAdvisorConfig] is not eligible for getting processed by all BeanPostProcessors (for example: not eligible for auto-proxying)
2022-09-13 13:09:57.906  INFO [dap-patternsearch-client-service,,,] 34175 --- [           main] trationDelegate$BeanPostProcessorChecker : Bean 'org.springframework.transaction.annotation.ProxyTransactionManagementConfiguration' of type [org.springframework.transaction.annotation.ProxyTransactionManagementConfiguration$$EnhancerBySpringCGLIB$$d78fcd33] is not eligible for getting processed by all BeanPostProcessors (for example: not eligible for auto-proxying)
2022-09-13 13:09:58.004  INFO [dap-patternsearch-client-service,,,] 34175 --- [           main] trationDelegate$BeanPostProcessorChecker : Bean 'org.springframework.cloud.netflix.metrics.MetricsInterceptorConfiguration$MetricsRestTemplateConfiguration' of type [org.springframework.cloud.netflix.metrics.MetricsInterceptorConfiguration$MetricsRestTemplateConfiguration$$EnhancerBySpringCGLIB$$9bc7374] is not eligible for getting processed by all BeanPostProcessors (for example: not eligible for auto-proxying)
2022-09-13 13:09:58.115  INFO [dap-patternsearch-client-service,,,] 34175 --- [           main] trationDelegate$BeanPostProcessorChecker : Bean 'integrationGlobalProperties' of type [org.springframework.beans.factory.config.PropertiesFactoryBean] is not eligible for getting processed by all BeanPostProcessors (for example: not eligible for auto-proxying)
2022-09-13 13:09:58.131  INFO [dap-patternsearch-client-service,,,] 34175 --- [           main] trationDelegate$BeanPostProcessorChecker : Bean 'integrationGlobalProperties' of type [java.util.Properties] is not eligible for getting processed by all BeanPostProcessors (for example: not eligible for auto-proxying)
2022-09-13 13:09:58.287  INFO [dap-patternsearch-client-service,,,] 34175 --- [           main] trationDelegate$BeanPostProcessorChecker : Bean 'org.springframework.cloud.autoconfigure.ConfigurationPropertiesRebinderAutoConfiguration' of type [org.springframework.cloud.autoconfigure.ConfigurationPropertiesRebinderAutoConfiguration$$EnhancerBySpringCGLIB$$f3a9d030] is not eligible for getting processed by all BeanPostProcessors (for example: not eligible for auto-proxying)
2022-09-13 13:09:58.305  INFO [dap-patternsearch-client-service,,,] 34175 --- [           main] trationDelegate$BeanPostProcessorChecker : Bean 'org.springframework.cloud.sleuth.instrument.web.client.feign.TraceFeignClientAutoConfiguration$FeignBeanPostProcessorConfiguration' of type [org.springframework.cloud.sleuth.instrument.web.client.feign.TraceFeignClientAutoConfiguration$FeignBeanPostProcessorConfiguration$$EnhancerBySpringCGLIB$$1721a5f9] is not eligible for getting processed by all BeanPostProcessors (for example: not eligible for auto-proxying)
2022-09-13 13:09:58.325  INFO [dap-patternsearch-client-service,,,] 34175 --- [           main] trationDelegate$BeanPostProcessorChecker : Bean 'org.springframework.cloud.sleuth.instrument.async.AsyncDefaultAutoConfiguration' of type [org.springframework.cloud.sleuth.instrument.async.AsyncDefaultAutoConfiguration$$EnhancerBySpringCGLIB$$bf737952] is not eligible for getting processed by all BeanPostProcessors (for example: not eligible for auto-proxying)
2022-09-13 13:09:58.338  INFO [dap-patternsearch-client-service,,,] 34175 --- [           main] trationDelegate$BeanPostProcessorChecker : Bean 'org.springframework.cloud.sleuth.instrument.web.client.TraceWebClientAutoConfiguration' of type [org.springframework.cloud.sleuth.instrument.web.client.TraceWebClientAutoConfiguration$$EnhancerBySpringCGLIB$$842298b2] is not eligible for getting processed by all BeanPostProcessors (for example: not eligible for auto-proxying)
2022-09-13 13:09:58.360  INFO [dap-patternsearch-client-service,,,] 34175 --- [           main] f.a.AutowiredAnnotationBeanPostProcessor : JSR-330 'javax.inject.Inject' annotation found and supported for autowiring
2022-09-13 13:09:58.978  INFO [dap-patternsearch-client-service,,,] 34175 --- [           main] s.b.c.e.t.TomcatEmbeddedServletContainer : Tomcat initialized with port(s): 0 (http)
2022-09-13 13:09:59.051  INFO [dap-patternsearch-client-service,,,] 34175 --- [           main] o.apache.catalina.core.StandardService   : Starting service [Tomcat]
2022-09-13 13:09:59.054  INFO [dap-patternsearch-client-service,,,] 34175 --- [           main] org.apache.catalina.core.StandardEngine  : Starting Servlet Engine: Apache Tomcat/8.5.35
2022-09-13 13:09:59.287  INFO [dap-patternsearch-client-service,,,] 34175 --- [ost-startStop-1] o.a.c.c.C.[Tomcat].[localhost].[/]       : Initializing Spring embedded WebApplicationContext
2022-09-13 13:09:59.288  INFO [dap-patternsearch-client-service,,,] 34175 --- [ost-startStop-1] o.s.web.context.ContextLoader            : Root WebApplicationContext: initialization completed in 5124 ms
2022-09-13 13:10:00.115  INFO [dap-patternsearch-client-service,,,] 34175 --- [ost-startStop-1] o.s.b.w.servlet.FilterRegistrationBean   : Mapping filter: 'metricsFilter' to: [/*]
2022-09-13 13:10:00.116  INFO [dap-patternsearch-client-service,,,] 34175 --- [ost-startStop-1] o.s.b.w.servlet.FilterRegistrationBean   : Mapping filter: 'characterEncodingFilter' to: [/*]
2022-09-13 13:10:00.116  INFO [dap-patternsearch-client-service,,,] 34175 --- [ost-startStop-1] o.s.b.w.servlet.FilterRegistrationBean   : Mapping filter: 'traceFilter' to: [/*]
2022-09-13 13:10:00.117  INFO [dap-patternsearch-client-service,,,] 34175 --- [ost-startStop-1] o.s.b.w.servlet.FilterRegistrationBean   : Mapping filter: 'hiddenHttpMethodFilter' to: [/*]
2022-09-13 13:10:00.118  INFO [dap-patternsearch-client-service,,,] 34175 --- [ost-startStop-1] o.s.b.w.servlet.FilterRegistrationBean   : Mapping filter: 'httpPutFormContentFilter' to: [/*]
2022-09-13 13:10:00.118  INFO [dap-patternsearch-client-service,,,] 34175 --- [ost-startStop-1] o.s.b.w.servlet.FilterRegistrationBean   : Mapping filter: 'requestContextFilter' to: [/*]
2022-09-13 13:10:00.118  INFO [dap-patternsearch-client-service,,,] 34175 --- [ost-startStop-1] o.s.b.w.servlet.FilterRegistrationBean   : Mapping filter: 'webRequestLoggingFilter' to: [/*]
2022-09-13 13:10:00.118  INFO [dap-patternsearch-client-service,,,] 34175 --- [ost-startStop-1] o.s.b.w.servlet.FilterRegistrationBean   : Mapping filter: 'applicationContextIdFilter' to: [/*]
2022-09-13 13:10:00.118  INFO [dap-patternsearch-client-service,,,] 34175 --- [ost-startStop-1] o.s.b.w.servlet.ServletRegistrationBean  : Mapping servlet: 'dispatcherServlet' to [/]
2022-09-13 13:10:01.001  INFO [dap-patternsearch-client-service,,,] 34175 --- [           main] j.LocalContainerEntityManagerFactoryBean : Building JPA container EntityManagerFactory for persistence unit 'default'
2022-09-13 13:10:01.029  INFO [dap-patternsearch-client-service,,,] 34175 --- [           main] o.hibernate.jpa.internal.util.LogHelper  : HHH000204: Processing PersistenceUnitInfo [
	name: default
	...]
2022-09-13 13:10:01.139  INFO [dap-patternsearch-client-service,,,] 34175 --- [           main] org.hibernate.Version                    : HHH000412: Hibernate Core {5.0.12.Final}
2022-09-13 13:10:01.143  INFO [dap-patternsearch-client-service,,,] 34175 --- [           main] org.hibernate.cfg.Environment            : HHH000206: hibernate.properties not found
2022-09-13 13:10:01.149  INFO [dap-patternsearch-client-service,,,] 34175 --- [           main] org.hibernate.cfg.Environment            : HHH000021: Bytecode provider name : javassist
2022-09-13 13:10:01.223  INFO [dap-patternsearch-client-service,,,] 34175 --- [           main] o.hibernate.annotations.common.Version   : HCANN000001: Hibernate Commons Annotations {5.0.1.Final}
2022-09-13 13:10:01.392  INFO [dap-patternsearch-client-service,,,] 34175 --- [           main] org.hibernate.dialect.Dialect            : HHH000400: Using dialect: org.hibernate.dialect.PostgreSQLDialect
2022-09-13 13:10:01.794  INFO [dap-patternsearch-client-service,,,] 34175 --- [           main] o.h.e.j.e.i.LobCreatorBuilderImpl        : HHH000424: Disabling contextual LOB creation as createClob() method threw error : java.lang.reflect.InvocationTargetException
2022-09-13 13:10:01.796  INFO [dap-patternsearch-client-service,,,] 34175 --- [           main] org.hibernate.type.BasicTypeRegistry     : HHH000270: Type registration [java.util.UUID] overrides previous : org.hibernate.type.UUIDBinaryType@7aac6d13
2022-09-13 13:10:02.308  INFO [dap-patternsearch-client-service,,,] 34175 --- [           main] org.hibernate.tool.hbm2ddl.SchemaUpdate  : HHH000228: Running hbm2ddl schema update
2022-09-13 13:10:02.414  INFO [dap-patternsearch-client-service,,,] 34175 --- [           main] j.LocalContainerEntityManagerFactoryBean : Initialized JPA EntityManagerFactory for persistence unit 'default'
2022-09-13 13:10:04.497  INFO [dap-patternsearch-client-service,,,] 34175 --- [           main] o.a.c.c.C.[Tomcat].[localhost].[/]       : jolokia: No access restrictor found, access to any MBean is allowed
2022-09-13 13:10:05.008  INFO [dap-patternsearch-client-service,,,] 34175 --- [           main] s.w.s.m.m.a.RequestMappingHandlerMapping : Mapped "{[/openapi/v1/client/generic/01-encrypt],methods=[GET]}" onto public org.springframework.http.ResponseEntity<byte[]> fr.cea.bigpi.fhe.dap.patternsearch.api.ControllerImpl.encrypt(java.lang.String)
2022-09-13 13:10:05.009  INFO [dap-patternsearch-client-service,,,] 34175 --- [           main] s.w.s.m.m.a.RequestMappingHandlerMapping : Mapped "{[/openapi/v1/client/data/decrypt],methods=[POST]}" onto public org.springframework.http.ResponseEntity<java.lang.String> fr.cea.bigpi.fhe.dap.patternsearch.api.ControllerImpl.decryptData(org.springframework.web.multipart.MultipartFile)
2022-09-13 13:10:05.009  INFO [dap-patternsearch-client-service,,,] 34175 --- [           main] s.w.s.m.m.a.RequestMappingHandlerMapping : Mapped "{[/openapi/v1/client/generic/05-checkContent-Auto],methods=[POST]}" onto public org.springframework.http.ResponseEntity<java.lang.String> fr.cea.bigpi.fhe.dap.patternsearch.api.ControllerImpl.checkContentAuto(java.lang.String,java.lang.String)
2022-09-13 13:10:05.010  INFO [dap-patternsearch-client-service,,,] 34175 --- [           main] s.w.s.m.m.a.RequestMappingHandlerMapping : Mapped "{[/openapi/v1/client/generic/03-check],methods=[GET]}" onto public org.springframework.http.ResponseEntity<byte[]> fr.cea.bigpi.fhe.dap.patternsearch.api.ControllerImpl.checkWithEncryptedFile(java.lang.String,java.lang.String)
2022-09-13 13:10:05.010  INFO [dap-patternsearch-client-service,,,] 34175 --- [           main] s.w.s.m.m.a.RequestMappingHandlerMapping : Mapped "{[/openapi/v1/client/generic/04-decryptCheckResult],methods=[POST]}" onto public org.springframework.http.ResponseEntity<java.lang.String> fr.cea.bigpi.fhe.dap.patternsearch.api.ControllerImpl.decryptCheckResult(org.springframework.web.multipart.MultipartFile)
2022-09-13 13:10:05.011  INFO [dap-patternsearch-client-service,,,] 34175 --- [           main] s.w.s.m.m.a.RequestMappingHandlerMapping : Mapped "{[/openapi/v1/client/generic/02-upload],methods=[POST]}" onto public org.springframework.http.ResponseEntity<java.lang.String> fr.cea.bigpi.fhe.dap.patternsearch.api.ControllerImpl.uploadEncryptedFile(org.springframework.web.multipart.MultipartFile,java.lang.String)
2022-09-13 13:10:05.011  INFO [dap-patternsearch-client-service,,,] 34175 --- [           main] s.w.s.m.m.a.RequestMappingHandlerMapping : Mapped "{[/openapi/v1/client/data/downloadEncryptedFile],methods=[POST]}" onto public org.springframework.http.ResponseEntity<byte[]> fr.cea.bigpi.fhe.dap.patternsearch.api.ControllerImpl.downloadEncryptedFile(java.lang.Integer,java.lang.String)
2022-09-13 13:10:05.012  INFO [dap-patternsearch-client-service,,,] 34175 --- [           main] s.w.s.m.m.a.RequestMappingHandlerMapping : Mapped "{[/openapi/v1/client/data],methods=[GET]}" onto public org.springframework.http.ResponseEntity<java.util.List<fr.cea.bigpi.fhe.dap.patternsearch.model.Data>> fr.cea.bigpi.fhe.dap.patternsearch.api.ControllerImpl.getAllData(java.lang.String)
2022-09-13 13:10:05.013  INFO [dap-patternsearch-client-service,,,] 34175 --- [           main] s.w.s.m.m.a.RequestMappingHandlerMapping : Mapped "{[/openapi/v1/client/data],methods=[POST]}" onto public org.springframework.http.ResponseEntity<fr.cea.bigpi.fhe.dap.patternsearch.model.Description> fr.cea.bigpi.fhe.dap.patternsearch.api.ControllerImpl.createData(java.lang.String,java.lang.String,java.lang.String,java.lang.Integer,java.lang.Integer,java.lang.String)
2022-09-13 13:10:05.023  WARN [dap-patternsearch-client-service,,,] 34175 --- [           main] ationConfigEmbeddedWebApplicationContext : Exception encountered during context initialization - cancelling refresh attempt: org.springframework.beans.factory.UnsatisfiedDependencyException: Error creating bean with name 'documentationPluginsBootstrapper' defined in URL [jar:file:/home/hgnguyen/.m2/repository/io/springfox/springfox-spring-web/2.9.2/springfox-spring-web-2.9.2.jar!/springfox/documentation/spring/web/plugins/DocumentationPluginsBootstrapper.class]: Unsatisfied dependency expressed through constructor parameter 1; nested exception is org.springframework.beans.factory.UnsatisfiedDependencyException: Error creating bean with name 'webMvcRequestHandlerProvider' defined in URL [jar:file:/home/hgnguyen/.m2/repository/io/springfox/springfox-spring-web/2.9.2/springfox-spring-web-2.9.2.jar!/springfox/documentation/spring/web/plugins/WebMvcRequestHandlerProvider.class]: Unsatisfied dependency expressed through constructor parameter 1; nested exception is org.springframework.beans.factory.BeanCreationException: Error creating bean with name 'requestMappingHandlerMapping' defined in class path resource [org/springframework/boot/autoconfigure/web/WebMvcAutoConfiguration$EnableWebMvcConfiguration.class]: Invocation of init method failed; nested exception is java.lang.IllegalStateException: Ambiguous mapping. Cannot map 'controllerImpl' method 
public org.springframework.http.ResponseEntity<fr.cea.bigpi.fhe.dap.patternsearch.model.Description> fr.cea.bigpi.fhe.dap.patternsearch.api.ControllerImpl.createHashData(java.lang.String,java.lang.String,java.lang.String,java.lang.Integer,java.lang.Integer,java.lang.String)
to {[/openapi/v1/client/data],methods=[POST]}: There is already 'controllerImpl' bean method
public org.springframework.http.ResponseEntity<fr.cea.bigpi.fhe.dap.patternsearch.model.Description> fr.cea.bigpi.fhe.dap.patternsearch.api.ControllerImpl.createData(java.lang.String,java.lang.String,java.lang.String,java.lang.Integer,java.lang.Integer,java.lang.String) mapped.
2022-09-13 13:10:05.027  INFO [dap-patternsearch-client-service,,,] 34175 --- [           main] j.LocalContainerEntityManagerFactoryBean : Closing JPA EntityManagerFactory for persistence unit 'default'
2022-09-13 13:10:05.041  INFO [dap-patternsearch-client-service,,,] 34175 --- [           main] o.apache.catalina.core.StandardService   : Stopping service [Tomcat]
2022-09-13 13:10:05.076  INFO [dap-patternsearch-client-service,,,] 34175 --- [           main] utoConfigurationReportLoggingInitializer : 

Error starting ApplicationContext. To display the auto-configuration report re-run your application with 'debug' enabled.
2022-09-13 13:10:05.083 ERROR [dap-patternsearch-client-service,,,] 34175 --- [           main] o.s.boot.SpringApplication               : Application startup failed

org.springframework.beans.factory.UnsatisfiedDependencyException: Error creating bean with name 'documentationPluginsBootstrapper' defined in URL [jar:file:/home/hgnguyen/.m2/repository/io/springfox/springfox-spring-web/2.9.2/springfox-spring-web-2.9.2.jar!/springfox/documentation/spring/web/plugins/DocumentationPluginsBootstrapper.class]: Unsatisfied dependency expressed through constructor parameter 1; nested exception is org.springframework.beans.factory.UnsatisfiedDependencyException: Error creating bean with name 'webMvcRequestHandlerProvider' defined in URL [jar:file:/home/hgnguyen/.m2/repository/io/springfox/springfox-spring-web/2.9.2/springfox-spring-web-2.9.2.jar!/springfox/documentation/spring/web/plugins/WebMvcRequestHandlerProvider.class]: Unsatisfied dependency expressed through constructor parameter 1; nested exception is org.springframework.beans.factory.BeanCreationException: Error creating bean with name 'requestMappingHandlerMapping' defined in class path resource [org/springframework/boot/autoconfigure/web/WebMvcAutoConfiguration$EnableWebMvcConfiguration.class]: Invocation of init method failed; nested exception is java.lang.IllegalStateException: Ambiguous mapping. Cannot map 'controllerImpl' method 
public org.springframework.http.ResponseEntity<fr.cea.bigpi.fhe.dap.patternsearch.model.Description> fr.cea.bigpi.fhe.dap.patternsearch.api.ControllerImpl.createHashData(java.lang.String,java.lang.String,java.lang.String,java.lang.Integer,java.lang.Integer,java.lang.String)
to {[/openapi/v1/client/data],methods=[POST]}: There is already 'controllerImpl' bean method
public org.springframework.http.ResponseEntity<fr.cea.bigpi.fhe.dap.patternsearch.model.Description> fr.cea.bigpi.fhe.dap.patternsearch.api.ControllerImpl.createData(java.lang.String,java.lang.String,java.lang.String,java.lang.Integer,java.lang.Integer,java.lang.String) mapped.
	at org.springframework.beans.factory.support.ConstructorResolver.createArgumentArray(ConstructorResolver.java:749)
	at org.springframework.beans.factory.support.ConstructorResolver.autowireConstructor(ConstructorResolver.java:189)
	at org.springframework.beans.factory.support.AbstractAutowireCapableBeanFactory.autowireConstructor(AbstractAutowireCapableBeanFactory.java:1198)
	at org.springframework.beans.factory.support.AbstractAutowireCapableBeanFactory.createBeanInstance(AbstractAutowireCapableBeanFactory.java:1100)
	at org.springframework.beans.factory.support.AbstractAutowireCapableBeanFactory.doCreateBean(AbstractAutowireCapableBeanFactory.java:511)
	at org.springframework.beans.factory.support.AbstractAutowireCapableBeanFactory.createBean(AbstractAutowireCapableBeanFactory.java:481)
	at org.springframework.beans.factory.support.AbstractBeanFactory$1.getObject(AbstractBeanFactory.java:312)
	at org.springframework.beans.factory.support.DefaultSingletonBeanRegistry.getSingleton(DefaultSingletonBeanRegistry.java:230)
	at org.springframework.beans.factory.support.AbstractBeanFactory.doGetBean(AbstractBeanFactory.java:308)
	at org.springframework.beans.factory.support.AbstractBeanFactory.getBean(AbstractBeanFactory.java:197)
	at org.springframework.beans.factory.support.DefaultListableBeanFactory.preInstantiateSingletons(DefaultListableBeanFactory.java:761)
	at org.springframework.context.support.AbstractApplicationContext.finishBeanFactoryInitialization(AbstractApplicationContext.java:867)
	at org.springframework.context.support.AbstractApplicationContext.refresh(AbstractApplicationContext.java:543)
	at org.springframework.boot.context.embedded.EmbeddedWebApplicationContext.refresh(EmbeddedWebApplicationContext.java:124)
	at org.springframework.boot.SpringApplication.refresh(SpringApplication.java:693)
	at org.springframework.boot.SpringApplication.refreshContext(SpringApplication.java:360)
	at org.springframework.boot.SpringApplication.run(SpringApplication.java:303)
	at org.springframework.boot.test.context.SpringBootContextLoader.loadContext(SpringBootContextLoader.java:121)
	at org.springframework.test.context.cache.DefaultCacheAwareContextLoaderDelegate.loadContextInternal(DefaultCacheAwareContextLoaderDelegate.java:98)
	at org.springframework.test.context.cache.DefaultCacheAwareContextLoaderDelegate.loadContext(DefaultCacheAwareContextLoaderDelegate.java:116)
	at org.springframework.test.context.support.DefaultTestContext.getApplicationContext(DefaultTestContext.java:83)
	at org.springframework.test.context.support.DependencyInjectionTestExecutionListener.injectDependencies(DependencyInjectionTestExecutionListener.java:117)
	at org.springframework.test.context.support.DependencyInjectionTestExecutionListener.prepareTestInstance(DependencyInjectionTestExecutionListener.java:83)
	at org.springframework.boot.test.autoconfigure.SpringBootDependencyInjectionTestExecutionListener.prepareTestInstance(SpringBootDependencyInjectionTestExecutionListener.java:44)
	at org.springframework.test.context.TestContextManager.prepareTestInstance(TestContextManager.java:230)
	at org.springframework.test.context.junit4.SpringJUnit4ClassRunner.createTest(SpringJUnit4ClassRunner.java:228)
	at org.springframework.test.context.junit4.SpringJUnit4ClassRunner$1.runReflectiveCall(SpringJUnit4ClassRunner.java:287)
	at org.junit.internal.runners.model.ReflectiveCallable.run(ReflectiveCallable.java:12)
	at org.springframework.test.context.junit4.SpringJUnit4ClassRunner.methodBlock(SpringJUnit4ClassRunner.java:289)
	at org.springframework.test.context.junit4.SpringJUnit4ClassRunner.runChild(SpringJUnit4ClassRunner.java:247)
	at org.springframework.test.context.junit4.SpringJUnit4ClassRunner.runChild(SpringJUnit4ClassRunner.java:94)
	at org.junit.runners.ParentRunner$3.run(ParentRunner.java:290)
	at org.junit.runners.ParentRunner$1.schedule(ParentRunner.java:71)
	at org.junit.runners.ParentRunner.runChildren(ParentRunner.java:288)
	at org.junit.runners.ParentRunner.access$000(ParentRunner.java:58)
	at org.junit.runners.ParentRunner$2.evaluate(ParentRunner.java:268)
	at org.springframework.test.context.junit4.statements.RunBeforeTestClassCallbacks.evaluate(RunBeforeTestClassCallbacks.java:61)
	at org.springframework.test.context.junit4.statements.RunAfterTestClassCallbacks.evaluate(RunAfterTestClassCallbacks.java:70)
	at org.junit.runners.ParentRunner.run(ParentRunner.java:363)
	at org.springframework.test.context.junit4.SpringJUnit4ClassRunner.run(SpringJUnit4ClassRunner.java:191)
	at org.apache.maven.surefire.junit4.JUnit4Provider.execute(JUnit4Provider.java:283)
	at org.apache.maven.surefire.junit4.JUnit4Provider.executeWithRerun(JUnit4Provider.java:173)
	at org.apache.maven.surefire.junit4.JUnit4Provider.executeTestSet(JUnit4Provider.java:153)
	at org.apache.maven.surefire.junit4.JUnit4Provider.invoke(JUnit4Provider.java:128)
	at org.apache.maven.surefire.booter.ForkedBooter.invokeProviderInSameClassLoader(ForkedBooter.java:203)
	at org.apache.maven.surefire.booter.ForkedBooter.runSuitesInProcess(ForkedBooter.java:155)
	at org.apache.maven.surefire.booter.ForkedBooter.main(ForkedBooter.java:103)
Caused by: org.springframework.beans.factory.UnsatisfiedDependencyException: Error creating bean with name 'webMvcRequestHandlerProvider' defined in URL [jar:file:/home/hgnguyen/.m2/repository/io/springfox/springfox-spring-web/2.9.2/springfox-spring-web-2.9.2.jar!/springfox/documentation/spring/web/plugins/WebMvcRequestHandlerProvider.class]: Unsatisfied dependency expressed through constructor parameter 1; nested exception is org.springframework.beans.factory.BeanCreationException: Error creating bean with name 'requestMappingHandlerMapping' defined in class path resource [org/springframework/boot/autoconfigure/web/WebMvcAutoConfiguration$EnableWebMvcConfiguration.class]: Invocation of init method failed; nested exception is java.lang.IllegalStateException: Ambiguous mapping. Cannot map 'controllerImpl' method 
public org.springframework.http.ResponseEntity<fr.cea.bigpi.fhe.dap.patternsearch.model.Description> fr.cea.bigpi.fhe.dap.patternsearch.api.ControllerImpl.createHashData(java.lang.String,java.lang.String,java.lang.String,java.lang.Integer,java.lang.Integer,java.lang.String)
to {[/openapi/v1/client/data],methods=[POST]}: There is already 'controllerImpl' bean method
public org.springframework.http.ResponseEntity<fr.cea.bigpi.fhe.dap.patternsearch.model.Description> fr.cea.bigpi.fhe.dap.patternsearch.api.ControllerImpl.createData(java.lang.String,java.lang.String,java.lang.String,java.lang.Integer,java.lang.Integer,java.lang.String) mapped.
	at org.springframework.beans.factory.support.ConstructorResolver.createArgumentArray(ConstructorResolver.java:749)
	at org.springframework.beans.factory.support.ConstructorResolver.autowireConstructor(ConstructorResolver.java:189)
	at org.springframework.beans.factory.support.AbstractAutowireCapableBeanFactory.autowireConstructor(AbstractAutowireCapableBeanFactory.java:1198)
	at org.springframework.beans.factory.support.AbstractAutowireCapableBeanFactory.createBeanInstance(AbstractAutowireCapableBeanFactory.java:1100)
	at org.springframework.beans.factory.support.AbstractAutowireCapableBeanFactory.doCreateBean(AbstractAutowireCapableBeanFactory.java:511)
	at org.springframework.beans.factory.support.AbstractAutowireCapableBeanFactory.createBean(AbstractAutowireCapableBeanFactory.java:481)
	at org.springframework.beans.factory.support.AbstractBeanFactory$1.getObject(AbstractBeanFactory.java:312)
	at org.springframework.beans.factory.support.DefaultSingletonBeanRegistry.getSingleton(DefaultSingletonBeanRegistry.java:230)
	at org.springframework.beans.factory.support.AbstractBeanFactory.doGetBean(AbstractBeanFactory.java:308)
	at org.springframework.beans.factory.support.AbstractBeanFactory.getBean(AbstractBeanFactory.java:202)
	at org.springframework.beans.factory.config.DependencyDescriptor.resolveCandidate(DependencyDescriptor.java:208)
	at org.springframework.beans.factory.support.DefaultListableBeanFactory.addCandidateEntry(DefaultListableBeanFactory.java:1314)
	at org.springframework.beans.factory.support.DefaultListableBeanFactory.findAutowireCandidates(DefaultListableBeanFactory.java:1280)
	at org.springframework.beans.factory.support.DefaultListableBeanFactory.resolveMultipleBeans(DefaultListableBeanFactory.java:1178)
	at org.springframework.beans.factory.support.DefaultListableBeanFactory.doResolveDependency(DefaultListableBeanFactory.java:1094)
	at org.springframework.beans.factory.support.DefaultListableBeanFactory.resolveDependency(DefaultListableBeanFactory.java:1064)
	at org.springframework.beans.factory.support.ConstructorResolver.resolveAutowiredArgument(ConstructorResolver.java:835)
	at org.springframework.beans.factory.support.ConstructorResolver.createArgumentArray(ConstructorResolver.java:741)
	... 46 common frames omitted
Caused by: org.springframework.beans.factory.BeanCreationException: Error creating bean with name 'requestMappingHandlerMapping' defined in class path resource [org/springframework/boot/autoconfigure/web/WebMvcAutoConfiguration$EnableWebMvcConfiguration.class]: Invocation of init method failed; nested exception is java.lang.IllegalStateException: Ambiguous mapping. Cannot map 'controllerImpl' method 
public org.springframework.http.ResponseEntity<fr.cea.bigpi.fhe.dap.patternsearch.model.Description> fr.cea.bigpi.fhe.dap.patternsearch.api.ControllerImpl.createHashData(java.lang.String,java.lang.String,java.lang.String,java.lang.Integer,java.lang.Integer,java.lang.String)
to {[/openapi/v1/client/data],methods=[POST]}: There is already 'controllerImpl' bean method
public org.springframework.http.ResponseEntity<fr.cea.bigpi.fhe.dap.patternsearch.model.Description> fr.cea.bigpi.fhe.dap.patternsearch.api.ControllerImpl.createData(java.lang.String,java.lang.String,java.lang.String,java.lang.Integer,java.lang.Integer,java.lang.String) mapped.
	at org.springframework.beans.factory.support.AbstractAutowireCapableBeanFactory.initializeBean(AbstractAutowireCapableBeanFactory.java:1631)
	at org.springframework.beans.factory.support.AbstractAutowireCapableBeanFactory.doCreateBean(AbstractAutowireCapableBeanFactory.java:553)
	at org.springframework.beans.factory.support.AbstractAutowireCapableBeanFactory.createBean(AbstractAutowireCapableBeanFactory.java:481)
	at org.springframework.beans.factory.support.AbstractBeanFactory$1.getObject(AbstractBeanFactory.java:312)
	at org.springframework.beans.factory.support.DefaultSingletonBeanRegistry.getSingleton(DefaultSingletonBeanRegistry.java:230)
	at org.springframework.beans.factory.support.AbstractBeanFactory.doGetBean(AbstractBeanFactory.java:308)
	at org.springframework.beans.factory.support.AbstractBeanFactory.getBean(AbstractBeanFactory.java:202)
	at org.springframework.beans.factory.config.DependencyDescriptor.resolveCandidate(DependencyDescriptor.java:208)
	at org.springframework.beans.factory.support.DefaultListableBeanFactory.addCandidateEntry(DefaultListableBeanFactory.java:1314)
	at org.springframework.beans.factory.support.DefaultListableBeanFactory.findAutowireCandidates(DefaultListableBeanFactory.java:1280)
	at org.springframework.beans.factory.support.DefaultListableBeanFactory.resolveMultipleBeans(DefaultListableBeanFactory.java:1178)
	at org.springframework.beans.factory.support.DefaultListableBeanFactory.doResolveDependency(DefaultListableBeanFactory.java:1094)
	at org.springframework.beans.factory.support.DefaultListableBeanFactory.resolveDependency(DefaultListableBeanFactory.java:1064)
	at org.springframework.beans.factory.support.ConstructorResolver.resolveAutowiredArgument(ConstructorResolver.java:835)
	at org.springframework.beans.factory.support.ConstructorResolver.createArgumentArray(ConstructorResolver.java:741)
	... 63 common frames omitted
Caused by: java.lang.IllegalStateException: Ambiguous mapping. Cannot map 'controllerImpl' method 
public org.springframework.http.ResponseEntity<fr.cea.bigpi.fhe.dap.patternsearch.model.Description> fr.cea.bigpi.fhe.dap.patternsearch.api.ControllerImpl.createHashData(java.lang.String,java.lang.String,java.lang.String,java.lang.Integer,java.lang.Integer,java.lang.String)
to {[/openapi/v1/client/data],methods=[POST]}: There is already 'controllerImpl' bean method
public org.springframework.http.ResponseEntity<fr.cea.bigpi.fhe.dap.patternsearch.model.Description> fr.cea.bigpi.fhe.dap.patternsearch.api.ControllerImpl.createData(java.lang.String,java.lang.String,java.lang.String,java.lang.Integer,java.lang.Integer,java.lang.String) mapped.
	at org.springframework.web.servlet.handler.AbstractHandlerMethodMapping$MappingRegistry.assertUniqueMethodMapping(AbstractHandlerMethodMapping.java:577)
	at org.springframework.web.servlet.handler.AbstractHandlerMethodMapping$MappingRegistry.register(AbstractHandlerMethodMapping.java:541)
	at org.springframework.web.servlet.handler.AbstractHandlerMethodMapping.registerHandlerMethod(AbstractHandlerMethodMapping.java:264)
	at org.springframework.web.servlet.handler.AbstractHandlerMethodMapping.detectHandlerMethods(AbstractHandlerMethodMapping.java:250)
	at org.springframework.web.servlet.handler.AbstractHandlerMethodMapping.initHandlerMethods(AbstractHandlerMethodMapping.java:214)
	at org.springframework.web.servlet.handler.AbstractHandlerMethodMapping.afterPropertiesSet(AbstractHandlerMethodMapping.java:184)
	at org.springframework.web.servlet.mvc.method.annotation.RequestMappingHandlerMapping.afterPropertiesSet(RequestMappingHandlerMapping.java:134)
	at org.springframework.beans.factory.support.AbstractAutowireCapableBeanFactory.invokeInitMethods(AbstractAutowireCapableBeanFactory.java:1689)
	at org.springframework.beans.factory.support.AbstractAutowireCapableBeanFactory.initializeBean(AbstractAutowireCapableBeanFactory.java:1627)
	... 77 common frames omitted

2022-09-13 13:10:05.270  INFO [dap-patternsearch-client-service,,,] 34175 --- [           main] o.s.core.annotation.AnnotationUtils      : Failed to introspect annotations on class org.springframework.cloud.netflix.eureka.config.EurekaDiscoveryClientConfigServiceBootstrapConfiguration: java.lang.IllegalStateException: Could not obtain annotation attribute value for public abstract java.lang.Class[] org.springframework.boot.autoconfigure.condition.ConditionalOnClass.value()
2022-09-13 13:10:05.272  INFO [dap-patternsearch-client-service,,,] 34175 --- [           main] s.c.a.AnnotationConfigApplicationContext : Refreshing org.springframework.context.annotation.AnnotationConfigApplicationContext@74faa12: startup date [Tue Sep 13 13:10:05 CEST 2022]; root of context hierarchy
2022-09-13 13:10:05.295  INFO [dap-patternsearch-client-service,,,] 34175 --- [           main] f.a.AutowiredAnnotationBeanPostProcessor : JSR-330 'javax.inject.Inject' annotation found and supported for autowiring
2022-09-13 13:10:05.317  INFO [dap-patternsearch-client-service,,,] 34175 --- [           main] trationDelegate$BeanPostProcessorChecker : Bean 'configurationPropertiesRebinderAutoConfiguration' of type [org.springframework.cloud.autoconfigure.ConfigurationPropertiesRebinderAutoConfiguration$$EnhancerBySpringCGLIB$$f3a9d030] is not eligible for getting processed by all BeanPostProcessors (for example: not eligible for auto-proxying)
=============================

DMP FHE-APLUSB SERVICE STARTING

=============================
2022-09-13 13:10:05.519  INFO [dap-patternsearch-client-service,,,] 34175 --- [           main] f.c.b.f.r.test.SampleRepositoryTest      : The following profiles are active: test
2022-09-13 13:10:05.521  INFO [dap-patternsearch-client-service,,,] 34175 --- [           main] ationConfigEmbeddedWebApplicationContext : Refreshing org.springframework.boot.context.embedded.AnnotationConfigEmbeddedWebApplicationContext@2e00ad90: startup date [Tue Sep 13 13:10:05 CEST 2022]; parent: org.springframework.context.annotation.AnnotationConfigApplicationContext@74faa12
2022-09-13 13:10:06.160  INFO [dap-patternsearch-client-service,,,] 34175 --- [           main] o.s.i.config.IntegrationRegistrar        : No bean named 'integrationHeaderChannelRegistry' has been explicitly defined. Therefore, a default DefaultHeaderChannelRegistry will be created.
2022-09-13 13:10:06.370  INFO [dap-patternsearch-client-service,,,] 34175 --- [           main] o.s.cloud.context.scope.GenericScope     : BeanFactory id=3b171ec2-4183-33be-949e-d1a7825a6ea4
2022-09-13 13:10:06.400  INFO [dap-patternsearch-client-service,,,] 34175 --- [           main] faultConfiguringBeanFactoryPostProcessor : No bean named 'errorChannel' has been explicitly defined. Therefore, a default PublishSubscribeChannel will be created.
2022-09-13 13:10:06.406  INFO [dap-patternsearch-client-service,,,] 34175 --- [           main] faultConfiguringBeanFactoryPostProcessor : No bean named 'taskScheduler' has been explicitly defined. Therefore, a default ThreadPoolTaskScheduler will be created.
2022-09-13 13:10:06.436  INFO [dap-patternsearch-client-service,,,] 34175 --- [           main] f.a.AutowiredAnnotationBeanPostProcessor : JSR-330 'javax.inject.Inject' annotation found and supported for autowiring
2022-09-13 13:10:06.598  INFO [dap-patternsearch-client-service,,,] 34175 --- [           main] trationDelegate$BeanPostProcessorChecker : Bean 'org.springframework.cloud.sleuth.annotation.SleuthAnnotationAutoConfiguration' of type [org.springframework.cloud.sleuth.annotation.SleuthAnnotationAutoConfiguration$$EnhancerBySpringCGLIB$$d9f51365] is not eligible for getting processed by all BeanPostProcessors (for example: not eligible for auto-proxying)
2022-09-13 13:10:06.652  INFO [dap-patternsearch-client-service,,,] 34175 --- [           main] trationDelegate$BeanPostProcessorChecker : Bean 'sleuthAdvisorConfig' of type [org.springframework.cloud.sleuth.annotation.SleuthAdvisorConfig] is not eligible for getting processed by all BeanPostProcessors (for example: not eligible for auto-proxying)
2022-09-13 13:10:06.671  INFO [dap-patternsearch-client-service,,,] 34175 --- [           main] trationDelegate$BeanPostProcessorChecker : Bean 'org.springframework.transaction.annotation.ProxyTransactionManagementConfiguration' of type [org.springframework.transaction.annotation.ProxyTransactionManagementConfiguration$$EnhancerBySpringCGLIB$$d78fcd33] is not eligible for getting processed by all BeanPostProcessors (for example: not eligible for auto-proxying)
2022-09-13 13:10:06.765  INFO [dap-patternsearch-client-service,,,] 34175 --- [           main] trationDelegate$BeanPostProcessorChecker : Bean 'org.springframework.cloud.netflix.metrics.MetricsInterceptorConfiguration$MetricsRestTemplateConfiguration' of type [org.springframework.cloud.netflix.metrics.MetricsInterceptorConfiguration$MetricsRestTemplateConfiguration$$EnhancerBySpringCGLIB$$9bc7374] is not eligible for getting processed by all BeanPostProcessors (for example: not eligible for auto-proxying)
2022-09-13 13:10:06.799  INFO [dap-patternsearch-client-service,,,] 34175 --- [           main] trationDelegate$BeanPostProcessorChecker : Bean 'integrationGlobalProperties' of type [org.springframework.beans.factory.config.PropertiesFactoryBean] is not eligible for getting processed by all BeanPostProcessors (for example: not eligible for auto-proxying)
2022-09-13 13:10:06.802  INFO [dap-patternsearch-client-service,,,] 34175 --- [           main] trationDelegate$BeanPostProcessorChecker : Bean 'integrationGlobalProperties' of type [java.util.Properties] is not eligible for getting processed by all BeanPostProcessors (for example: not eligible for auto-proxying)
2022-09-13 13:10:06.849  INFO [dap-patternsearch-client-service,,,] 34175 --- [           main] trationDelegate$BeanPostProcessorChecker : Bean 'org.springframework.cloud.autoconfigure.ConfigurationPropertiesRebinderAutoConfiguration' of type [org.springframework.cloud.autoconfigure.ConfigurationPropertiesRebinderAutoConfiguration$$EnhancerBySpringCGLIB$$f3a9d030] is not eligible for getting processed by all BeanPostProcessors (for example: not eligible for auto-proxying)
2022-09-13 13:10:06.860  INFO [dap-patternsearch-client-service,,,] 34175 --- [           main] trationDelegate$BeanPostProcessorChecker : Bean 'org.springframework.cloud.sleuth.instrument.web.client.feign.TraceFeignClientAutoConfiguration$FeignBeanPostProcessorConfiguration' of type [org.springframework.cloud.sleuth.instrument.web.client.feign.TraceFeignClientAutoConfiguration$FeignBeanPostProcessorConfiguration$$EnhancerBySpringCGLIB$$1721a5f9] is not eligible for getting processed by all BeanPostProcessors (for example: not eligible for auto-proxying)
2022-09-13 13:10:06.880  INFO [dap-patternsearch-client-service,,,] 34175 --- [           main] trationDelegate$BeanPostProcessorChecker : Bean 'org.springframework.cloud.sleuth.instrument.async.AsyncDefaultAutoConfiguration' of type [org.springframework.cloud.sleuth.instrument.async.AsyncDefaultAutoConfiguration$$EnhancerBySpringCGLIB$$bf737952] is not eligible for getting processed by all BeanPostProcessors (for example: not eligible for auto-proxying)
2022-09-13 13:10:06.892  INFO [dap-patternsearch-client-service,,,] 34175 --- [           main] trationDelegate$BeanPostProcessorChecker : Bean 'org.springframework.cloud.sleuth.instrument.web.client.TraceWebClientAutoConfiguration' of type [org.springframework.cloud.sleuth.instrument.web.client.TraceWebClientAutoConfiguration$$EnhancerBySpringCGLIB$$842298b2] is not eligible for getting processed by all BeanPostProcessors (for example: not eligible for auto-proxying)
2022-09-13 13:10:06.910  INFO [dap-patternsearch-client-service,,,] 34175 --- [           main] f.a.AutowiredAnnotationBeanPostProcessor : JSR-330 'javax.inject.Inject' annotation found and supported for autowiring
2022-09-13 13:10:07.119  INFO [dap-patternsearch-client-service,,,] 34175 --- [           main] s.b.c.e.t.TomcatEmbeddedServletContainer : Tomcat initialized with port(s): 0 (http)
2022-09-13 13:10:07.121  INFO [dap-patternsearch-client-service,,,] 34175 --- [           main] o.apache.catalina.core.StandardService   : Starting service [Tomcat]
2022-09-13 13:10:07.121  INFO [dap-patternsearch-client-service,,,] 34175 --- [           main] org.apache.catalina.core.StandardEngine  : Starting Servlet Engine: Apache Tomcat/8.5.35
2022-09-13 13:10:07.127  INFO [dap-patternsearch-client-service,,,] 34175 --- [ost-startStop-1] o.a.c.c.C.[Tomcat-1].[localhost].[/]     : Initializing Spring embedded WebApplicationContext
2022-09-13 13:10:07.127  INFO [dap-patternsearch-client-service,,,] 34175 --- [ost-startStop-1] o.s.web.context.ContextLoader            : Root WebApplicationContext: initialization completed in 1606 ms
2022-09-13 13:10:07.660  INFO [dap-patternsearch-client-service,,,] 34175 --- [ost-startStop-1] o.s.b.w.servlet.FilterRegistrationBean   : Mapping filter: 'metricsFilter' to: [/*]
2022-09-13 13:10:07.661  INFO [dap-patternsearch-client-service,,,] 34175 --- [ost-startStop-1] o.s.b.w.servlet.FilterRegistrationBean   : Mapping filter: 'characterEncodingFilter' to: [/*]
2022-09-13 13:10:07.661  INFO [dap-patternsearch-client-service,,,] 34175 --- [ost-startStop-1] o.s.b.w.servlet.FilterRegistrationBean   : Mapping filter: 'traceFilter' to: [/*]
2022-09-13 13:10:07.662  INFO [dap-patternsearch-client-service,,,] 34175 --- [ost-startStop-1] o.s.b.w.servlet.FilterRegistrationBean   : Mapping filter: 'hiddenHttpMethodFilter' to: [/*]
2022-09-13 13:10:07.662  INFO [dap-patternsearch-client-service,,,] 34175 --- [ost-startStop-1] o.s.b.w.servlet.FilterRegistrationBean   : Mapping filter: 'httpPutFormContentFilter' to: [/*]
2022-09-13 13:10:07.662  INFO [dap-patternsearch-client-service,,,] 34175 --- [ost-startStop-1] o.s.b.w.servlet.FilterRegistrationBean   : Mapping filter: 'requestContextFilter' to: [/*]
2022-09-13 13:10:07.663  INFO [dap-patternsearch-client-service,,,] 34175 --- [ost-startStop-1] o.s.b.w.servlet.FilterRegistrationBean   : Mapping filter: 'webRequestLoggingFilter' to: [/*]
2022-09-13 13:10:07.663  INFO [dap-patternsearch-client-service,,,] 34175 --- [ost-startStop-1] o.s.b.w.servlet.FilterRegistrationBean   : Mapping filter: 'applicationContextIdFilter' to: [/*]
2022-09-13 13:10:07.663  INFO [dap-patternsearch-client-service,,,] 34175 --- [ost-startStop-1] o.s.b.w.servlet.ServletRegistrationBean  : Mapping servlet: 'dispatcherServlet' to [/]
2022-09-13 13:10:08.035  INFO [dap-patternsearch-client-service,,,] 34175 --- [           main] j.LocalContainerEntityManagerFactoryBean : Building JPA container EntityManagerFactory for persistence unit 'default'
2022-09-13 13:10:08.039  INFO [dap-patternsearch-client-service,,,] 34175 --- [           main] o.hibernate.jpa.internal.util.LogHelper  : HHH000204: Processing PersistenceUnitInfo [
	name: default
	...]
2022-09-13 13:10:08.050  INFO [dap-patternsearch-client-service,,,] 34175 --- [           main] org.hibernate.dialect.Dialect            : HHH000400: Using dialect: org.hibernate.dialect.PostgreSQLDialect
2022-09-13 13:10:08.183  INFO [dap-patternsearch-client-service,,,] 34175 --- [           main] o.h.e.j.e.i.LobCreatorBuilderImpl        : HHH000424: Disabling contextual LOB creation as createClob() method threw error : java.lang.reflect.InvocationTargetException
2022-09-13 13:10:08.183  INFO [dap-patternsearch-client-service,,,] 34175 --- [           main] org.hibernate.type.BasicTypeRegistry     : HHH000270: Type registration [java.util.UUID] overrides previous : org.hibernate.type.UUIDBinaryType@7aac6d13
2022-09-13 13:10:08.209  INFO [dap-patternsearch-client-service,,,] 34175 --- [           main] org.hibernate.tool.hbm2ddl.SchemaUpdate  : HHH000228: Running hbm2ddl schema update
2022-09-13 13:10:08.252  INFO [dap-patternsearch-client-service,,,] 34175 --- [           main] j.LocalContainerEntityManagerFactoryBean : Initialized JPA EntityManagerFactory for persistence unit 'default'
2022-09-13 13:10:09.579  INFO [dap-patternsearch-client-service,,,] 34175 --- [           main] o.a.c.c.C.[Tomcat-1].[localhost].[/]     : jolokia: No access restrictor found, access to any MBean is allowed
2022-09-13 13:10:09.849  INFO [dap-patternsearch-client-service,,,] 34175 --- [           main] s.w.s.m.m.a.RequestMappingHandlerMapping : Mapped "{[/openapi/v1/client/generic/01-encrypt],methods=[GET]}" onto public org.springframework.http.ResponseEntity<byte[]> fr.cea.bigpi.fhe.dap.patternsearch.api.ControllerImpl.encrypt(java.lang.String)
2022-09-13 13:10:09.850  INFO [dap-patternsearch-client-service,,,] 34175 --- [           main] s.w.s.m.m.a.RequestMappingHandlerMapping : Mapped "{[/openapi/v1/client/data/decrypt],methods=[POST]}" onto public org.springframework.http.ResponseEntity<java.lang.String> fr.cea.bigpi.fhe.dap.patternsearch.api.ControllerImpl.decryptData(org.springframework.web.multipart.MultipartFile)
2022-09-13 13:10:09.850  INFO [dap-patternsearch-client-service,,,] 34175 --- [           main] s.w.s.m.m.a.RequestMappingHandlerMapping : Mapped "{[/openapi/v1/client/generic/05-checkContent-Auto],methods=[POST]}" onto public org.springframework.http.ResponseEntity<java.lang.String> fr.cea.bigpi.fhe.dap.patternsearch.api.ControllerImpl.checkContentAuto(java.lang.String,java.lang.String)
2022-09-13 13:10:09.850  INFO [dap-patternsearch-client-service,,,] 34175 --- [           main] s.w.s.m.m.a.RequestMappingHandlerMapping : Mapped "{[/openapi/v1/client/generic/03-check],methods=[GET]}" onto public org.springframework.http.ResponseEntity<byte[]> fr.cea.bigpi.fhe.dap.patternsearch.api.ControllerImpl.checkWithEncryptedFile(java.lang.String,java.lang.String)
2022-09-13 13:10:09.851  INFO [dap-patternsearch-client-service,,,] 34175 --- [           main] s.w.s.m.m.a.RequestMappingHandlerMapping : Mapped "{[/openapi/v1/client/generic/04-decryptCheckResult],methods=[POST]}" onto public org.springframework.http.ResponseEntity<java.lang.String> fr.cea.bigpi.fhe.dap.patternsearch.api.ControllerImpl.decryptCheckResult(org.springframework.web.multipart.MultipartFile)
2022-09-13 13:10:09.851  INFO [dap-patternsearch-client-service,,,] 34175 --- [           main] s.w.s.m.m.a.RequestMappingHandlerMapping : Mapped "{[/openapi/v1/client/generic/02-upload],methods=[POST]}" onto public org.springframework.http.ResponseEntity<java.lang.String> fr.cea.bigpi.fhe.dap.patternsearch.api.ControllerImpl.uploadEncryptedFile(org.springframework.web.multipart.MultipartFile,java.lang.String)
2022-09-13 13:10:09.852  INFO [dap-patternsearch-client-service,,,] 34175 --- [           main] s.w.s.m.m.a.RequestMappingHandlerMapping : Mapped "{[/openapi/v1/client/data/downloadEncryptedFile],methods=[POST]}" onto public org.springframework.http.ResponseEntity<byte[]> fr.cea.bigpi.fhe.dap.patternsearch.api.ControllerImpl.downloadEncryptedFile(java.lang.Integer,java.lang.String)
2022-09-13 13:10:09.852  INFO [dap-patternsearch-client-service,,,] 34175 --- [           main] s.w.s.m.m.a.RequestMappingHandlerMapping : Mapped "{[/openapi/v1/client/data],methods=[GET]}" onto public org.springframework.http.ResponseEntity<java.util.List<fr.cea.bigpi.fhe.dap.patternsearch.model.Data>> fr.cea.bigpi.fhe.dap.patternsearch.api.ControllerImpl.getAllData(java.lang.String)
2022-09-13 13:10:09.852  INFO [dap-patternsearch-client-service,,,] 34175 --- [           main] s.w.s.m.m.a.RequestMappingHandlerMapping : Mapped "{[/openapi/v1/client/data],methods=[POST]}" onto public org.springframework.http.ResponseEntity<fr.cea.bigpi.fhe.dap.patternsearch.model.Description> fr.cea.bigpi.fhe.dap.patternsearch.api.ControllerImpl.createData(java.lang.String,java.lang.String,java.lang.String,java.lang.Integer,java.lang.Integer,java.lang.String)
2022-09-13 13:10:09.857  WARN [dap-patternsearch-client-service,,,] 34175 --- [           main] ationConfigEmbeddedWebApplicationContext : Exception encountered during context initialization - cancelling refresh attempt: org.springframework.beans.factory.UnsatisfiedDependencyException: Error creating bean with name 'documentationPluginsBootstrapper' defined in URL [jar:file:/home/hgnguyen/.m2/repository/io/springfox/springfox-spring-web/2.9.2/springfox-spring-web-2.9.2.jar!/springfox/documentation/spring/web/plugins/DocumentationPluginsBootstrapper.class]: Unsatisfied dependency expressed through constructor parameter 1; nested exception is org.springframework.beans.factory.UnsatisfiedDependencyException: Error creating bean with name 'webMvcRequestHandlerProvider' defined in URL [jar:file:/home/hgnguyen/.m2/repository/io/springfox/springfox-spring-web/2.9.2/springfox-spring-web-2.9.2.jar!/springfox/documentation/spring/web/plugins/WebMvcRequestHandlerProvider.class]: Unsatisfied dependency expressed through constructor parameter 1; nested exception is org.springframework.beans.factory.BeanCreationException: Error creating bean with name 'requestMappingHandlerMapping' defined in class path resource [org/springframework/boot/autoconfigure/web/WebMvcAutoConfiguration$EnableWebMvcConfiguration.class]: Invocation of init method failed; nested exception is java.lang.IllegalStateException: Ambiguous mapping. Cannot map 'controllerImpl' method 
public org.springframework.http.ResponseEntity<fr.cea.bigpi.fhe.dap.patternsearch.model.Description> fr.cea.bigpi.fhe.dap.patternsearch.api.ControllerImpl.createHashData(java.lang.String,java.lang.String,java.lang.String,java.lang.Integer,java.lang.Integer,java.lang.String)
to {[/openapi/v1/client/data],methods=[POST]}: There is already 'controllerImpl' bean method
public org.springframework.http.ResponseEntity<fr.cea.bigpi.fhe.dap.patternsearch.model.Description> fr.cea.bigpi.fhe.dap.patternsearch.api.ControllerImpl.createData(java.lang.String,java.lang.String,java.lang.String,java.lang.Integer,java.lang.Integer,java.lang.String) mapped.
2022-09-13 13:10:09.860  INFO [dap-patternsearch-client-service,,,] 34175 --- [           main] j.LocalContainerEntityManagerFactoryBean : Closing JPA EntityManagerFactory for persistence unit 'default'
2022-09-13 13:10:09.864  INFO [dap-patternsearch-client-service,,,] 34175 --- [           main] o.apache.catalina.core.StandardService   : Stopping service [Tomcat]
2022-09-13 13:10:09.901  INFO [dap-patternsearch-client-service,,,] 34175 --- [           main] utoConfigurationReportLoggingInitializer : 

Error starting ApplicationContext. To display the auto-configuration report re-run your application with 'debug' enabled.
2022-09-13 13:10:09.940 ERROR [dap-patternsearch-client-service,,,] 34175 --- [           main] o.s.boot.SpringApplication               : Application startup failed

org.springframework.beans.factory.UnsatisfiedDependencyException: Error creating bean with name 'documentationPluginsBootstrapper' defined in URL [jar:file:/home/hgnguyen/.m2/repository/io/springfox/springfox-spring-web/2.9.2/springfox-spring-web-2.9.2.jar!/springfox/documentation/spring/web/plugins/DocumentationPluginsBootstrapper.class]: Unsatisfied dependency expressed through constructor parameter 1; nested exception is org.springframework.beans.factory.UnsatisfiedDependencyException: Error creating bean with name 'webMvcRequestHandlerProvider' defined in URL [jar:file:/home/hgnguyen/.m2/repository/io/springfox/springfox-spring-web/2.9.2/springfox-spring-web-2.9.2.jar!/springfox/documentation/spring/web/plugins/WebMvcRequestHandlerProvider.class]: Unsatisfied dependency expressed through constructor parameter 1; nested exception is org.springframework.beans.factory.BeanCreationException: Error creating bean with name 'requestMappingHandlerMapping' defined in class path resource [org/springframework/boot/autoconfigure/web/WebMvcAutoConfiguration$EnableWebMvcConfiguration.class]: Invocation of init method failed; nested exception is java.lang.IllegalStateException: Ambiguous mapping. Cannot map 'controllerImpl' method 
public org.springframework.http.ResponseEntity<fr.cea.bigpi.fhe.dap.patternsearch.model.Description> fr.cea.bigpi.fhe.dap.patternsearch.api.ControllerImpl.createHashData(java.lang.String,java.lang.String,java.lang.String,java.lang.Integer,java.lang.Integer,java.lang.String)
to {[/openapi/v1/client/data],methods=[POST]}: There is already 'controllerImpl' bean method
public org.springframework.http.ResponseEntity<fr.cea.bigpi.fhe.dap.patternsearch.model.Description> fr.cea.bigpi.fhe.dap.patternsearch.api.ControllerImpl.createData(java.lang.String,java.lang.String,java.lang.String,java.lang.Integer,java.lang.Integer,java.lang.String) mapped.
	at org.springframework.beans.factory.support.ConstructorResolver.createArgumentArray(ConstructorResolver.java:749)
	at org.springframework.beans.factory.support.ConstructorResolver.autowireConstructor(ConstructorResolver.java:189)
	at org.springframework.beans.factory.support.AbstractAutowireCapableBeanFactory.autowireConstructor(AbstractAutowireCapableBeanFactory.java:1198)
	at org.springframework.beans.factory.support.AbstractAutowireCapableBeanFactory.createBeanInstance(AbstractAutowireCapableBeanFactory.java:1100)
	at org.springframework.beans.factory.support.AbstractAutowireCapableBeanFactory.doCreateBean(AbstractAutowireCapableBeanFactory.java:511)
	at org.springframework.beans.factory.support.AbstractAutowireCapableBeanFactory.createBean(AbstractAutowireCapableBeanFactory.java:481)
	at org.springframework.beans.factory.support.AbstractBeanFactory$1.getObject(AbstractBeanFactory.java:312)
	at org.springframework.beans.factory.support.DefaultSingletonBeanRegistry.getSingleton(DefaultSingletonBeanRegistry.java:230)
	at org.springframework.beans.factory.support.AbstractBeanFactory.doGetBean(AbstractBeanFactory.java:308)
	at org.springframework.beans.factory.support.AbstractBeanFactory.getBean(AbstractBeanFactory.java:197)
	at org.springframework.beans.factory.support.DefaultListableBeanFactory.preInstantiateSingletons(DefaultListableBeanFactory.java:761)
	at org.springframework.context.support.AbstractApplicationContext.finishBeanFactoryInitialization(AbstractApplicationContext.java:867)
	at org.springframework.context.support.AbstractApplicationContext.refresh(AbstractApplicationContext.java:543)
	at org.springframework.boot.context.embedded.EmbeddedWebApplicationContext.refresh(EmbeddedWebApplicationContext.java:124)
	at org.springframework.boot.SpringApplication.refresh(SpringApplication.java:693)
	at org.springframework.boot.SpringApplication.refreshContext(SpringApplication.java:360)
	at org.springframework.boot.SpringApplication.run(SpringApplication.java:303)
	at org.springframework.boot.test.context.SpringBootContextLoader.loadContext(SpringBootContextLoader.java:121)
	at org.springframework.test.context.cache.DefaultCacheAwareContextLoaderDelegate.loadContextInternal(DefaultCacheAwareContextLoaderDelegate.java:98)
	at org.springframework.test.context.cache.DefaultCacheAwareContextLoaderDelegate.loadContext(DefaultCacheAwareContextLoaderDelegate.java:116)
	at org.springframework.test.context.support.DefaultTestContext.getApplicationContext(DefaultTestContext.java:83)
	at org.springframework.boot.test.autoconfigure.SpringBootDependencyInjectionTestExecutionListener.outputConditionEvaluationReport(SpringBootDependencyInjectionTestExecutionListener.java:54)
	at org.springframework.boot.test.autoconfigure.SpringBootDependencyInjectionTestExecutionListener.prepareTestInstance(SpringBootDependencyInjectionTestExecutionListener.java:47)
	at org.springframework.test.context.TestContextManager.prepareTestInstance(TestContextManager.java:230)
	at org.springframework.test.context.junit4.SpringJUnit4ClassRunner.createTest(SpringJUnit4ClassRunner.java:228)
	at org.springframework.test.context.junit4.SpringJUnit4ClassRunner$1.runReflectiveCall(SpringJUnit4ClassRunner.java:287)
	at org.junit.internal.runners.model.ReflectiveCallable.run(ReflectiveCallable.java:12)
	at org.springframework.test.context.junit4.SpringJUnit4ClassRunner.methodBlock(SpringJUnit4ClassRunner.java:289)
	at org.springframework.test.context.junit4.SpringJUnit4ClassRunner.runChild(SpringJUnit4ClassRunner.java:247)
	at org.springframework.test.context.junit4.SpringJUnit4ClassRunner.runChild(SpringJUnit4ClassRunner.java:94)
	at org.junit.runners.ParentRunner$3.run(ParentRunner.java:290)
	at org.junit.runners.ParentRunner$1.schedule(ParentRunner.java:71)
	at org.junit.runners.ParentRunner.runChildren(ParentRunner.java:288)
	at org.junit.runners.ParentRunner.access$000(ParentRunner.java:58)
	at org.junit.runners.ParentRunner$2.evaluate(ParentRunner.java:268)
	at org.springframework.test.context.junit4.statements.RunBeforeTestClassCallbacks.evaluate(RunBeforeTestClassCallbacks.java:61)
	at org.springframework.test.context.junit4.statements.RunAfterTestClassCallbacks.evaluate(RunAfterTestClassCallbacks.java:70)
	at org.junit.runners.ParentRunner.run(ParentRunner.java:363)
	at org.springframework.test.context.junit4.SpringJUnit4ClassRunner.run(SpringJUnit4ClassRunner.java:191)
	at org.apache.maven.surefire.junit4.JUnit4Provider.execute(JUnit4Provider.java:283)
	at org.apache.maven.surefire.junit4.JUnit4Provider.executeWithRerun(JUnit4Provider.java:173)
	at org.apache.maven.surefire.junit4.JUnit4Provider.executeTestSet(JUnit4Provider.java:153)
	at org.apache.maven.surefire.junit4.JUnit4Provider.invoke(JUnit4Provider.java:128)
	at org.apache.maven.surefire.booter.ForkedBooter.invokeProviderInSameClassLoader(ForkedBooter.java:203)
	at org.apache.maven.surefire.booter.ForkedBooter.runSuitesInProcess(ForkedBooter.java:155)
	at org.apache.maven.surefire.booter.ForkedBooter.main(ForkedBooter.java:103)
Caused by: org.springframework.beans.factory.UnsatisfiedDependencyException: Error creating bean with name 'webMvcRequestHandlerProvider' defined in URL [jar:file:/home/hgnguyen/.m2/repository/io/springfox/springfox-spring-web/2.9.2/springfox-spring-web-2.9.2.jar!/springfox/documentation/spring/web/plugins/WebMvcRequestHandlerProvider.class]: Unsatisfied dependency expressed through constructor parameter 1; nested exception is org.springframework.beans.factory.BeanCreationException: Error creating bean with name 'requestMappingHandlerMapping' defined in class path resource [org/springframework/boot/autoconfigure/web/WebMvcAutoConfiguration$EnableWebMvcConfiguration.class]: Invocation of init method failed; nested exception is java.lang.IllegalStateException: Ambiguous mapping. Cannot map 'controllerImpl' method 
public org.springframework.http.ResponseEntity<fr.cea.bigpi.fhe.dap.patternsearch.model.Description> fr.cea.bigpi.fhe.dap.patternsearch.api.ControllerImpl.createHashData(java.lang.String,java.lang.String,java.lang.String,java.lang.Integer,java.lang.Integer,java.lang.String)
to {[/openapi/v1/client/data],methods=[POST]}: There is already 'controllerImpl' bean method
public org.springframework.http.ResponseEntity<fr.cea.bigpi.fhe.dap.patternsearch.model.Description> fr.cea.bigpi.fhe.dap.patternsearch.api.ControllerImpl.createData(java.lang.String,java.lang.String,java.lang.String,java.lang.Integer,java.lang.Integer,java.lang.String) mapped.
	at org.springframework.beans.factory.support.ConstructorResolver.createArgumentArray(ConstructorResolver.java:749)
	at org.springframework.beans.factory.support.ConstructorResolver.autowireConstructor(ConstructorResolver.java:189)
	at org.springframework.beans.factory.support.AbstractAutowireCapableBeanFactory.autowireConstructor(AbstractAutowireCapableBeanFactory.java:1198)
	at org.springframework.beans.factory.support.AbstractAutowireCapableBeanFactory.createBeanInstance(AbstractAutowireCapableBeanFactory.java:1100)
	at org.springframework.beans.factory.support.AbstractAutowireCapableBeanFactory.doCreateBean(AbstractAutowireCapableBeanFactory.java:511)
	at org.springframework.beans.factory.support.AbstractAutowireCapableBeanFactory.createBean(AbstractAutowireCapableBeanFactory.java:481)
	at org.springframework.beans.factory.support.AbstractBeanFactory$1.getObject(AbstractBeanFactory.java:312)
	at org.springframework.beans.factory.support.DefaultSingletonBeanRegistry.getSingleton(DefaultSingletonBeanRegistry.java:230)
	at org.springframework.beans.factory.support.AbstractBeanFactory.doGetBean(AbstractBeanFactory.java:308)
	at org.springframework.beans.factory.support.AbstractBeanFactory.getBean(AbstractBeanFactory.java:202)
	at org.springframework.beans.factory.config.DependencyDescriptor.resolveCandidate(DependencyDescriptor.java:208)
	at org.springframework.beans.factory.support.DefaultListableBeanFactory.addCandidateEntry(DefaultListableBeanFactory.java:1314)
	at org.springframework.beans.factory.support.DefaultListableBeanFactory.findAutowireCandidates(DefaultListableBeanFactory.java:1280)
	at org.springframework.beans.factory.support.DefaultListableBeanFactory.resolveMultipleBeans(DefaultListableBeanFactory.java:1178)
	at org.springframework.beans.factory.support.DefaultListableBeanFactory.doResolveDependency(DefaultListableBeanFactory.java:1094)
	at org.springframework.beans.factory.support.DefaultListableBeanFactory.resolveDependency(DefaultListableBeanFactory.java:1064)
	at org.springframework.beans.factory.support.ConstructorResolver.resolveAutowiredArgument(ConstructorResolver.java:835)
	at org.springframework.beans.factory.support.ConstructorResolver.createArgumentArray(ConstructorResolver.java:741)
	... 45 common frames omitted
Caused by: org.springframework.beans.factory.BeanCreationException: Error creating bean with name 'requestMappingHandlerMapping' defined in class path resource [org/springframework/boot/autoconfigure/web/WebMvcAutoConfiguration$EnableWebMvcConfiguration.class]: Invocation of init method failed; nested exception is java.lang.IllegalStateException: Ambiguous mapping. Cannot map 'controllerImpl' method 
public org.springframework.http.ResponseEntity<fr.cea.bigpi.fhe.dap.patternsearch.model.Description> fr.cea.bigpi.fhe.dap.patternsearch.api.ControllerImpl.createHashData(java.lang.String,java.lang.String,java.lang.String,java.lang.Integer,java.lang.Integer,java.lang.String)
to {[/openapi/v1/client/data],methods=[POST]}: There is already 'controllerImpl' bean method
public org.springframework.http.ResponseEntity<fr.cea.bigpi.fhe.dap.patternsearch.model.Description> fr.cea.bigpi.fhe.dap.patternsearch.api.ControllerImpl.createData(java.lang.String,java.lang.String,java.lang.String,java.lang.Integer,java.lang.Integer,java.lang.String) mapped.
	at org.springframework.beans.factory.support.AbstractAutowireCapableBeanFactory.initializeBean(AbstractAutowireCapableBeanFactory.java:1631)
	at org.springframework.beans.factory.support.AbstractAutowireCapableBeanFactory.doCreateBean(AbstractAutowireCapableBeanFactory.java:553)
	at org.springframework.beans.factory.support.AbstractAutowireCapableBeanFactory.createBean(AbstractAutowireCapableBeanFactory.java:481)
	at org.springframework.beans.factory.support.AbstractBeanFactory$1.getObject(AbstractBeanFactory.java:312)
	at org.springframework.beans.factory.support.DefaultSingletonBeanRegistry.getSingleton(DefaultSingletonBeanRegistry.java:230)
	at org.springframework.beans.factory.support.AbstractBeanFactory.doGetBean(AbstractBeanFactory.java:308)
	at org.springframework.beans.factory.support.AbstractBeanFactory.getBean(AbstractBeanFactory.java:202)
	at org.springframework.beans.factory.config.DependencyDescriptor.resolveCandidate(DependencyDescriptor.java:208)
	at org.springframework.beans.factory.support.DefaultListableBeanFactory.addCandidateEntry(DefaultListableBeanFactory.java:1314)
	at org.springframework.beans.factory.support.DefaultListableBeanFactory.findAutowireCandidates(DefaultListableBeanFactory.java:1280)
	at org.springframework.beans.factory.support.DefaultListableBeanFactory.resolveMultipleBeans(DefaultListableBeanFactory.java:1178)
	at org.springframework.beans.factory.support.DefaultListableBeanFactory.doResolveDependency(DefaultListableBeanFactory.java:1094)
	at org.springframework.beans.factory.support.DefaultListableBeanFactory.resolveDependency(DefaultListableBeanFactory.java:1064)
	at org.springframework.beans.factory.support.ConstructorResolver.resolveAutowiredArgument(ConstructorResolver.java:835)
	at org.springframework.beans.factory.support.ConstructorResolver.createArgumentArray(ConstructorResolver.java:741)
	... 62 common frames omitted
Caused by: java.lang.IllegalStateException: Ambiguous mapping. Cannot map 'controllerImpl' method 
public org.springframework.http.ResponseEntity<fr.cea.bigpi.fhe.dap.patternsearch.model.Description> fr.cea.bigpi.fhe.dap.patternsearch.api.ControllerImpl.createHashData(java.lang.String,java.lang.String,java.lang.String,java.lang.Integer,java.lang.Integer,java.lang.String)
to {[/openapi/v1/client/data],methods=[POST]}: There is already 'controllerImpl' bean method
public org.springframework.http.ResponseEntity<fr.cea.bigpi.fhe.dap.patternsearch.model.Description> fr.cea.bigpi.fhe.dap.patternsearch.api.ControllerImpl.createData(java.lang.String,java.lang.String,java.lang.String,java.lang.Integer,java.lang.Integer,java.lang.String) mapped.
	at org.springframework.web.servlet.handler.AbstractHandlerMethodMapping$MappingRegistry.assertUniqueMethodMapping(AbstractHandlerMethodMapping.java:577)
	at org.springframework.web.servlet.handler.AbstractHandlerMethodMapping$MappingRegistry.register(AbstractHandlerMethodMapping.java:541)
	at org.springframework.web.servlet.handler.AbstractHandlerMethodMapping.registerHandlerMethod(AbstractHandlerMethodMapping.java:264)
	at org.springframework.web.servlet.handler.AbstractHandlerMethodMapping.detectHandlerMethods(AbstractHandlerMethodMapping.java:250)
	at org.springframework.web.servlet.handler.AbstractHandlerMethodMapping.initHandlerMethods(AbstractHandlerMethodMapping.java:214)
	at org.springframework.web.servlet.handler.AbstractHandlerMethodMapping.afterPropertiesSet(AbstractHandlerMethodMapping.java:184)
	at org.springframework.web.servlet.mvc.method.annotation.RequestMappingHandlerMapping.afterPropertiesSet(RequestMappingHandlerMapping.java:134)
	at org.springframework.beans.factory.support.AbstractAutowireCapableBeanFactory.invokeInitMethods(AbstractAutowireCapableBeanFactory.java:1689)
	at org.springframework.beans.factory.support.AbstractAutowireCapableBeanFactory.initializeBean(AbstractAutowireCapableBeanFactory.java:1627)
	... 76 common frames omitted

2022-09-13 13:10:09.942 ERROR [dap-patternsearch-client-service,,,] 34175 --- [           main] o.s.test.context.TestContextManager      : Caught exception while allowing TestExecutionListener [org.springframework.boot.test.autoconfigure.SpringBootDependencyInjectionTestExecutionListener@2796aeae] to prepare test instance [fr.cea.bigpi.fhe.repository.test.SampleRepositoryTest@632ceb35]

java.lang.IllegalStateException: Failed to load ApplicationContext
	at org.springframework.test.context.cache.DefaultCacheAwareContextLoaderDelegate.loadContext(DefaultCacheAwareContextLoaderDelegate.java:124)
	at org.springframework.test.context.support.DefaultTestContext.getApplicationContext(DefaultTestContext.java:83)
	at org.springframework.test.context.support.DependencyInjectionTestExecutionListener.injectDependencies(DependencyInjectionTestExecutionListener.java:117)
	at org.springframework.test.context.support.DependencyInjectionTestExecutionListener.prepareTestInstance(DependencyInjectionTestExecutionListener.java:83)
	at org.springframework.boot.test.autoconfigure.SpringBootDependencyInjectionTestExecutionListener.prepareTestInstance(SpringBootDependencyInjectionTestExecutionListener.java:44)
	at org.springframework.test.context.TestContextManager.prepareTestInstance(TestContextManager.java:230)
	at org.springframework.test.context.junit4.SpringJUnit4ClassRunner.createTest(SpringJUnit4ClassRunner.java:228)
	at org.springframework.test.context.junit4.SpringJUnit4ClassRunner$1.runReflectiveCall(SpringJUnit4ClassRunner.java:287)
	at org.junit.internal.runners.model.ReflectiveCallable.run(ReflectiveCallable.java:12)
	at org.springframework.test.context.junit4.SpringJUnit4ClassRunner.methodBlock(SpringJUnit4ClassRunner.java:289)
	at org.springframework.test.context.junit4.SpringJUnit4ClassRunner.runChild(SpringJUnit4ClassRunner.java:247)
	at org.springframework.test.context.junit4.SpringJUnit4ClassRunner.runChild(SpringJUnit4ClassRunner.java:94)
	at org.junit.runners.ParentRunner$3.run(ParentRunner.java:290)
	at org.junit.runners.ParentRunner$1.schedule(ParentRunner.java:71)
	at org.junit.runners.ParentRunner.runChildren(ParentRunner.java:288)
	at org.junit.runners.ParentRunner.access$000(ParentRunner.java:58)
	at org.junit.runners.ParentRunner$2.evaluate(ParentRunner.java:268)
	at org.springframework.test.context.junit4.statements.RunBeforeTestClassCallbacks.evaluate(RunBeforeTestClassCallbacks.java:61)
	at org.springframework.test.context.junit4.statements.RunAfterTestClassCallbacks.evaluate(RunAfterTestClassCallbacks.java:70)
	at org.junit.runners.ParentRunner.run(ParentRunner.java:363)
	at org.springframework.test.context.junit4.SpringJUnit4ClassRunner.run(SpringJUnit4ClassRunner.java:191)
	at org.apache.maven.surefire.junit4.JUnit4Provider.execute(JUnit4Provider.java:283)
	at org.apache.maven.surefire.junit4.JUnit4Provider.executeWithRerun(JUnit4Provider.java:173)
	at org.apache.maven.surefire.junit4.JUnit4Provider.executeTestSet(JUnit4Provider.java:153)
	at org.apache.maven.surefire.junit4.JUnit4Provider.invoke(JUnit4Provider.java:128)
	at org.apache.maven.surefire.booter.ForkedBooter.invokeProviderInSameClassLoader(ForkedBooter.java:203)
	at org.apache.maven.surefire.booter.ForkedBooter.runSuitesInProcess(ForkedBooter.java:155)
	at org.apache.maven.surefire.booter.ForkedBooter.main(ForkedBooter.java:103)
Caused by: org.springframework.beans.factory.UnsatisfiedDependencyException: Error creating bean with name 'documentationPluginsBootstrapper' defined in URL [jar:file:/home/hgnguyen/.m2/repository/io/springfox/springfox-spring-web/2.9.2/springfox-spring-web-2.9.2.jar!/springfox/documentation/spring/web/plugins/DocumentationPluginsBootstrapper.class]: Unsatisfied dependency expressed through constructor parameter 1; nested exception is org.springframework.beans.factory.UnsatisfiedDependencyException: Error creating bean with name 'webMvcRequestHandlerProvider' defined in URL [jar:file:/home/hgnguyen/.m2/repository/io/springfox/springfox-spring-web/2.9.2/springfox-spring-web-2.9.2.jar!/springfox/documentation/spring/web/plugins/WebMvcRequestHandlerProvider.class]: Unsatisfied dependency expressed through constructor parameter 1; nested exception is org.springframework.beans.factory.BeanCreationException: Error creating bean with name 'requestMappingHandlerMapping' defined in class path resource [org/springframework/boot/autoconfigure/web/WebMvcAutoConfiguration$EnableWebMvcConfiguration.class]: Invocation of init method failed; nested exception is java.lang.IllegalStateException: Ambiguous mapping. Cannot map 'controllerImpl' method 
public org.springframework.http.ResponseEntity<fr.cea.bigpi.fhe.dap.patternsearch.model.Description> fr.cea.bigpi.fhe.dap.patternsearch.api.ControllerImpl.createHashData(java.lang.String,java.lang.String,java.lang.String,java.lang.Integer,java.lang.Integer,java.lang.String)
to {[/openapi/v1/client/data],methods=[POST]}: There is already 'controllerImpl' bean method
public org.springframework.http.ResponseEntity<fr.cea.bigpi.fhe.dap.patternsearch.model.Description> fr.cea.bigpi.fhe.dap.patternsearch.api.ControllerImpl.createData(java.lang.String,java.lang.String,java.lang.String,java.lang.Integer,java.lang.Integer,java.lang.String) mapped.
	at org.springframework.beans.factory.support.ConstructorResolver.createArgumentArray(ConstructorResolver.java:749)
	at org.springframework.beans.factory.support.ConstructorResolver.autowireConstructor(ConstructorResolver.java:189)
	at org.springframework.beans.factory.support.AbstractAutowireCapableBeanFactory.autowireConstructor(AbstractAutowireCapableBeanFactory.java:1198)
	at org.springframework.beans.factory.support.AbstractAutowireCapableBeanFactory.createBeanInstance(AbstractAutowireCapableBeanFactory.java:1100)
	at org.springframework.beans.factory.support.AbstractAutowireCapableBeanFactory.doCreateBean(AbstractAutowireCapableBeanFactory.java:511)
	at org.springframework.beans.factory.support.AbstractAutowireCapableBeanFactory.createBean(AbstractAutowireCapableBeanFactory.java:481)
	at org.springframework.beans.factory.support.AbstractBeanFactory$1.getObject(AbstractBeanFactory.java:312)
	at org.springframework.beans.factory.support.DefaultSingletonBeanRegistry.getSingleton(DefaultSingletonBeanRegistry.java:230)
	at org.springframework.beans.factory.support.AbstractBeanFactory.doGetBean(AbstractBeanFactory.java:308)
	at org.springframework.beans.factory.support.AbstractBeanFactory.getBean(AbstractBeanFactory.java:197)
	at org.springframework.beans.factory.support.DefaultListableBeanFactory.preInstantiateSingletons(DefaultListableBeanFactory.java:761)
	at org.springframework.context.support.AbstractApplicationContext.finishBeanFactoryInitialization(AbstractApplicationContext.java:867)
	at org.springframework.context.support.AbstractApplicationContext.refresh(AbstractApplicationContext.java:543)
	at org.springframework.boot.context.embedded.EmbeddedWebApplicationContext.refresh(EmbeddedWebApplicationContext.java:124)
	at org.springframework.boot.SpringApplication.refresh(SpringApplication.java:693)
	at org.springframework.boot.SpringApplication.refreshContext(SpringApplication.java:360)
	at org.springframework.boot.SpringApplication.run(SpringApplication.java:303)
	at org.springframework.boot.test.context.SpringBootContextLoader.loadContext(SpringBootContextLoader.java:121)
	at org.springframework.test.context.cache.DefaultCacheAwareContextLoaderDelegate.loadContextInternal(DefaultCacheAwareContextLoaderDelegate.java:98)
	at org.springframework.test.context.cache.DefaultCacheAwareContextLoaderDelegate.loadContext(DefaultCacheAwareContextLoaderDelegate.java:116)
	... 27 common frames omitted
Caused by: org.springframework.beans.factory.UnsatisfiedDependencyException: Error creating bean with name 'webMvcRequestHandlerProvider' defined in URL [jar:file:/home/hgnguyen/.m2/repository/io/springfox/springfox-spring-web/2.9.2/springfox-spring-web-2.9.2.jar!/springfox/documentation/spring/web/plugins/WebMvcRequestHandlerProvider.class]: Unsatisfied dependency expressed through constructor parameter 1; nested exception is org.springframework.beans.factory.BeanCreationException: Error creating bean with name 'requestMappingHandlerMapping' defined in class path resource [org/springframework/boot/autoconfigure/web/WebMvcAutoConfiguration$EnableWebMvcConfiguration.class]: Invocation of init method failed; nested exception is java.lang.IllegalStateException: Ambiguous mapping. Cannot map 'controllerImpl' method 
public org.springframework.http.ResponseEntity<fr.cea.bigpi.fhe.dap.patternsearch.model.Description> fr.cea.bigpi.fhe.dap.patternsearch.api.ControllerImpl.createHashData(java.lang.String,java.lang.String,java.lang.String,java.lang.Integer,java.lang.Integer,java.lang.String)
to {[/openapi/v1/client/data],methods=[POST]}: There is already 'controllerImpl' bean method
public org.springframework.http.ResponseEntity<fr.cea.bigpi.fhe.dap.patternsearch.model.Description> fr.cea.bigpi.fhe.dap.patternsearch.api.ControllerImpl.createData(java.lang.String,java.lang.String,java.lang.String,java.lang.Integer,java.lang.Integer,java.lang.String) mapped.
	at org.springframework.beans.factory.support.ConstructorResolver.createArgumentArray(ConstructorResolver.java:749)
	at org.springframework.beans.factory.support.ConstructorResolver.autowireConstructor(ConstructorResolver.java:189)
	at org.springframework.beans.factory.support.AbstractAutowireCapableBeanFactory.autowireConstructor(AbstractAutowireCapableBeanFactory.java:1198)
	at org.springframework.beans.factory.support.AbstractAutowireCapableBeanFactory.createBeanInstance(AbstractAutowireCapableBeanFactory.java:1100)
	at org.springframework.beans.factory.support.AbstractAutowireCapableBeanFactory.doCreateBean(AbstractAutowireCapableBeanFactory.java:511)
	at org.springframework.beans.factory.support.AbstractAutowireCapableBeanFactory.createBean(AbstractAutowireCapableBeanFactory.java:481)
	at org.springframework.beans.factory.support.AbstractBeanFactory$1.getObject(AbstractBeanFactory.java:312)
	at org.springframework.beans.factory.support.DefaultSingletonBeanRegistry.getSingleton(DefaultSingletonBeanRegistry.java:230)
	at org.springframework.beans.factory.support.AbstractBeanFactory.doGetBean(AbstractBeanFactory.java:308)
	at org.springframework.beans.factory.support.AbstractBeanFactory.getBean(AbstractBeanFactory.java:202)
	at org.springframework.beans.factory.config.DependencyDescriptor.resolveCandidate(DependencyDescriptor.java:208)
	at org.springframework.beans.factory.support.DefaultListableBeanFactory.addCandidateEntry(DefaultListableBeanFactory.java:1314)
	at org.springframework.beans.factory.support.DefaultListableBeanFactory.findAutowireCandidates(DefaultListableBeanFactory.java:1280)
	at org.springframework.beans.factory.support.DefaultListableBeanFactory.resolveMultipleBeans(DefaultListableBeanFactory.java:1178)
	at org.springframework.beans.factory.support.DefaultListableBeanFactory.doResolveDependency(DefaultListableBeanFactory.java:1094)
	at org.springframework.beans.factory.support.DefaultListableBeanFactory.resolveDependency(DefaultListableBeanFactory.java:1064)
	at org.springframework.beans.factory.support.ConstructorResolver.resolveAutowiredArgument(ConstructorResolver.java:835)
	at org.springframework.beans.factory.support.ConstructorResolver.createArgumentArray(ConstructorResolver.java:741)
	... 46 common frames omitted
Caused by: org.springframework.beans.factory.BeanCreationException: Error creating bean with name 'requestMappingHandlerMapping' defined in class path resource [org/springframework/boot/autoconfigure/web/WebMvcAutoConfiguration$EnableWebMvcConfiguration.class]: Invocation of init method failed; nested exception is java.lang.IllegalStateException: Ambiguous mapping. Cannot map 'controllerImpl' method 
public org.springframework.http.ResponseEntity<fr.cea.bigpi.fhe.dap.patternsearch.model.Description> fr.cea.bigpi.fhe.dap.patternsearch.api.ControllerImpl.createHashData(java.lang.String,java.lang.String,java.lang.String,java.lang.Integer,java.lang.Integer,java.lang.String)
to {[/openapi/v1/client/data],methods=[POST]}: There is already 'controllerImpl' bean method
public org.springframework.http.ResponseEntity<fr.cea.bigpi.fhe.dap.patternsearch.model.Description> fr.cea.bigpi.fhe.dap.patternsearch.api.ControllerImpl.createData(java.lang.String,java.lang.String,java.lang.String,java.lang.Integer,java.lang.Integer,java.lang.String) mapped.
	at org.springframework.beans.factory.support.AbstractAutowireCapableBeanFactory.initializeBean(AbstractAutowireCapableBeanFactory.java:1631)
	at org.springframework.beans.factory.support.AbstractAutowireCapableBeanFactory.doCreateBean(AbstractAutowireCapableBeanFactory.java:553)
	at org.springframework.beans.factory.support.AbstractAutowireCapableBeanFactory.createBean(AbstractAutowireCapableBeanFactory.java:481)
	at org.springframework.beans.factory.support.AbstractBeanFactory$1.getObject(AbstractBeanFactory.java:312)
	at org.springframework.beans.factory.support.DefaultSingletonBeanRegistry.getSingleton(DefaultSingletonBeanRegistry.java:230)
	at org.springframework.beans.factory.support.AbstractBeanFactory.doGetBean(AbstractBeanFactory.java:308)
	at org.springframework.beans.factory.support.AbstractBeanFactory.getBean(AbstractBeanFactory.java:202)
	at org.springframework.beans.factory.config.DependencyDescriptor.resolveCandidate(DependencyDescriptor.java:208)
	at org.springframework.beans.factory.support.DefaultListableBeanFactory.addCandidateEntry(DefaultListableBeanFactory.java:1314)
	at org.springframework.beans.factory.support.DefaultListableBeanFactory.findAutowireCandidates(DefaultListableBeanFactory.java:1280)
	at org.springframework.beans.factory.support.DefaultListableBeanFactory.resolveMultipleBeans(DefaultListableBeanFactory.java:1178)
	at org.springframework.beans.factory.support.DefaultListableBeanFactory.doResolveDependency(DefaultListableBeanFactory.java:1094)
	at org.springframework.beans.factory.support.DefaultListableBeanFactory.resolveDependency(DefaultListableBeanFactory.java:1064)
	at org.springframework.beans.factory.support.ConstructorResolver.resolveAutowiredArgument(ConstructorResolver.java:835)
	at org.springframework.beans.factory.support.ConstructorResolver.createArgumentArray(ConstructorResolver.java:741)
	... 63 common frames omitted
Caused by: java.lang.IllegalStateException: Ambiguous mapping. Cannot map 'controllerImpl' method 
public org.springframework.http.ResponseEntity<fr.cea.bigpi.fhe.dap.patternsearch.model.Description> fr.cea.bigpi.fhe.dap.patternsearch.api.ControllerImpl.createHashData(java.lang.String,java.lang.String,java.lang.String,java.lang.Integer,java.lang.Integer,java.lang.String)
to {[/openapi/v1/client/data],methods=[POST]}: There is already 'controllerImpl' bean method
public org.springframework.http.ResponseEntity<fr.cea.bigpi.fhe.dap.patternsearch.model.Description> fr.cea.bigpi.fhe.dap.patternsearch.api.ControllerImpl.createData(java.lang.String,java.lang.String,java.lang.String,java.lang.Integer,java.lang.Integer,java.lang.String) mapped.
	at org.springframework.web.servlet.handler.AbstractHandlerMethodMapping$MappingRegistry.assertUniqueMethodMapping(AbstractHandlerMethodMapping.java:577)
	at org.springframework.web.servlet.handler.AbstractHandlerMethodMapping$MappingRegistry.register(AbstractHandlerMethodMapping.java:541)
	at org.springframework.web.servlet.handler.AbstractHandlerMethodMapping.registerHandlerMethod(AbstractHandlerMethodMapping.java:264)
	at org.springframework.web.servlet.handler.AbstractHandlerMethodMapping.detectHandlerMethods(AbstractHandlerMethodMapping.java:250)
	at org.springframework.web.servlet.handler.AbstractHandlerMethodMapping.initHandlerMethods(AbstractHandlerMethodMapping.java:214)
	at org.springframework.web.servlet.handler.AbstractHandlerMethodMapping.afterPropertiesSet(AbstractHandlerMethodMapping.java:184)
	at org.springframework.web.servlet.mvc.method.annotation.RequestMappingHandlerMapping.afterPropertiesSet(RequestMappingHandlerMapping.java:134)
	at org.springframework.beans.factory.support.AbstractAutowireCapableBeanFactory.invokeInitMethods(AbstractAutowireCapableBeanFactory.java:1689)
	at org.springframework.beans.factory.support.AbstractAutowireCapableBeanFactory.initializeBean(AbstractAutowireCapableBeanFactory.java:1627)
	... 77 common frames omitted

]]></system-out>
  </testcase>
</testsuite>