<?xml version="1.0" encoding="UTF-8"?>
<testsuite name="fr.cea.bigpi.fhe.repository.test.SampleRepositoryTest" time="0.021" tests="2" errors="2" skipped="0" failures="0">
  <properties>
    <property name="java.runtime.name" value="OpenJDK Runtime Environment"/>
    <property name="java.vm.version" value="15.0.1+9-18"/>
    <property name="sun.boot.library.path" value="/home/hgnguyen/sts-4.9.0.RELEASE/plugins/org.eclipse.justj.openjdk.hotspot.jre.full.linux.x86_64_15.0.1.v20201027-0507/jre/lib"/>
    <property name="maven.multiModuleProjectDirectory" value="/home/hgnguyen/workspace-spring-tool-suite-4-4.9.0.RELEASE/DrivingLicenseCheckingProject/driving-license-client-service"/>
    <property name="java.vm.vendor" value="Oracle Corporation"/>
    <property name="java.vendor.url" value="https://java.oracle.com/"/>
    <property name="guice.disable.misplaced.annotation.check" value="true"/>
    <property name="path.separator" value=":"/>
    <property name="java.vm.name" value="OpenJDK 64-Bit Server VM"/>
    <property name="user.country" value="US"/>
    <property name="sun.java.launcher" value="SUN_STANDARD"/>
    <property name="java.vm.specification.name" value="Java Virtual Machine Specification"/>
    <property name="user.dir" value="/home/hgnguyen/workspace-spring-tool-suite-4-4.9.0.RELEASE/DrivingLicenseCheckingProject/driving-license-client-service"/>
    <property name="java.vm.compressedOopsMode" value="Zero based"/>
    <property name="java.runtime.version" value="15.0.1+9-18"/>
    <property name="os.arch" value="amd64"/>
    <property name="java.io.tmpdir" value="/tmp"/>
    <property name="line.separator" value="&#10;"/>
    <property name="java.vm.specification.vendor" value="Oracle Corporation"/>
    <property name="os.name" value="Linux"/>
    <property name="classworlds.conf" value="/home/hgnguyen/workspace-spring-tool-suite-4-4.9.0.RELEASE/.metadata/.plugins/org.eclipse.m2e.launching/launches/m2conf7226842090933555483.tmp"/>
    <property name="jansi.force" value="true"/>
    <property name="sun.jnu.encoding" value="UTF-8"/>
    <property name="java.library.path" value="/usr/java/packages/lib:/usr/lib64:/lib64:/lib:/usr/lib"/>
    <property name="jdk.debug" value="release"/>
    <property name="java.class.version" value="59.0"/>
    <property name="java.specification.name" value="Java Platform API Specification"/>
    <property name="sun.management.compiler" value="HotSpot 64-Bit Tiered Compilers"/>
    <property name="os.version" value="5.4.0-109-generic"/>
    <property name="user.home" value="/home/hgnguyen"/>
    <property name="user.timezone" value="Europe/Paris"/>
    <property name="file.encoding" value="UTF-8"/>
    <property name="java.specification.version" value="15"/>
    <property name="user.name" value="hgnguyen"/>
    <property name="java.class.path" value="/home/hgnguyen/sts-4.9.0.RELEASE/plugins/org.eclipse.m2e.maven.runtime_1.16.0.20210129-0849/jars/plexus-classworlds-2.6.0.jar"/>
    <property name="java.vm.specification.version" value="15"/>
    <property name="sun.arch.data.model" value="64"/>
    <property name="sun.java.command" value="org.codehaus.plexus.classworlds.launcher.Launcher -B install -Dstyle.color=always"/>
    <property name="java.home" value="/home/hgnguyen/sts-4.9.0.RELEASE/plugins/org.eclipse.justj.openjdk.hotspot.jre.full.linux.x86_64_15.0.1.v20201027-0507/jre"/>
    <property name="user.language" value="en"/>
    <property name="java.specification.vendor" value="Oracle Corporation"/>
    <property name="java.vm.info" value="mixed mode"/>
    <property name="java.version" value="15.0.1"/>
    <property name="securerandom.source" value="file:/dev/./urandom"/>
    <property name="java.vendor" value="Oracle Corporation"/>
    <property name="maven.home" value="/home/hgnguyen/workspace-spring-tool-suite-4-4.9.0.RELEASE/DrivingLicenseCheckingProject/driving-license-client-service/EMBEDDED"/>
    <property name="style.color" value="always"/>
    <property name="file.separator" value="/"/>
    <property name="java.version.date" value="2020-10-20"/>
    <property name="java.vendor.url.bug" value="https://bugreport.java.com/bugreport/"/>
    <property name="sun.io.unicode.encoding" value="UnicodeLittle"/>
    <property name="sun.cpu.endian" value="little"/>
  </properties>
  <testcase name="test01get" classname="fr.cea.bigpi.fhe.repository.test.SampleRepositoryTest" time="0.019">
    <error message="Failed to load ApplicationContext" type="java.lang.IllegalStateException">java.lang.IllegalStateException: Failed to load ApplicationContext
	at org.springframework.test.context.cache.DefaultCacheAwareContextLoaderDelegate.loadContext(DefaultCacheAwareContextLoaderDelegate.java:124)
	at org.springframework.test.context.support.DefaultTestContext.getApplicationContext(DefaultTestContext.java:83)
	at org.springframework.test.context.support.DependencyInjectionTestExecutionListener.injectDependencies(DependencyInjectionTestExecutionListener.java:117)
	at org.springframework.test.context.support.DependencyInjectionTestExecutionListener.prepareTestInstance(DependencyInjectionTestExecutionListener.java:83)
	at org.springframework.boot.test.autoconfigure.SpringBootDependencyInjectionTestExecutionListener.prepareTestInstance(SpringBootDependencyInjectionTestExecutionListener.java:44)
	at org.springframework.test.context.TestContextManager.prepareTestInstance(TestContextManager.java:230)
	at org.springframework.test.context.junit4.SpringJUnit4ClassRunner.createTest(SpringJUnit4ClassRunner.java:228)
	at org.springframework.test.context.junit4.SpringJUnit4ClassRunner$1.runReflectiveCall(SpringJUnit4ClassRunner.java:287)
	at org.junit.internal.runners.model.ReflectiveCallable.run(ReflectiveCallable.java:12)
	at org.springframework.test.context.junit4.SpringJUnit4ClassRunner.methodBlock(SpringJUnit4ClassRunner.java:289)
	at org.springframework.test.context.junit4.SpringJUnit4ClassRunner.runChild(SpringJUnit4ClassRunner.java:247)
	at org.springframework.test.context.junit4.SpringJUnit4ClassRunner.runChild(SpringJUnit4ClassRunner.java:94)
	at org.junit.runners.ParentRunner$3.run(ParentRunner.java:290)
	at org.junit.runners.ParentRunner$1.schedule(ParentRunner.java:71)
	at org.junit.runners.ParentRunner.runChildren(ParentRunner.java:288)
	at org.junit.runners.ParentRunner.access$000(ParentRunner.java:58)
	at org.junit.runners.ParentRunner$2.evaluate(ParentRunner.java:268)
	at org.springframework.test.context.junit4.statements.RunBeforeTestClassCallbacks.evaluate(RunBeforeTestClassCallbacks.java:61)
	at org.springframework.test.context.junit4.statements.RunAfterTestClassCallbacks.evaluate(RunAfterTestClassCallbacks.java:70)
	at org.junit.runners.ParentRunner.run(ParentRunner.java:363)
	at org.springframework.test.context.junit4.SpringJUnit4ClassRunner.run(SpringJUnit4ClassRunner.java:191)
	at org.apache.maven.surefire.junit4.JUnit4Provider.execute(JUnit4Provider.java:283)
	at org.apache.maven.surefire.junit4.JUnit4Provider.executeWithRerun(JUnit4Provider.java:173)
	at org.apache.maven.surefire.junit4.JUnit4Provider.executeTestSet(JUnit4Provider.java:153)
	at org.apache.maven.surefire.junit4.JUnit4Provider.invoke(JUnit4Provider.java:128)
	at org.apache.maven.surefire.booter.ForkedBooter.invokeProviderInSameClassLoader(ForkedBooter.java:203)
	at org.apache.maven.surefire.booter.ForkedBooter.runSuitesInProcess(ForkedBooter.java:155)
	at org.apache.maven.surefire.booter.ForkedBooter.main(ForkedBooter.java:103)
Caused by: org.springframework.beans.factory.UnsatisfiedDependencyException: Error creating bean with name 'org.springframework.boot.autoconfigure.orm.jpa.HibernateJpaAutoConfiguration': Unsatisfied dependency expressed through constructor parameter 0; nested exception is org.springframework.beans.factory.NoSuchBeanDefinitionException: No qualifying bean of type 'javax.sql.DataSource' available: expected at least 1 bean which qualifies as autowire candidate. Dependency annotations: {}
	at org.springframework.beans.factory.support.ConstructorResolver.createArgumentArray(ConstructorResolver.java:749)
	at org.springframework.beans.factory.support.ConstructorResolver.autowireConstructor(ConstructorResolver.java:189)
	at org.springframework.beans.factory.support.AbstractAutowireCapableBeanFactory.autowireConstructor(AbstractAutowireCapableBeanFactory.java:1198)
	at org.springframework.beans.factory.support.AbstractAutowireCapableBeanFactory.createBeanInstance(AbstractAutowireCapableBeanFactory.java:1100)
	at org.springframework.beans.factory.support.AbstractAutowireCapableBeanFactory.doCreateBean(AbstractAutowireCapableBeanFactory.java:511)
	at org.springframework.beans.factory.support.AbstractAutowireCapableBeanFactory.createBean(AbstractAutowireCapableBeanFactory.java:481)
	at org.springframework.beans.factory.support.AbstractBeanFactory$1.getObject(AbstractBeanFactory.java:312)
	at org.springframework.beans.factory.support.DefaultSingletonBeanRegistry.getSingleton(DefaultSingletonBeanRegistry.java:230)
	at org.springframework.beans.factory.support.AbstractBeanFactory.doGetBean(AbstractBeanFactory.java:308)
	at org.springframework.beans.factory.support.AbstractBeanFactory.getBean(AbstractBeanFactory.java:197)
	at org.springframework.beans.factory.support.ConstructorResolver.instantiateUsingFactoryMethod(ConstructorResolver.java:372)
	at org.springframework.beans.factory.support.AbstractAutowireCapableBeanFactory.instantiateUsingFactoryMethod(AbstractAutowireCapableBeanFactory.java:1178)
	at org.springframework.beans.factory.support.AbstractAutowireCapableBeanFactory.createBeanInstance(AbstractAutowireCapableBeanFactory.java:1072)
	at org.springframework.beans.factory.support.AbstractAutowireCapableBeanFactory.doCreateBean(AbstractAutowireCapableBeanFactory.java:511)
	at org.springframework.beans.factory.support.AbstractAutowireCapableBeanFactory.createBean(AbstractAutowireCapableBeanFactory.java:481)
	at org.springframework.beans.factory.support.AbstractBeanFactory$1.getObject(AbstractBeanFactory.java:312)
	at org.springframework.beans.factory.support.DefaultSingletonBeanRegistry.getSingleton(DefaultSingletonBeanRegistry.java:230)
	at org.springframework.beans.factory.support.AbstractBeanFactory.doGetBean(AbstractBeanFactory.java:308)
	at org.springframework.beans.factory.support.AbstractBeanFactory.getBean(AbstractBeanFactory.java:197)
	at org.springframework.context.support.AbstractApplicationContext.getBean(AbstractApplicationContext.java:1080)
	at org.springframework.context.support.AbstractApplicationContext.finishBeanFactoryInitialization(AbstractApplicationContext.java:857)
	at org.springframework.context.support.AbstractApplicationContext.refresh(AbstractApplicationContext.java:543)
	at org.springframework.boot.context.embedded.EmbeddedWebApplicationContext.refresh(EmbeddedWebApplicationContext.java:124)
	at org.springframework.boot.SpringApplication.refresh(SpringApplication.java:693)
	at org.springframework.boot.SpringApplication.refreshContext(SpringApplication.java:360)
	at org.springframework.boot.SpringApplication.run(SpringApplication.java:303)
	at org.springframework.boot.test.context.SpringBootContextLoader.loadContext(SpringBootContextLoader.java:121)
	at org.springframework.test.context.cache.DefaultCacheAwareContextLoaderDelegate.loadContextInternal(DefaultCacheAwareContextLoaderDelegate.java:98)
	at org.springframework.test.context.cache.DefaultCacheAwareContextLoaderDelegate.loadContext(DefaultCacheAwareContextLoaderDelegate.java:116)
	at org.springframework.test.context.support.DefaultTestContext.getApplicationContext(DefaultTestContext.java:83)
	at org.springframework.test.context.support.DependencyInjectionTestExecutionListener.injectDependencies(DependencyInjectionTestExecutionListener.java:117)
	at org.springframework.test.context.support.DependencyInjectionTestExecutionListener.prepareTestInstance(DependencyInjectionTestExecutionListener.java:83)
	at org.springframework.boot.test.autoconfigure.SpringBootDependencyInjectionTestExecutionListener.prepareTestInstance(SpringBootDependencyInjectionTestExecutionListener.java:44)
	at org.springframework.test.context.TestContextManager.prepareTestInstance(TestContextManager.java:230)
	at org.springframework.test.context.junit4.SpringJUnit4ClassRunner.createTest(SpringJUnit4ClassRunner.java:228)
	at org.springframework.test.context.junit4.SpringJUnit4ClassRunner$1.runReflectiveCall(SpringJUnit4ClassRunner.java:287)
	at org.junit.internal.runners.model.ReflectiveCallable.run(ReflectiveCallable.java:12)
	at org.springframework.test.context.junit4.SpringJUnit4ClassRunner.methodBlock(SpringJUnit4ClassRunner.java:289)
	at org.springframework.test.context.junit4.SpringJUnit4ClassRunner.runChild(SpringJUnit4ClassRunner.java:247)
	at org.springframework.test.context.junit4.SpringJUnit4ClassRunner.runChild(SpringJUnit4ClassRunner.java:94)
	at org.junit.runners.ParentRunner$3.run(ParentRunner.java:290)
	at org.junit.runners.ParentRunner$1.schedule(ParentRunner.java:71)
	at org.junit.runners.ParentRunner.runChildren(ParentRunner.java:288)
	at org.junit.runners.ParentRunner.access$000(ParentRunner.java:58)
	at org.junit.runners.ParentRunner$2.evaluate(ParentRunner.java:268)
	at org.springframework.test.context.junit4.statements.RunBeforeTestClassCallbacks.evaluate(RunBeforeTestClassCallbacks.java:61)
	at org.springframework.test.context.junit4.statements.RunAfterTestClassCallbacks.evaluate(RunAfterTestClassCallbacks.java:70)
	at org.junit.runners.ParentRunner.run(ParentRunner.java:363)
	at org.springframework.test.context.junit4.SpringJUnit4ClassRunner.run(SpringJUnit4ClassRunner.java:191)
	at org.apache.maven.surefire.junit4.JUnit4Provider.execute(JUnit4Provider.java:283)
	at org.apache.maven.surefire.junit4.JUnit4Provider.executeWithRerun(JUnit4Provider.java:173)
	at org.apache.maven.surefire.junit4.JUnit4Provider.executeTestSet(JUnit4Provider.java:153)
	at org.apache.maven.surefire.junit4.JUnit4Provider.invoke(JUnit4Provider.java:128)
	at org.apache.maven.surefire.booter.ForkedBooter.invokeProviderInSameClassLoader(ForkedBooter.java:203)
	at org.apache.maven.surefire.booter.ForkedBooter.runSuitesInProcess(ForkedBooter.java:155)
	at org.apache.maven.surefire.booter.ForkedBooter.main(ForkedBooter.java:103)
Caused by: org.springframework.beans.factory.NoSuchBeanDefinitionException: No qualifying bean of type 'javax.sql.DataSource' available: expected at least 1 bean which qualifies as autowire candidate. Dependency annotations: {}
	at org.springframework.beans.factory.support.DefaultListableBeanFactory.raiseNoMatchingBeanFound(DefaultListableBeanFactory.java:1491)
	at org.springframework.beans.factory.support.DefaultListableBeanFactory.doResolveDependency(DefaultListableBeanFactory.java:1102)
	at org.springframework.beans.factory.support.DefaultListableBeanFactory.resolveDependency(DefaultListableBeanFactory.java:1064)
	at org.springframework.beans.factory.support.ConstructorResolver.resolveAutowiredArgument(ConstructorResolver.java:835)
	at org.springframework.beans.factory.support.ConstructorResolver.createArgumentArray(ConstructorResolver.java:741)
	at org.springframework.beans.factory.support.ConstructorResolver.autowireConstructor(ConstructorResolver.java:189)
	at org.springframework.beans.factory.support.AbstractAutowireCapableBeanFactory.autowireConstructor(AbstractAutowireCapableBeanFactory.java:1198)
	at org.springframework.beans.factory.support.AbstractAutowireCapableBeanFactory.createBeanInstance(AbstractAutowireCapableBeanFactory.java:1100)
	at org.springframework.beans.factory.support.AbstractAutowireCapableBeanFactory.doCreateBean(AbstractAutowireCapableBeanFactory.java:511)
	at org.springframework.beans.factory.support.AbstractAutowireCapableBeanFactory.createBean(AbstractAutowireCapableBeanFactory.java:481)
	at org.springframework.beans.factory.support.AbstractBeanFactory$1.getObject(AbstractBeanFactory.java:312)
	at org.springframework.beans.factory.support.DefaultSingletonBeanRegistry.getSingleton(DefaultSingletonBeanRegistry.java:230)
	at org.springframework.beans.factory.support.AbstractBeanFactory.doGetBean(AbstractBeanFactory.java:308)
	at org.springframework.beans.factory.support.AbstractBeanFactory.getBean(AbstractBeanFactory.java:197)
	at org.springframework.beans.factory.support.ConstructorResolver.instantiateUsingFactoryMethod(ConstructorResolver.java:372)
	at org.springframework.beans.factory.support.AbstractAutowireCapableBeanFactory.instantiateUsingFactoryMethod(AbstractAutowireCapableBeanFactory.java:1178)
	at org.springframework.beans.factory.support.AbstractAutowireCapableBeanFactory.createBeanInstance(AbstractAutowireCapableBeanFactory.java:1072)
	at org.springframework.beans.factory.support.AbstractAutowireCapableBeanFactory.doCreateBean(AbstractAutowireCapableBeanFactory.java:511)
	at org.springframework.beans.factory.support.AbstractAutowireCapableBeanFactory.createBean(AbstractAutowireCapableBeanFactory.java:481)
	at org.springframework.beans.factory.support.AbstractBeanFactory$1.getObject(AbstractBeanFactory.java:312)
	at org.springframework.beans.factory.support.DefaultSingletonBeanRegistry.getSingleton(DefaultSingletonBeanRegistry.java:230)
	at org.springframework.beans.factory.support.AbstractBeanFactory.doGetBean(AbstractBeanFactory.java:308)
	at org.springframework.beans.factory.support.AbstractBeanFactory.getBean(AbstractBeanFactory.java:197)
	at org.springframework.context.support.AbstractApplicationContext.getBean(AbstractApplicationContext.java:1080)
	at org.springframework.context.support.AbstractApplicationContext.finishBeanFactoryInitialization(AbstractApplicationContext.java:857)
	at org.springframework.context.support.AbstractApplicationContext.refresh(AbstractApplicationContext.java:543)
	at org.springframework.boot.context.embedded.EmbeddedWebApplicationContext.refresh(EmbeddedWebApplicationContext.java:124)
	at org.springframework.boot.SpringApplication.refresh(SpringApplication.java:693)
	at org.springframework.boot.SpringApplication.refreshContext(SpringApplication.java:360)
	at org.springframework.boot.SpringApplication.run(SpringApplication.java:303)
	at org.springframework.boot.test.context.SpringBootContextLoader.loadContext(SpringBootContextLoader.java:121)
	at org.springframework.test.context.cache.DefaultCacheAwareContextLoaderDelegate.loadContextInternal(DefaultCacheAwareContextLoaderDelegate.java:98)
	at org.springframework.test.context.cache.DefaultCacheAwareContextLoaderDelegate.loadContext(DefaultCacheAwareContextLoaderDelegate.java:116)
	at org.springframework.test.context.support.DefaultTestContext.getApplicationContext(DefaultTestContext.java:83)
	at org.springframework.test.context.support.DependencyInjectionTestExecutionListener.injectDependencies(DependencyInjectionTestExecutionListener.java:117)
	at org.springframework.test.context.support.DependencyInjectionTestExecutionListener.prepareTestInstance(DependencyInjectionTestExecutionListener.java:83)
	at org.springframework.boot.test.autoconfigure.SpringBootDependencyInjectionTestExecutionListener.prepareTestInstance(SpringBootDependencyInjectionTestExecutionListener.java:44)
	at org.springframework.test.context.TestContextManager.prepareTestInstance(TestContextManager.java:230)
	at org.springframework.test.context.junit4.SpringJUnit4ClassRunner.createTest(SpringJUnit4ClassRunner.java:228)
	at org.springframework.test.context.junit4.SpringJUnit4ClassRunner$1.runReflectiveCall(SpringJUnit4ClassRunner.java:287)
	at org.junit.internal.runners.model.ReflectiveCallable.run(ReflectiveCallable.java:12)
	at org.springframework.test.context.junit4.SpringJUnit4ClassRunner.methodBlock(SpringJUnit4ClassRunner.java:289)
	at org.springframework.test.context.junit4.SpringJUnit4ClassRunner.runChild(SpringJUnit4ClassRunner.java:247)
	at org.springframework.test.context.junit4.SpringJUnit4ClassRunner.runChild(SpringJUnit4ClassRunner.java:94)
	at org.junit.runners.ParentRunner$3.run(ParentRunner.java:290)
	at org.junit.runners.ParentRunner$1.schedule(ParentRunner.java:71)
	at org.junit.runners.ParentRunner.runChildren(ParentRunner.java:288)
	at org.junit.runners.ParentRunner.access$000(ParentRunner.java:58)
	at org.junit.runners.ParentRunner$2.evaluate(ParentRunner.java:268)
	at org.springframework.test.context.junit4.statements.RunBeforeTestClassCallbacks.evaluate(RunBeforeTestClassCallbacks.java:61)
	at org.springframework.test.context.junit4.statements.RunAfterTestClassCallbacks.evaluate(RunAfterTestClassCallbacks.java:70)
	at org.junit.runners.ParentRunner.run(ParentRunner.java:363)
	at org.springframework.test.context.junit4.SpringJUnit4ClassRunner.run(SpringJUnit4ClassRunner.java:191)
	at org.apache.maven.surefire.junit4.JUnit4Provider.execute(JUnit4Provider.java:283)
	at org.apache.maven.surefire.junit4.JUnit4Provider.executeWithRerun(JUnit4Provider.java:173)
	at org.apache.maven.surefire.junit4.JUnit4Provider.executeTestSet(JUnit4Provider.java:153)
	at org.apache.maven.surefire.junit4.JUnit4Provider.invoke(JUnit4Provider.java:128)
	at org.apache.maven.surefire.booter.ForkedBooter.invokeProviderInSameClassLoader(ForkedBooter.java:203)
	at org.apache.maven.surefire.booter.ForkedBooter.runSuitesInProcess(ForkedBooter.java:155)
	at org.apache.maven.surefire.booter.ForkedBooter.main(ForkedBooter.java:103)
</error>
    <system-out><![CDATA[17:20:09.771 [main] DEBUG org.springframework.test.context.junit4.SpringJUnit4ClassRunner - SpringJUnit4ClassRunner constructor called with [class fr.cea.bigpi.fhe.repository.test.SampleRepositoryTest]
17:20:09.780 [main] DEBUG org.springframework.test.context.BootstrapUtils - Instantiating CacheAwareContextLoaderDelegate from class [org.springframework.test.context.cache.DefaultCacheAwareContextLoaderDelegate]
17:20:09.791 [main] DEBUG org.springframework.test.context.BootstrapUtils - Instantiating BootstrapContext using constructor [public org.springframework.test.context.support.DefaultBootstrapContext(java.lang.Class,org.springframework.test.context.CacheAwareContextLoaderDelegate)]
17:20:09.816 [main] DEBUG org.springframework.test.context.BootstrapUtils - Instantiating TestContextBootstrapper for test class [fr.cea.bigpi.fhe.repository.test.SampleRepositoryTest] from class [org.springframework.boot.test.context.SpringBootTestContextBootstrapper]
17:20:09.842 [main] DEBUG org.springframework.test.context.support.AbstractContextLoader - Did not detect default resource location for test class [fr.cea.bigpi.fhe.repository.test.SampleRepositoryTest]: class path resource [fr/cea/bigpi/fhe/repository/test/SampleRepositoryTest-context.xml] does not exist
17:20:09.844 [main] DEBUG org.springframework.test.context.support.AbstractContextLoader - Did not detect default resource location for test class [fr.cea.bigpi.fhe.repository.test.SampleRepositoryTest]: class path resource [fr/cea/bigpi/fhe/repository/test/SampleRepositoryTestContext.groovy] does not exist
17:20:09.844 [main] INFO org.springframework.test.context.support.AbstractContextLoader - Could not detect default resource locations for test class [fr.cea.bigpi.fhe.repository.test.SampleRepositoryTest]: no resource found for suffixes {-context.xml, Context.groovy}.
17:20:09.960 [main] DEBUG org.springframework.boot.test.context.SpringBootTestContextBootstrapper - @TestExecutionListeners is not present for class [fr.cea.bigpi.fhe.repository.test.SampleRepositoryTest]: using defaults.
17:20:09.969 [main] INFO org.springframework.boot.test.context.SpringBootTestContextBootstrapper - Loaded default TestExecutionListener class names from location [META-INF/spring.factories]: [org.springframework.boot.test.mock.mockito.MockitoTestExecutionListener, org.springframework.boot.test.mock.mockito.ResetMocksTestExecutionListener, org.springframework.boot.test.autoconfigure.restdocs.RestDocsTestExecutionListener, org.springframework.boot.test.autoconfigure.web.client.MockRestServiceServerResetTestExecutionListener, org.springframework.boot.test.autoconfigure.web.servlet.MockMvcPrintOnlyOnFailureTestExecutionListener, org.springframework.boot.test.autoconfigure.web.servlet.WebDriverTestExecutionListener, org.springframework.test.context.web.ServletTestExecutionListener, org.springframework.test.context.support.DirtiesContextBeforeModesTestExecutionListener, org.springframework.test.context.support.DependencyInjectionTestExecutionListener, org.springframework.test.context.support.DirtiesContextTestExecutionListener, org.springframework.test.context.transaction.TransactionalTestExecutionListener, org.springframework.test.context.jdbc.SqlScriptsTestExecutionListener]
17:20:09.995 [main] INFO org.springframework.boot.test.context.SpringBootTestContextBootstrapper - Using TestExecutionListeners: [org.springframework.test.context.web.ServletTestExecutionListener@7486b455, org.springframework.test.context.support.DirtiesContextBeforeModesTestExecutionListener@660acfb, org.springframework.boot.test.mock.mockito.MockitoTestExecutionListener@5d908d47, org.springframework.boot.test.autoconfigure.SpringBootDependencyInjectionTestExecutionListener@5efa40fe, org.springframework.test.context.support.DirtiesContextTestExecutionListener@1f9f6368, org.springframework.test.context.transaction.TransactionalTestExecutionListener@1c9b0314, org.springframework.test.context.jdbc.SqlScriptsTestExecutionListener@45385f75, org.springframework.boot.test.mock.mockito.ResetMocksTestExecutionListener@49c90a9c, org.springframework.boot.test.autoconfigure.restdocs.RestDocsTestExecutionListener@2d29b4ee, org.springframework.boot.test.autoconfigure.web.client.MockRestServiceServerResetTestExecutionListener@69ee81fc, org.springframework.boot.test.autoconfigure.web.servlet.MockMvcPrintOnlyOnFailureTestExecutionListener@6e2aa843, org.springframework.boot.test.autoconfigure.web.servlet.WebDriverTestExecutionListener@6f36c2f0]
17:20:10.002 [main] DEBUG org.springframework.test.annotation.ProfileValueUtils - Retrieved @ProfileValueSourceConfiguration [null] for test class [fr.cea.bigpi.fhe.repository.test.SampleRepositoryTest]
17:20:10.005 [main] DEBUG org.springframework.test.annotation.ProfileValueUtils - Retrieved ProfileValueSource type [class org.springframework.test.annotation.SystemProfileValueSource] for class [fr.cea.bigpi.fhe.repository.test.SampleRepositoryTest]
17:20:10.009 [main] DEBUG org.springframework.test.context.junit4.SpringJUnit4ClassRunner - SpringJUnit4ClassRunner constructor called with [class fr.cea.bigpi.fhe.repository.test.SampleRepositoryTest]
17:20:10.009 [main] DEBUG org.springframework.test.context.BootstrapUtils - Instantiating CacheAwareContextLoaderDelegate from class [org.springframework.test.context.cache.DefaultCacheAwareContextLoaderDelegate]
17:20:10.010 [main] DEBUG org.springframework.test.context.BootstrapUtils - Instantiating BootstrapContext using constructor [public org.springframework.test.context.support.DefaultBootstrapContext(java.lang.Class,org.springframework.test.context.CacheAwareContextLoaderDelegate)]
17:20:10.018 [main] DEBUG org.springframework.test.context.BootstrapUtils - Instantiating TestContextBootstrapper for test class [fr.cea.bigpi.fhe.repository.test.SampleRepositoryTest] from class [org.springframework.boot.test.context.SpringBootTestContextBootstrapper]
17:20:10.021 [main] DEBUG org.springframework.test.context.support.AbstractContextLoader - Did not detect default resource location for test class [fr.cea.bigpi.fhe.repository.test.SampleRepositoryTest]: class path resource [fr/cea/bigpi/fhe/repository/test/SampleRepositoryTest-context.xml] does not exist
17:20:10.022 [main] DEBUG org.springframework.test.context.support.AbstractContextLoader - Did not detect default resource location for test class [fr.cea.bigpi.fhe.repository.test.SampleRepositoryTest]: class path resource [fr/cea/bigpi/fhe/repository/test/SampleRepositoryTestContext.groovy] does not exist
17:20:10.022 [main] INFO org.springframework.test.context.support.AbstractContextLoader - Could not detect default resource locations for test class [fr.cea.bigpi.fhe.repository.test.SampleRepositoryTest]: no resource found for suffixes {-context.xml, Context.groovy}.
17:20:10.049 [main] DEBUG org.springframework.boot.test.context.SpringBootTestContextBootstrapper - @TestExecutionListeners is not present for class [fr.cea.bigpi.fhe.repository.test.SampleRepositoryTest]: using defaults.
17:20:10.061 [main] INFO org.springframework.boot.test.context.SpringBootTestContextBootstrapper - Loaded default TestExecutionListener class names from location [META-INF/spring.factories]: [org.springframework.boot.test.mock.mockito.MockitoTestExecutionListener, org.springframework.boot.test.mock.mockito.ResetMocksTestExecutionListener, org.springframework.boot.test.autoconfigure.restdocs.RestDocsTestExecutionListener, org.springframework.boot.test.autoconfigure.web.client.MockRestServiceServerResetTestExecutionListener, org.springframework.boot.test.autoconfigure.web.servlet.MockMvcPrintOnlyOnFailureTestExecutionListener, org.springframework.boot.test.autoconfigure.web.servlet.WebDriverTestExecutionListener, org.springframework.test.context.web.ServletTestExecutionListener, org.springframework.test.context.support.DirtiesContextBeforeModesTestExecutionListener, org.springframework.test.context.support.DependencyInjectionTestExecutionListener, org.springframework.test.context.support.DirtiesContextTestExecutionListener, org.springframework.test.context.transaction.TransactionalTestExecutionListener, org.springframework.test.context.jdbc.SqlScriptsTestExecutionListener]
17:20:10.071 [main] INFO org.springframework.boot.test.context.SpringBootTestContextBootstrapper - Using TestExecutionListeners: [org.springframework.test.context.web.ServletTestExecutionListener@282cb7c7, org.springframework.test.context.support.DirtiesContextBeforeModesTestExecutionListener@7d898981, org.springframework.boot.test.mock.mockito.MockitoTestExecutionListener@48d61b48, org.springframework.boot.test.autoconfigure.SpringBootDependencyInjectionTestExecutionListener@68d279ec, org.springframework.test.context.support.DirtiesContextTestExecutionListener@258d79be, org.springframework.test.context.transaction.TransactionalTestExecutionListener@14f9390f, org.springframework.test.context.jdbc.SqlScriptsTestExecutionListener@6c0d7c83, org.springframework.boot.test.mock.mockito.ResetMocksTestExecutionListener@176b75f7, org.springframework.boot.test.autoconfigure.restdocs.RestDocsTestExecutionListener@5965be2d, org.springframework.boot.test.autoconfigure.web.client.MockRestServiceServerResetTestExecutionListener@409c54f, org.springframework.boot.test.autoconfigure.web.servlet.MockMvcPrintOnlyOnFailureTestExecutionListener@3e74829, org.springframework.boot.test.autoconfigure.web.servlet.WebDriverTestExecutionListener@4f6f416f]
17:20:10.072 [main] DEBUG org.springframework.test.annotation.ProfileValueUtils - Retrieved @ProfileValueSourceConfiguration [null] for test class [fr.cea.bigpi.fhe.repository.test.SampleRepositoryTest]
17:20:10.072 [main] DEBUG org.springframework.test.annotation.ProfileValueUtils - Retrieved ProfileValueSource type [class org.springframework.test.annotation.SystemProfileValueSource] for class [fr.cea.bigpi.fhe.repository.test.SampleRepositoryTest]
17:20:10.073 [main] DEBUG org.springframework.test.annotation.ProfileValueUtils - Retrieved @ProfileValueSourceConfiguration [null] for test class [fr.cea.bigpi.fhe.repository.test.SampleRepositoryTest]
17:20:10.073 [main] DEBUG org.springframework.test.annotation.ProfileValueUtils - Retrieved ProfileValueSource type [class org.springframework.test.annotation.SystemProfileValueSource] for class [fr.cea.bigpi.fhe.repository.test.SampleRepositoryTest]
17:20:10.077 [main] DEBUG org.springframework.test.context.support.AbstractDirtiesContextTestExecutionListener - Before test class: context [DefaultTestContext@436c81a3 testClass = SampleRepositoryTest, testInstance = [null], testMethod = [null], testException = [null], mergedContextConfiguration = [WebMergedContextConfiguration@3561c410 testClass = SampleRepositoryTest, locations = '{}', classes = '{class fr.cea.bigpi.fhe.dap.patternsearch.Application, class fr.cea.bigpi.fhe.dap.patternsearch.Application}', contextInitializerClasses = '[]', activeProfiles = '{test}', propertySourceLocations = '{}', propertySourceProperties = '{org.springframework.boot.test.context.SpringBootTestContextBootstrapper=true, server.port=0}', contextCustomizers = set[[ImportsContextCustomizer@59e32960 key = [org.springframework.boot.test.autoconfigure.web.servlet.MockMvcAutoConfiguration, org.springframework.boot.test.autoconfigure.web.servlet.MockMvcSecurityAutoConfiguration, org.springframework.boot.test.autoconfigure.web.servlet.MockMvcWebClientAutoConfiguration, org.springframework.boot.test.autoconfigure.web.servlet.MockMvcWebDriverAutoConfiguration]], org.springframework.boot.test.context.SpringBootTestContextCustomizer@2c35e847, org.springframework.boot.test.context.filter.ExcludeFilterContextCustomizer@306e95ec, org.springframework.boot.test.json.DuplicateJsonObjectContextCustomizerFactory$DuplicateJsonObjectContextCustomizer@4f2b503c, org.springframework.boot.test.mock.mockito.MockitoContextCustomizer@0, org.springframework.boot.test.autoconfigure.properties.PropertyMappingContextCustomizer@e7e8512, org.springframework.boot.test.autoconfigure.web.servlet.WebDriverContextCustomizerFactory$Customizer@290222c1], resourceBasePath = 'src/main/webapp', contextLoader = 'org.springframework.boot.test.context.SpringBootContextLoader', parent = [null]]], class annotated with @DirtiesContext [false] with mode [null].
17:20:10.077 [main] DEBUG org.springframework.test.annotation.ProfileValueUtils - Retrieved @ProfileValueSourceConfiguration [null] for test class [fr.cea.bigpi.fhe.repository.test.SampleRepositoryTest]
17:20:10.078 [main] DEBUG org.springframework.test.annotation.ProfileValueUtils - Retrieved ProfileValueSource type [class org.springframework.test.annotation.SystemProfileValueSource] for class [fr.cea.bigpi.fhe.repository.test.SampleRepositoryTest]
17:20:10.080 [main] DEBUG org.springframework.test.context.support.DependencyInjectionTestExecutionListener - Performing dependency injection for test context [[DefaultTestContext@436c81a3 testClass = SampleRepositoryTest, testInstance = fr.cea.bigpi.fhe.repository.test.SampleRepositoryTest@4ddbbdf8, testMethod = [null], testException = [null], mergedContextConfiguration = [WebMergedContextConfiguration@3561c410 testClass = SampleRepositoryTest, locations = '{}', classes = '{class fr.cea.bigpi.fhe.dap.patternsearch.Application, class fr.cea.bigpi.fhe.dap.patternsearch.Application}', contextInitializerClasses = '[]', activeProfiles = '{test}', propertySourceLocations = '{}', propertySourceProperties = '{org.springframework.boot.test.context.SpringBootTestContextBootstrapper=true, server.port=0}', contextCustomizers = set[[ImportsContextCustomizer@59e32960 key = [org.springframework.boot.test.autoconfigure.web.servlet.MockMvcAutoConfiguration, org.springframework.boot.test.autoconfigure.web.servlet.MockMvcSecurityAutoConfiguration, org.springframework.boot.test.autoconfigure.web.servlet.MockMvcWebClientAutoConfiguration, org.springframework.boot.test.autoconfigure.web.servlet.MockMvcWebDriverAutoConfiguration]], org.springframework.boot.test.context.SpringBootTestContextCustomizer@2c35e847, org.springframework.boot.test.context.filter.ExcludeFilterContextCustomizer@306e95ec, org.springframework.boot.test.json.DuplicateJsonObjectContextCustomizerFactory$DuplicateJsonObjectContextCustomizer@4f2b503c, org.springframework.boot.test.mock.mockito.MockitoContextCustomizer@0, org.springframework.boot.test.autoconfigure.properties.PropertyMappingContextCustomizer@e7e8512, org.springframework.boot.test.autoconfigure.web.servlet.WebDriverContextCustomizerFactory$Customizer@290222c1], resourceBasePath = 'src/main/webapp', contextLoader = 'org.springframework.boot.test.context.SpringBootContextLoader', parent = [null]]]].
17:20:10.184 [main] DEBUG org.springframework.core.env.StandardEnvironment - Adding PropertySource 'systemProperties' with lowest search precedence
17:20:10.185 [main] DEBUG org.springframework.core.env.StandardEnvironment - Adding PropertySource 'systemEnvironment' with lowest search precedence
17:20:10.186 [main] DEBUG org.springframework.core.env.StandardEnvironment - Initialized StandardEnvironment with PropertySources [MapPropertySource@490391704 {name='systemProperties', properties={java.specification.version=15, sun.jnu.encoding=UTF-8, java.class.path=/home/hgnguyen/workspace-spring-tool-suite-4-4.9.0.RELEASE/DrivingLicenseCheckingProject/driving-license-client-service/target/test-classes:/home/hgnguyen/workspace-spring-tool-suite-4-4.9.0.RELEASE/DrivingLicenseCheckingProject/driving-license-client-service/target/classes:/home/hgnguyen/.m2/repository/javax/persistence/javax.persistence-api/2.2/javax.persistence-api-2.2.jar:/home/hgnguyen/.m2/repository/com/sun/activation/javax.activation/1.2.0/javax.activation-1.2.0.jar:/home/hgnguyen/.m2/repository/org/springframework/cloud/spring-cloud-starter-netflix-eureka-client/1.4.0.RELEASE/spring-cloud-starter-netflix-eureka-client-1.4.0.RELEASE.jar:/home/hgnguyen/.m2/repository/org/springframework/boot/spring-boot-starter-web/1.5.18.RELEASE/spring-boot-starter-web-1.5.18.RELEASE.jar:/home/hgnguyen/.m2/repository/org/springframework/boot/spring-boot-starter-tomcat/1.5.18.RELEASE/spring-boot-starter-tomcat-1.5.18.RELEASE.jar:/home/hgnguyen/.m2/repository/org/apache/tomcat/embed/tomcat-embed-core/8.5.35/tomcat-embed-core-8.5.35.jar:/home/hgnguyen/.m2/repository/org/apache/tomcat/tomcat-annotations-api/8.5.35/tomcat-annotations-api-8.5.35.jar:/home/hgnguyen/.m2/repository/org/apache/tomcat/embed/tomcat-embed-el/8.5.35/tomcat-embed-el-8.5.35.jar:/home/hgnguyen/.m2/repository/org/apache/tomcat/embed/tomcat-embed-websocket/8.5.35/tomcat-embed-websocket-8.5.35.jar:/home/hgnguyen/.m2/repository/org/hibernate/hibernate-validator/5.3.6.Final/hibernate-validator-5.3.6.Final.jar:/home/hgnguyen/.m2/repository/javax/validation/validation-api/1.1.0.Final/validation-api-1.1.0.Final.jar:/home/hgnguyen/.m2/repository/org/springframework/spring-webmvc/4.3.21.RELEASE/spring-webmvc-4.3.21.RELEASE.jar:/home/hgnguyen/.m2/repository/org/springframework/spring-expression/4.3.21.RELEASE/spring-expression-4.3.21.RELEASE.jar:/home/hgnguyen/.m2/repository/org/springframework/cloud/spring-cloud-starter/1.3.0.RELEASE/spring-cloud-starter-1.3.0.RELEASE.jar:/home/hgnguyen/.m2/repository/org/springframework/cloud/spring-cloud-context/1.3.0.RELEASE/spring-cloud-context-1.3.0.RELEASE.jar:/home/hgnguyen/.m2/repository/org/springframework/security/spring-security-rsa/1.0.3.RELEASE/spring-security-rsa-1.0.3.RELEASE.jar:/home/hgnguyen/.m2/repository/org/bouncycastle/bcpkix-jdk15on/1.55/bcpkix-jdk15on-1.55.jar:/home/hgnguyen/.m2/repository/org/bouncycastle/bcprov-jdk15on/1.55/bcprov-jdk15on-1.55.jar:/home/hgnguyen/.m2/repository/org/springframework/cloud/spring-cloud-netflix-core/1.4.0.RELEASE/spring-cloud-netflix-core-1.4.0.RELEASE.jar:/home/hgnguyen/.m2/repository/org/springframework/boot/spring-boot/1.5.18.RELEASE/spring-boot-1.5.18.RELEASE.jar:/home/hgnguyen/.m2/repository/org/springframework/boot/spring-boot-autoconfigure/1.5.18.RELEASE/spring-boot-autoconfigure-1.5.18.RELEASE.jar:/home/hgnguyen/.m2/repository/org/springframework/cloud/spring-cloud-netflix-eureka-client/1.4.0.RELEASE/spring-cloud-netflix-eureka-client-1.4.0.RELEASE.jar:/home/hgnguyen/.m2/repository/com/netflix/eureka/eureka-client/1.7.0/eureka-client-1.7.0.jar:/home/hgnguyen/.m2/repository/org/codehaus/jettison/jettison/1.3.7/jettison-1.3.7.jar:/home/hgnguyen/.m2/repository/stax/stax-api/1.0.1/stax-api-1.0.1.jar:/home/hgnguyen/.m2/repository/com/netflix/netflix-commons/netflix-eventbus/0.3.0/netflix-eventbus-0.3.0.jar:/home/hgnguyen/.m2/repository/com/netflix/netflix-commons/netflix-infix/0.3.0/netflix-infix-0.3.0.jar:/home/hgnguyen/.m2/repository/commons-jxpath/commons-jxpath/1.3/commons-jxpath-1.3.jar:/home/hgnguyen/.m2/repository/joda-time/joda-time/2.9.9/joda-time-2.9.9.jar:/home/hgnguyen/.m2/repository/org/antlr/antlr-runtime/3.4/antlr-runtime-3.4.jar:/home/hgnguyen/.m2/repository/org/antlr/stringtemplate/3.2.1/stringtemplate-3.2.1.jar:/home/hgnguyen/.m2/repository/com/google/code/gson/gson/2.8.5/gson-2.8.5.jar:/home/hgnguyen/.m2/repository/org/apache/commons/commons-math/2.2/commons-math-2.2.jar:/home/hgnguyen/.m2/repository/com/netflix/archaius/archaius-core/0.7.4/archaius-core-0.7.4.jar:/home/hgnguyen/.m2/repository/javax/ws/rs/jsr311-api/1.1.1/jsr311-api-1.1.1.jar:/home/hgnguyen/.m2/repository/com/netflix/servo/servo-core/0.10.1/servo-core-0.10.1.jar:/home/hgnguyen/.m2/repository/com/netflix/servo/servo-internal/0.10.1/servo-internal-0.10.1.jar:/home/hgnguyen/.m2/repository/com/sun/jersey/jersey-core/1.19.1/jersey-core-1.19.1.jar:/home/hgnguyen/.m2/repository/com/sun/jersey/jersey-client/1.19.1/jersey-client-1.19.1.jar:/home/hgnguyen/.m2/repository/com/sun/jersey/contribs/jersey-apache-client4/1.19.1/jersey-apache-client4-1.19.1.jar:/home/hgnguyen/.m2/repository/org/apache/httpcomponents/httpclient/4.5.6/httpclient-4.5.6.jar:/home/hgnguyen/.m2/repository/org/apache/httpcomponents/httpcore/4.4.10/httpcore-4.4.10.jar:/home/hgnguyen/.m2/repository/commons-codec/commons-codec/1.10/commons-codec-1.10.jar:/home/hgnguyen/.m2/repository/com/google/inject/guice/4.1.0/guice-4.1.0.jar:/home/hgnguyen/.m2/repository/aopalliance/aopalliance/1.0/aopalliance-1.0.jar:/home/hgnguyen/.m2/repository/com/netflix/eureka/eureka-core/1.7.0/eureka-core-1.7.0.jar:/home/hgnguyen/.m2/repository/org/codehaus/woodstox/woodstox-core-asl/4.4.1/woodstox-core-asl-4.4.1.jar:/home/hgnguyen/.m2/repository/javax/xml/stream/stax-api/1.0-2/stax-api-1.0-2.jar:/home/hgnguyen/.m2/repository/org/codehaus/woodstox/stax2-api/3.1.4/stax2-api-3.1.4.jar:/home/hgnguyen/.m2/repository/org/springframework/cloud/spring-cloud-starter-netflix-archaius/1.4.0.RELEASE/spring-cloud-starter-netflix-archaius-1.4.0.RELEASE.jar:/home/hgnguyen/.m2/repository/commons-configuration/commons-configuration/1.8/commons-configuration-1.8.jar:/home/hgnguyen/.m2/repository/commons-lang/commons-lang/2.6/commons-lang-2.6.jar:/home/hgnguyen/.m2/repository/org/springframework/cloud/spring-cloud-starter-netflix-ribbon/1.4.0.RELEASE/spring-cloud-starter-netflix-ribbon-1.4.0.RELEASE.jar:/home/hgnguyen/.m2/repository/com/netflix/ribbon/ribbon/2.2.4/ribbon-2.2.4.jar:/home/hgnguyen/.m2/repository/com/netflix/ribbon/ribbon-transport/2.2.4/ribbon-transport-2.2.4.jar:/home/hgnguyen/.m2/repository/io/reactivex/rxnetty-contexts/0.4.9/rxnetty-contexts-0.4.9.jar:/home/hgnguyen/.m2/repository/io/reactivex/rxnetty-servo/0.4.9/rxnetty-servo-0.4.9.jar:/home/hgnguyen/.m2/repository/io/reactivex/rxnetty/0.4.9/rxnetty-0.4.9.jar:/home/hgnguyen/.m2/repository/io/netty/netty-codec-http/4.0.27.Final/netty-codec-http-4.0.27.Final.jar:/home/hgnguyen/.m2/repository/io/netty/netty-codec/4.0.27.Final/netty-codec-4.0.27.Final.jar:/home/hgnguyen/.m2/repository/io/netty/netty-handler/4.0.27.Final/netty-handler-4.0.27.Final.jar:/home/hgnguyen/.m2/repository/io/netty/netty-transport-native-epoll/4.0.27.Final/netty-transport-native-epoll-4.0.27.Final.jar:/home/hgnguyen/.m2/repository/io/netty/netty-common/4.0.27.Final/netty-common-4.0.27.Final.jar:/home/hgnguyen/.m2/repository/io/netty/netty-buffer/4.0.27.Final/netty-buffer-4.0.27.Final.jar:/home/hgnguyen/.m2/repository/io/netty/netty-transport/4.0.27.Final/netty-transport-4.0.27.Final.jar:/home/hgnguyen/.m2/repository/com/netflix/ribbon/ribbon-core/2.2.4/ribbon-core-2.2.4.jar:/home/hgnguyen/.m2/repository/com/netflix/ribbon/ribbon-httpclient/2.2.4/ribbon-httpclient-2.2.4.jar:/home/hgnguyen/.m2/repository/commons-collections/commons-collections/3.2.2/commons-collections-3.2.2.jar:/home/hgnguyen/.m2/repository/com/netflix/netflix-commons/netflix-commons-util/0.1.1/netflix-commons-util-0.1.1.jar:/home/hgnguyen/.m2/repository/com/netflix/ribbon/ribbon-loadbalancer/2.2.4/ribbon-loadbalancer-2.2.4.jar:/home/hgnguyen/.m2/repository/com/netflix/netflix-commons/netflix-statistics/0.1.1/netflix-statistics-0.1.1.jar:/home/hgnguyen/.m2/repository/io/reactivex/rxjava/1.2.0/rxjava-1.2.0.jar:/home/hgnguyen/.m2/repository/com/netflix/ribbon/ribbon-eureka/2.2.4/ribbon-eureka-2.2.4.jar:/home/hgnguyen/.m2/repository/com/thoughtworks/xstream/xstream/1.4.9/xstream-1.4.9.jar:/home/hgnguyen/.m2/repository/xmlpull/xmlpull/1.1.3.1/xmlpull-1.1.3.1.jar:/home/hgnguyen/.m2/repository/xpp3/xpp3_min/1.1.4c/xpp3_min-1.1.4c.jar:/home/hgnguyen/.m2/repository/org/springframework/cloud/spring-cloud-starter-openfeign/1.4.0.RELEASE/spring-cloud-starter-openfeign-1.4.0.RELEASE.jar:/home/hgnguyen/.m2/repository/org/springframework/spring-web/4.3.21.RELEASE/spring-web-4.3.21.RELEASE.jar:/home/hgnguyen/.m2/repository/org/springframework/spring-aop/4.3.21.RELEASE/spring-aop-4.3.21.RELEASE.jar:/home/hgnguyen/.m2/repository/org/springframework/spring-beans/4.3.21.RELEASE/spring-beans-4.3.21.RELEASE.jar:/home/hgnguyen/.m2/repository/org/springframework/spring-context/4.3.21.RELEASE/spring-context-4.3.21.RELEASE.jar:/home/hgnguyen/.m2/repository/org/springframework/cloud/spring-cloud-commons/1.3.0.RELEASE/spring-cloud-commons-1.3.0.RELEASE.jar:/home/hgnguyen/.m2/repository/org/springframework/security/spring-security-crypto/4.2.10.RELEASE/spring-security-crypto-4.2.10.RELEASE.jar:/home/hgnguyen/.m2/repository/io/github/openfeign/feign-core/9.5.0/feign-core-9.5.0.jar:/home/hgnguyen/.m2/repository/org/jvnet/animal-sniffer-annotation/1.0/animal-sniffer-annotation-1.0.jar:/home/hgnguyen/.m2/repository/io/github/openfeign/feign-slf4j/9.5.0/feign-slf4j-9.5.0.jar:/home/hgnguyen/.m2/repository/io/github/openfeign/feign-hystrix/9.5.0/feign-hystrix-9.5.0.jar:/home/hgnguyen/.m2/repository/com/netflix/hystrix/hystrix-core/1.5.12/hystrix-core-1.5.12.jar:/home/hgnguyen/.m2/repository/org/hdrhistogram/HdrHistogram/2.1.9/HdrHistogram-2.1.9.jar:/home/hgnguyen/.m2/repository/org/springframework/cloud/spring-cloud-starter-sleuth/2.2.1.RELEASE/spring-cloud-starter-sleuth-2.2.1.RELEASE.jar:/home/hgnguyen/.m2/repository/org/springframework/boot/spring-boot-starter-aop/1.5.18.RELEASE/spring-boot-starter-aop-1.5.18.RELEASE.jar:/home/hgnguyen/.m2/repository/org/aspectj/aspectjweaver/1.8.13/aspectjweaver-1.8.13.jar:/home/hgnguyen/.m2/repository/org/springframework/cloud/spring-cloud-sleuth-core/1.3.0.RELEASE/spring-cloud-sleuth-core-1.3.0.RELEASE.jar:/home/hgnguyen/.m2/repository/org/aspectj/aspectjrt/1.8.13/aspectjrt-1.8.13.jar:/home/hgnguyen/.m2/repository/io/springfox/springfox-swagger2/2.9.2/springfox-swagger2-2.9.2.jar:/home/hgnguyen/.m2/repository/io/swagger/swagger-annotations/1.5.20/swagger-annotations-1.5.20.jar:/home/hgnguyen/.m2/repository/io/swagger/swagger-models/1.5.20/swagger-models-1.5.20.jar:/home/hgnguyen/.m2/repository/io/springfox/springfox-spi/2.9.2/springfox-spi-2.9.2.jar:/home/hgnguyen/.m2/repository/io/springfox/springfox-core/2.9.2/springfox-core-2.9.2.jar:/home/hgnguyen/.m2/repository/net/bytebuddy/byte-buddy/1.8.12/byte-buddy-1.8.12.jar:/home/hgnguyen/.m2/repository/io/springfox/springfox-schema/2.9.2/springfox-schema-2.9.2.jar:/home/hgnguyen/.m2/repository/io/springfox/springfox-swagger-common/2.9.2/springfox-swagger-common-2.9.2.jar:/home/hgnguyen/.m2/repository/io/springfox/springfox-spring-web/2.9.2/springfox-spring-web-2.9.2.jar:/home/hgnguyen/.m2/repository/com/fasterxml/classmate/1.3.4/classmate-1.3.4.jar:/home/hgnguyen/.m2/repository/org/slf4j/slf4j-api/1.7.25/slf4j-api-1.7.25.jar:/home/hgnguyen/.m2/repository/org/springframework/plugin/spring-plugin-core/1.2.0.RELEASE/spring-plugin-core-1.2.0.RELEASE.jar:/home/hgnguyen/.m2/repository/org/springframework/plugin/spring-plugin-metadata/1.2.0.RELEASE/spring-plugin-metadata-1.2.0.RELEASE.jar:/home/hgnguyen/.m2/repository/org/mapstruct/mapstruct/1.2.0.Final/mapstruct-1.2.0.Final.jar:/home/hgnguyen/.m2/repository/io/springfox/springfox-swagger-ui/2.9.2/springfox-swagger-ui-2.9.2.jar:/home/hgnguyen/.m2/repository/com/google/guava/guava/24.1.1-jre/guava-24.1.1-jre.jar:/home/hgnguyen/.m2/repository/com/google/code/findbugs/jsr305/1.3.9/jsr305-1.3.9.jar:/home/hgnguyen/.m2/repository/org/checkerframework/checker-compat-qual/2.0.0/checker-compat-qual-2.0.0.jar:/home/hgnguyen/.m2/repository/com/google/errorprone/error_prone_annotations/2.1.3/error_prone_annotations-2.1.3.jar:/home/hgnguyen/.m2/repository/com/google/j2objc/j2objc-annotations/1.1/j2objc-annotations-1.1.jar:/home/hgnguyen/.m2/repository/org/codehaus/mojo/animal-sniffer-annotations/1.14/animal-sniffer-annotations-1.14.jar:/home/hgnguyen/.m2/repository/org/apache/maven/maven-model/3.3.9/maven-model-3.3.9.jar:/home/hgnguyen/.m2/repository/org/codehaus/plexus/plexus-utils/3.0.22/plexus-utils-3.0.22.jar:/home/hgnguyen/.m2/repository/org/apache/commons/commons-lang3/3.4/commons-lang3-3.4.jar:/home/hgnguyen/.m2/repository/org/springframework/boot/spring-boot-starter-test/1.5.18.RELEASE/spring-boot-starter-test-1.5.18.RELEASE.jar:/home/hgnguyen/.m2/repository/org/springframework/boot/spring-boot-test/1.5.18.RELEASE/spring-boot-test-1.5.18.RELEASE.jar:/home/hgnguyen/.m2/repository/org/springframework/boot/spring-boot-test-autoconfigure/1.5.18.RELEASE/spring-boot-test-autoconfigure-1.5.18.RELEASE.jar:/home/hgnguyen/.m2/repository/com/jayway/jsonpath/json-path/2.2.0/json-path-2.2.0.jar:/home/hgnguyen/.m2/repository/net/minidev/json-smart/2.2.1/json-smart-2.2.1.jar:/home/hgnguyen/.m2/repository/net/minidev/accessors-smart/1.1/accessors-smart-1.1.jar:/home/hgnguyen/.m2/repository/junit/junit/4.12/junit-4.12.jar:/home/hgnguyen/.m2/repository/org/assertj/assertj-core/2.6.0/assertj-core-2.6.0.jar:/home/hgnguyen/.m2/repository/org/mockito/mockito-core/1.10.19/mockito-core-1.10.19.jar:/home/hgnguyen/.m2/repository/org/objenesis/objenesis/2.1/objenesis-2.1.jar:/home/hgnguyen/.m2/repository/org/hamcrest/hamcrest-core/1.3/hamcrest-core-1.3.jar:/home/hgnguyen/.m2/repository/org/hamcrest/hamcrest-library/1.3/hamcrest-library-1.3.jar:/home/hgnguyen/.m2/repository/org/skyscreamer/jsonassert/1.4.0/jsonassert-1.4.0.jar:/home/hgnguyen/.m2/repository/com/vaadin/external/google/android-json/0.0.20131108.vaadin1/android-json-0.0.20131108.vaadin1.jar:/home/hgnguyen/.m2/repository/org/springframework/spring-core/4.3.21.RELEASE/spring-core-4.3.21.RELEASE.jar:/home/hgnguyen/.m2/repository/org/springframework/spring-test/4.3.21.RELEASE/spring-test-4.3.21.RELEASE.jar:/home/hgnguyen/.m2/repository/org/springframework/cloud/spring-cloud-starter-contract-stub-runner/1.2.0.RELEASE/spring-cloud-starter-contract-stub-runner-1.2.0.RELEASE.jar:/home/hgnguyen/.m2/repository/org/springframework/cloud/spring-cloud-contract-stub-runner/1.2.0.RELEASE/spring-cloud-contract-stub-runner-1.2.0.RELEASE.jar:/home/hgnguyen/.m2/repository/org/springframework/cloud/spring-cloud-contract-shade/1.2.0.RELEASE/spring-cloud-contract-shade-1.2.0.RELEASE.jar:/home/hgnguyen/.m2/repository/org/springframework/cloud/spring-cloud-contract-spec/1.2.0.RELEASE/spring-cloud-contract-spec-1.2.0.RELEASE.jar:/home/hgnguyen/.m2/repository/dk/brics/automaton/automaton/1.11-8/automaton-1.11-8.jar:/home/hgnguyen/.m2/repository/org/apache/commons/commons-text/1.1/commons-text-1.1.jar:/home/hgnguyen/.m2/repository/org/springframework/integration/spring-integration-java-dsl/1.2.3.RELEASE/spring-integration-java-dsl-1.2.3.RELEASE.jar:/home/hgnguyen/.m2/repository/org/springframework/integration/spring-integration-core/4.3.18.RELEASE/spring-integration-core-4.3.18.RELEASE.jar:/home/hgnguyen/.m2/repository/org/springframework/spring-messaging/4.3.21.RELEASE/spring-messaging-4.3.21.RELEASE.jar:/home/hgnguyen/.m2/repository/org/springframework/retry/spring-retry/1.2.2.RELEASE/spring-retry-1.2.2.RELEASE.jar:/home/hgnguyen/.m2/repository/org/reactivestreams/reactive-streams/1.0.0/reactive-streams-1.0.0.jar:/home/hgnguyen/.m2/repository/org/springframework/cloud/spring-cloud-stream-test-support/1.3.0.RELEASE/spring-cloud-stream-test-support-1.3.0.RELEASE.jar:/home/hgnguyen/.m2/repository/org/springframework/cloud/spring-cloud-stream/1.3.0.RELEASE/spring-cloud-stream-1.3.0.RELEASE.jar:/home/hgnguyen/.m2/repository/org/springframework/boot/spring-boot-starter-validation/1.5.18.RELEASE/spring-boot-starter-validation-1.5.18.RELEASE.jar:/home/hgnguyen/.m2/repository/org/springframework/integration/spring-integration-jmx/4.3.18.RELEASE/spring-integration-jmx-4.3.18.RELEASE.jar:/home/hgnguyen/.m2/repository/org/springframework/spring-tuple/1.0.0.RELEASE/spring-tuple-1.0.0.RELEASE.jar:/home/hgnguyen/.m2/repository/com/esotericsoftware/kryo-shaded/3.0.3/kryo-shaded-3.0.3.jar:/home/hgnguyen/.m2/repository/com/esotericsoftware/minlog/1.3.0/minlog-1.3.0.jar:/home/hgnguyen/.m2/repository/org/springframework/integration/spring-integration-tuple/1.0.0.RELEASE/spring-integration-tuple-1.0.0.RELEASE.jar:/home/hgnguyen/.m2/repository/org/springframework/cloud/spring-cloud-contract-wiremock/1.2.0.RELEASE/spring-cloud-contract-wiremock-1.2.0.RELEASE.jar:/home/hgnguyen/.m2/repository/com/github/tomakehurst/wiremock-standalone/2.11.0/wiremock-standalone-2.11.0.jar:/home/hgnguyen/.m2/repository/org/eclipse/aether/aether-api/1.0.2.v20150114/aether-api-1.0.2.v20150114.jar:/home/hgnguyen/.m2/repository/org/springframework/cloud/spring-cloud-starter-contract-verifier/1.2.0.RELEASE/spring-cloud-starter-contract-verifier-1.2.0.RELEASE.jar:/home/hgnguyen/.m2/repository/org/springframework/cloud/spring-cloud-contract-verifier/1.2.0.RELEASE/spring-cloud-contract-verifier-1.2.0.RELEASE.jar:/home/hgnguyen/.m2/repository/javax/inject/javax.inject/1/javax.inject-1.jar:/home/hgnguyen/.m2/repository/org/codehaus/groovy/groovy/2.4.15/groovy-2.4.15.jar:/home/hgnguyen/.m2/repository/org/codehaus/groovy/groovy-nio/2.4.15/groovy-nio-2.4.15.jar:/home/hgnguyen/.m2/repository/org/codehaus/groovy/groovy-json/2.4.15/groovy-json-2.4.15.jar:/home/hgnguyen/.m2/repository/org/codehaus/groovy/groovy-xml/2.4.15/groovy-xml-2.4.15.jar:/home/hgnguyen/.m2/repository/com/github/jknack/handlebars/4.0.6/handlebars-4.0.6.jar:/home/hgnguyen/.m2/repository/org/antlr/antlr4-runtime/4.5.1-1/antlr4-runtime-4.5.1-1.jar:/home/hgnguyen/.m2/repository/org/mozilla/rhino/1.7R4/rhino-1.7R4.jar:/home/hgnguyen/.m2/repository/io/rest-assured/rest-assured/3.0.2/rest-assured-3.0.2.jar:/home/hgnguyen/.m2/repository/org/apache/httpcomponents/httpmime/4.5.6/httpmime-4.5.6.jar:/home/hgnguyen/.m2/repository/org/ccil/cowan/tagsoup/tagsoup/1.2.1/tagsoup-1.2.1.jar:/home/hgnguyen/.m2/repository/io/rest-assured/json-path/3.0.2/json-path-3.0.2.jar:/home/hgnguyen/.m2/repository/io/rest-assured/rest-assured-common/3.0.2/rest-assured-common-3.0.2.jar:/home/hgnguyen/.m2/repository/io/rest-assured/xml-path/3.0.2/xml-path-3.0.2.jar:/home/hgnguyen/.m2/repository/io/rest-assured/spring-mock-mvc/3.0.2/spring-mock-mvc-3.0.2.jar:/home/hgnguyen/.m2/repository/com/toomuchcoding/jsonassert/jsonassert/0.4.10/jsonassert-0.4.10.jar:/home/hgnguyen/.m2/repository/cglib/cglib/3.2.4/cglib-3.2.4.jar:/home/hgnguyen/.m2/repository/org/ow2/asm/asm/6.0_ALPHA/asm-6.0_ALPHA.jar:/home/hgnguyen/.m2/repository/org/apache/ant/ant/1.9.6/ant-1.9.6.jar:/home/hgnguyen/.m2/repository/org/apache/ant/ant-launcher/1.9.6/ant-launcher-1.9.6.jar:/home/hgnguyen/.m2/repository/com/fasterxml/jackson/datatype/jackson-datatype-jsr310/2.8.11/jackson-datatype-jsr310-2.8.11.jar:/home/hgnguyen/.m2/repository/com/fasterxml/jackson/core/jackson-annotations/2.8.0/jackson-annotations-2.8.0.jar:/home/hgnguyen/.m2/repository/com/fasterxml/jackson/core/jackson-core/2.8.11/jackson-core-2.8.11.jar:/home/hgnguyen/.m2/repository/com/fasterxml/jackson/core/jackson-databind/2.8.11.3/jackson-databind-2.8.11.3.jar:/home/hgnguyen/.m2/repository/org/springframework/cloud/spring-cloud-starter-hystrix/1.4.0.RELEASE/spring-cloud-starter-hystrix-1.4.0.RELEASE.jar:/home/hgnguyen/.m2/repository/org/springframework/cloud/spring-cloud-starter-netflix-hystrix/1.4.0.RELEASE/spring-cloud-starter-netflix-hystrix-1.4.0.RELEASE.jar:/home/hgnguyen/.m2/repository/com/netflix/hystrix/hystrix-metrics-event-stream/1.5.12/hystrix-metrics-event-stream-1.5.12.jar:/home/hgnguyen/.m2/repository/com/netflix/hystrix/hystrix-serialization/1.5.12/hystrix-serialization-1.5.12.jar:/home/hgnguyen/.m2/repository/com/fasterxml/jackson/module/jackson-module-afterburner/2.8.11/jackson-module-afterburner-2.8.11.jar:/home/hgnguyen/.m2/repository/com/netflix/hystrix/hystrix-javanica/1.5.12/hystrix-javanica-1.5.12.jar:/home/hgnguyen/.m2/repository/org/springframework/boot/spring-boot-starter-actuator/1.5.18.RELEASE/spring-boot-starter-actuator-1.5.18.RELEASE.jar:/home/hgnguyen/.m2/repository/org/springframework/boot/spring-boot-starter/1.5.18.RELEASE/spring-boot-starter-1.5.18.RELEASE.jar:/home/hgnguyen/.m2/repository/org/springframework/boot/spring-boot-starter-logging/1.5.18.RELEASE/spring-boot-starter-logging-1.5.18.RELEASE.jar:/home/hgnguyen/.m2/repository/ch/qos/logback/logback-classic/1.1.11/logback-classic-1.1.11.jar:/home/hgnguyen/.m2/repository/ch/qos/logback/logback-core/1.1.11/logback-core-1.1.11.jar:/home/hgnguyen/.m2/repository/org/slf4j/jul-to-slf4j/1.7.25/jul-to-slf4j-1.7.25.jar:/home/hgnguyen/.m2/repository/org/slf4j/log4j-over-slf4j/1.7.25/log4j-over-slf4j-1.7.25.jar:/home/hgnguyen/.m2/repository/org/yaml/snakeyaml/1.17/snakeyaml-1.17.jar:/home/hgnguyen/.m2/repository/org/springframework/boot/spring-boot-actuator/1.5.18.RELEASE/spring-boot-actuator-1.5.18.RELEASE.jar:/home/hgnguyen/.m2/repository/org/springframework/boot/spring-boot-starter-thymeleaf/1.5.18.RELEASE/spring-boot-starter-thymeleaf-1.5.18.RELEASE.jar:/home/hgnguyen/.m2/repository/org/thymeleaf/thymeleaf-spring4/2.1.6.RELEASE/thymeleaf-spring4-2.1.6.RELEASE.jar:/home/hgnguyen/.m2/repository/org/thymeleaf/thymeleaf/2.1.6.RELEASE/thymeleaf-2.1.6.RELEASE.jar:/home/hgnguyen/.m2/repository/ognl/ognl/3.0.8/ognl-3.0.8.jar:/home/hgnguyen/.m2/repository/org/unbescape/unbescape/1.1.0.RELEASE/unbescape-1.1.0.RELEASE.jar:/home/hgnguyen/.m2/repository/nz/net/ultraq/thymeleaf/thymeleaf-layout-dialect/1.4.0/thymeleaf-layout-dialect-1.4.0.jar:/home/hgnguyen/.m2/repository/org/jolokia/jolokia-core/1.3.7/jolokia-core-1.3.7.jar:/home/hgnguyen/.m2/repository/com/googlecode/json-simple/json-simple/1.1.1/json-simple-1.1.1.jar:/home/hgnguyen/.m2/repository/de/codecentric/spring-boot-admin-starter-client/1.5.1/spring-boot-admin-starter-client-1.5.1.jar:/home/hgnguyen/.m2/repository/org/springframework/boot/spring-boot-starter-data-jpa/1.5.18.RELEASE/spring-boot-starter-data-jpa-1.5.18.RELEASE.jar:/home/hgnguyen/.m2/repository/org/springframework/boot/spring-boot-starter-jdbc/1.5.18.RELEASE/spring-boot-starter-jdbc-1.5.18.RELEASE.jar:/home/hgnguyen/.m2/repository/org/apache/tomcat/tomcat-jdbc/8.5.35/tomcat-jdbc-8.5.35.jar:/home/hgnguyen/.m2/repository/org/apache/tomcat/tomcat-juli/8.5.35/tomcat-juli-8.5.35.jar:/home/hgnguyen/.m2/repository/org/springframework/spring-jdbc/4.3.21.RELEASE/spring-jdbc-4.3.21.RELEASE.jar:/home/hgnguyen/.m2/repository/org/hibernate/hibernate-core/5.0.12.Final/hibernate-core-5.0.12.Final.jar:/home/hgnguyen/.m2/repository/org/jboss/logging/jboss-logging/3.3.2.Final/jboss-logging-3.3.2.Final.jar:/home/hgnguyen/.m2/repository/org/hibernate/javax/persistence/hibernate-jpa-2.1-api/1.0.0.Final/hibernate-jpa-2.1-api-1.0.0.Final.jar:/home/hgnguyen/.m2/repository/org/javassist/javassist/3.21.0-GA/javassist-3.21.0-GA.jar:/home/hgnguyen/.m2/repository/antlr/antlr/2.7.7/antlr-2.7.7.jar:/home/hgnguyen/.m2/repository/org/jboss/jandex/2.0.0.Final/jandex-2.0.0.Final.jar:/home/hgnguyen/.m2/repository/dom4j/dom4j/1.6.1/dom4j-1.6.1.jar:/home/hgnguyen/.m2/repository/org/hibernate/common/hibernate-commons-annotations/5.0.1.Final/hibernate-commons-annotations-5.0.1.Final.jar:/home/hgnguyen/.m2/repository/org/hibernate/hibernate-entitymanager/5.0.12.Final/hibernate-entitymanager-5.0.12.Final.jar:/home/hgnguyen/.m2/repository/javax/transaction/javax.transaction-api/1.2/javax.transaction-api-1.2.jar:/home/hgnguyen/.m2/repository/org/springframework/data/spring-data-jpa/1.11.17.RELEASE/spring-data-jpa-1.11.17.RELEASE.jar:/home/hgnguyen/.m2/repository/org/springframework/data/spring-data-commons/1.13.17.RELEASE/spring-data-commons-1.13.17.RELEASE.jar:/home/hgnguyen/.m2/repository/org/springframework/spring-orm/4.3.21.RELEASE/spring-orm-4.3.21.RELEASE.jar:/home/hgnguyen/.m2/repository/org/springframework/spring-tx/4.3.21.RELEASE/spring-tx-4.3.21.RELEASE.jar:/home/hgnguyen/.m2/repository/org/slf4j/jcl-over-slf4j/1.7.25/jcl-over-slf4j-1.7.25.jar:/home/hgnguyen/.m2/repository/org/springframework/spring-aspects/4.3.21.RELEASE/spring-aspects-4.3.21.RELEASE.jar:/home/hgnguyen/.m2/repository/org/postgresql/postgresql/9.4.1212.jre7/postgresql-9.4.1212.jre7.jar:/home/hgnguyen/.m2/repository/javax/xml/bind/jaxb-api/2.4.0-b180830.0359/jaxb-api-2.4.0-b180830.0359.jar:/home/hgnguyen/.m2/repository/javax/activation/javax.activation-api/1.2.0/javax.activation-api-1.2.0.jar:, java.vm.vendor=Oracle Corporation, sun.arch.data.model=64, java.vendor.url=https://java.oracle.com/, user.timezone=Europe/Paris, java.vm.specification.version=15, os.name=Linux, sun.java.launcher=SUN_STANDARD, user.country=US, sun.boot.library.path=/home/hgnguyen/sts-4.9.0.RELEASE/plugins/org.eclipse.justj.openjdk.hotspot.jre.full.linux.x86_64_15.0.1.v20201027-0507/jre/lib, sun.java.command=/home/hgnguyen/workspace-spring-tool-suite-4-4.9.0.RELEASE/DrivingLicenseCheckingProject/driving-license-client-service/target/surefire/surefirebooter6232341583522393574.jar /home/hgnguyen/workspace-spring-tool-suite-4-4.9.0.RELEASE/DrivingLicenseCheckingProject/driving-license-client-service/target/surefire/surefire15140175405560658464tmp /home/hgnguyen/workspace-spring-tool-suite-4-4.9.0.RELEASE/DrivingLicenseCheckingProject/driving-license-client-service/target/surefire/surefire_016919851395358690892tmp, jdk.debug=release, surefire.test.class.path=/home/hgnguyen/workspace-spring-tool-suite-4-4.9.0.RELEASE/DrivingLicenseCheckingProject/driving-license-client-service/target/test-classes:/home/hgnguyen/workspace-spring-tool-suite-4-4.9.0.RELEASE/DrivingLicenseCheckingProject/driving-license-client-service/target/classes:/home/hgnguyen/.m2/repository/javax/persistence/javax.persistence-api/2.2/javax.persistence-api-2.2.jar:/home/hgnguyen/.m2/repository/com/sun/activation/javax.activation/1.2.0/javax.activation-1.2.0.jar:/home/hgnguyen/.m2/repository/org/springframework/cloud/spring-cloud-starter-netflix-eureka-client/1.4.0.RELEASE/spring-cloud-starter-netflix-eureka-client-1.4.0.RELEASE.jar:/home/hgnguyen/.m2/repository/org/springframework/boot/spring-boot-starter-web/1.5.18.RELEASE/spring-boot-starter-web-1.5.18.RELEASE.jar:/home/hgnguyen/.m2/repository/org/springframework/boot/spring-boot-starter-tomcat/1.5.18.RELEASE/spring-boot-starter-tomcat-1.5.18.RELEASE.jar:/home/hgnguyen/.m2/repository/org/apache/tomcat/embed/tomcat-embed-core/8.5.35/tomcat-embed-core-8.5.35.jar:/home/hgnguyen/.m2/repository/org/apache/tomcat/tomcat-annotations-api/8.5.35/tomcat-annotations-api-8.5.35.jar:/home/hgnguyen/.m2/repository/org/apache/tomcat/embed/tomcat-embed-el/8.5.35/tomcat-embed-el-8.5.35.jar:/home/hgnguyen/.m2/repository/org/apache/tomcat/embed/tomcat-embed-websocket/8.5.35/tomcat-embed-websocket-8.5.35.jar:/home/hgnguyen/.m2/repository/org/hibernate/hibernate-validator/5.3.6.Final/hibernate-validator-5.3.6.Final.jar:/home/hgnguyen/.m2/repository/javax/validation/validation-api/1.1.0.Final/validation-api-1.1.0.Final.jar:/home/hgnguyen/.m2/repository/org/springframework/spring-webmvc/4.3.21.RELEASE/spring-webmvc-4.3.21.RELEASE.jar:/home/hgnguyen/.m2/repository/org/springframework/spring-expression/4.3.21.RELEASE/spring-expression-4.3.21.RELEASE.jar:/home/hgnguyen/.m2/repository/org/springframework/cloud/spring-cloud-starter/1.3.0.RELEASE/spring-cloud-starter-1.3.0.RELEASE.jar:/home/hgnguyen/.m2/repository/org/springframework/cloud/spring-cloud-context/1.3.0.RELEASE/spring-cloud-context-1.3.0.RELEASE.jar:/home/hgnguyen/.m2/repository/org/springframework/security/spring-security-rsa/1.0.3.RELEASE/spring-security-rsa-1.0.3.RELEASE.jar:/home/hgnguyen/.m2/repository/org/bouncycastle/bcpkix-jdk15on/1.55/bcpkix-jdk15on-1.55.jar:/home/hgnguyen/.m2/repository/org/bouncycastle/bcprov-jdk15on/1.55/bcprov-jdk15on-1.55.jar:/home/hgnguyen/.m2/repository/org/springframework/cloud/spring-cloud-netflix-core/1.4.0.RELEASE/spring-cloud-netflix-core-1.4.0.RELEASE.jar:/home/hgnguyen/.m2/repository/org/springframework/boot/spring-boot/1.5.18.RELEASE/spring-boot-1.5.18.RELEASE.jar:/home/hgnguyen/.m2/repository/org/springframework/boot/spring-boot-autoconfigure/1.5.18.RELEASE/spring-boot-autoconfigure-1.5.18.RELEASE.jar:/home/hgnguyen/.m2/repository/org/springframework/cloud/spring-cloud-netflix-eureka-client/1.4.0.RELEASE/spring-cloud-netflix-eureka-client-1.4.0.RELEASE.jar:/home/hgnguyen/.m2/repository/com/netflix/eureka/eureka-client/1.7.0/eureka-client-1.7.0.jar:/home/hgnguyen/.m2/repository/org/codehaus/jettison/jettison/1.3.7/jettison-1.3.7.jar:/home/hgnguyen/.m2/repository/stax/stax-api/1.0.1/stax-api-1.0.1.jar:/home/hgnguyen/.m2/repository/com/netflix/netflix-commons/netflix-eventbus/0.3.0/netflix-eventbus-0.3.0.jar:/home/hgnguyen/.m2/repository/com/netflix/netflix-commons/netflix-infix/0.3.0/netflix-infix-0.3.0.jar:/home/hgnguyen/.m2/repository/commons-jxpath/commons-jxpath/1.3/commons-jxpath-1.3.jar:/home/hgnguyen/.m2/repository/joda-time/joda-time/2.9.9/joda-time-2.9.9.jar:/home/hgnguyen/.m2/repository/org/antlr/antlr-runtime/3.4/antlr-runtime-3.4.jar:/home/hgnguyen/.m2/repository/org/antlr/stringtemplate/3.2.1/stringtemplate-3.2.1.jar:/home/hgnguyen/.m2/repository/com/google/code/gson/gson/2.8.5/gson-2.8.5.jar:/home/hgnguyen/.m2/repository/org/apache/commons/commons-math/2.2/commons-math-2.2.jar:/home/hgnguyen/.m2/repository/com/netflix/archaius/archaius-core/0.7.4/archaius-core-0.7.4.jar:/home/hgnguyen/.m2/repository/javax/ws/rs/jsr311-api/1.1.1/jsr311-api-1.1.1.jar:/home/hgnguyen/.m2/repository/com/netflix/servo/servo-core/0.10.1/servo-core-0.10.1.jar:/home/hgnguyen/.m2/repository/com/netflix/servo/servo-internal/0.10.1/servo-internal-0.10.1.jar:/home/hgnguyen/.m2/repository/com/sun/jersey/jersey-core/1.19.1/jersey-core-1.19.1.jar:/home/hgnguyen/.m2/repository/com/sun/jersey/jersey-client/1.19.1/jersey-client-1.19.1.jar:/home/hgnguyen/.m2/repository/com/sun/jersey/contribs/jersey-apache-client4/1.19.1/jersey-apache-client4-1.19.1.jar:/home/hgnguyen/.m2/repository/org/apache/httpcomponents/httpclient/4.5.6/httpclient-4.5.6.jar:/home/hgnguyen/.m2/repository/org/apache/httpcomponents/httpcore/4.4.10/httpcore-4.4.10.jar:/home/hgnguyen/.m2/repository/commons-codec/commons-codec/1.10/commons-codec-1.10.jar:/home/hgnguyen/.m2/repository/com/google/inject/guice/4.1.0/guice-4.1.0.jar:/home/hgnguyen/.m2/repository/aopalliance/aopalliance/1.0/aopalliance-1.0.jar:/home/hgnguyen/.m2/repository/com/netflix/eureka/eureka-core/1.7.0/eureka-core-1.7.0.jar:/home/hgnguyen/.m2/repository/org/codehaus/woodstox/woodstox-core-asl/4.4.1/woodstox-core-asl-4.4.1.jar:/home/hgnguyen/.m2/repository/javax/xml/stream/stax-api/1.0-2/stax-api-1.0-2.jar:/home/hgnguyen/.m2/repository/org/codehaus/woodstox/stax2-api/3.1.4/stax2-api-3.1.4.jar:/home/hgnguyen/.m2/repository/org/springframework/cloud/spring-cloud-starter-netflix-archaius/1.4.0.RELEASE/spring-cloud-starter-netflix-archaius-1.4.0.RELEASE.jar:/home/hgnguyen/.m2/repository/commons-configuration/commons-configuration/1.8/commons-configuration-1.8.jar:/home/hgnguyen/.m2/repository/commons-lang/commons-lang/2.6/commons-lang-2.6.jar:/home/hgnguyen/.m2/repository/org/springframework/cloud/spring-cloud-starter-netflix-ribbon/1.4.0.RELEASE/spring-cloud-starter-netflix-ribbon-1.4.0.RELEASE.jar:/home/hgnguyen/.m2/repository/com/netflix/ribbon/ribbon/2.2.4/ribbon-2.2.4.jar:/home/hgnguyen/.m2/repository/com/netflix/ribbon/ribbon-transport/2.2.4/ribbon-transport-2.2.4.jar:/home/hgnguyen/.m2/repository/io/reactivex/rxnetty-contexts/0.4.9/rxnetty-contexts-0.4.9.jar:/home/hgnguyen/.m2/repository/io/reactivex/rxnetty-servo/0.4.9/rxnetty-servo-0.4.9.jar:/home/hgnguyen/.m2/repository/io/reactivex/rxnetty/0.4.9/rxnetty-0.4.9.jar:/home/hgnguyen/.m2/repository/io/netty/netty-codec-http/4.0.27.Final/netty-codec-http-4.0.27.Final.jar:/home/hgnguyen/.m2/repository/io/netty/netty-codec/4.0.27.Final/netty-codec-4.0.27.Final.jar:/home/hgnguyen/.m2/repository/io/netty/netty-handler/4.0.27.Final/netty-handler-4.0.27.Final.jar:/home/hgnguyen/.m2/repository/io/netty/netty-transport-native-epoll/4.0.27.Final/netty-transport-native-epoll-4.0.27.Final.jar:/home/hgnguyen/.m2/repository/io/netty/netty-common/4.0.27.Final/netty-common-4.0.27.Final.jar:/home/hgnguyen/.m2/repository/io/netty/netty-buffer/4.0.27.Final/netty-buffer-4.0.27.Final.jar:/home/hgnguyen/.m2/repository/io/netty/netty-transport/4.0.27.Final/netty-transport-4.0.27.Final.jar:/home/hgnguyen/.m2/repository/com/netflix/ribbon/ribbon-core/2.2.4/ribbon-core-2.2.4.jar:/home/hgnguyen/.m2/repository/com/netflix/ribbon/ribbon-httpclient/2.2.4/ribbon-httpclient-2.2.4.jar:/home/hgnguyen/.m2/repository/commons-collections/commons-collections/3.2.2/commons-collections-3.2.2.jar:/home/hgnguyen/.m2/repository/com/netflix/netflix-commons/netflix-commons-util/0.1.1/netflix-commons-util-0.1.1.jar:/home/hgnguyen/.m2/repository/com/netflix/ribbon/ribbon-loadbalancer/2.2.4/ribbon-loadbalancer-2.2.4.jar:/home/hgnguyen/.m2/repository/com/netflix/netflix-commons/netflix-statistics/0.1.1/netflix-statistics-0.1.1.jar:/home/hgnguyen/.m2/repository/io/reactivex/rxjava/1.2.0/rxjava-1.2.0.jar:/home/hgnguyen/.m2/repository/com/netflix/ribbon/ribbon-eureka/2.2.4/ribbon-eureka-2.2.4.jar:/home/hgnguyen/.m2/repository/com/thoughtworks/xstream/xstream/1.4.9/xstream-1.4.9.jar:/home/hgnguyen/.m2/repository/xmlpull/xmlpull/1.1.3.1/xmlpull-1.1.3.1.jar:/home/hgnguyen/.m2/repository/xpp3/xpp3_min/1.1.4c/xpp3_min-1.1.4c.jar:/home/hgnguyen/.m2/repository/org/springframework/cloud/spring-cloud-starter-openfeign/1.4.0.RELEASE/spring-cloud-starter-openfeign-1.4.0.RELEASE.jar:/home/hgnguyen/.m2/repository/org/springframework/spring-web/4.3.21.RELEASE/spring-web-4.3.21.RELEASE.jar:/home/hgnguyen/.m2/repository/org/springframework/spring-aop/4.3.21.RELEASE/spring-aop-4.3.21.RELEASE.jar:/home/hgnguyen/.m2/repository/org/springframework/spring-beans/4.3.21.RELEASE/spring-beans-4.3.21.RELEASE.jar:/home/hgnguyen/.m2/repository/org/springframework/spring-context/4.3.21.RELEASE/spring-context-4.3.21.RELEASE.jar:/home/hgnguyen/.m2/repository/org/springframework/cloud/spring-cloud-commons/1.3.0.RELEASE/spring-cloud-commons-1.3.0.RELEASE.jar:/home/hgnguyen/.m2/repository/org/springframework/security/spring-security-crypto/4.2.10.RELEASE/spring-security-crypto-4.2.10.RELEASE.jar:/home/hgnguyen/.m2/repository/io/github/openfeign/feign-core/9.5.0/feign-core-9.5.0.jar:/home/hgnguyen/.m2/repository/org/jvnet/animal-sniffer-annotation/1.0/animal-sniffer-annotation-1.0.jar:/home/hgnguyen/.m2/repository/io/github/openfeign/feign-slf4j/9.5.0/feign-slf4j-9.5.0.jar:/home/hgnguyen/.m2/repository/io/github/openfeign/feign-hystrix/9.5.0/feign-hystrix-9.5.0.jar:/home/hgnguyen/.m2/repository/com/netflix/hystrix/hystrix-core/1.5.12/hystrix-core-1.5.12.jar:/home/hgnguyen/.m2/repository/org/hdrhistogram/HdrHistogram/2.1.9/HdrHistogram-2.1.9.jar:/home/hgnguyen/.m2/repository/org/springframework/cloud/spring-cloud-starter-sleuth/2.2.1.RELEASE/spring-cloud-starter-sleuth-2.2.1.RELEASE.jar:/home/hgnguyen/.m2/repository/org/springframework/boot/spring-boot-starter-aop/1.5.18.RELEASE/spring-boot-starter-aop-1.5.18.RELEASE.jar:/home/hgnguyen/.m2/repository/org/aspectj/aspectjweaver/1.8.13/aspectjweaver-1.8.13.jar:/home/hgnguyen/.m2/repository/org/springframework/cloud/spring-cloud-sleuth-core/1.3.0.RELEASE/spring-cloud-sleuth-core-1.3.0.RELEASE.jar:/home/hgnguyen/.m2/repository/org/aspectj/aspectjrt/1.8.13/aspectjrt-1.8.13.jar:/home/hgnguyen/.m2/repository/io/springfox/springfox-swagger2/2.9.2/springfox-swagger2-2.9.2.jar:/home/hgnguyen/.m2/repository/io/swagger/swagger-annotations/1.5.20/swagger-annotations-1.5.20.jar:/home/hgnguyen/.m2/repository/io/swagger/swagger-models/1.5.20/swagger-models-1.5.20.jar:/home/hgnguyen/.m2/repository/io/springfox/springfox-spi/2.9.2/springfox-spi-2.9.2.jar:/home/hgnguyen/.m2/repository/io/springfox/springfox-core/2.9.2/springfox-core-2.9.2.jar:/home/hgnguyen/.m2/repository/net/bytebuddy/byte-buddy/1.8.12/byte-buddy-1.8.12.jar:/home/hgnguyen/.m2/repository/io/springfox/springfox-schema/2.9.2/springfox-schema-2.9.2.jar:/home/hgnguyen/.m2/repository/io/springfox/springfox-swagger-common/2.9.2/springfox-swagger-common-2.9.2.jar:/home/hgnguyen/.m2/repository/io/springfox/springfox-spring-web/2.9.2/springfox-spring-web-2.9.2.jar:/home/hgnguyen/.m2/repository/com/fasterxml/classmate/1.3.4/classmate-1.3.4.jar:/home/hgnguyen/.m2/repository/org/slf4j/slf4j-api/1.7.25/slf4j-api-1.7.25.jar:/home/hgnguyen/.m2/repository/org/springframework/plugin/spring-plugin-core/1.2.0.RELEASE/spring-plugin-core-1.2.0.RELEASE.jar:/home/hgnguyen/.m2/repository/org/springframework/plugin/spring-plugin-metadata/1.2.0.RELEASE/spring-plugin-metadata-1.2.0.RELEASE.jar:/home/hgnguyen/.m2/repository/org/mapstruct/mapstruct/1.2.0.Final/mapstruct-1.2.0.Final.jar:/home/hgnguyen/.m2/repository/io/springfox/springfox-swagger-ui/2.9.2/springfox-swagger-ui-2.9.2.jar:/home/hgnguyen/.m2/repository/com/google/guava/guava/24.1.1-jre/guava-24.1.1-jre.jar:/home/hgnguyen/.m2/repository/com/google/code/findbugs/jsr305/1.3.9/jsr305-1.3.9.jar:/home/hgnguyen/.m2/repository/org/checkerframework/checker-compat-qual/2.0.0/checker-compat-qual-2.0.0.jar:/home/hgnguyen/.m2/repository/com/google/errorprone/error_prone_annotations/2.1.3/error_prone_annotations-2.1.3.jar:/home/hgnguyen/.m2/repository/com/google/j2objc/j2objc-annotations/1.1/j2objc-annotations-1.1.jar:/home/hgnguyen/.m2/repository/org/codehaus/mojo/animal-sniffer-annotations/1.14/animal-sniffer-annotations-1.14.jar:/home/hgnguyen/.m2/repository/org/apache/maven/maven-model/3.3.9/maven-model-3.3.9.jar:/home/hgnguyen/.m2/repository/org/codehaus/plexus/plexus-utils/3.0.22/plexus-utils-3.0.22.jar:/home/hgnguyen/.m2/repository/org/apache/commons/commons-lang3/3.4/commons-lang3-3.4.jar:/home/hgnguyen/.m2/repository/org/springframework/boot/spring-boot-starter-test/1.5.18.RELEASE/spring-boot-starter-test-1.5.18.RELEASE.jar:/home/hgnguyen/.m2/repository/org/springframework/boot/spring-boot-test/1.5.18.RELEASE/spring-boot-test-1.5.18.RELEASE.jar:/home/hgnguyen/.m2/repository/org/springframework/boot/spring-boot-test-autoconfigure/1.5.18.RELEASE/spring-boot-test-autoconfigure-1.5.18.RELEASE.jar:/home/hgnguyen/.m2/repository/com/jayway/jsonpath/json-path/2.2.0/json-path-2.2.0.jar:/home/hgnguyen/.m2/repository/net/minidev/json-smart/2.2.1/json-smart-2.2.1.jar:/home/hgnguyen/.m2/repository/net/minidev/accessors-smart/1.1/accessors-smart-1.1.jar:/home/hgnguyen/.m2/repository/junit/junit/4.12/junit-4.12.jar:/home/hgnguyen/.m2/repository/org/assertj/assertj-core/2.6.0/assertj-core-2.6.0.jar:/home/hgnguyen/.m2/repository/org/mockito/mockito-core/1.10.19/mockito-core-1.10.19.jar:/home/hgnguyen/.m2/repository/org/objenesis/objenesis/2.1/objenesis-2.1.jar:/home/hgnguyen/.m2/repository/org/hamcrest/hamcrest-core/1.3/hamcrest-core-1.3.jar:/home/hgnguyen/.m2/repository/org/hamcrest/hamcrest-library/1.3/hamcrest-library-1.3.jar:/home/hgnguyen/.m2/repository/org/skyscreamer/jsonassert/1.4.0/jsonassert-1.4.0.jar:/home/hgnguyen/.m2/repository/com/vaadin/external/google/android-json/0.0.20131108.vaadin1/android-json-0.0.20131108.vaadin1.jar:/home/hgnguyen/.m2/repository/org/springframework/spring-core/4.3.21.RELEASE/spring-core-4.3.21.RELEASE.jar:/home/hgnguyen/.m2/repository/org/springframework/spring-test/4.3.21.RELEASE/spring-test-4.3.21.RELEASE.jar:/home/hgnguyen/.m2/repository/org/springframework/cloud/spring-cloud-starter-contract-stub-runner/1.2.0.RELEASE/spring-cloud-starter-contract-stub-runner-1.2.0.RELEASE.jar:/home/hgnguyen/.m2/repository/org/springframework/cloud/spring-cloud-contract-stub-runner/1.2.0.RELEASE/spring-cloud-contract-stub-runner-1.2.0.RELEASE.jar:/home/hgnguyen/.m2/repository/org/springframework/cloud/spring-cloud-contract-shade/1.2.0.RELEASE/spring-cloud-contract-shade-1.2.0.RELEASE.jar:/home/hgnguyen/.m2/repository/org/springframework/cloud/spring-cloud-contract-spec/1.2.0.RELEASE/spring-cloud-contract-spec-1.2.0.RELEASE.jar:/home/hgnguyen/.m2/repository/dk/brics/automaton/automaton/1.11-8/automaton-1.11-8.jar:/home/hgnguyen/.m2/repository/org/apache/commons/commons-text/1.1/commons-text-1.1.jar:/home/hgnguyen/.m2/repository/org/springframework/integration/spring-integration-java-dsl/1.2.3.RELEASE/spring-integration-java-dsl-1.2.3.RELEASE.jar:/home/hgnguyen/.m2/repository/org/springframework/integration/spring-integration-core/4.3.18.RELEASE/spring-integration-core-4.3.18.RELEASE.jar:/home/hgnguyen/.m2/repository/org/springframework/spring-messaging/4.3.21.RELEASE/spring-messaging-4.3.21.RELEASE.jar:/home/hgnguyen/.m2/repository/org/springframework/retry/spring-retry/1.2.2.RELEASE/spring-retry-1.2.2.RELEASE.jar:/home/hgnguyen/.m2/repository/org/reactivestreams/reactive-streams/1.0.0/reactive-streams-1.0.0.jar:/home/hgnguyen/.m2/repository/org/springframework/cloud/spring-cloud-stream-test-support/1.3.0.RELEASE/spring-cloud-stream-test-support-1.3.0.RELEASE.jar:/home/hgnguyen/.m2/repository/org/springframework/cloud/spring-cloud-stream/1.3.0.RELEASE/spring-cloud-stream-1.3.0.RELEASE.jar:/home/hgnguyen/.m2/repository/org/springframework/boot/spring-boot-starter-validation/1.5.18.RELEASE/spring-boot-starter-validation-1.5.18.RELEASE.jar:/home/hgnguyen/.m2/repository/org/springframework/integration/spring-integration-jmx/4.3.18.RELEASE/spring-integration-jmx-4.3.18.RELEASE.jar:/home/hgnguyen/.m2/repository/org/springframework/spring-tuple/1.0.0.RELEASE/spring-tuple-1.0.0.RELEASE.jar:/home/hgnguyen/.m2/repository/com/esotericsoftware/kryo-shaded/3.0.3/kryo-shaded-3.0.3.jar:/home/hgnguyen/.m2/repository/com/esotericsoftware/minlog/1.3.0/minlog-1.3.0.jar:/home/hgnguyen/.m2/repository/org/springframework/integration/spring-integration-tuple/1.0.0.RELEASE/spring-integration-tuple-1.0.0.RELEASE.jar:/home/hgnguyen/.m2/repository/org/springframework/cloud/spring-cloud-contract-wiremock/1.2.0.RELEASE/spring-cloud-contract-wiremock-1.2.0.RELEASE.jar:/home/hgnguyen/.m2/repository/com/github/tomakehurst/wiremock-standalone/2.11.0/wiremock-standalone-2.11.0.jar:/home/hgnguyen/.m2/repository/org/eclipse/aether/aether-api/1.0.2.v20150114/aether-api-1.0.2.v20150114.jar:/home/hgnguyen/.m2/repository/org/springframework/cloud/spring-cloud-starter-contract-verifier/1.2.0.RELEASE/spring-cloud-starter-contract-verifier-1.2.0.RELEASE.jar:/home/hgnguyen/.m2/repository/org/springframework/cloud/spring-cloud-contract-verifier/1.2.0.RELEASE/spring-cloud-contract-verifier-1.2.0.RELEASE.jar:/home/hgnguyen/.m2/repository/javax/inject/javax.inject/1/javax.inject-1.jar:/home/hgnguyen/.m2/repository/org/codehaus/groovy/groovy/2.4.15/groovy-2.4.15.jar:/home/hgnguyen/.m2/repository/org/codehaus/groovy/groovy-nio/2.4.15/groovy-nio-2.4.15.jar:/home/hgnguyen/.m2/repository/org/codehaus/groovy/groovy-json/2.4.15/groovy-json-2.4.15.jar:/home/hgnguyen/.m2/repository/org/codehaus/groovy/groovy-xml/2.4.15/groovy-xml-2.4.15.jar:/home/hgnguyen/.m2/repository/com/github/jknack/handlebars/4.0.6/handlebars-4.0.6.jar:/home/hgnguyen/.m2/repository/org/antlr/antlr4-runtime/4.5.1-1/antlr4-runtime-4.5.1-1.jar:/home/hgnguyen/.m2/repository/org/mozilla/rhino/1.7R4/rhino-1.7R4.jar:/home/hgnguyen/.m2/repository/io/rest-assured/rest-assured/3.0.2/rest-assured-3.0.2.jar:/home/hgnguyen/.m2/repository/org/apache/httpcomponents/httpmime/4.5.6/httpmime-4.5.6.jar:/home/hgnguyen/.m2/repository/org/ccil/cowan/tagsoup/tagsoup/1.2.1/tagsoup-1.2.1.jar:/home/hgnguyen/.m2/repository/io/rest-assured/json-path/3.0.2/json-path-3.0.2.jar:/home/hgnguyen/.m2/repository/io/rest-assured/rest-assured-common/3.0.2/rest-assured-common-3.0.2.jar:/home/hgnguyen/.m2/repository/io/rest-assured/xml-path/3.0.2/xml-path-3.0.2.jar:/home/hgnguyen/.m2/repository/io/rest-assured/spring-mock-mvc/3.0.2/spring-mock-mvc-3.0.2.jar:/home/hgnguyen/.m2/repository/com/toomuchcoding/jsonassert/jsonassert/0.4.10/jsonassert-0.4.10.jar:/home/hgnguyen/.m2/repository/cglib/cglib/3.2.4/cglib-3.2.4.jar:/home/hgnguyen/.m2/repository/org/ow2/asm/asm/6.0_ALPHA/asm-6.0_ALPHA.jar:/home/hgnguyen/.m2/repository/org/apache/ant/ant/1.9.6/ant-1.9.6.jar:/home/hgnguyen/.m2/repository/org/apache/ant/ant-launcher/1.9.6/ant-launcher-1.9.6.jar:/home/hgnguyen/.m2/repository/com/fasterxml/jackson/datatype/jackson-datatype-jsr310/2.8.11/jackson-datatype-jsr310-2.8.11.jar:/home/hgnguyen/.m2/repository/com/fasterxml/jackson/core/jackson-annotations/2.8.0/jackson-annotations-2.8.0.jar:/home/hgnguyen/.m2/repository/com/fasterxml/jackson/core/jackson-core/2.8.11/jackson-core-2.8.11.jar:/home/hgnguyen/.m2/repository/com/fasterxml/jackson/core/jackson-databind/2.8.11.3/jackson-databind-2.8.11.3.jar:/home/hgnguyen/.m2/repository/org/springframework/cloud/spring-cloud-starter-hystrix/1.4.0.RELEASE/spring-cloud-starter-hystrix-1.4.0.RELEASE.jar:/home/hgnguyen/.m2/repository/org/springframework/cloud/spring-cloud-starter-netflix-hystrix/1.4.0.RELEASE/spring-cloud-starter-netflix-hystrix-1.4.0.RELEASE.jar:/home/hgnguyen/.m2/repository/com/netflix/hystrix/hystrix-metrics-event-stream/1.5.12/hystrix-metrics-event-stream-1.5.12.jar:/home/hgnguyen/.m2/repository/com/netflix/hystrix/hystrix-serialization/1.5.12/hystrix-serialization-1.5.12.jar:/home/hgnguyen/.m2/repository/com/fasterxml/jackson/module/jackson-module-afterburner/2.8.11/jackson-module-afterburner-2.8.11.jar:/home/hgnguyen/.m2/repository/com/netflix/hystrix/hystrix-javanica/1.5.12/hystrix-javanica-1.5.12.jar:/home/hgnguyen/.m2/repository/org/springframework/boot/spring-boot-starter-actuator/1.5.18.RELEASE/spring-boot-starter-actuator-1.5.18.RELEASE.jar:/home/hgnguyen/.m2/repository/org/springframework/boot/spring-boot-starter/1.5.18.RELEASE/spring-boot-starter-1.5.18.RELEASE.jar:/home/hgnguyen/.m2/repository/org/springframework/boot/spring-boot-starter-logging/1.5.18.RELEASE/spring-boot-starter-logging-1.5.18.RELEASE.jar:/home/hgnguyen/.m2/repository/ch/qos/logback/logback-classic/1.1.11/logback-classic-1.1.11.jar:/home/hgnguyen/.m2/repository/ch/qos/logback/logback-core/1.1.11/logback-core-1.1.11.jar:/home/hgnguyen/.m2/repository/org/slf4j/jul-to-slf4j/1.7.25/jul-to-slf4j-1.7.25.jar:/home/hgnguyen/.m2/repository/org/slf4j/log4j-over-slf4j/1.7.25/log4j-over-slf4j-1.7.25.jar:/home/hgnguyen/.m2/repository/org/yaml/snakeyaml/1.17/snakeyaml-1.17.jar:/home/hgnguyen/.m2/repository/org/springframework/boot/spring-boot-actuator/1.5.18.RELEASE/spring-boot-actuator-1.5.18.RELEASE.jar:/home/hgnguyen/.m2/repository/org/springframework/boot/spring-boot-starter-thymeleaf/1.5.18.RELEASE/spring-boot-starter-thymeleaf-1.5.18.RELEASE.jar:/home/hgnguyen/.m2/repository/org/thymeleaf/thymeleaf-spring4/2.1.6.RELEASE/thymeleaf-spring4-2.1.6.RELEASE.jar:/home/hgnguyen/.m2/repository/org/thymeleaf/thymeleaf/2.1.6.RELEASE/thymeleaf-2.1.6.RELEASE.jar:/home/hgnguyen/.m2/repository/ognl/ognl/3.0.8/ognl-3.0.8.jar:/home/hgnguyen/.m2/repository/org/unbescape/unbescape/1.1.0.RELEASE/unbescape-1.1.0.RELEASE.jar:/home/hgnguyen/.m2/repository/nz/net/ultraq/thymeleaf/thymeleaf-layout-dialect/1.4.0/thymeleaf-layout-dialect-1.4.0.jar:/home/hgnguyen/.m2/repository/org/jolokia/jolokia-core/1.3.7/jolokia-core-1.3.7.jar:/home/hgnguyen/.m2/repository/com/googlecode/json-simple/json-simple/1.1.1/json-simple-1.1.1.jar:/home/hgnguyen/.m2/repository/de/codecentric/spring-boot-admin-starter-client/1.5.1/spring-boot-admin-starter-client-1.5.1.jar:/home/hgnguyen/.m2/repository/org/springframework/boot/spring-boot-starter-data-jpa/1.5.18.RELEASE/spring-boot-starter-data-jpa-1.5.18.RELEASE.jar:/home/hgnguyen/.m2/repository/org/springframework/boot/spring-boot-starter-jdbc/1.5.18.RELEASE/spring-boot-starter-jdbc-1.5.18.RELEASE.jar:/home/hgnguyen/.m2/repository/org/apache/tomcat/tomcat-jdbc/8.5.35/tomcat-jdbc-8.5.35.jar:/home/hgnguyen/.m2/repository/org/apache/tomcat/tomcat-juli/8.5.35/tomcat-juli-8.5.35.jar:/home/hgnguyen/.m2/repository/org/springframework/spring-jdbc/4.3.21.RELEASE/spring-jdbc-4.3.21.RELEASE.jar:/home/hgnguyen/.m2/repository/org/hibernate/hibernate-core/5.0.12.Final/hibernate-core-5.0.12.Final.jar:/home/hgnguyen/.m2/repository/org/jboss/logging/jboss-logging/3.3.2.Final/jboss-logging-3.3.2.Final.jar:/home/hgnguyen/.m2/repository/org/hibernate/javax/persistence/hibernate-jpa-2.1-api/1.0.0.Final/hibernate-jpa-2.1-api-1.0.0.Final.jar:/home/hgnguyen/.m2/repository/org/javassist/javassist/3.21.0-GA/javassist-3.21.0-GA.jar:/home/hgnguyen/.m2/repository/antlr/antlr/2.7.7/antlr-2.7.7.jar:/home/hgnguyen/.m2/repository/org/jboss/jandex/2.0.0.Final/jandex-2.0.0.Final.jar:/home/hgnguyen/.m2/repository/dom4j/dom4j/1.6.1/dom4j-1.6.1.jar:/home/hgnguyen/.m2/repository/org/hibernate/common/hibernate-commons-annotations/5.0.1.Final/hibernate-commons-annotations-5.0.1.Final.jar:/home/hgnguyen/.m2/repository/org/hibernate/hibernate-entitymanager/5.0.12.Final/hibernate-entitymanager-5.0.12.Final.jar:/home/hgnguyen/.m2/repository/javax/transaction/javax.transaction-api/1.2/javax.transaction-api-1.2.jar:/home/hgnguyen/.m2/repository/org/springframework/data/spring-data-jpa/1.11.17.RELEASE/spring-data-jpa-1.11.17.RELEASE.jar:/home/hgnguyen/.m2/repository/org/springframework/data/spring-data-commons/1.13.17.RELEASE/spring-data-commons-1.13.17.RELEASE.jar:/home/hgnguyen/.m2/repository/org/springframework/spring-orm/4.3.21.RELEASE/spring-orm-4.3.21.RELEASE.jar:/home/hgnguyen/.m2/repository/org/springframework/spring-tx/4.3.21.RELEASE/spring-tx-4.3.21.RELEASE.jar:/home/hgnguyen/.m2/repository/org/slf4j/jcl-over-slf4j/1.7.25/jcl-over-slf4j-1.7.25.jar:/home/hgnguyen/.m2/repository/org/springframework/spring-aspects/4.3.21.RELEASE/spring-aspects-4.3.21.RELEASE.jar:/home/hgnguyen/.m2/repository/org/postgresql/postgresql/9.4.1212.jre7/postgresql-9.4.1212.jre7.jar:/home/hgnguyen/.m2/repository/javax/xml/bind/jaxb-api/2.4.0-b180830.0359/jaxb-api-2.4.0-b180830.0359.jar:/home/hgnguyen/.m2/repository/javax/activation/javax.activation-api/1.2.0/javax.activation-api-1.2.0.jar:, sun.cpu.endian=little, user.home=/home/hgnguyen, user.language=en, java.specification.vendor=Oracle Corporation, java.version.date=2020-10-20, java.home=/home/hgnguyen/sts-4.9.0.RELEASE/plugins/org.eclipse.justj.openjdk.hotspot.jre.full.linux.x86_64_15.0.1.v20201027-0507/jre, file.separator=/, style.color=always, basedir=/home/hgnguyen/workspace-spring-tool-suite-4-4.9.0.RELEASE/DrivingLicenseCheckingProject/driving-license-client-service, java.vm.compressedOopsMode=Zero based, line.separator=
, java.specification.name=Java Platform API Specification, java.vm.specification.vendor=Oracle Corporation, surefire.real.class.path=/home/hgnguyen/workspace-spring-tool-suite-4-4.9.0.RELEASE/DrivingLicenseCheckingProject/driving-license-client-service/target/surefire/surefirebooter6232341583522393574.jar, sun.management.compiler=HotSpot 64-Bit Tiered Compilers, java.runtime.version=15.0.1+9-18, user.name=hgnguyen, path.separator=:, os.version=5.4.0-109-generic, java.runtime.name=OpenJDK Runtime Environment, file.encoding=UTF-8, java.vm.name=OpenJDK 64-Bit Server VM, localRepository=/home/hgnguyen/.m2/repository, java.vendor.url.bug=https://bugreport.java.com/bugreport/, java.io.tmpdir=/tmp, java.version=15.0.1, user.dir=/home/hgnguyen/workspace-spring-tool-suite-4-4.9.0.RELEASE/DrivingLicenseCheckingProject/driving-license-client-service, os.arch=amd64, java.vm.specification.name=Java Virtual Machine Specification, java.library.path=/usr/java/packages/lib:/usr/lib64:/lib64:/lib:/usr/lib, java.vm.info=mixed mode, java.vendor=Oracle Corporation, java.vm.version=15.0.1+9-18, sun.io.unicode.encoding=UnicodeLittle, java.class.version=59.0}}, SystemEnvironmentPropertySource@460570271 {name='systemEnvironment', properties={PATH=/home/hgnguyen/bin:/usr/local/sbin:/usr/local/bin:/usr/sbin:/usr/bin:/sbin:/bin:/usr/games:/usr/local/games:/snap/bin, LC_MEASUREMENT=en_US.UTF-8, XAUTHORITY=/run/user/1000/gdm/Xauthority, INVOCATION_ID=118bc5bd2ccd4df28335a38f7ab2b85a, XMODIFIERS=@im=ibus, LC_TELEPHONE=en_US.UTF-8, XDG_DATA_DIRS=/usr/share/ubuntu:/usr/local/share/:/usr/share/:/var/lib/snapd/desktop, GDMSESSION=ubuntu, MANDATORY_PATH=/usr/share/gconf/ubuntu.mandatory.path, LC_TIME=en_US.UTF-8, PAPERSIZE=letter, DBUS_SESSION_BUS_ADDRESS=unix:path=/run/user/1000/bus,guid=2b53baeaf7a9c301df45c1a262699647, DEFAULTS_PATH=/usr/share/gconf/ubuntu.default.path, XDG_CURRENT_DESKTOP=ubuntu:GNOME, JOURNAL_STREAM=9:63396, SSH_AGENT_PID=2893, LC_PAPER=en_US.UTF-8, SESSION_MANAGER=local/is233218:@/tmp/.ICE-unix/2924,unix/is233218:/tmp/.ICE-unix/2924, USERNAME=hgnguyen, LOGNAME=hgnguyen, PWD=/home/hgnguyen/workspace-spring-tool-suite-4-4.9.0.RELEASE/DrivingLicenseCheckingProject/driving-license-client-service, MANAGERPID=2722, IM_CONFIG_PHASE=1, LANGUAGE=en_US:en, SHELL=/bin/bash, LC_ADDRESS=en_US.UTF-8, OLDPWD=/home/hgnguyen/workspace-spring-tool-suite-4-4.9.0.RELEASE/DrivingLicenseCheckingProject/driving-license-client-service, GNOME_DESKTOP_SESSION_ID=this-is-deprecated, GTK_MODULES=gail:atk-bridge, DBUS_STARTER_ADDRESS=unix:path=/run/user/1000/bus,guid=2b53baeaf7a9c301df45c1a262699647, XDG_SESSION_DESKTOP=ubuntu, SHLVL=0, LC_IDENTIFICATION=en_US.UTF-8, LC_MONETARY=en_US.UTF-8, OXYGEN_DISABLE_INNER_SHADOWS_HACK=1, QT_IM_MODULE=ibus, XDG_CONFIG_DIRS=/etc/xdg/xdg-ubuntu:/etc/xdg, LANG=en_US.UTF-8, XDG_SESSION_TYPE=x11, DISPLAY=:0, LC_NAME=en_US.UTF-8, XDG_SESSION_CLASS=user, _=/usr/bin/dbus-update-activation-environment, LIBOVERLAY_SCROLLBAR=0, GPG_AGENT_INFO=/run/user/1000/gnupg/S.gpg-agent:0:1, GDK_CORE_DEVICE_EVENTS=1, DESKTOP_SESSION=ubuntu, USER=hgnguyen, XDG_MENU_PREFIX=gnome-, GIO_LAUNCHED_DESKTOP_FILE_PID=160088, QT_ACCESSIBILITY=1, WINDOWPATH=2, LC_NUMERIC=en_US.UTF-8, SSH_AUTH_SOCK=/run/user/1000/keyring/ssh, GNOME_SHELL_SESSION_MODE=ubuntu, XDG_RUNTIME_DIR=/run/user/1000, DBUS_STARTER_BUS_TYPE=session, HOME=/home/hgnguyen}}]
17:20:10.190 [main] DEBUG org.springframework.core.env.StandardEnvironment - Adding PropertySource 'test' with highest search precedence
17:20:10.192 [main] DEBUG org.springframework.test.context.support.TestPropertySourceUtils - Adding inlined properties to environment: {spring.jmx.enabled=false, org.springframework.boot.test.context.SpringBootTestContextBootstrapper=true, server.port=0}
17:20:10.192 [main] DEBUG org.springframework.core.env.StandardEnvironment - Adding PropertySource 'Inlined Test Properties' with highest search precedence
2022-04-29 17:20:11.485  INFO [dap-patternsearch-client-service,,,] 185029 --- [           main] o.s.core.annotation.AnnotationUtils      : Failed to introspect annotations on class org.springframework.cloud.netflix.eureka.config.EurekaDiscoveryClientConfigServiceBootstrapConfiguration: java.lang.IllegalStateException: Could not obtain annotation attribute value for public abstract java.lang.Class[] org.springframework.boot.autoconfigure.condition.ConditionalOnClass.value()
2022-04-29 17:20:11.499  INFO [dap-patternsearch-client-service,,,] 185029 --- [           main] s.c.a.AnnotationConfigApplicationContext : Refreshing org.springframework.context.annotation.AnnotationConfigApplicationContext@7428de63: startup date [Fri Apr 29 17:20:11 CEST 2022]; root of context hierarchy
2022-04-29 17:20:11.904  INFO [dap-patternsearch-client-service,,,] 185029 --- [           main] f.a.AutowiredAnnotationBeanPostProcessor : JSR-330 'javax.inject.Inject' annotation found and supported for autowiring
2022-04-29 17:20:11.966  INFO [dap-patternsearch-client-service,,,] 185029 --- [           main] trationDelegate$BeanPostProcessorChecker : Bean 'configurationPropertiesRebinderAutoConfiguration' of type [org.springframework.cloud.autoconfigure.ConfigurationPropertiesRebinderAutoConfiguration$$EnhancerBySpringCGLIB$$9f1ea253] is not eligible for getting processed by all BeanPostProcessors (for example: not eligible for auto-proxying)
=============================

DMP FHE-APLUSB SERVICE STARTING

=============================
2022-04-29 17:20:12.493  INFO [dap-patternsearch-client-service,,,] 185029 --- [           main] f.c.b.f.r.test.SampleRepositoryTest      : The following profiles are active: test
2022-04-29 17:20:12.502  INFO [dap-patternsearch-client-service,,,] 185029 --- [           main] ationConfigEmbeddedWebApplicationContext : Refreshing org.springframework.boot.context.embedded.AnnotationConfigEmbeddedWebApplicationContext@4da1f38a: startup date [Fri Apr 29 17:20:12 CEST 2022]; parent: org.springframework.context.annotation.AnnotationConfigApplicationContext@7428de63
2022-04-29 17:20:14.025  INFO [dap-patternsearch-client-service,,,] 185029 --- [           main] o.s.i.config.IntegrationRegistrar        : No bean named 'integrationHeaderChannelRegistry' has been explicitly defined. Therefore, a default DefaultHeaderChannelRegistry will be created.
2022-04-29 17:20:14.718  INFO [dap-patternsearch-client-service,,,] 185029 --- [           main] o.s.cloud.context.scope.GenericScope     : BeanFactory id=a0aef2f5-2f1b-3da4-b4da-6ef77e1fa88b
2022-04-29 17:20:14.800  INFO [dap-patternsearch-client-service,,,] 185029 --- [           main] faultConfiguringBeanFactoryPostProcessor : No bean named 'errorChannel' has been explicitly defined. Therefore, a default PublishSubscribeChannel will be created.
2022-04-29 17:20:14.807  INFO [dap-patternsearch-client-service,,,] 185029 --- [           main] faultConfiguringBeanFactoryPostProcessor : No bean named 'taskScheduler' has been explicitly defined. Therefore, a default ThreadPoolTaskScheduler will be created.
2022-04-29 17:20:14.830  INFO [dap-patternsearch-client-service,,,] 185029 --- [           main] f.a.AutowiredAnnotationBeanPostProcessor : JSR-330 'javax.inject.Inject' annotation found and supported for autowiring
2022-04-29 17:20:15.054  INFO [dap-patternsearch-client-service,,,] 185029 --- [           main] trationDelegate$BeanPostProcessorChecker : Bean 'org.springframework.cloud.sleuth.annotation.SleuthAnnotationAutoConfiguration' of type [org.springframework.cloud.sleuth.annotation.SleuthAnnotationAutoConfiguration$$EnhancerBySpringCGLIB$$8569e588] is not eligible for getting processed by all BeanPostProcessors (for example: not eligible for auto-proxying)
2022-04-29 17:20:15.261  INFO [dap-patternsearch-client-service,,,] 185029 --- [           main] trationDelegate$BeanPostProcessorChecker : Bean 'sleuthAdvisorConfig' of type [org.springframework.cloud.sleuth.annotation.SleuthAdvisorConfig] is not eligible for getting processed by all BeanPostProcessors (for example: not eligible for auto-proxying)
2022-04-29 17:20:15.275  INFO [dap-patternsearch-client-service,,,] 185029 --- [           main] trationDelegate$BeanPostProcessorChecker : Bean 'org.springframework.transaction.annotation.ProxyTransactionManagementConfiguration' of type [org.springframework.transaction.annotation.ProxyTransactionManagementConfiguration$$EnhancerBySpringCGLIB$$83049f56] is not eligible for getting processed by all BeanPostProcessors (for example: not eligible for auto-proxying)
2022-04-29 17:20:15.396  INFO [dap-patternsearch-client-service,,,] 185029 --- [           main] trationDelegate$BeanPostProcessorChecker : Bean 'org.springframework.cloud.netflix.metrics.MetricsInterceptorConfiguration$MetricsRestTemplateConfiguration' of type [org.springframework.cloud.netflix.metrics.MetricsInterceptorConfiguration$MetricsRestTemplateConfiguration$$EnhancerBySpringCGLIB$$b5314597] is not eligible for getting processed by all BeanPostProcessors (for example: not eligible for auto-proxying)
2022-04-29 17:20:15.502  INFO [dap-patternsearch-client-service,,,] 185029 --- [           main] trationDelegate$BeanPostProcessorChecker : Bean 'integrationGlobalProperties' of type [org.springframework.beans.factory.config.PropertiesFactoryBean] is not eligible for getting processed by all BeanPostProcessors (for example: not eligible for auto-proxying)
2022-04-29 17:20:15.524  INFO [dap-patternsearch-client-service,,,] 185029 --- [           main] trationDelegate$BeanPostProcessorChecker : Bean 'integrationGlobalProperties' of type [java.util.Properties] is not eligible for getting processed by all BeanPostProcessors (for example: not eligible for auto-proxying)
2022-04-29 17:20:15.663  INFO [dap-patternsearch-client-service,,,] 185029 --- [           main] trationDelegate$BeanPostProcessorChecker : Bean 'org.springframework.cloud.autoconfigure.ConfigurationPropertiesRebinderAutoConfiguration' of type [org.springframework.cloud.autoconfigure.ConfigurationPropertiesRebinderAutoConfiguration$$EnhancerBySpringCGLIB$$9f1ea253] is not eligible for getting processed by all BeanPostProcessors (for example: not eligible for auto-proxying)
2022-04-29 17:20:15.679  INFO [dap-patternsearch-client-service,,,] 185029 --- [           main] trationDelegate$BeanPostProcessorChecker : Bean 'org.springframework.cloud.sleuth.instrument.web.client.feign.TraceFeignClientAutoConfiguration$FeignBeanPostProcessorConfiguration' of type [org.springframework.cloud.sleuth.instrument.web.client.feign.TraceFeignClientAutoConfiguration$FeignBeanPostProcessorConfiguration$$EnhancerBySpringCGLIB$$c296781c] is not eligible for getting processed by all BeanPostProcessors (for example: not eligible for auto-proxying)
2022-04-29 17:20:15.712  INFO [dap-patternsearch-client-service,,,] 185029 --- [           main] trationDelegate$BeanPostProcessorChecker : Bean 'org.springframework.cloud.sleuth.instrument.async.AsyncDefaultAutoConfiguration' of type [org.springframework.cloud.sleuth.instrument.async.AsyncDefaultAutoConfiguration$$EnhancerBySpringCGLIB$$6ae84b75] is not eligible for getting processed by all BeanPostProcessors (for example: not eligible for auto-proxying)
2022-04-29 17:20:15.726  INFO [dap-patternsearch-client-service,,,] 185029 --- [           main] trationDelegate$BeanPostProcessorChecker : Bean 'org.springframework.cloud.sleuth.instrument.web.client.TraceWebClientAutoConfiguration' of type [org.springframework.cloud.sleuth.instrument.web.client.TraceWebClientAutoConfiguration$$EnhancerBySpringCGLIB$$2f976ad5] is not eligible for getting processed by all BeanPostProcessors (for example: not eligible for auto-proxying)
2022-04-29 17:20:15.744  INFO [dap-patternsearch-client-service,,,] 185029 --- [           main] f.a.AutowiredAnnotationBeanPostProcessor : JSR-330 'javax.inject.Inject' annotation found and supported for autowiring
2022-04-29 17:20:16.437  INFO [dap-patternsearch-client-service,,,] 185029 --- [           main] s.b.c.e.t.TomcatEmbeddedServletContainer : Tomcat initialized with port(s): 0 (http)
2022-04-29 17:20:16.490  INFO [dap-patternsearch-client-service,,,] 185029 --- [           main] o.apache.catalina.core.StandardService   : Starting service [Tomcat]
2022-04-29 17:20:16.491  INFO [dap-patternsearch-client-service,,,] 185029 --- [           main] org.apache.catalina.core.StandardEngine  : Starting Servlet Engine: Apache Tomcat/8.5.35
2022-04-29 17:20:16.768  INFO [dap-patternsearch-client-service,,,] 185029 --- [ost-startStop-1] o.a.c.c.C.[Tomcat].[localhost].[/]       : Initializing Spring embedded WebApplicationContext
2022-04-29 17:20:16.768  INFO [dap-patternsearch-client-service,,,] 185029 --- [ost-startStop-1] o.s.web.context.ContextLoader            : Root WebApplicationContext: initialization completed in 4266 ms
2022-04-29 17:20:17.526  INFO [dap-patternsearch-client-service,,,] 185029 --- [ost-startStop-1] o.s.b.w.servlet.FilterRegistrationBean   : Mapping filter: 'metricsFilter' to: [/*]
2022-04-29 17:20:17.528  INFO [dap-patternsearch-client-service,,,] 185029 --- [ost-startStop-1] o.s.b.w.servlet.FilterRegistrationBean   : Mapping filter: 'characterEncodingFilter' to: [/*]
2022-04-29 17:20:17.529  INFO [dap-patternsearch-client-service,,,] 185029 --- [ost-startStop-1] o.s.b.w.servlet.FilterRegistrationBean   : Mapping filter: 'traceFilter' to: [/*]
2022-04-29 17:20:17.530  INFO [dap-patternsearch-client-service,,,] 185029 --- [ost-startStop-1] o.s.b.w.servlet.FilterRegistrationBean   : Mapping filter: 'hiddenHttpMethodFilter' to: [/*]
2022-04-29 17:20:17.531  INFO [dap-patternsearch-client-service,,,] 185029 --- [ost-startStop-1] o.s.b.w.servlet.FilterRegistrationBean   : Mapping filter: 'httpPutFormContentFilter' to: [/*]
2022-04-29 17:20:17.531  INFO [dap-patternsearch-client-service,,,] 185029 --- [ost-startStop-1] o.s.b.w.servlet.FilterRegistrationBean   : Mapping filter: 'requestContextFilter' to: [/*]
2022-04-29 17:20:17.532  INFO [dap-patternsearch-client-service,,,] 185029 --- [ost-startStop-1] o.s.b.w.servlet.FilterRegistrationBean   : Mapping filter: 'webRequestLoggingFilter' to: [/*]
2022-04-29 17:20:17.533  INFO [dap-patternsearch-client-service,,,] 185029 --- [ost-startStop-1] o.s.b.w.servlet.FilterRegistrationBean   : Mapping filter: 'applicationContextIdFilter' to: [/*]
2022-04-29 17:20:17.533  INFO [dap-patternsearch-client-service,,,] 185029 --- [ost-startStop-1] o.s.b.w.servlet.ServletRegistrationBean  : Mapping servlet: 'dispatcherServlet' to [/]
2022-04-29 17:20:17.597  WARN [dap-patternsearch-client-service,,,] 185029 --- [           main] ationConfigEmbeddedWebApplicationContext : Exception encountered during context initialization - cancelling refresh attempt: org.springframework.beans.factory.UnsatisfiedDependencyException: Error creating bean with name 'org.springframework.boot.autoconfigure.orm.jpa.HibernateJpaAutoConfiguration': Unsatisfied dependency expressed through constructor parameter 0; nested exception is org.springframework.beans.factory.NoSuchBeanDefinitionException: No qualifying bean of type 'javax.sql.DataSource' available: expected at least 1 bean which qualifies as autowire candidate. Dependency annotations: {}
2022-04-29 17:20:17.599  INFO [dap-patternsearch-client-service,,,] 185029 --- [           main] o.apache.catalina.core.StandardService   : Stopping service [Tomcat]
2022-04-29 17:20:17.662  INFO [dap-patternsearch-client-service,,,] 185029 --- [           main] utoConfigurationReportLoggingInitializer : 

Error starting ApplicationContext. To display the auto-configuration report re-run your application with 'debug' enabled.
2022-04-29 17:20:17.878 ERROR [dap-patternsearch-client-service,,,] 185029 --- [           main] o.s.b.d.LoggingFailureAnalysisReporter   : 

***************************
APPLICATION FAILED TO START
***************************

Description:

Parameter 0 of constructor in org.springframework.boot.autoconfigure.orm.jpa.HibernateJpaAutoConfiguration required a bean of type 'javax.sql.DataSource' that could not be found.
	- Bean method 'dataSource' not loaded because @ConditionalOnProperty (spring.datasource.jndi-name) did not find property 'jndi-name'
	- Bean method 'dataSource' not loaded because @ConditionalOnBean (types: org.springframework.boot.jta.XADataSourceWrapper; SearchStrategy: all) did not find any beans


Action:

Consider revisiting the conditions above or defining a bean of type 'javax.sql.DataSource' in your configuration.

2022-04-29 17:20:18.010  INFO [dap-patternsearch-client-service,,,] 185029 --- [           main] o.s.core.annotation.AnnotationUtils      : Failed to introspect annotations on class org.springframework.cloud.netflix.eureka.config.EurekaDiscoveryClientConfigServiceBootstrapConfiguration: java.lang.IllegalStateException: Could not obtain annotation attribute value for public abstract java.lang.Class[] org.springframework.boot.autoconfigure.condition.ConditionalOnClass.value()
2022-04-29 17:20:18.012  INFO [dap-patternsearch-client-service,,,] 185029 --- [           main] s.c.a.AnnotationConfigApplicationContext : Refreshing org.springframework.context.annotation.AnnotationConfigApplicationContext@25af1dbf: startup date [Fri Apr 29 17:20:18 CEST 2022]; root of context hierarchy
2022-04-29 17:20:18.044  INFO [dap-patternsearch-client-service,,,] 185029 --- [           main] f.a.AutowiredAnnotationBeanPostProcessor : JSR-330 'javax.inject.Inject' annotation found and supported for autowiring
2022-04-29 17:20:18.068  INFO [dap-patternsearch-client-service,,,] 185029 --- [           main] trationDelegate$BeanPostProcessorChecker : Bean 'configurationPropertiesRebinderAutoConfiguration' of type [org.springframework.cloud.autoconfigure.ConfigurationPropertiesRebinderAutoConfiguration$$EnhancerBySpringCGLIB$$9f1ea253] is not eligible for getting processed by all BeanPostProcessors (for example: not eligible for auto-proxying)
=============================

DMP FHE-APLUSB SERVICE STARTING

=============================
2022-04-29 17:20:18.266  INFO [dap-patternsearch-client-service,,,] 185029 --- [           main] f.c.b.f.r.test.SampleRepositoryTest      : The following profiles are active: test
2022-04-29 17:20:18.267  INFO [dap-patternsearch-client-service,,,] 185029 --- [           main] ationConfigEmbeddedWebApplicationContext : Refreshing org.springframework.boot.context.embedded.AnnotationConfigEmbeddedWebApplicationContext@64641998: startup date [Fri Apr 29 17:20:18 CEST 2022]; parent: org.springframework.context.annotation.AnnotationConfigApplicationContext@25af1dbf
2022-04-29 17:20:18.706  INFO [dap-patternsearch-client-service,,,] 185029 --- [           main] o.s.i.config.IntegrationRegistrar        : No bean named 'integrationHeaderChannelRegistry' has been explicitly defined. Therefore, a default DefaultHeaderChannelRegistry will be created.
2022-04-29 17:20:18.818  INFO [dap-patternsearch-client-service,,,] 185029 --- [           main] o.s.cloud.context.scope.GenericScope     : BeanFactory id=a0aef2f5-2f1b-3da4-b4da-6ef77e1fa88b
2022-04-29 17:20:18.881  INFO [dap-patternsearch-client-service,,,] 185029 --- [           main] faultConfiguringBeanFactoryPostProcessor : No bean named 'errorChannel' has been explicitly defined. Therefore, a default PublishSubscribeChannel will be created.
2022-04-29 17:20:18.882  INFO [dap-patternsearch-client-service,,,] 185029 --- [           main] faultConfiguringBeanFactoryPostProcessor : No bean named 'taskScheduler' has been explicitly defined. Therefore, a default ThreadPoolTaskScheduler will be created.
2022-04-29 17:20:18.889  INFO [dap-patternsearch-client-service,,,] 185029 --- [           main] f.a.AutowiredAnnotationBeanPostProcessor : JSR-330 'javax.inject.Inject' annotation found and supported for autowiring
2022-04-29 17:20:18.968  INFO [dap-patternsearch-client-service,,,] 185029 --- [           main] trationDelegate$BeanPostProcessorChecker : Bean 'org.springframework.cloud.sleuth.annotation.SleuthAnnotationAutoConfiguration' of type [org.springframework.cloud.sleuth.annotation.SleuthAnnotationAutoConfiguration$$EnhancerBySpringCGLIB$$8569e588] is not eligible for getting processed by all BeanPostProcessors (for example: not eligible for auto-proxying)
2022-04-29 17:20:18.990  INFO [dap-patternsearch-client-service,,,] 185029 --- [           main] trationDelegate$BeanPostProcessorChecker : Bean 'sleuthAdvisorConfig' of type [org.springframework.cloud.sleuth.annotation.SleuthAdvisorConfig] is not eligible for getting processed by all BeanPostProcessors (for example: not eligible for auto-proxying)
2022-04-29 17:20:18.999  INFO [dap-patternsearch-client-service,,,] 185029 --- [           main] trationDelegate$BeanPostProcessorChecker : Bean 'org.springframework.transaction.annotation.ProxyTransactionManagementConfiguration' of type [org.springframework.transaction.annotation.ProxyTransactionManagementConfiguration$$EnhancerBySpringCGLIB$$83049f56] is not eligible for getting processed by all BeanPostProcessors (for example: not eligible for auto-proxying)
2022-04-29 17:20:19.051  INFO [dap-patternsearch-client-service,,,] 185029 --- [           main] trationDelegate$BeanPostProcessorChecker : Bean 'org.springframework.cloud.netflix.metrics.MetricsInterceptorConfiguration$MetricsRestTemplateConfiguration' of type [org.springframework.cloud.netflix.metrics.MetricsInterceptorConfiguration$MetricsRestTemplateConfiguration$$EnhancerBySpringCGLIB$$b5314597] is not eligible for getting processed by all BeanPostProcessors (for example: not eligible for auto-proxying)
2022-04-29 17:20:19.075  INFO [dap-patternsearch-client-service,,,] 185029 --- [           main] trationDelegate$BeanPostProcessorChecker : Bean 'integrationGlobalProperties' of type [org.springframework.beans.factory.config.PropertiesFactoryBean] is not eligible for getting processed by all BeanPostProcessors (for example: not eligible for auto-proxying)
2022-04-29 17:20:19.080  INFO [dap-patternsearch-client-service,,,] 185029 --- [           main] trationDelegate$BeanPostProcessorChecker : Bean 'integrationGlobalProperties' of type [java.util.Properties] is not eligible for getting processed by all BeanPostProcessors (for example: not eligible for auto-proxying)
2022-04-29 17:20:19.128  INFO [dap-patternsearch-client-service,,,] 185029 --- [           main] trationDelegate$BeanPostProcessorChecker : Bean 'org.springframework.cloud.autoconfigure.ConfigurationPropertiesRebinderAutoConfiguration' of type [org.springframework.cloud.autoconfigure.ConfigurationPropertiesRebinderAutoConfiguration$$EnhancerBySpringCGLIB$$9f1ea253] is not eligible for getting processed by all BeanPostProcessors (for example: not eligible for auto-proxying)
2022-04-29 17:20:19.142  INFO [dap-patternsearch-client-service,,,] 185029 --- [           main] trationDelegate$BeanPostProcessorChecker : Bean 'org.springframework.cloud.sleuth.instrument.web.client.feign.TraceFeignClientAutoConfiguration$FeignBeanPostProcessorConfiguration' of type [org.springframework.cloud.sleuth.instrument.web.client.feign.TraceFeignClientAutoConfiguration$FeignBeanPostProcessorConfiguration$$EnhancerBySpringCGLIB$$c296781c] is not eligible for getting processed by all BeanPostProcessors (for example: not eligible for auto-proxying)
2022-04-29 17:20:19.158  INFO [dap-patternsearch-client-service,,,] 185029 --- [           main] trationDelegate$BeanPostProcessorChecker : Bean 'org.springframework.cloud.sleuth.instrument.async.AsyncDefaultAutoConfiguration' of type [org.springframework.cloud.sleuth.instrument.async.AsyncDefaultAutoConfiguration$$EnhancerBySpringCGLIB$$6ae84b75] is not eligible for getting processed by all BeanPostProcessors (for example: not eligible for auto-proxying)
2022-04-29 17:20:19.168  INFO [dap-patternsearch-client-service,,,] 185029 --- [           main] trationDelegate$BeanPostProcessorChecker : Bean 'org.springframework.cloud.sleuth.instrument.web.client.TraceWebClientAutoConfiguration' of type [org.springframework.cloud.sleuth.instrument.web.client.TraceWebClientAutoConfiguration$$EnhancerBySpringCGLIB$$2f976ad5] is not eligible for getting processed by all BeanPostProcessors (for example: not eligible for auto-proxying)
2022-04-29 17:20:19.182  INFO [dap-patternsearch-client-service,,,] 185029 --- [           main] f.a.AutowiredAnnotationBeanPostProcessor : JSR-330 'javax.inject.Inject' annotation found and supported for autowiring
2022-04-29 17:20:19.362  INFO [dap-patternsearch-client-service,,,] 185029 --- [           main] s.b.c.e.t.TomcatEmbeddedServletContainer : Tomcat initialized with port(s): 0 (http)
2022-04-29 17:20:19.364  INFO [dap-patternsearch-client-service,,,] 185029 --- [           main] o.apache.catalina.core.StandardService   : Starting service [Tomcat]
2022-04-29 17:20:19.364  INFO [dap-patternsearch-client-service,,,] 185029 --- [           main] org.apache.catalina.core.StandardEngine  : Starting Servlet Engine: Apache Tomcat/8.5.35
2022-04-29 17:20:19.376  INFO [dap-patternsearch-client-service,,,] 185029 --- [ost-startStop-1] o.a.c.c.C.[Tomcat-1].[localhost].[/]     : Initializing Spring embedded WebApplicationContext
2022-04-29 17:20:19.376  INFO [dap-patternsearch-client-service,,,] 185029 --- [ost-startStop-1] o.s.web.context.ContextLoader            : Root WebApplicationContext: initialization completed in 1109 ms
2022-04-29 17:20:19.912  INFO [dap-patternsearch-client-service,,,] 185029 --- [ost-startStop-1] o.s.b.w.servlet.FilterRegistrationBean   : Mapping filter: 'metricsFilter' to: [/*]
2022-04-29 17:20:19.912  INFO [dap-patternsearch-client-service,,,] 185029 --- [ost-startStop-1] o.s.b.w.servlet.FilterRegistrationBean   : Mapping filter: 'characterEncodingFilter' to: [/*]
2022-04-29 17:20:19.912  INFO [dap-patternsearch-client-service,,,] 185029 --- [ost-startStop-1] o.s.b.w.servlet.FilterRegistrationBean   : Mapping filter: 'traceFilter' to: [/*]
2022-04-29 17:20:19.912  INFO [dap-patternsearch-client-service,,,] 185029 --- [ost-startStop-1] o.s.b.w.servlet.FilterRegistrationBean   : Mapping filter: 'hiddenHttpMethodFilter' to: [/*]
2022-04-29 17:20:19.913  INFO [dap-patternsearch-client-service,,,] 185029 --- [ost-startStop-1] o.s.b.w.servlet.FilterRegistrationBean   : Mapping filter: 'httpPutFormContentFilter' to: [/*]
2022-04-29 17:20:19.913  INFO [dap-patternsearch-client-service,,,] 185029 --- [ost-startStop-1] o.s.b.w.servlet.FilterRegistrationBean   : Mapping filter: 'requestContextFilter' to: [/*]
2022-04-29 17:20:19.914  INFO [dap-patternsearch-client-service,,,] 185029 --- [ost-startStop-1] o.s.b.w.servlet.FilterRegistrationBean   : Mapping filter: 'webRequestLoggingFilter' to: [/*]
2022-04-29 17:20:19.916  INFO [dap-patternsearch-client-service,,,] 185029 --- [ost-startStop-1] o.s.b.w.servlet.FilterRegistrationBean   : Mapping filter: 'applicationContextIdFilter' to: [/*]
2022-04-29 17:20:19.917  INFO [dap-patternsearch-client-service,,,] 185029 --- [ost-startStop-1] o.s.b.w.servlet.ServletRegistrationBean  : Mapping servlet: 'dispatcherServlet' to [/]
2022-04-29 17:20:19.938  WARN [dap-patternsearch-client-service,,,] 185029 --- [           main] ationConfigEmbeddedWebApplicationContext : Exception encountered during context initialization - cancelling refresh attempt: org.springframework.beans.factory.UnsatisfiedDependencyException: Error creating bean with name 'org.springframework.boot.autoconfigure.orm.jpa.HibernateJpaAutoConfiguration': Unsatisfied dependency expressed through constructor parameter 0; nested exception is org.springframework.beans.factory.NoSuchBeanDefinitionException: No qualifying bean of type 'javax.sql.DataSource' available: expected at least 1 bean which qualifies as autowire candidate. Dependency annotations: {}
2022-04-29 17:20:19.941  INFO [dap-patternsearch-client-service,,,] 185029 --- [           main] o.apache.catalina.core.StandardService   : Stopping service [Tomcat]
2022-04-29 17:20:19.964  INFO [dap-patternsearch-client-service,,,] 185029 --- [           main] utoConfigurationReportLoggingInitializer : 

Error starting ApplicationContext. To display the auto-configuration report re-run your application with 'debug' enabled.
2022-04-29 17:20:20.080 ERROR [dap-patternsearch-client-service,,,] 185029 --- [           main] o.s.b.d.LoggingFailureAnalysisReporter   : 

***************************
APPLICATION FAILED TO START
***************************

Description:

Parameter 0 of constructor in org.springframework.boot.autoconfigure.orm.jpa.HibernateJpaAutoConfiguration required a bean of type 'javax.sql.DataSource' that could not be found.
	- Bean method 'dataSource' not loaded because @ConditionalOnProperty (spring.datasource.jndi-name) did not find property 'jndi-name'
	- Bean method 'dataSource' not loaded because @ConditionalOnBean (types: org.springframework.boot.jta.XADataSourceWrapper; SearchStrategy: all) did not find any beans


Action:

Consider revisiting the conditions above or defining a bean of type 'javax.sql.DataSource' in your configuration.

2022-04-29 17:20:20.089 ERROR [dap-patternsearch-client-service,,,] 185029 --- [           main] o.s.test.context.TestContextManager      : Caught exception while allowing TestExecutionListener [org.springframework.boot.test.autoconfigure.SpringBootDependencyInjectionTestExecutionListener@68d279ec] to prepare test instance [fr.cea.bigpi.fhe.repository.test.SampleRepositoryTest@4ddbbdf8]

java.lang.IllegalStateException: Failed to load ApplicationContext
	at org.springframework.test.context.cache.DefaultCacheAwareContextLoaderDelegate.loadContext(DefaultCacheAwareContextLoaderDelegate.java:124)
	at org.springframework.test.context.support.DefaultTestContext.getApplicationContext(DefaultTestContext.java:83)
	at org.springframework.test.context.support.DependencyInjectionTestExecutionListener.injectDependencies(DependencyInjectionTestExecutionListener.java:117)
	at org.springframework.test.context.support.DependencyInjectionTestExecutionListener.prepareTestInstance(DependencyInjectionTestExecutionListener.java:83)
	at org.springframework.boot.test.autoconfigure.SpringBootDependencyInjectionTestExecutionListener.prepareTestInstance(SpringBootDependencyInjectionTestExecutionListener.java:44)
	at org.springframework.test.context.TestContextManager.prepareTestInstance(TestContextManager.java:230)
	at org.springframework.test.context.junit4.SpringJUnit4ClassRunner.createTest(SpringJUnit4ClassRunner.java:228)
	at org.springframework.test.context.junit4.SpringJUnit4ClassRunner$1.runReflectiveCall(SpringJUnit4ClassRunner.java:287)
	at org.junit.internal.runners.model.ReflectiveCallable.run(ReflectiveCallable.java:12)
	at org.springframework.test.context.junit4.SpringJUnit4ClassRunner.methodBlock(SpringJUnit4ClassRunner.java:289)
	at org.springframework.test.context.junit4.SpringJUnit4ClassRunner.runChild(SpringJUnit4ClassRunner.java:247)
	at org.springframework.test.context.junit4.SpringJUnit4ClassRunner.runChild(SpringJUnit4ClassRunner.java:94)
	at org.junit.runners.ParentRunner$3.run(ParentRunner.java:290)
	at org.junit.runners.ParentRunner$1.schedule(ParentRunner.java:71)
	at org.junit.runners.ParentRunner.runChildren(ParentRunner.java:288)
	at org.junit.runners.ParentRunner.access$000(ParentRunner.java:58)
	at org.junit.runners.ParentRunner$2.evaluate(ParentRunner.java:268)
	at org.springframework.test.context.junit4.statements.RunBeforeTestClassCallbacks.evaluate(RunBeforeTestClassCallbacks.java:61)
	at org.springframework.test.context.junit4.statements.RunAfterTestClassCallbacks.evaluate(RunAfterTestClassCallbacks.java:70)
	at org.junit.runners.ParentRunner.run(ParentRunner.java:363)
	at org.springframework.test.context.junit4.SpringJUnit4ClassRunner.run(SpringJUnit4ClassRunner.java:191)
	at org.apache.maven.surefire.junit4.JUnit4Provider.execute(JUnit4Provider.java:283)
	at org.apache.maven.surefire.junit4.JUnit4Provider.executeWithRerun(JUnit4Provider.java:173)
	at org.apache.maven.surefire.junit4.JUnit4Provider.executeTestSet(JUnit4Provider.java:153)
	at org.apache.maven.surefire.junit4.JUnit4Provider.invoke(JUnit4Provider.java:128)
	at org.apache.maven.surefire.booter.ForkedBooter.invokeProviderInSameClassLoader(ForkedBooter.java:203)
	at org.apache.maven.surefire.booter.ForkedBooter.runSuitesInProcess(ForkedBooter.java:155)
	at org.apache.maven.surefire.booter.ForkedBooter.main(ForkedBooter.java:103)
Caused by: org.springframework.beans.factory.UnsatisfiedDependencyException: Error creating bean with name 'org.springframework.boot.autoconfigure.orm.jpa.HibernateJpaAutoConfiguration': Unsatisfied dependency expressed through constructor parameter 0; nested exception is org.springframework.beans.factory.NoSuchBeanDefinitionException: No qualifying bean of type 'javax.sql.DataSource' available: expected at least 1 bean which qualifies as autowire candidate. Dependency annotations: {}
	at org.springframework.beans.factory.support.ConstructorResolver.createArgumentArray(ConstructorResolver.java:749)
	at org.springframework.beans.factory.support.ConstructorResolver.autowireConstructor(ConstructorResolver.java:189)
	at org.springframework.beans.factory.support.AbstractAutowireCapableBeanFactory.autowireConstructor(AbstractAutowireCapableBeanFactory.java:1198)
	at org.springframework.beans.factory.support.AbstractAutowireCapableBeanFactory.createBeanInstance(AbstractAutowireCapableBeanFactory.java:1100)
	at org.springframework.beans.factory.support.AbstractAutowireCapableBeanFactory.doCreateBean(AbstractAutowireCapableBeanFactory.java:511)
	at org.springframework.beans.factory.support.AbstractAutowireCapableBeanFactory.createBean(AbstractAutowireCapableBeanFactory.java:481)
	at org.springframework.beans.factory.support.AbstractBeanFactory$1.getObject(AbstractBeanFactory.java:312)
	at org.springframework.beans.factory.support.DefaultSingletonBeanRegistry.getSingleton(DefaultSingletonBeanRegistry.java:230)
	at org.springframework.beans.factory.support.AbstractBeanFactory.doGetBean(AbstractBeanFactory.java:308)
	at org.springframework.beans.factory.support.AbstractBeanFactory.getBean(AbstractBeanFactory.java:197)
	at org.springframework.beans.factory.support.ConstructorResolver.instantiateUsingFactoryMethod(ConstructorResolver.java:372)
	at org.springframework.beans.factory.support.AbstractAutowireCapableBeanFactory.instantiateUsingFactoryMethod(AbstractAutowireCapableBeanFactory.java:1178)
	at org.springframework.beans.factory.support.AbstractAutowireCapableBeanFactory.createBeanInstance(AbstractAutowireCapableBeanFactory.java:1072)
	at org.springframework.beans.factory.support.AbstractAutowireCapableBeanFactory.doCreateBean(AbstractAutowireCapableBeanFactory.java:511)
	at org.springframework.beans.factory.support.AbstractAutowireCapableBeanFactory.createBean(AbstractAutowireCapableBeanFactory.java:481)
	at org.springframework.beans.factory.support.AbstractBeanFactory$1.getObject(AbstractBeanFactory.java:312)
	at org.springframework.beans.factory.support.DefaultSingletonBeanRegistry.getSingleton(DefaultSingletonBeanRegistry.java:230)
	at org.springframework.beans.factory.support.AbstractBeanFactory.doGetBean(AbstractBeanFactory.java:308)
	at org.springframework.beans.factory.support.AbstractBeanFactory.getBean(AbstractBeanFactory.java:197)
	at org.springframework.context.support.AbstractApplicationContext.getBean(AbstractApplicationContext.java:1080)
	at org.springframework.context.support.AbstractApplicationContext.finishBeanFactoryInitialization(AbstractApplicationContext.java:857)
	at org.springframework.context.support.AbstractApplicationContext.refresh(AbstractApplicationContext.java:543)
	at org.springframework.boot.context.embedded.EmbeddedWebApplicationContext.refresh(EmbeddedWebApplicationContext.java:124)
	at org.springframework.boot.SpringApplication.refresh(SpringApplication.java:693)
	at org.springframework.boot.SpringApplication.refreshContext(SpringApplication.java:360)
	at org.springframework.boot.SpringApplication.run(SpringApplication.java:303)
	at org.springframework.boot.test.context.SpringBootContextLoader.loadContext(SpringBootContextLoader.java:121)
	at org.springframework.test.context.cache.DefaultCacheAwareContextLoaderDelegate.loadContextInternal(DefaultCacheAwareContextLoaderDelegate.java:98)
	at org.springframework.test.context.cache.DefaultCacheAwareContextLoaderDelegate.loadContext(DefaultCacheAwareContextLoaderDelegate.java:116)
	... 27 common frames omitted
Caused by: org.springframework.beans.factory.NoSuchBeanDefinitionException: No qualifying bean of type 'javax.sql.DataSource' available: expected at least 1 bean which qualifies as autowire candidate. Dependency annotations: {}
	at org.springframework.beans.factory.support.DefaultListableBeanFactory.raiseNoMatchingBeanFound(DefaultListableBeanFactory.java:1491)
	at org.springframework.beans.factory.support.DefaultListableBeanFactory.doResolveDependency(DefaultListableBeanFactory.java:1102)
	at org.springframework.beans.factory.support.DefaultListableBeanFactory.resolveDependency(DefaultListableBeanFactory.java:1064)
	at org.springframework.beans.factory.support.ConstructorResolver.resolveAutowiredArgument(ConstructorResolver.java:835)
	at org.springframework.beans.factory.support.ConstructorResolver.createArgumentArray(ConstructorResolver.java:741)
	... 55 common frames omitted

]]></system-out>
  </testcase>
  <testcase name="testAddAccount" classname="fr.cea.bigpi.fhe.repository.test.SampleRepositoryTest" time="0.002">
    <error message="Failed to load ApplicationContext" type="java.lang.IllegalStateException">java.lang.IllegalStateException: Failed to load ApplicationContext
	at org.springframework.test.context.cache.DefaultCacheAwareContextLoaderDelegate.loadContext(DefaultCacheAwareContextLoaderDelegate.java:124)
	at org.springframework.test.context.support.DefaultTestContext.getApplicationContext(DefaultTestContext.java:83)
	at org.springframework.test.context.support.DependencyInjectionTestExecutionListener.injectDependencies(DependencyInjectionTestExecutionListener.java:117)
	at org.springframework.test.context.support.DependencyInjectionTestExecutionListener.prepareTestInstance(DependencyInjectionTestExecutionListener.java:83)
	at org.springframework.boot.test.autoconfigure.SpringBootDependencyInjectionTestExecutionListener.prepareTestInstance(SpringBootDependencyInjectionTestExecutionListener.java:44)
	at org.springframework.test.context.TestContextManager.prepareTestInstance(TestContextManager.java:230)
	at org.springframework.test.context.junit4.SpringJUnit4ClassRunner.createTest(SpringJUnit4ClassRunner.java:228)
	at org.springframework.test.context.junit4.SpringJUnit4ClassRunner$1.runReflectiveCall(SpringJUnit4ClassRunner.java:287)
	at org.junit.internal.runners.model.ReflectiveCallable.run(ReflectiveCallable.java:12)
	at org.springframework.test.context.junit4.SpringJUnit4ClassRunner.methodBlock(SpringJUnit4ClassRunner.java:289)
	at org.springframework.test.context.junit4.SpringJUnit4ClassRunner.runChild(SpringJUnit4ClassRunner.java:247)
	at org.springframework.test.context.junit4.SpringJUnit4ClassRunner.runChild(SpringJUnit4ClassRunner.java:94)
	at org.junit.runners.ParentRunner$3.run(ParentRunner.java:290)
	at org.junit.runners.ParentRunner$1.schedule(ParentRunner.java:71)
	at org.junit.runners.ParentRunner.runChildren(ParentRunner.java:288)
	at org.junit.runners.ParentRunner.access$000(ParentRunner.java:58)
	at org.junit.runners.ParentRunner$2.evaluate(ParentRunner.java:268)
	at org.springframework.test.context.junit4.statements.RunBeforeTestClassCallbacks.evaluate(RunBeforeTestClassCallbacks.java:61)
	at org.springframework.test.context.junit4.statements.RunAfterTestClassCallbacks.evaluate(RunAfterTestClassCallbacks.java:70)
	at org.junit.runners.ParentRunner.run(ParentRunner.java:363)
	at org.springframework.test.context.junit4.SpringJUnit4ClassRunner.run(SpringJUnit4ClassRunner.java:191)
	at org.apache.maven.surefire.junit4.JUnit4Provider.execute(JUnit4Provider.java:283)
	at org.apache.maven.surefire.junit4.JUnit4Provider.executeWithRerun(JUnit4Provider.java:173)
	at org.apache.maven.surefire.junit4.JUnit4Provider.executeTestSet(JUnit4Provider.java:153)
	at org.apache.maven.surefire.junit4.JUnit4Provider.invoke(JUnit4Provider.java:128)
	at org.apache.maven.surefire.booter.ForkedBooter.invokeProviderInSameClassLoader(ForkedBooter.java:203)
	at org.apache.maven.surefire.booter.ForkedBooter.runSuitesInProcess(ForkedBooter.java:155)
	at org.apache.maven.surefire.booter.ForkedBooter.main(ForkedBooter.java:103)
Caused by: org.springframework.beans.factory.UnsatisfiedDependencyException: Error creating bean with name 'org.springframework.boot.autoconfigure.orm.jpa.HibernateJpaAutoConfiguration': Unsatisfied dependency expressed through constructor parameter 0; nested exception is org.springframework.beans.factory.NoSuchBeanDefinitionException: No qualifying bean of type 'javax.sql.DataSource' available: expected at least 1 bean which qualifies as autowire candidate. Dependency annotations: {}
	at org.springframework.beans.factory.support.ConstructorResolver.createArgumentArray(ConstructorResolver.java:749)
	at org.springframework.beans.factory.support.ConstructorResolver.autowireConstructor(ConstructorResolver.java:189)
	at org.springframework.beans.factory.support.AbstractAutowireCapableBeanFactory.autowireConstructor(AbstractAutowireCapableBeanFactory.java:1198)
	at org.springframework.beans.factory.support.AbstractAutowireCapableBeanFactory.createBeanInstance(AbstractAutowireCapableBeanFactory.java:1100)
	at org.springframework.beans.factory.support.AbstractAutowireCapableBeanFactory.doCreateBean(AbstractAutowireCapableBeanFactory.java:511)
	at org.springframework.beans.factory.support.AbstractAutowireCapableBeanFactory.createBean(AbstractAutowireCapableBeanFactory.java:481)
	at org.springframework.beans.factory.support.AbstractBeanFactory$1.getObject(AbstractBeanFactory.java:312)
	at org.springframework.beans.factory.support.DefaultSingletonBeanRegistry.getSingleton(DefaultSingletonBeanRegistry.java:230)
	at org.springframework.beans.factory.support.AbstractBeanFactory.doGetBean(AbstractBeanFactory.java:308)
	at org.springframework.beans.factory.support.AbstractBeanFactory.getBean(AbstractBeanFactory.java:197)
	at org.springframework.beans.factory.support.ConstructorResolver.instantiateUsingFactoryMethod(ConstructorResolver.java:372)
	at org.springframework.beans.factory.support.AbstractAutowireCapableBeanFactory.instantiateUsingFactoryMethod(AbstractAutowireCapableBeanFactory.java:1178)
	at org.springframework.beans.factory.support.AbstractAutowireCapableBeanFactory.createBeanInstance(AbstractAutowireCapableBeanFactory.java:1072)
	at org.springframework.beans.factory.support.AbstractAutowireCapableBeanFactory.doCreateBean(AbstractAutowireCapableBeanFactory.java:511)
	at org.springframework.beans.factory.support.AbstractAutowireCapableBeanFactory.createBean(AbstractAutowireCapableBeanFactory.java:481)
	at org.springframework.beans.factory.support.AbstractBeanFactory$1.getObject(AbstractBeanFactory.java:312)
	at org.springframework.beans.factory.support.DefaultSingletonBeanRegistry.getSingleton(DefaultSingletonBeanRegistry.java:230)
	at org.springframework.beans.factory.support.AbstractBeanFactory.doGetBean(AbstractBeanFactory.java:308)
	at org.springframework.beans.factory.support.AbstractBeanFactory.getBean(AbstractBeanFactory.java:197)
	at org.springframework.context.support.AbstractApplicationContext.getBean(AbstractApplicationContext.java:1080)
	at org.springframework.context.support.AbstractApplicationContext.finishBeanFactoryInitialization(AbstractApplicationContext.java:857)
	at org.springframework.context.support.AbstractApplicationContext.refresh(AbstractApplicationContext.java:543)
	at org.springframework.boot.context.embedded.EmbeddedWebApplicationContext.refresh(EmbeddedWebApplicationContext.java:124)
	at org.springframework.boot.SpringApplication.refresh(SpringApplication.java:693)
	at org.springframework.boot.SpringApplication.refreshContext(SpringApplication.java:360)
	at org.springframework.boot.SpringApplication.run(SpringApplication.java:303)
	at org.springframework.boot.test.context.SpringBootContextLoader.loadContext(SpringBootContextLoader.java:121)
	at org.springframework.test.context.cache.DefaultCacheAwareContextLoaderDelegate.loadContextInternal(DefaultCacheAwareContextLoaderDelegate.java:98)
	at org.springframework.test.context.cache.DefaultCacheAwareContextLoaderDelegate.loadContext(DefaultCacheAwareContextLoaderDelegate.java:116)
	at org.springframework.test.context.support.DefaultTestContext.getApplicationContext(DefaultTestContext.java:83)
	at org.springframework.test.context.support.DependencyInjectionTestExecutionListener.injectDependencies(DependencyInjectionTestExecutionListener.java:117)
	at org.springframework.test.context.support.DependencyInjectionTestExecutionListener.prepareTestInstance(DependencyInjectionTestExecutionListener.java:83)
	at org.springframework.boot.test.autoconfigure.SpringBootDependencyInjectionTestExecutionListener.prepareTestInstance(SpringBootDependencyInjectionTestExecutionListener.java:44)
	at org.springframework.test.context.TestContextManager.prepareTestInstance(TestContextManager.java:230)
	at org.springframework.test.context.junit4.SpringJUnit4ClassRunner.createTest(SpringJUnit4ClassRunner.java:228)
	at org.springframework.test.context.junit4.SpringJUnit4ClassRunner$1.runReflectiveCall(SpringJUnit4ClassRunner.java:287)
	at org.junit.internal.runners.model.ReflectiveCallable.run(ReflectiveCallable.java:12)
	at org.springframework.test.context.junit4.SpringJUnit4ClassRunner.methodBlock(SpringJUnit4ClassRunner.java:289)
	at org.springframework.test.context.junit4.SpringJUnit4ClassRunner.runChild(SpringJUnit4ClassRunner.java:247)
	at org.springframework.test.context.junit4.SpringJUnit4ClassRunner.runChild(SpringJUnit4ClassRunner.java:94)
	at org.junit.runners.ParentRunner$3.run(ParentRunner.java:290)
	at org.junit.runners.ParentRunner$1.schedule(ParentRunner.java:71)
	at org.junit.runners.ParentRunner.runChildren(ParentRunner.java:288)
	at org.junit.runners.ParentRunner.access$000(ParentRunner.java:58)
	at org.junit.runners.ParentRunner$2.evaluate(ParentRunner.java:268)
	at org.springframework.test.context.junit4.statements.RunBeforeTestClassCallbacks.evaluate(RunBeforeTestClassCallbacks.java:61)
	at org.springframework.test.context.junit4.statements.RunAfterTestClassCallbacks.evaluate(RunAfterTestClassCallbacks.java:70)
	at org.junit.runners.ParentRunner.run(ParentRunner.java:363)
	at org.springframework.test.context.junit4.SpringJUnit4ClassRunner.run(SpringJUnit4ClassRunner.java:191)
	at org.apache.maven.surefire.junit4.JUnit4Provider.execute(JUnit4Provider.java:283)
	at org.apache.maven.surefire.junit4.JUnit4Provider.executeWithRerun(JUnit4Provider.java:173)
	at org.apache.maven.surefire.junit4.JUnit4Provider.executeTestSet(JUnit4Provider.java:153)
	at org.apache.maven.surefire.junit4.JUnit4Provider.invoke(JUnit4Provider.java:128)
	at org.apache.maven.surefire.booter.ForkedBooter.invokeProviderInSameClassLoader(ForkedBooter.java:203)
	at org.apache.maven.surefire.booter.ForkedBooter.runSuitesInProcess(ForkedBooter.java:155)
	at org.apache.maven.surefire.booter.ForkedBooter.main(ForkedBooter.java:103)
Caused by: org.springframework.beans.factory.NoSuchBeanDefinitionException: No qualifying bean of type 'javax.sql.DataSource' available: expected at least 1 bean which qualifies as autowire candidate. Dependency annotations: {}
	at org.springframework.beans.factory.support.DefaultListableBeanFactory.raiseNoMatchingBeanFound(DefaultListableBeanFactory.java:1491)
	at org.springframework.beans.factory.support.DefaultListableBeanFactory.doResolveDependency(DefaultListableBeanFactory.java:1102)
	at org.springframework.beans.factory.support.DefaultListableBeanFactory.resolveDependency(DefaultListableBeanFactory.java:1064)
	at org.springframework.beans.factory.support.ConstructorResolver.resolveAutowiredArgument(ConstructorResolver.java:835)
	at org.springframework.beans.factory.support.ConstructorResolver.createArgumentArray(ConstructorResolver.java:741)
	at org.springframework.beans.factory.support.ConstructorResolver.autowireConstructor(ConstructorResolver.java:189)
	at org.springframework.beans.factory.support.AbstractAutowireCapableBeanFactory.autowireConstructor(AbstractAutowireCapableBeanFactory.java:1198)
	at org.springframework.beans.factory.support.AbstractAutowireCapableBeanFactory.createBeanInstance(AbstractAutowireCapableBeanFactory.java:1100)
	at org.springframework.beans.factory.support.AbstractAutowireCapableBeanFactory.doCreateBean(AbstractAutowireCapableBeanFactory.java:511)
	at org.springframework.beans.factory.support.AbstractAutowireCapableBeanFactory.createBean(AbstractAutowireCapableBeanFactory.java:481)
	at org.springframework.beans.factory.support.AbstractBeanFactory$1.getObject(AbstractBeanFactory.java:312)
	at org.springframework.beans.factory.support.DefaultSingletonBeanRegistry.getSingleton(DefaultSingletonBeanRegistry.java:230)
	at org.springframework.beans.factory.support.AbstractBeanFactory.doGetBean(AbstractBeanFactory.java:308)
	at org.springframework.beans.factory.support.AbstractBeanFactory.getBean(AbstractBeanFactory.java:197)
	at org.springframework.beans.factory.support.ConstructorResolver.instantiateUsingFactoryMethod(ConstructorResolver.java:372)
	at org.springframework.beans.factory.support.AbstractAutowireCapableBeanFactory.instantiateUsingFactoryMethod(AbstractAutowireCapableBeanFactory.java:1178)
	at org.springframework.beans.factory.support.AbstractAutowireCapableBeanFactory.createBeanInstance(AbstractAutowireCapableBeanFactory.java:1072)
	at org.springframework.beans.factory.support.AbstractAutowireCapableBeanFactory.doCreateBean(AbstractAutowireCapableBeanFactory.java:511)
	at org.springframework.beans.factory.support.AbstractAutowireCapableBeanFactory.createBean(AbstractAutowireCapableBeanFactory.java:481)
	at org.springframework.beans.factory.support.AbstractBeanFactory$1.getObject(AbstractBeanFactory.java:312)
	at org.springframework.beans.factory.support.DefaultSingletonBeanRegistry.getSingleton(DefaultSingletonBeanRegistry.java:230)
	at org.springframework.beans.factory.support.AbstractBeanFactory.doGetBean(AbstractBeanFactory.java:308)
	at org.springframework.beans.factory.support.AbstractBeanFactory.getBean(AbstractBeanFactory.java:197)
	at org.springframework.context.support.AbstractApplicationContext.getBean(AbstractApplicationContext.java:1080)
	at org.springframework.context.support.AbstractApplicationContext.finishBeanFactoryInitialization(AbstractApplicationContext.java:857)
	at org.springframework.context.support.AbstractApplicationContext.refresh(AbstractApplicationContext.java:543)
	at org.springframework.boot.context.embedded.EmbeddedWebApplicationContext.refresh(EmbeddedWebApplicationContext.java:124)
	at org.springframework.boot.SpringApplication.refresh(SpringApplication.java:693)
	at org.springframework.boot.SpringApplication.refreshContext(SpringApplication.java:360)
	at org.springframework.boot.SpringApplication.run(SpringApplication.java:303)
	at org.springframework.boot.test.context.SpringBootContextLoader.loadContext(SpringBootContextLoader.java:121)
	at org.springframework.test.context.cache.DefaultCacheAwareContextLoaderDelegate.loadContextInternal(DefaultCacheAwareContextLoaderDelegate.java:98)
	at org.springframework.test.context.cache.DefaultCacheAwareContextLoaderDelegate.loadContext(DefaultCacheAwareContextLoaderDelegate.java:116)
	at org.springframework.test.context.support.DefaultTestContext.getApplicationContext(DefaultTestContext.java:83)
	at org.springframework.test.context.support.DependencyInjectionTestExecutionListener.injectDependencies(DependencyInjectionTestExecutionListener.java:117)
	at org.springframework.test.context.support.DependencyInjectionTestExecutionListener.prepareTestInstance(DependencyInjectionTestExecutionListener.java:83)
	at org.springframework.boot.test.autoconfigure.SpringBootDependencyInjectionTestExecutionListener.prepareTestInstance(SpringBootDependencyInjectionTestExecutionListener.java:44)
	at org.springframework.test.context.TestContextManager.prepareTestInstance(TestContextManager.java:230)
	at org.springframework.test.context.junit4.SpringJUnit4ClassRunner.createTest(SpringJUnit4ClassRunner.java:228)
	at org.springframework.test.context.junit4.SpringJUnit4ClassRunner$1.runReflectiveCall(SpringJUnit4ClassRunner.java:287)
	at org.junit.internal.runners.model.ReflectiveCallable.run(ReflectiveCallable.java:12)
	at org.springframework.test.context.junit4.SpringJUnit4ClassRunner.methodBlock(SpringJUnit4ClassRunner.java:289)
	at org.springframework.test.context.junit4.SpringJUnit4ClassRunner.runChild(SpringJUnit4ClassRunner.java:247)
	at org.springframework.test.context.junit4.SpringJUnit4ClassRunner.runChild(SpringJUnit4ClassRunner.java:94)
	at org.junit.runners.ParentRunner$3.run(ParentRunner.java:290)
	at org.junit.runners.ParentRunner$1.schedule(ParentRunner.java:71)
	at org.junit.runners.ParentRunner.runChildren(ParentRunner.java:288)
	at org.junit.runners.ParentRunner.access$000(ParentRunner.java:58)
	at org.junit.runners.ParentRunner$2.evaluate(ParentRunner.java:268)
	at org.springframework.test.context.junit4.statements.RunBeforeTestClassCallbacks.evaluate(RunBeforeTestClassCallbacks.java:61)
	at org.springframework.test.context.junit4.statements.RunAfterTestClassCallbacks.evaluate(RunAfterTestClassCallbacks.java:70)
	at org.junit.runners.ParentRunner.run(ParentRunner.java:363)
	at org.springframework.test.context.junit4.SpringJUnit4ClassRunner.run(SpringJUnit4ClassRunner.java:191)
	at org.apache.maven.surefire.junit4.JUnit4Provider.execute(JUnit4Provider.java:283)
	at org.apache.maven.surefire.junit4.JUnit4Provider.executeWithRerun(JUnit4Provider.java:173)
	at org.apache.maven.surefire.junit4.JUnit4Provider.executeTestSet(JUnit4Provider.java:153)
	at org.apache.maven.surefire.junit4.JUnit4Provider.invoke(JUnit4Provider.java:128)
	at org.apache.maven.surefire.booter.ForkedBooter.invokeProviderInSameClassLoader(ForkedBooter.java:203)
	at org.apache.maven.surefire.booter.ForkedBooter.runSuitesInProcess(ForkedBooter.java:155)
	at org.apache.maven.surefire.booter.ForkedBooter.main(ForkedBooter.java:103)
</error>
    <system-out><![CDATA[2022-04-29 17:20:20.332  INFO [dap-patternsearch-client-service,,,] 185029 --- [           main] o.s.core.annotation.AnnotationUtils      : Failed to introspect annotations on class org.springframework.cloud.netflix.eureka.config.EurekaDiscoveryClientConfigServiceBootstrapConfiguration: java.lang.IllegalStateException: Could not obtain annotation attribute value for public abstract java.lang.Class[] org.springframework.boot.autoconfigure.condition.ConditionalOnClass.value()
2022-04-29 17:20:20.333  INFO [dap-patternsearch-client-service,,,] 185029 --- [           main] s.c.a.AnnotationConfigApplicationContext : Refreshing org.springframework.context.annotation.AnnotationConfigApplicationContext@2f6bb6d8: startup date [Fri Apr 29 17:20:20 CEST 2022]; root of context hierarchy
2022-04-29 17:20:20.358  INFO [dap-patternsearch-client-service,,,] 185029 --- [           main] f.a.AutowiredAnnotationBeanPostProcessor : JSR-330 'javax.inject.Inject' annotation found and supported for autowiring
2022-04-29 17:20:20.381  INFO [dap-patternsearch-client-service,,,] 185029 --- [           main] trationDelegate$BeanPostProcessorChecker : Bean 'configurationPropertiesRebinderAutoConfiguration' of type [org.springframework.cloud.autoconfigure.ConfigurationPropertiesRebinderAutoConfiguration$$EnhancerBySpringCGLIB$$9f1ea253] is not eligible for getting processed by all BeanPostProcessors (for example: not eligible for auto-proxying)
=============================

DMP FHE-APLUSB SERVICE STARTING

=============================
2022-04-29 17:20:20.543  INFO [dap-patternsearch-client-service,,,] 185029 --- [           main] f.c.b.f.r.test.SampleRepositoryTest      : The following profiles are active: test
2022-04-29 17:20:20.545  INFO [dap-patternsearch-client-service,,,] 185029 --- [           main] ationConfigEmbeddedWebApplicationContext : Refreshing org.springframework.boot.context.embedded.AnnotationConfigEmbeddedWebApplicationContext@6dc010a2: startup date [Fri Apr 29 17:20:20 CEST 2022]; parent: org.springframework.context.annotation.AnnotationConfigApplicationContext@2f6bb6d8
2022-04-29 17:20:20.960  INFO [dap-patternsearch-client-service,,,] 185029 --- [           main] o.s.i.config.IntegrationRegistrar        : No bean named 'integrationHeaderChannelRegistry' has been explicitly defined. Therefore, a default DefaultHeaderChannelRegistry will be created.
2022-04-29 17:20:21.065  INFO [dap-patternsearch-client-service,,,] 185029 --- [           main] o.s.cloud.context.scope.GenericScope     : BeanFactory id=a0aef2f5-2f1b-3da4-b4da-6ef77e1fa88b
2022-04-29 17:20:21.114  INFO [dap-patternsearch-client-service,,,] 185029 --- [           main] faultConfiguringBeanFactoryPostProcessor : No bean named 'errorChannel' has been explicitly defined. Therefore, a default PublishSubscribeChannel will be created.
2022-04-29 17:20:21.115  INFO [dap-patternsearch-client-service,,,] 185029 --- [           main] faultConfiguringBeanFactoryPostProcessor : No bean named 'taskScheduler' has been explicitly defined. Therefore, a default ThreadPoolTaskScheduler will be created.
2022-04-29 17:20:21.119  INFO [dap-patternsearch-client-service,,,] 185029 --- [           main] f.a.AutowiredAnnotationBeanPostProcessor : JSR-330 'javax.inject.Inject' annotation found and supported for autowiring
2022-04-29 17:20:21.179  INFO [dap-patternsearch-client-service,,,] 185029 --- [           main] trationDelegate$BeanPostProcessorChecker : Bean 'org.springframework.cloud.sleuth.annotation.SleuthAnnotationAutoConfiguration' of type [org.springframework.cloud.sleuth.annotation.SleuthAnnotationAutoConfiguration$$EnhancerBySpringCGLIB$$8569e588] is not eligible for getting processed by all BeanPostProcessors (for example: not eligible for auto-proxying)
2022-04-29 17:20:21.201  INFO [dap-patternsearch-client-service,,,] 185029 --- [           main] trationDelegate$BeanPostProcessorChecker : Bean 'sleuthAdvisorConfig' of type [org.springframework.cloud.sleuth.annotation.SleuthAdvisorConfig] is not eligible for getting processed by all BeanPostProcessors (for example: not eligible for auto-proxying)
2022-04-29 17:20:21.209  INFO [dap-patternsearch-client-service,,,] 185029 --- [           main] trationDelegate$BeanPostProcessorChecker : Bean 'org.springframework.transaction.annotation.ProxyTransactionManagementConfiguration' of type [org.springframework.transaction.annotation.ProxyTransactionManagementConfiguration$$EnhancerBySpringCGLIB$$83049f56] is not eligible for getting processed by all BeanPostProcessors (for example: not eligible for auto-proxying)
2022-04-29 17:20:21.246  INFO [dap-patternsearch-client-service,,,] 185029 --- [           main] trationDelegate$BeanPostProcessorChecker : Bean 'org.springframework.cloud.netflix.metrics.MetricsInterceptorConfiguration$MetricsRestTemplateConfiguration' of type [org.springframework.cloud.netflix.metrics.MetricsInterceptorConfiguration$MetricsRestTemplateConfiguration$$EnhancerBySpringCGLIB$$b5314597] is not eligible for getting processed by all BeanPostProcessors (for example: not eligible for auto-proxying)
2022-04-29 17:20:21.263  INFO [dap-patternsearch-client-service,,,] 185029 --- [           main] trationDelegate$BeanPostProcessorChecker : Bean 'integrationGlobalProperties' of type [org.springframework.beans.factory.config.PropertiesFactoryBean] is not eligible for getting processed by all BeanPostProcessors (for example: not eligible for auto-proxying)
2022-04-29 17:20:21.267  INFO [dap-patternsearch-client-service,,,] 185029 --- [           main] trationDelegate$BeanPostProcessorChecker : Bean 'integrationGlobalProperties' of type [java.util.Properties] is not eligible for getting processed by all BeanPostProcessors (for example: not eligible for auto-proxying)
2022-04-29 17:20:21.310  INFO [dap-patternsearch-client-service,,,] 185029 --- [           main] trationDelegate$BeanPostProcessorChecker : Bean 'org.springframework.cloud.autoconfigure.ConfigurationPropertiesRebinderAutoConfiguration' of type [org.springframework.cloud.autoconfigure.ConfigurationPropertiesRebinderAutoConfiguration$$EnhancerBySpringCGLIB$$9f1ea253] is not eligible for getting processed by all BeanPostProcessors (for example: not eligible for auto-proxying)
2022-04-29 17:20:21.320  INFO [dap-patternsearch-client-service,,,] 185029 --- [           main] trationDelegate$BeanPostProcessorChecker : Bean 'org.springframework.cloud.sleuth.instrument.web.client.feign.TraceFeignClientAutoConfiguration$FeignBeanPostProcessorConfiguration' of type [org.springframework.cloud.sleuth.instrument.web.client.feign.TraceFeignClientAutoConfiguration$FeignBeanPostProcessorConfiguration$$EnhancerBySpringCGLIB$$c296781c] is not eligible for getting processed by all BeanPostProcessors (for example: not eligible for auto-proxying)
2022-04-29 17:20:21.335  INFO [dap-patternsearch-client-service,,,] 185029 --- [           main] trationDelegate$BeanPostProcessorChecker : Bean 'org.springframework.cloud.sleuth.instrument.async.AsyncDefaultAutoConfiguration' of type [org.springframework.cloud.sleuth.instrument.async.AsyncDefaultAutoConfiguration$$EnhancerBySpringCGLIB$$6ae84b75] is not eligible for getting processed by all BeanPostProcessors (for example: not eligible for auto-proxying)
2022-04-29 17:20:21.345  INFO [dap-patternsearch-client-service,,,] 185029 --- [           main] trationDelegate$BeanPostProcessorChecker : Bean 'org.springframework.cloud.sleuth.instrument.web.client.TraceWebClientAutoConfiguration' of type [org.springframework.cloud.sleuth.instrument.web.client.TraceWebClientAutoConfiguration$$EnhancerBySpringCGLIB$$2f976ad5] is not eligible for getting processed by all BeanPostProcessors (for example: not eligible for auto-proxying)
2022-04-29 17:20:21.360  INFO [dap-patternsearch-client-service,,,] 185029 --- [           main] f.a.AutowiredAnnotationBeanPostProcessor : JSR-330 'javax.inject.Inject' annotation found and supported for autowiring
2022-04-29 17:20:21.530  INFO [dap-patternsearch-client-service,,,] 185029 --- [           main] s.b.c.e.t.TomcatEmbeddedServletContainer : Tomcat initialized with port(s): 0 (http)
2022-04-29 17:20:21.533  INFO [dap-patternsearch-client-service,,,] 185029 --- [           main] o.apache.catalina.core.StandardService   : Starting service [Tomcat]
2022-04-29 17:20:21.533  INFO [dap-patternsearch-client-service,,,] 185029 --- [           main] org.apache.catalina.core.StandardEngine  : Starting Servlet Engine: Apache Tomcat/8.5.35
2022-04-29 17:20:21.541  INFO [dap-patternsearch-client-service,,,] 185029 --- [ost-startStop-1] o.a.c.c.C.[Tomcat-2].[localhost].[/]     : Initializing Spring embedded WebApplicationContext
2022-04-29 17:20:21.541  INFO [dap-patternsearch-client-service,,,] 185029 --- [ost-startStop-1] o.s.web.context.ContextLoader            : Root WebApplicationContext: initialization completed in 996 ms
2022-04-29 17:20:21.932  INFO [dap-patternsearch-client-service,,,] 185029 --- [ost-startStop-1] o.s.b.w.servlet.FilterRegistrationBean   : Mapping filter: 'metricsFilter' to: [/*]
2022-04-29 17:20:21.933  INFO [dap-patternsearch-client-service,,,] 185029 --- [ost-startStop-1] o.s.b.w.servlet.FilterRegistrationBean   : Mapping filter: 'characterEncodingFilter' to: [/*]
2022-04-29 17:20:21.933  INFO [dap-patternsearch-client-service,,,] 185029 --- [ost-startStop-1] o.s.b.w.servlet.FilterRegistrationBean   : Mapping filter: 'traceFilter' to: [/*]
2022-04-29 17:20:21.934  INFO [dap-patternsearch-client-service,,,] 185029 --- [ost-startStop-1] o.s.b.w.servlet.FilterRegistrationBean   : Mapping filter: 'hiddenHttpMethodFilter' to: [/*]
2022-04-29 17:20:21.934  INFO [dap-patternsearch-client-service,,,] 185029 --- [ost-startStop-1] o.s.b.w.servlet.FilterRegistrationBean   : Mapping filter: 'httpPutFormContentFilter' to: [/*]
2022-04-29 17:20:21.934  INFO [dap-patternsearch-client-service,,,] 185029 --- [ost-startStop-1] o.s.b.w.servlet.FilterRegistrationBean   : Mapping filter: 'requestContextFilter' to: [/*]
2022-04-29 17:20:21.934  INFO [dap-patternsearch-client-service,,,] 185029 --- [ost-startStop-1] o.s.b.w.servlet.FilterRegistrationBean   : Mapping filter: 'webRequestLoggingFilter' to: [/*]
2022-04-29 17:20:21.935  INFO [dap-patternsearch-client-service,,,] 185029 --- [ost-startStop-1] o.s.b.w.servlet.FilterRegistrationBean   : Mapping filter: 'applicationContextIdFilter' to: [/*]
2022-04-29 17:20:21.935  INFO [dap-patternsearch-client-service,,,] 185029 --- [ost-startStop-1] o.s.b.w.servlet.ServletRegistrationBean  : Mapping servlet: 'dispatcherServlet' to [/]
2022-04-29 17:20:21.955  WARN [dap-patternsearch-client-service,,,] 185029 --- [           main] ationConfigEmbeddedWebApplicationContext : Exception encountered during context initialization - cancelling refresh attempt: org.springframework.beans.factory.UnsatisfiedDependencyException: Error creating bean with name 'org.springframework.boot.autoconfigure.orm.jpa.HibernateJpaAutoConfiguration': Unsatisfied dependency expressed through constructor parameter 0; nested exception is org.springframework.beans.factory.NoSuchBeanDefinitionException: No qualifying bean of type 'javax.sql.DataSource' available: expected at least 1 bean which qualifies as autowire candidate. Dependency annotations: {}
2022-04-29 17:20:21.957  INFO [dap-patternsearch-client-service,,,] 185029 --- [           main] o.apache.catalina.core.StandardService   : Stopping service [Tomcat]
2022-04-29 17:20:21.971  INFO [dap-patternsearch-client-service,,,] 185029 --- [           main] utoConfigurationReportLoggingInitializer : 

Error starting ApplicationContext. To display the auto-configuration report re-run your application with 'debug' enabled.
2022-04-29 17:20:22.069 ERROR [dap-patternsearch-client-service,,,] 185029 --- [           main] o.s.b.d.LoggingFailureAnalysisReporter   : 

***************************
APPLICATION FAILED TO START
***************************

Description:

Parameter 0 of constructor in org.springframework.boot.autoconfigure.orm.jpa.HibernateJpaAutoConfiguration required a bean of type 'javax.sql.DataSource' that could not be found.
	- Bean method 'dataSource' not loaded because @ConditionalOnProperty (spring.datasource.jndi-name) did not find property 'jndi-name'
	- Bean method 'dataSource' not loaded because @ConditionalOnBean (types: org.springframework.boot.jta.XADataSourceWrapper; SearchStrategy: all) did not find any beans


Action:

Consider revisiting the conditions above or defining a bean of type 'javax.sql.DataSource' in your configuration.

2022-04-29 17:20:22.171  INFO [dap-patternsearch-client-service,,,] 185029 --- [           main] o.s.core.annotation.AnnotationUtils      : Failed to introspect annotations on class org.springframework.cloud.netflix.eureka.config.EurekaDiscoveryClientConfigServiceBootstrapConfiguration: java.lang.IllegalStateException: Could not obtain annotation attribute value for public abstract java.lang.Class[] org.springframework.boot.autoconfigure.condition.ConditionalOnClass.value()
2022-04-29 17:20:22.172  INFO [dap-patternsearch-client-service,,,] 185029 --- [           main] s.c.a.AnnotationConfigApplicationContext : Refreshing org.springframework.context.annotation.AnnotationConfigApplicationContext@68d21554: startup date [Fri Apr 29 17:20:22 CEST 2022]; root of context hierarchy
2022-04-29 17:20:22.195  INFO [dap-patternsearch-client-service,,,] 185029 --- [           main] f.a.AutowiredAnnotationBeanPostProcessor : JSR-330 'javax.inject.Inject' annotation found and supported for autowiring
2022-04-29 17:20:22.216  INFO [dap-patternsearch-client-service,,,] 185029 --- [           main] trationDelegate$BeanPostProcessorChecker : Bean 'configurationPropertiesRebinderAutoConfiguration' of type [org.springframework.cloud.autoconfigure.ConfigurationPropertiesRebinderAutoConfiguration$$EnhancerBySpringCGLIB$$9f1ea253] is not eligible for getting processed by all BeanPostProcessors (for example: not eligible for auto-proxying)
=============================

DMP FHE-APLUSB SERVICE STARTING

=============================
2022-04-29 17:20:22.342  INFO [dap-patternsearch-client-service,,,] 185029 --- [           main] f.c.b.f.r.test.SampleRepositoryTest      : The following profiles are active: test
2022-04-29 17:20:22.343  INFO [dap-patternsearch-client-service,,,] 185029 --- [           main] ationConfigEmbeddedWebApplicationContext : Refreshing org.springframework.boot.context.embedded.AnnotationConfigEmbeddedWebApplicationContext@7e4257e3: startup date [Fri Apr 29 17:20:22 CEST 2022]; parent: org.springframework.context.annotation.AnnotationConfigApplicationContext@68d21554
2022-04-29 17:20:22.781  INFO [dap-patternsearch-client-service,,,] 185029 --- [           main] o.s.i.config.IntegrationRegistrar        : No bean named 'integrationHeaderChannelRegistry' has been explicitly defined. Therefore, a default DefaultHeaderChannelRegistry will be created.
2022-04-29 17:20:22.891  INFO [dap-patternsearch-client-service,,,] 185029 --- [           main] o.s.cloud.context.scope.GenericScope     : BeanFactory id=a0aef2f5-2f1b-3da4-b4da-6ef77e1fa88b
2022-04-29 17:20:22.928  INFO [dap-patternsearch-client-service,,,] 185029 --- [           main] faultConfiguringBeanFactoryPostProcessor : No bean named 'errorChannel' has been explicitly defined. Therefore, a default PublishSubscribeChannel will be created.
2022-04-29 17:20:22.931  INFO [dap-patternsearch-client-service,,,] 185029 --- [           main] faultConfiguringBeanFactoryPostProcessor : No bean named 'taskScheduler' has been explicitly defined. Therefore, a default ThreadPoolTaskScheduler will be created.
2022-04-29 17:20:22.937  INFO [dap-patternsearch-client-service,,,] 185029 --- [           main] f.a.AutowiredAnnotationBeanPostProcessor : JSR-330 'javax.inject.Inject' annotation found and supported for autowiring
2022-04-29 17:20:23.009  INFO [dap-patternsearch-client-service,,,] 185029 --- [           main] trationDelegate$BeanPostProcessorChecker : Bean 'org.springframework.cloud.sleuth.annotation.SleuthAnnotationAutoConfiguration' of type [org.springframework.cloud.sleuth.annotation.SleuthAnnotationAutoConfiguration$$EnhancerBySpringCGLIB$$8569e588] is not eligible for getting processed by all BeanPostProcessors (for example: not eligible for auto-proxying)
2022-04-29 17:20:23.032  INFO [dap-patternsearch-client-service,,,] 185029 --- [           main] trationDelegate$BeanPostProcessorChecker : Bean 'sleuthAdvisorConfig' of type [org.springframework.cloud.sleuth.annotation.SleuthAdvisorConfig] is not eligible for getting processed by all BeanPostProcessors (for example: not eligible for auto-proxying)
2022-04-29 17:20:23.041  INFO [dap-patternsearch-client-service,,,] 185029 --- [           main] trationDelegate$BeanPostProcessorChecker : Bean 'org.springframework.transaction.annotation.ProxyTransactionManagementConfiguration' of type [org.springframework.transaction.annotation.ProxyTransactionManagementConfiguration$$EnhancerBySpringCGLIB$$83049f56] is not eligible for getting processed by all BeanPostProcessors (for example: not eligible for auto-proxying)
2022-04-29 17:20:23.082  INFO [dap-patternsearch-client-service,,,] 185029 --- [           main] trationDelegate$BeanPostProcessorChecker : Bean 'org.springframework.cloud.netflix.metrics.MetricsInterceptorConfiguration$MetricsRestTemplateConfiguration' of type [org.springframework.cloud.netflix.metrics.MetricsInterceptorConfiguration$MetricsRestTemplateConfiguration$$EnhancerBySpringCGLIB$$b5314597] is not eligible for getting processed by all BeanPostProcessors (for example: not eligible for auto-proxying)
2022-04-29 17:20:23.105  INFO [dap-patternsearch-client-service,,,] 185029 --- [           main] trationDelegate$BeanPostProcessorChecker : Bean 'integrationGlobalProperties' of type [org.springframework.beans.factory.config.PropertiesFactoryBean] is not eligible for getting processed by all BeanPostProcessors (for example: not eligible for auto-proxying)
2022-04-29 17:20:23.109  INFO [dap-patternsearch-client-service,,,] 185029 --- [           main] trationDelegate$BeanPostProcessorChecker : Bean 'integrationGlobalProperties' of type [java.util.Properties] is not eligible for getting processed by all BeanPostProcessors (for example: not eligible for auto-proxying)
2022-04-29 17:20:23.159  INFO [dap-patternsearch-client-service,,,] 185029 --- [           main] trationDelegate$BeanPostProcessorChecker : Bean 'org.springframework.cloud.autoconfigure.ConfigurationPropertiesRebinderAutoConfiguration' of type [org.springframework.cloud.autoconfigure.ConfigurationPropertiesRebinderAutoConfiguration$$EnhancerBySpringCGLIB$$9f1ea253] is not eligible for getting processed by all BeanPostProcessors (for example: not eligible for auto-proxying)
2022-04-29 17:20:23.170  INFO [dap-patternsearch-client-service,,,] 185029 --- [           main] trationDelegate$BeanPostProcessorChecker : Bean 'org.springframework.cloud.sleuth.instrument.web.client.feign.TraceFeignClientAutoConfiguration$FeignBeanPostProcessorConfiguration' of type [org.springframework.cloud.sleuth.instrument.web.client.feign.TraceFeignClientAutoConfiguration$FeignBeanPostProcessorConfiguration$$EnhancerBySpringCGLIB$$c296781c] is not eligible for getting processed by all BeanPostProcessors (for example: not eligible for auto-proxying)
2022-04-29 17:20:23.182  INFO [dap-patternsearch-client-service,,,] 185029 --- [           main] trationDelegate$BeanPostProcessorChecker : Bean 'org.springframework.cloud.sleuth.instrument.async.AsyncDefaultAutoConfiguration' of type [org.springframework.cloud.sleuth.instrument.async.AsyncDefaultAutoConfiguration$$EnhancerBySpringCGLIB$$6ae84b75] is not eligible for getting processed by all BeanPostProcessors (for example: not eligible for auto-proxying)
2022-04-29 17:20:23.196  INFO [dap-patternsearch-client-service,,,] 185029 --- [           main] trationDelegate$BeanPostProcessorChecker : Bean 'org.springframework.cloud.sleuth.instrument.web.client.TraceWebClientAutoConfiguration' of type [org.springframework.cloud.sleuth.instrument.web.client.TraceWebClientAutoConfiguration$$EnhancerBySpringCGLIB$$2f976ad5] is not eligible for getting processed by all BeanPostProcessors (for example: not eligible for auto-proxying)
2022-04-29 17:20:23.208  INFO [dap-patternsearch-client-service,,,] 185029 --- [           main] f.a.AutowiredAnnotationBeanPostProcessor : JSR-330 'javax.inject.Inject' annotation found and supported for autowiring
2022-04-29 17:20:23.379  INFO [dap-patternsearch-client-service,,,] 185029 --- [           main] s.b.c.e.t.TomcatEmbeddedServletContainer : Tomcat initialized with port(s): 0 (http)
2022-04-29 17:20:23.381  INFO [dap-patternsearch-client-service,,,] 185029 --- [           main] o.apache.catalina.core.StandardService   : Starting service [Tomcat]
2022-04-29 17:20:23.381  INFO [dap-patternsearch-client-service,,,] 185029 --- [           main] org.apache.catalina.core.StandardEngine  : Starting Servlet Engine: Apache Tomcat/8.5.35
2022-04-29 17:20:23.393  INFO [dap-patternsearch-client-service,,,] 185029 --- [ost-startStop-1] o.a.c.c.C.[Tomcat-3].[localhost].[/]     : Initializing Spring embedded WebApplicationContext
2022-04-29 17:20:23.393  INFO [dap-patternsearch-client-service,,,] 185029 --- [ost-startStop-1] o.s.web.context.ContextLoader            : Root WebApplicationContext: initialization completed in 1050 ms
2022-04-29 17:20:23.833  INFO [dap-patternsearch-client-service,,,] 185029 --- [ost-startStop-1] o.s.b.w.servlet.FilterRegistrationBean   : Mapping filter: 'metricsFilter' to: [/*]
2022-04-29 17:20:23.833  INFO [dap-patternsearch-client-service,,,] 185029 --- [ost-startStop-1] o.s.b.w.servlet.FilterRegistrationBean   : Mapping filter: 'characterEncodingFilter' to: [/*]
2022-04-29 17:20:23.834  INFO [dap-patternsearch-client-service,,,] 185029 --- [ost-startStop-1] o.s.b.w.servlet.FilterRegistrationBean   : Mapping filter: 'traceFilter' to: [/*]
2022-04-29 17:20:23.834  INFO [dap-patternsearch-client-service,,,] 185029 --- [ost-startStop-1] o.s.b.w.servlet.FilterRegistrationBean   : Mapping filter: 'hiddenHttpMethodFilter' to: [/*]
2022-04-29 17:20:23.834  INFO [dap-patternsearch-client-service,,,] 185029 --- [ost-startStop-1] o.s.b.w.servlet.FilterRegistrationBean   : Mapping filter: 'httpPutFormContentFilter' to: [/*]
2022-04-29 17:20:23.834  INFO [dap-patternsearch-client-service,,,] 185029 --- [ost-startStop-1] o.s.b.w.servlet.FilterRegistrationBean   : Mapping filter: 'requestContextFilter' to: [/*]
2022-04-29 17:20:23.834  INFO [dap-patternsearch-client-service,,,] 185029 --- [ost-startStop-1] o.s.b.w.servlet.FilterRegistrationBean   : Mapping filter: 'webRequestLoggingFilter' to: [/*]
2022-04-29 17:20:23.835  INFO [dap-patternsearch-client-service,,,] 185029 --- [ost-startStop-1] o.s.b.w.servlet.FilterRegistrationBean   : Mapping filter: 'applicationContextIdFilter' to: [/*]
2022-04-29 17:20:23.835  INFO [dap-patternsearch-client-service,,,] 185029 --- [ost-startStop-1] o.s.b.w.servlet.ServletRegistrationBean  : Mapping servlet: 'dispatcherServlet' to [/]
2022-04-29 17:20:23.866  WARN [dap-patternsearch-client-service,,,] 185029 --- [           main] ationConfigEmbeddedWebApplicationContext : Exception encountered during context initialization - cancelling refresh attempt: org.springframework.beans.factory.UnsatisfiedDependencyException: Error creating bean with name 'org.springframework.boot.autoconfigure.orm.jpa.HibernateJpaAutoConfiguration': Unsatisfied dependency expressed through constructor parameter 0; nested exception is org.springframework.beans.factory.NoSuchBeanDefinitionException: No qualifying bean of type 'javax.sql.DataSource' available: expected at least 1 bean which qualifies as autowire candidate. Dependency annotations: {}
2022-04-29 17:20:23.872  INFO [dap-patternsearch-client-service,,,] 185029 --- [           main] o.apache.catalina.core.StandardService   : Stopping service [Tomcat]
2022-04-29 17:20:23.889  INFO [dap-patternsearch-client-service,,,] 185029 --- [           main] utoConfigurationReportLoggingInitializer : 

Error starting ApplicationContext. To display the auto-configuration report re-run your application with 'debug' enabled.
2022-04-29 17:20:23.987 ERROR [dap-patternsearch-client-service,,,] 185029 --- [           main] o.s.b.d.LoggingFailureAnalysisReporter   : 

***************************
APPLICATION FAILED TO START
***************************

Description:

Parameter 0 of constructor in org.springframework.boot.autoconfigure.orm.jpa.HibernateJpaAutoConfiguration required a bean of type 'javax.sql.DataSource' that could not be found.
	- Bean method 'dataSource' not loaded because @ConditionalOnProperty (spring.datasource.jndi-name) did not find property 'jndi-name'
	- Bean method 'dataSource' not loaded because @ConditionalOnBean (types: org.springframework.boot.jta.XADataSourceWrapper; SearchStrategy: all) did not find any beans


Action:

Consider revisiting the conditions above or defining a bean of type 'javax.sql.DataSource' in your configuration.

2022-04-29 17:20:23.995 ERROR [dap-patternsearch-client-service,,,] 185029 --- [           main] o.s.test.context.TestContextManager      : Caught exception while allowing TestExecutionListener [org.springframework.boot.test.autoconfigure.SpringBootDependencyInjectionTestExecutionListener@68d279ec] to prepare test instance [fr.cea.bigpi.fhe.repository.test.SampleRepositoryTest@614ff138]

java.lang.IllegalStateException: Failed to load ApplicationContext
	at org.springframework.test.context.cache.DefaultCacheAwareContextLoaderDelegate.loadContext(DefaultCacheAwareContextLoaderDelegate.java:124)
	at org.springframework.test.context.support.DefaultTestContext.getApplicationContext(DefaultTestContext.java:83)
	at org.springframework.test.context.support.DependencyInjectionTestExecutionListener.injectDependencies(DependencyInjectionTestExecutionListener.java:117)
	at org.springframework.test.context.support.DependencyInjectionTestExecutionListener.prepareTestInstance(DependencyInjectionTestExecutionListener.java:83)
	at org.springframework.boot.test.autoconfigure.SpringBootDependencyInjectionTestExecutionListener.prepareTestInstance(SpringBootDependencyInjectionTestExecutionListener.java:44)
	at org.springframework.test.context.TestContextManager.prepareTestInstance(TestContextManager.java:230)
	at org.springframework.test.context.junit4.SpringJUnit4ClassRunner.createTest(SpringJUnit4ClassRunner.java:228)
	at org.springframework.test.context.junit4.SpringJUnit4ClassRunner$1.runReflectiveCall(SpringJUnit4ClassRunner.java:287)
	at org.junit.internal.runners.model.ReflectiveCallable.run(ReflectiveCallable.java:12)
	at org.springframework.test.context.junit4.SpringJUnit4ClassRunner.methodBlock(SpringJUnit4ClassRunner.java:289)
	at org.springframework.test.context.junit4.SpringJUnit4ClassRunner.runChild(SpringJUnit4ClassRunner.java:247)
	at org.springframework.test.context.junit4.SpringJUnit4ClassRunner.runChild(SpringJUnit4ClassRunner.java:94)
	at org.junit.runners.ParentRunner$3.run(ParentRunner.java:290)
	at org.junit.runners.ParentRunner$1.schedule(ParentRunner.java:71)
	at org.junit.runners.ParentRunner.runChildren(ParentRunner.java:288)
	at org.junit.runners.ParentRunner.access$000(ParentRunner.java:58)
	at org.junit.runners.ParentRunner$2.evaluate(ParentRunner.java:268)
	at org.springframework.test.context.junit4.statements.RunBeforeTestClassCallbacks.evaluate(RunBeforeTestClassCallbacks.java:61)
	at org.springframework.test.context.junit4.statements.RunAfterTestClassCallbacks.evaluate(RunAfterTestClassCallbacks.java:70)
	at org.junit.runners.ParentRunner.run(ParentRunner.java:363)
	at org.springframework.test.context.junit4.SpringJUnit4ClassRunner.run(SpringJUnit4ClassRunner.java:191)
	at org.apache.maven.surefire.junit4.JUnit4Provider.execute(JUnit4Provider.java:283)
	at org.apache.maven.surefire.junit4.JUnit4Provider.executeWithRerun(JUnit4Provider.java:173)
	at org.apache.maven.surefire.junit4.JUnit4Provider.executeTestSet(JUnit4Provider.java:153)
	at org.apache.maven.surefire.junit4.JUnit4Provider.invoke(JUnit4Provider.java:128)
	at org.apache.maven.surefire.booter.ForkedBooter.invokeProviderInSameClassLoader(ForkedBooter.java:203)
	at org.apache.maven.surefire.booter.ForkedBooter.runSuitesInProcess(ForkedBooter.java:155)
	at org.apache.maven.surefire.booter.ForkedBooter.main(ForkedBooter.java:103)
Caused by: org.springframework.beans.factory.UnsatisfiedDependencyException: Error creating bean with name 'org.springframework.boot.autoconfigure.orm.jpa.HibernateJpaAutoConfiguration': Unsatisfied dependency expressed through constructor parameter 0; nested exception is org.springframework.beans.factory.NoSuchBeanDefinitionException: No qualifying bean of type 'javax.sql.DataSource' available: expected at least 1 bean which qualifies as autowire candidate. Dependency annotations: {}
	at org.springframework.beans.factory.support.ConstructorResolver.createArgumentArray(ConstructorResolver.java:749)
	at org.springframework.beans.factory.support.ConstructorResolver.autowireConstructor(ConstructorResolver.java:189)
	at org.springframework.beans.factory.support.AbstractAutowireCapableBeanFactory.autowireConstructor(AbstractAutowireCapableBeanFactory.java:1198)
	at org.springframework.beans.factory.support.AbstractAutowireCapableBeanFactory.createBeanInstance(AbstractAutowireCapableBeanFactory.java:1100)
	at org.springframework.beans.factory.support.AbstractAutowireCapableBeanFactory.doCreateBean(AbstractAutowireCapableBeanFactory.java:511)
	at org.springframework.beans.factory.support.AbstractAutowireCapableBeanFactory.createBean(AbstractAutowireCapableBeanFactory.java:481)
	at org.springframework.beans.factory.support.AbstractBeanFactory$1.getObject(AbstractBeanFactory.java:312)
	at org.springframework.beans.factory.support.DefaultSingletonBeanRegistry.getSingleton(DefaultSingletonBeanRegistry.java:230)
	at org.springframework.beans.factory.support.AbstractBeanFactory.doGetBean(AbstractBeanFactory.java:308)
	at org.springframework.beans.factory.support.AbstractBeanFactory.getBean(AbstractBeanFactory.java:197)
	at org.springframework.beans.factory.support.ConstructorResolver.instantiateUsingFactoryMethod(ConstructorResolver.java:372)
	at org.springframework.beans.factory.support.AbstractAutowireCapableBeanFactory.instantiateUsingFactoryMethod(AbstractAutowireCapableBeanFactory.java:1178)
	at org.springframework.beans.factory.support.AbstractAutowireCapableBeanFactory.createBeanInstance(AbstractAutowireCapableBeanFactory.java:1072)
	at org.springframework.beans.factory.support.AbstractAutowireCapableBeanFactory.doCreateBean(AbstractAutowireCapableBeanFactory.java:511)
	at org.springframework.beans.factory.support.AbstractAutowireCapableBeanFactory.createBean(AbstractAutowireCapableBeanFactory.java:481)
	at org.springframework.beans.factory.support.AbstractBeanFactory$1.getObject(AbstractBeanFactory.java:312)
	at org.springframework.beans.factory.support.DefaultSingletonBeanRegistry.getSingleton(DefaultSingletonBeanRegistry.java:230)
	at org.springframework.beans.factory.support.AbstractBeanFactory.doGetBean(AbstractBeanFactory.java:308)
	at org.springframework.beans.factory.support.AbstractBeanFactory.getBean(AbstractBeanFactory.java:197)
	at org.springframework.context.support.AbstractApplicationContext.getBean(AbstractApplicationContext.java:1080)
	at org.springframework.context.support.AbstractApplicationContext.finishBeanFactoryInitialization(AbstractApplicationContext.java:857)
	at org.springframework.context.support.AbstractApplicationContext.refresh(AbstractApplicationContext.java:543)
	at org.springframework.boot.context.embedded.EmbeddedWebApplicationContext.refresh(EmbeddedWebApplicationContext.java:124)
	at org.springframework.boot.SpringApplication.refresh(SpringApplication.java:693)
	at org.springframework.boot.SpringApplication.refreshContext(SpringApplication.java:360)
	at org.springframework.boot.SpringApplication.run(SpringApplication.java:303)
	at org.springframework.boot.test.context.SpringBootContextLoader.loadContext(SpringBootContextLoader.java:121)
	at org.springframework.test.context.cache.DefaultCacheAwareContextLoaderDelegate.loadContextInternal(DefaultCacheAwareContextLoaderDelegate.java:98)
	at org.springframework.test.context.cache.DefaultCacheAwareContextLoaderDelegate.loadContext(DefaultCacheAwareContextLoaderDelegate.java:116)
	... 27 common frames omitted
Caused by: org.springframework.beans.factory.NoSuchBeanDefinitionException: No qualifying bean of type 'javax.sql.DataSource' available: expected at least 1 bean which qualifies as autowire candidate. Dependency annotations: {}
	at org.springframework.beans.factory.support.DefaultListableBeanFactory.raiseNoMatchingBeanFound(DefaultListableBeanFactory.java:1491)
	at org.springframework.beans.factory.support.DefaultListableBeanFactory.doResolveDependency(DefaultListableBeanFactory.java:1102)
	at org.springframework.beans.factory.support.DefaultListableBeanFactory.resolveDependency(DefaultListableBeanFactory.java:1064)
	at org.springframework.beans.factory.support.ConstructorResolver.resolveAutowiredArgument(ConstructorResolver.java:835)
	at org.springframework.beans.factory.support.ConstructorResolver.createArgumentArray(ConstructorResolver.java:741)
	... 55 common frames omitted

]]></system-out>
  </testcase>
</testsuite>